<?xml version="1.0" encoding="UTF-8"?>
<testsuites>
  <testsuite name="" tests="90" assertions="558" errors="0" warnings="0" failures="0" skipped="0" time="3.929169">
    <testsuite name="Project Test Suite" tests="90" assertions="558" errors="0" warnings="0" failures="0" skipped="0" time="3.929169">
      <testsuite name="App\Cards\CardGraphicTest" file="/Users/nik/Sites/dbwebb-kurser/mvc/me/report/tests/Cards/CardGraphicTest.php" tests="3" assertions="112" errors="0" warnings="0" failures="0" skipped="0" time="0.010433">
        <testcase name="testCreateObject" class="App\Cards\CardGraphicTest" classname="App.Cards.CardGraphicTest" file="/Users/nik/Sites/dbwebb-kurser/mvc/me/report/tests/Cards/CardGraphicTest.php" line="19" assertions="2" time="0.008091"/>
        <testcase name="testStringValues" class="App\Cards\CardGraphicTest" classname="App.Cards.CardGraphicTest" file="/Users/nik/Sites/dbwebb-kurser/mvc/me/report/tests/Cards/CardGraphicTest.php" line="28" assertions="54" time="0.000859"/>
        <testcase name="testTextValues" class="App\Cards\CardGraphicTest" classname="App.Cards.CardGraphicTest" file="/Users/nik/Sites/dbwebb-kurser/mvc/me/report/tests/Cards/CardGraphicTest.php" line="39" assertions="56" time="0.001483"/>
      </testsuite>
      <testsuite name="App\Cards\CardTest" file="/Users/nik/Sites/dbwebb-kurser/mvc/me/report/tests/Cards/CardTest.php" tests="3" assertions="110" errors="0" warnings="0" failures="0" skipped="0" time="0.002604">
        <testcase name="testCreateObject" class="App\Cards\CardTest" classname="App.Cards.CardTest" file="/Users/nik/Sites/dbwebb-kurser/mvc/me/report/tests/Cards/CardTest.php" line="19" assertions="108" time="0.000938"/>
        <testcase name="testCreateObjectWithTooLargeArgument" class="App\Cards\CardTest" classname="App.Cards.CardTest" file="/Users/nik/Sites/dbwebb-kurser/mvc/me/report/tests/Cards/CardTest.php" line="31" assertions="1" time="0.001351"/>
        <testcase name="testCreateObjectWithTooSmallArgument" class="App\Cards\CardTest" classname="App.Cards.CardTest" file="/Users/nik/Sites/dbwebb-kurser/mvc/me/report/tests/Cards/CardTest.php" line="38" assertions="1" time="0.000316"/>
      </testsuite>
      <testsuite name="App\Cards\DeckTest" file="/Users/nik/Sites/dbwebb-kurser/mvc/me/report/tests/Cards/DeckTest.php" tests="4" assertions="120" errors="0" warnings="0" failures="0" skipped="0" time="0.016672">
        <testcase name="testCreateDeck" class="App\Cards\DeckTest" classname="App.Cards.DeckTest" file="/Users/nik/Sites/dbwebb-kurser/mvc/me/report/tests/Cards/DeckTest.php" line="18" assertions="4" time="0.001859"/>
        <testcase name="testShuffleDeck" class="App\Cards\DeckTest" classname="App.Cards.DeckTest" file="/Users/nik/Sites/dbwebb-kurser/mvc/me/report/tests/Cards/DeckTest.php" line="34" assertions="6" time="0.008290"/>
        <testcase name="testDrawCardsFromDeck" class="App\Cards\DeckTest" classname="App.Cards.DeckTest" file="/Users/nik/Sites/dbwebb-kurser/mvc/me/report/tests/Cards/DeckTest.php" line="64" assertions="108" time="0.002075"/>
        <testcase name="testAddCardsToDeck" class="App\Cards\DeckTest" classname="App.Cards.DeckTest" file="/Users/nik/Sites/dbwebb-kurser/mvc/me/report/tests/Cards/DeckTest.php" line="78" assertions="2" time="0.004447"/>
      </testsuite>
      <testsuite name="App\Cards\HandTest" file="/Users/nik/Sites/dbwebb-kurser/mvc/me/report/tests/Cards/HandTest.php" tests="1" assertions="8" errors="0" warnings="0" failures="0" skipped="0" time="0.006684">
        <testcase name="testCreateObject" class="App\Cards\HandTest" classname="App.Cards.HandTest" file="/Users/nik/Sites/dbwebb-kurser/mvc/me/report/tests/Cards/HandTest.php" line="18" assertions="8" time="0.006684"/>
      </testsuite>
      <testsuite name="App\Tests\Controller\CardAPIDealControllerTest" file="/Users/nik/Sites/dbwebb-kurser/mvc/me/report/tests/Controller/CardAPIDealControllerTest.php" tests="5" assertions="11" errors="0" warnings="0" failures="0" skipped="0" time="2.724216">
        <testcase name="testCardAPIController" class="App\Tests\Controller\CardAPIDealControllerTest" classname="App.Tests.Controller.CardAPIDealControllerTest" file="/Users/nik/Sites/dbwebb-kurser/mvc/me/report/tests/Controller/CardAPIDealControllerTest.php" line="22" assertions="1" time="0.003580"/>
        <testcase name="testAPIDeckDealPlayersCards" class="App\Tests\Controller\CardAPIDealControllerTest" classname="App.Tests.Controller.CardAPIDealControllerTest" file="/Users/nik/Sites/dbwebb-kurser/mvc/me/report/tests/Controller/CardAPIDealControllerTest.php" line="29" assertions="2" time="2.621615"/>
        <testcase name="testAPIDeckDealPlayersCardsPost" class="App\Tests\Controller\CardAPIDealControllerTest" classname="App.Tests.Controller.CardAPIDealControllerTest" file="/Users/nik/Sites/dbwebb-kurser/mvc/me/report/tests/Controller/CardAPIDealControllerTest.php" line="42" assertions="2" time="0.062170"/>
        <testcase name="testAPIDeck" class="App\Tests\Controller\CardAPIDealControllerTest" classname="App.Tests.Controller.CardAPIDealControllerTest" file="/Users/nik/Sites/dbwebb-kurser/mvc/me/report/tests/Controller/CardAPIDealControllerTest.php" line="30" assertions="4" time="0.019177"/>
        <testcase name="testAPIDeckShuffle" class="App\Tests\Controller\CardAPIDealControllerTest" classname="App.Tests.Controller.CardAPIDealControllerTest" file="/Users/nik/Sites/dbwebb-kurser/mvc/me/report/tests/Controller/CardAPIDealControllerTest.php" line="50" assertions="2" time="0.017673"/>
      </testsuite>
      <testsuite name="App\Tests\Controller\CardAPIDeckControllerTest" file="/Users/nik/Sites/dbwebb-kurser/mvc/me/report/tests/Controller/CardAPIDeckControllerTest.php" tests="3" assertions="7" errors="0" warnings="0" failures="0" skipped="0" time="0.040807">
        <testcase name="testCardAPIController" class="App\Tests\Controller\CardAPIDeckControllerTest" classname="App.Tests.Controller.CardAPIDeckControllerTest" file="/Users/nik/Sites/dbwebb-kurser/mvc/me/report/tests/Controller/CardAPIDeckControllerTest.php" line="23" assertions="1" time="0.000450"/>
        <testcase name="testAPIDeck" class="App\Tests\Controller\CardAPIDeckControllerTest" classname="App.Tests.Controller.CardAPIDeckControllerTest" file="/Users/nik/Sites/dbwebb-kurser/mvc/me/report/tests/Controller/CardAPIDeckControllerTest.php" line="30" assertions="4" time="0.021287"/>
        <testcase name="testAPIDeckShuffle" class="App\Tests\Controller\CardAPIDeckControllerTest" classname="App.Tests.Controller.CardAPIDeckControllerTest" file="/Users/nik/Sites/dbwebb-kurser/mvc/me/report/tests/Controller/CardAPIDeckControllerTest.php" line="50" assertions="2" time="0.019070"/>
      </testsuite>
      <testsuite name="App\Tests\Controller\CardAPIDrawControllerTest" file="/Users/nik/Sites/dbwebb-kurser/mvc/me/report/tests/Controller/CardAPIDrawControllerTest.php" tests="6" assertions="13" errors="0" warnings="0" failures="0" skipped="0" time="0.082340">
        <testcase name="testCardAPIController" class="App\Tests\Controller\CardAPIDrawControllerTest" classname="App.Tests.Controller.CardAPIDrawControllerTest" file="/Users/nik/Sites/dbwebb-kurser/mvc/me/report/tests/Controller/CardAPIDrawControllerTest.php" line="22" assertions="1" time="0.000693"/>
        <testcase name="testAPIDeckDraw" class="App\Tests\Controller\CardAPIDrawControllerTest" classname="App.Tests.Controller.CardAPIDrawControllerTest" file="/Users/nik/Sites/dbwebb-kurser/mvc/me/report/tests/Controller/CardAPIDrawControllerTest.php" line="29" assertions="2" time="0.015034"/>
        <testcase name="testAPIDeckDrawNumber" class="App\Tests\Controller\CardAPIDrawControllerTest" classname="App.Tests.Controller.CardAPIDrawControllerTest" file="/Users/nik/Sites/dbwebb-kurser/mvc/me/report/tests/Controller/CardAPIDrawControllerTest.php" line="42" assertions="2" time="0.023512"/>
        <testcase name="testAPIDeckDrawNumberPost" class="App\Tests\Controller\CardAPIDrawControllerTest" classname="App.Tests.Controller.CardAPIDrawControllerTest" file="/Users/nik/Sites/dbwebb-kurser/mvc/me/report/tests/Controller/CardAPIDrawControllerTest.php" line="55" assertions="2" time="0.013999"/>
        <testcase name="testAPIDeck" class="App\Tests\Controller\CardAPIDrawControllerTest" classname="App.Tests.Controller.CardAPIDrawControllerTest" file="/Users/nik/Sites/dbwebb-kurser/mvc/me/report/tests/Controller/CardAPIDrawControllerTest.php" line="30" assertions="4" time="0.014085"/>
        <testcase name="testAPIDeckShuffle" class="App\Tests\Controller\CardAPIDrawControllerTest" classname="App.Tests.Controller.CardAPIDrawControllerTest" file="/Users/nik/Sites/dbwebb-kurser/mvc/me/report/tests/Controller/CardAPIDrawControllerTest.php" line="50" assertions="2" time="0.015018"/>
      </testsuite>
      <testsuite name="App\Tests\Controller\CardControllerTest" file="/Users/nik/Sites/dbwebb-kurser/mvc/me/report/tests/Controller/CardControllerTest.php" tests="8" assertions="22" errors="0" warnings="0" failures="0" skipped="0" time="0.164613">
        <testcase name="testCardController" class="App\Tests\Controller\CardControllerTest" classname="App.Tests.Controller.CardControllerTest" file="/Users/nik/Sites/dbwebb-kurser/mvc/me/report/tests/Controller/CardControllerTest.php" line="23" assertions="3" time="0.000384"/>
        <testcase name="testCard" class="App\Tests\Controller\CardControllerTest" classname="App.Tests.Controller.CardControllerTest" file="/Users/nik/Sites/dbwebb-kurser/mvc/me/report/tests/Controller/CardControllerTest.php" line="36" assertions="3" time="0.034651"/>
        <testcase name="testCardDeck" class="App\Tests\Controller\CardControllerTest" classname="App.Tests.Controller.CardControllerTest" file="/Users/nik/Sites/dbwebb-kurser/mvc/me/report/tests/Controller/CardControllerTest.php" line="45" assertions="6" time="0.031139"/>
        <testcase name="testCardDeckReset" class="App\Tests\Controller\CardControllerTest" classname="App.Tests.Controller.CardControllerTest" file="/Users/nik/Sites/dbwebb-kurser/mvc/me/report/tests/Controller/CardControllerTest.php" line="69" assertions="2" time="0.012693"/>
        <testcase name="testCardDeckShuffle" class="App\Tests\Controller\CardControllerTest" classname="App.Tests.Controller.CardControllerTest" file="/Users/nik/Sites/dbwebb-kurser/mvc/me/report/tests/Controller/CardControllerTest.php" line="77" assertions="2" time="0.027732"/>
        <testcase name="testCardDeckDraw" class="App\Tests\Controller\CardControllerTest" classname="App.Tests.Controller.CardControllerTest" file="/Users/nik/Sites/dbwebb-kurser/mvc/me/report/tests/Controller/CardControllerTest.php" line="93" assertions="2" time="0.019176"/>
        <testcase name="testCardDeckDrawNumber" class="App\Tests\Controller\CardControllerTest" classname="App.Tests.Controller.CardControllerTest" file="/Users/nik/Sites/dbwebb-kurser/mvc/me/report/tests/Controller/CardControllerTest.php" line="109" assertions="2" time="0.017383"/>
        <testcase name="testCardDeckDealPlayersCards" class="App\Tests\Controller\CardControllerTest" classname="App.Tests.Controller.CardControllerTest" file="/Users/nik/Sites/dbwebb-kurser/mvc/me/report/tests/Controller/CardControllerTest.php" line="125" assertions="2" time="0.021456"/>
      </testsuite>
      <testsuite name="App\Tests\Controller\CardProcessControllerTest" file="/Users/nik/Sites/dbwebb-kurser/mvc/me/report/tests/Controller/CardProcessControllerTest.php" tests="5" assertions="9" errors="0" warnings="0" failures="0" skipped="0" time="0.044175">
        <testcase name="testCardProcessController" class="App\Tests\Controller\CardProcessControllerTest" classname="App.Tests.Controller.CardProcessControllerTest" file="/Users/nik/Sites/dbwebb-kurser/mvc/me/report/tests/Controller/CardProcessControllerTest.php" line="20" assertions="1" time="0.000400"/>
        <testcase name="testSession" class="App\Tests\Controller\CardProcessControllerTest" classname="App.Tests.Controller.CardProcessControllerTest" file="/Users/nik/Sites/dbwebb-kurser/mvc/me/report/tests/Controller/CardProcessControllerTest.php" line="27" assertions="2" time="0.014888"/>
        <testcase name="testSessionDelete" class="App\Tests\Controller\CardProcessControllerTest" classname="App.Tests.Controller.CardProcessControllerTest" file="/Users/nik/Sites/dbwebb-kurser/mvc/me/report/tests/Controller/CardProcessControllerTest.php" line="39" assertions="2" time="0.009621"/>
        <testcase name="testCardDeckDrawProcess" class="App\Tests\Controller\CardProcessControllerTest" classname="App.Tests.Controller.CardProcessControllerTest" file="/Users/nik/Sites/dbwebb-kurser/mvc/me/report/tests/Controller/CardProcessControllerTest.php" line="47" assertions="2" time="0.010722"/>
        <testcase name="testCardDeckDealProcess" class="App\Tests\Controller\CardProcessControllerTest" classname="App.Tests.Controller.CardProcessControllerTest" file="/Users/nik/Sites/dbwebb-kurser/mvc/me/report/tests/Controller/CardProcessControllerTest.php" line="55" assertions="2" time="0.008544"/>
      </testsuite>
      <testsuite name="App\Tests\Controller\GameAPIControllerTest" file="/Users/nik/Sites/dbwebb-kurser/mvc/me/report/tests/Controller/GameAPIControllerTest.php" tests="2" assertions="2" errors="0" warnings="0" failures="0" skipped="0" time="0.010533">
        <testcase name="testGameAPIController" class="App\Tests\Controller\GameAPIControllerTest" classname="App.Tests.Controller.GameAPIControllerTest" file="/Users/nik/Sites/dbwebb-kurser/mvc/me/report/tests/Controller/GameAPIControllerTest.php" line="20" assertions="1" time="0.000391"/>
        <testcase name="testAPIGame" class="App\Tests\Controller\GameAPIControllerTest" classname="App.Tests.Controller.GameAPIControllerTest" file="/Users/nik/Sites/dbwebb-kurser/mvc/me/report/tests/Controller/GameAPIControllerTest.php" line="27" assertions="1" time="0.010142"/>
      </testsuite>
      <testsuite name="App\Tests\Controller\GameControllerTest" file="/Users/nik/Sites/dbwebb-kurser/mvc/me/report/tests/Controller/GameControllerTest.php" tests="4" assertions="12" errors="0" warnings="0" failures="0" skipped="0" time="0.053308">
        <testcase name="testGameController" class="App\Tests\Controller\GameControllerTest" classname="App.Tests.Controller.GameControllerTest" file="/Users/nik/Sites/dbwebb-kurser/mvc/me/report/tests/Controller/GameControllerTest.php" line="25" assertions="5" time="0.000408"/>
        <testcase name="testGame" class="App\Tests\Controller\GameControllerTest" classname="App.Tests.Controller.GameControllerTest" file="/Users/nik/Sites/dbwebb-kurser/mvc/me/report/tests/Controller/GameControllerTest.php" line="44" assertions="3" time="0.016559"/>
        <testcase name="testDoc" class="App\Tests\Controller\GameControllerTest" classname="App.Tests.Controller.GameControllerTest" file="/Users/nik/Sites/dbwebb-kurser/mvc/me/report/tests/Controller/GameControllerTest.php" line="53" assertions="3" time="0.013336"/>
        <testcase name="testDojo" class="App\Tests\Controller\GameControllerTest" classname="App.Tests.Controller.GameControllerTest" file="/Users/nik/Sites/dbwebb-kurser/mvc/me/report/tests/Controller/GameControllerTest.php" line="62" assertions="1" time="0.023005"/>
      </testsuite>
      <testsuite name="App\Tests\Controller\GameProcessControllerTest" file="/Users/nik/Sites/dbwebb-kurser/mvc/me/report/tests/Controller/GameProcessControllerTest.php" tests="6" assertions="12" errors="0" warnings="0" failures="0" skipped="0" time="0.070351">
        <testcase name="testGameProcessController" class="App\Tests\Controller\GameProcessControllerTest" classname="App.Tests.Controller.GameProcessControllerTest" file="/Users/nik/Sites/dbwebb-kurser/mvc/me/report/tests/Controller/GameProcessControllerTest.php" line="22" assertions="2" time="0.000360"/>
        <testcase name="testGamePlayerDrawsProcess" class="App\Tests\Controller\GameProcessControllerTest" classname="App.Tests.Controller.GameProcessControllerTest" file="/Users/nik/Sites/dbwebb-kurser/mvc/me/report/tests/Controller/GameProcessControllerTest.php" line="32" assertions="2" time="0.017768"/>
        <testcase name="testGamePlayerBetsProcess" class="App\Tests\Controller\GameProcessControllerTest" classname="App.Tests.Controller.GameProcessControllerTest" file="/Users/nik/Sites/dbwebb-kurser/mvc/me/report/tests/Controller/GameProcessControllerTest.php" line="40" assertions="2" time="0.013890"/>
        <testcase name="testGamePlayerWinsProcess" class="App\Tests\Controller\GameProcessControllerTest" classname="App.Tests.Controller.GameProcessControllerTest" file="/Users/nik/Sites/dbwebb-kurser/mvc/me/report/tests/Controller/GameProcessControllerTest.php" line="48" assertions="2" time="0.013514"/>
        <testcase name="testGameOverProcess" class="App\Tests\Controller\GameProcessControllerTest" classname="App.Tests.Controller.GameProcessControllerTest" file="/Users/nik/Sites/dbwebb-kurser/mvc/me/report/tests/Controller/GameProcessControllerTest.php" line="56" assertions="2" time="0.012220"/>
        <testcase name="testGameOptionsProcess" class="App\Tests\Controller\GameProcessControllerTest" classname="App.Tests.Controller.GameProcessControllerTest" file="/Users/nik/Sites/dbwebb-kurser/mvc/me/report/tests/Controller/GameProcessControllerTest.php" line="64" assertions="2" time="0.012598"/>
      </testsuite>
      <testsuite name="App\Tests\Controller\HomeControllerTest" file="/Users/nik/Sites/dbwebb-kurser/mvc/me/report/tests/Controller/HomeControllerTest.php" tests="7" assertions="7" errors="0" warnings="0" failures="0" skipped="0" time="0.085587">
        <testcase name="testHomeController" class="App\Tests\Controller\HomeControllerTest" classname="App.Tests.Controller.HomeControllerTest" file="/Users/nik/Sites/dbwebb-kurser/mvc/me/report/tests/Controller/HomeControllerTest.php" line="19" assertions="1" time="0.000355"/>
        <testcase name="testHome" class="App\Tests\Controller\HomeControllerTest" classname="App.Tests.Controller.HomeControllerTest" file="/Users/nik/Sites/dbwebb-kurser/mvc/me/report/tests/Controller/HomeControllerTest.php" line="25" assertions="1" time="0.014869"/>
        <testcase name="testAbout" class="App\Tests\Controller\HomeControllerTest" classname="App.Tests.Controller.HomeControllerTest" file="/Users/nik/Sites/dbwebb-kurser/mvc/me/report/tests/Controller/HomeControllerTest.php" line="33" assertions="1" time="0.011976"/>
        <testcase name="testMetrics" class="App\Tests\Controller\HomeControllerTest" classname="App.Tests.Controller.HomeControllerTest" file="/Users/nik/Sites/dbwebb-kurser/mvc/me/report/tests/Controller/HomeControllerTest.php" line="41" assertions="1" time="0.013978"/>
        <testcase name="testReport" class="App\Tests\Controller\HomeControllerTest" classname="App.Tests.Controller.HomeControllerTest" file="/Users/nik/Sites/dbwebb-kurser/mvc/me/report/tests/Controller/HomeControllerTest.php" line="49" assertions="1" time="0.017620"/>
        <testcase name="testLucky" class="App\Tests\Controller\HomeControllerTest" classname="App.Tests.Controller.HomeControllerTest" file="/Users/nik/Sites/dbwebb-kurser/mvc/me/report/tests/Controller/HomeControllerTest.php" line="57" assertions="1" time="0.012035"/>
        <testcase name="testAPI" class="App\Tests\Controller\HomeControllerTest" classname="App.Tests.Controller.HomeControllerTest" file="/Users/nik/Sites/dbwebb-kurser/mvc/me/report/tests/Controller/HomeControllerTest.php" line="65" assertions="1" time="0.014754"/>
      </testsuite>
      <testsuite name="App\Tests\Controller\LibraryControllerTest" file="/Users/nik/Sites/dbwebb-kurser/mvc/me/report/tests/Controller/LibraryControllerTest.php" tests="9" assertions="22" errors="0" warnings="0" failures="0" skipped="0" time="0.256572">
        <testcase name="testLibraryController" class="App\Tests\Controller\LibraryControllerTest" classname="App.Tests.Controller.LibraryControllerTest" file="/Users/nik/Sites/dbwebb-kurser/mvc/me/report/tests/Controller/LibraryControllerTest.php" line="22" assertions="3" time="0.000389"/>
        <testcase name="testLibrary" class="App\Tests\Controller\LibraryControllerTest" classname="App.Tests.Controller.LibraryControllerTest" file="/Users/nik/Sites/dbwebb-kurser/mvc/me/report/tests/Controller/LibraryControllerTest.php" line="30" assertions="1" time="0.014705"/>
        <testcase name="testLibraryView" class="App\Tests\Controller\LibraryControllerTest" classname="App.Tests.Controller.LibraryControllerTest" file="/Users/nik/Sites/dbwebb-kurser/mvc/me/report/tests/Controller/LibraryControllerTest.php" line="38" assertions="3" time="0.073884"/>
        <testcase name="testLibraryViewId" class="App\Tests\Controller\LibraryControllerTest" classname="App.Tests.Controller.LibraryControllerTest" file="/Users/nik/Sites/dbwebb-kurser/mvc/me/report/tests/Controller/LibraryControllerTest.php" line="47" assertions="3" time="0.029470"/>
        <testcase name="testLibraryEditId" class="App\Tests\Controller\LibraryControllerTest" classname="App.Tests.Controller.LibraryControllerTest" file="/Users/nik/Sites/dbwebb-kurser/mvc/me/report/tests/Controller/LibraryControllerTest.php" line="58" assertions="3" time="0.036780"/>
        <testcase name="testLibraryNew" class="App\Tests\Controller\LibraryControllerTest" classname="App.Tests.Controller.LibraryControllerTest" file="/Users/nik/Sites/dbwebb-kurser/mvc/me/report/tests/Controller/LibraryControllerTest.php" line="69" assertions="3" time="0.016186"/>
        <testcase name="testLibraryReset" class="App\Tests\Controller\LibraryControllerTest" classname="App.Tests.Controller.LibraryControllerTest" file="/Users/nik/Sites/dbwebb-kurser/mvc/me/report/tests/Controller/LibraryControllerTest.php" line="78" assertions="3" time="0.013190"/>
        <testcase name="testAPILibraryBooks" class="App\Tests\Controller\LibraryControllerTest" classname="App.Tests.Controller.LibraryControllerTest" file="/Users/nik/Sites/dbwebb-kurser/mvc/me/report/tests/Controller/LibraryControllerTest.php" line="87" assertions="1" time="0.021810"/>
        <testcase name="testAPILibraryBookISBN" class="App\Tests\Controller\LibraryControllerTest" classname="App.Tests.Controller.LibraryControllerTest" file="/Users/nik/Sites/dbwebb-kurser/mvc/me/report/tests/Controller/LibraryControllerTest.php" line="96" assertions="2" time="0.050157"/>
      </testsuite>
      <testsuite name="App\Tests\Controller\LibraryAddControllerTest" file="/Users/nik/Sites/dbwebb-kurser/mvc/me/report/tests/Controller/LibraryProcessControllerTest.php" tests="5" assertions="20" errors="0" warnings="0" failures="0" skipped="0" time="0.227579">
        <testcase name="testLibraryAddController" class="App\Tests\Controller\LibraryAddControllerTest" classname="App.Tests.Controller.LibraryAddControllerTest" file="/Users/nik/Sites/dbwebb-kurser/mvc/me/report/tests/Controller/LibraryProcessControllerTest.php" line="40" assertions="3" time="0.000355"/>
        <testcase name="testLibraryProcess" class="App\Tests\Controller\LibraryAddControllerTest" classname="App.Tests.Controller.LibraryAddControllerTest" file="/Users/nik/Sites/dbwebb-kurser/mvc/me/report/tests/Controller/LibraryProcessControllerTest.php" line="53" assertions="4" time="0.037630"/>
        <testcase name="testLibraryCRUD" class="App\Tests\Controller\LibraryAddControllerTest" classname="App.Tests.Controller.LibraryAddControllerTest" file="/Users/nik/Sites/dbwebb-kurser/mvc/me/report/tests/Controller/LibraryProcessControllerTest.php" line="68" assertions="7" time="0.065786"/>
        <testcase name="testLibraryDelete" class="App\Tests\Controller\LibraryAddControllerTest" classname="App.Tests.Controller.LibraryAddControllerTest" file="/Users/nik/Sites/dbwebb-kurser/mvc/me/report/tests/Controller/LibraryProcessControllerTest.php" line="101" assertions="4" time="0.089821"/>
        <testcase name="testLibraryUpdate" class="App\Tests\Controller\LibraryAddControllerTest" classname="App.Tests.Controller.LibraryAddControllerTest" file="/Users/nik/Sites/dbwebb-kurser/mvc/me/report/tests/Controller/LibraryProcessControllerTest.php" line="126" assertions="2" time="0.033987"/>
      </testsuite>
      <testsuite name="App\Tests\Controller\LibraryResetControllerTest" file="/Users/nik/Sites/dbwebb-kurser/mvc/me/report/tests/Controller/LibraryRestControllerTest.php" tests="1" assertions="1" errors="0" warnings="0" failures="0" skipped="0" time="0.000382">
        <testcase name="testLibraryResetController" class="App\Tests\Controller\LibraryResetControllerTest" classname="App.Tests.Controller.LibraryResetControllerTest" file="/Users/nik/Sites/dbwebb-kurser/mvc/me/report/tests/Controller/LibraryRestControllerTest.php" line="19" assertions="1" time="0.000382"/>
      </testsuite>
      <testsuite name="App\Tests\Controller\QuotationsControllerTest" file="/Users/nik/Sites/dbwebb-kurser/mvc/me/report/tests/Controller/QuotationsControlerTest.php" tests="2" assertions="2" errors="0" warnings="0" failures="0" skipped="0" time="0.010346">
        <testcase name="testQuotationsController" class="App\Tests\Controller\QuotationsControllerTest" classname="App.Tests.Controller.QuotationsControllerTest" file="/Users/nik/Sites/dbwebb-kurser/mvc/me/report/tests/Controller/QuotationsControlerTest.php" line="19" assertions="1" time="0.000325"/>
        <testcase name="testAPIDeck" class="App\Tests\Controller\QuotationsControllerTest" classname="App.Tests.Controller.QuotationsControllerTest" file="/Users/nik/Sites/dbwebb-kurser/mvc/me/report/tests/Controller/QuotationsControlerTest.php" line="25" assertions="1" time="0.010021"/>
      </testsuite>
      <testsuite name="App\Tests\Entity\BookTest" file="/Users/nik/Sites/dbwebb-kurser/mvc/me/report/tests/Entity/BookTest.php" tests="1" assertions="6" errors="0" warnings="0" failures="0" skipped="0" time="0.000372">
        <testcase name="testCreateObject" class="App\Tests\Entity\BookTest" classname="App.Tests.Entity.BookTest" file="/Users/nik/Sites/dbwebb-kurser/mvc/me/report/tests/Entity/BookTest.php" line="20" assertions="6" time="0.000372"/>
      </testsuite>
      <testsuite name="App\Tests\Game21\GameActionsBankMovesTest" file="/Users/nik/Sites/dbwebb-kurser/mvc/me/report/tests/Game21/GameActionsBankMovesTest.php" tests="1" assertions="6" errors="0" warnings="0" failures="0" skipped="0" time="0.001117">
        <testcase name="testPlayerDraws" class="App\Tests\Game21\GameActionsBankMovesTest" classname="App.Tests.Game21.GameActionsBankMovesTest" file="/Users/nik/Sites/dbwebb-kurser/mvc/me/report/tests/Game21/GameActionsBankMovesTest.php" line="24" assertions="6" time="0.001117"/>
      </testsuite>
      <testsuite name="App\Tests\Game21\GameActionsTest" file="/Users/nik/Sites/dbwebb-kurser/mvc/me/report/tests/Game21/GameActionsTest.php" tests="6" assertions="23" errors="0" warnings="0" failures="0" skipped="0" time="0.105203">
        <testcase name="testPlayerDraws" class="App\Tests\Game21\GameActionsTest" classname="App.Tests.Game21.GameActionsTest" file="/Users/nik/Sites/dbwebb-kurser/mvc/me/report/tests/Game21/GameActionsTest.php" line="28" assertions="7" time="0.011100"/>
        <testcase name="testDeckReassembly" class="App\Tests\Game21\GameActionsTest" classname="App.Tests.Game21.GameActionsTest" file="/Users/nik/Sites/dbwebb-kurser/mvc/me/report/tests/Game21/GameActionsTest.php" line="48" assertions="2" time="0.068648"/>
        <testcase name="testCorrectBet" class="App\Tests\Game21\GameActionsTest" classname="App.Tests.Game21.GameActionsTest" file="/Users/nik/Sites/dbwebb-kurser/mvc/me/report/tests/Game21/GameActionsTest.php" line="66" assertions="4" time="0.000760"/>
        <testcase name="testWinningHandWithIntelligence" class="App\Tests\Game21\GameActionsTest" classname="App.Tests.Game21.GameActionsTest" file="/Users/nik/Sites/dbwebb-kurser/mvc/me/report/tests/Game21/GameActionsTest.php" line="85" assertions="6" time="0.013326"/>
        <testcase name="testWinningHandWithoutIntelligence" class="App\Tests\Game21\GameActionsTest" classname="App.Tests.Game21.GameActionsTest" file="/Users/nik/Sites/dbwebb-kurser/mvc/me/report/tests/Game21/GameActionsTest.php" line="146" assertions="3" time="0.008172"/>
        <testcase name="testGameOver" class="App\Tests\Game21\GameActionsTest" classname="App.Tests.Game21.GameActionsTest" file="/Users/nik/Sites/dbwebb-kurser/mvc/me/report/tests/Game21/GameActionsTest.php" line="192" assertions="1" time="0.003197"/>
      </testsuite>
      <testsuite name="App\Tests\Game21\GameTest" file="/Users/nik/Sites/dbwebb-kurser/mvc/me/report/tests/Game21/GameTest.php" tests="3" assertions="8" errors="0" warnings="0" failures="0" skipped="0" time="0.002188">
        <testcase name="testCreateInstance" class="App\Tests\Game21\GameTest" classname="App.Tests.Game21.GameTest" file="/Users/nik/Sites/dbwebb-kurser/mvc/me/report/tests/Game21/GameTest.php" line="20" assertions="2" time="0.000482"/>
        <testcase name="testCreateObject" class="App\Tests\Game21\GameTest" classname="App.Tests.Game21.GameTest" file="/Users/nik/Sites/dbwebb-kurser/mvc/me/report/tests/Game21/GameTest.php" line="27" assertions="5" time="0.001047"/>
        <testcase name="testGetterAndSetter" class="App\Tests\Game21\GameTest" classname="App.Tests.Game21.GameTest" file="/Users/nik/Sites/dbwebb-kurser/mvc/me/report/tests/Game21/GameTest.php" line="38" assertions="1" time="0.000659"/>
      </testsuite>
      <testsuite name="App\Tests\Game21\HandScoreTest" file="/Users/nik/Sites/dbwebb-kurser/mvc/me/report/tests/Game21/HandScoreTest.php" tests="2" assertions="20" errors="0" warnings="0" failures="0" skipped="0" time="0.001743">
        <testcase name="testCreateInstance" class="App\Tests\Game21\HandScoreTest" classname="App.Tests.Game21.HandScoreTest" file="/Users/nik/Sites/dbwebb-kurser/mvc/me/report/tests/Game21/HandScoreTest.php" line="26" assertions="6" time="0.000439"/>
        <testcase name="testCreateObject" class="App\Tests\Game21\HandScoreTest" classname="App.Tests.Game21.HandScoreTest" file="/Users/nik/Sites/dbwebb-kurser/mvc/me/report/tests/Game21/HandScoreTest.php" line="37" assertions="14" time="0.001304"/>
      </testsuite>
      <testsuite name="App\Tests\Game21\PlayerTest" file="/Users/nik/Sites/dbwebb-kurser/mvc/me/report/tests/Game21/PlayerTest.php" tests="2" assertions="4" errors="0" warnings="0" failures="0" skipped="0" time="0.000785">
        <testcase name="testCreateObject" class="App\Tests\Game21\PlayerTest" classname="App.Tests.Game21.PlayerTest" file="/Users/nik/Sites/dbwebb-kurser/mvc/me/report/tests/Game21/PlayerTest.php" line="19" assertions="3" time="0.000361"/>
        <testcase name="testGetterAndSetter" class="App\Tests\Game21\PlayerTest" classname="App.Tests.Game21.PlayerTest" file="/Users/nik/Sites/dbwebb-kurser/mvc/me/report/tests/Game21/PlayerTest.php" line="28" assertions="1" time="0.000425"/>
      </testsuite>
      <testsuite name="App\Tests\Repository\BookRepositoryTest" file="/Users/nik/Sites/dbwebb-kurser/mvc/me/report/tests/Repository/BookRepositoryTest.php" tests="1" assertions="1" errors="0" warnings="0" failures="0" skipped="0" time="0.010560">
        <testcase name="testCreateObject" class="App\Tests\Repository\BookRepositoryTest" classname="App.Tests.Repository.BookRepositoryTest" file="/Users/nik/Sites/dbwebb-kurser/mvc/me/report/tests/Repository/BookRepositoryTest.php" line="21" assertions="1" time="0.010560"/>
      </testsuite>
    </testsuite>
  </testsuite>
</testsuites>
