<?xml version="1.0" encoding="UTF-8"?>
<testsuites>
  <testsuite name="" tests="122" assertions="799" errors="0" warnings="0" failures="0" skipped="0" time="1.966187">
    <testsuite name="Project Test Suite" tests="122" assertions="799" errors="0" warnings="0" failures="0" skipped="0" time="1.966187">
      <testsuite name="App\Tests\Cards\CardGraphicTest" file="/Users/nik/Sites/dbwebb-kurser/mvc/me/report/tests/Cards/CardGraphicTest.php" tests="3" assertions="112" errors="0" warnings="0" failures="0" skipped="0" time="0.010576">
        <testcase name="testCreateObject" class="App\Tests\Cards\CardGraphicTest" classname="App.Tests.Cards.CardGraphicTest" file="/Users/nik/Sites/dbwebb-kurser/mvc/me/report/tests/Cards/CardGraphicTest.php" line="24" assertions="2" time="0.008272"/>
        <testcase name="testStringValues" class="App\Tests\Cards\CardGraphicTest" classname="App.Tests.Cards.CardGraphicTest" file="/Users/nik/Sites/dbwebb-kurser/mvc/me/report/tests/Cards/CardGraphicTest.php" line="35" assertions="54" time="0.000805"/>
        <testcase name="testTextValues" class="App\Tests\Cards\CardGraphicTest" classname="App.Tests.Cards.CardGraphicTest" file="/Users/nik/Sites/dbwebb-kurser/mvc/me/report/tests/Cards/CardGraphicTest.php" line="48" assertions="56" time="0.001499"/>
      </testsuite>
      <testsuite name="App\Tests\Cards\CardTest" file="/Users/nik/Sites/dbwebb-kurser/mvc/me/report/tests/Cards/CardTest.php" tests="3" assertions="110" errors="0" warnings="0" failures="0" skipped="0" time="0.002653">
        <testcase name="testCreateObject" class="App\Tests\Cards\CardTest" classname="App.Tests.Cards.CardTest" file="/Users/nik/Sites/dbwebb-kurser/mvc/me/report/tests/Cards/CardTest.php" line="24" assertions="108" time="0.000951"/>
        <testcase name="testCreateObjectWithTooLargeArgument" class="App\Tests\Cards\CardTest" classname="App.Tests.Cards.CardTest" file="/Users/nik/Sites/dbwebb-kurser/mvc/me/report/tests/Cards/CardTest.php" line="38" assertions="1" time="0.001384"/>
        <testcase name="testCreateObjectWithTooSmallArgument" class="App\Tests\Cards\CardTest" classname="App.Tests.Cards.CardTest" file="/Users/nik/Sites/dbwebb-kurser/mvc/me/report/tests/Cards/CardTest.php" line="47" assertions="1" time="0.000318"/>
      </testsuite>
      <testsuite name="App\Tests\Cards\DeckTest" file="/Users/nik/Sites/dbwebb-kurser/mvc/me/report/tests/Cards/DeckTest.php" tests="4" assertions="122" errors="0" warnings="0" failures="0" skipped="0" time="0.019119">
        <testcase name="testCreateDeck" class="App\Tests\Cards\DeckTest" classname="App.Tests.Cards.DeckTest" file="/Users/nik/Sites/dbwebb-kurser/mvc/me/report/tests/Cards/DeckTest.php" line="26" assertions="6" time="0.002391"/>
        <testcase name="testShuffleDeck" class="App\Tests\Cards\DeckTest" classname="App.Tests.Cards.DeckTest" file="/Users/nik/Sites/dbwebb-kurser/mvc/me/report/tests/Cards/DeckTest.php" line="49" assertions="6" time="0.009305"/>
        <testcase name="testDrawCardsFromDeck" class="App\Tests\Cards\DeckTest" classname="App.Tests.Cards.DeckTest" file="/Users/nik/Sites/dbwebb-kurser/mvc/me/report/tests/Cards/DeckTest.php" line="81" assertions="108" time="0.002740"/>
        <testcase name="testAddCardsToDeck" class="App\Tests\Cards\DeckTest" classname="App.Tests.Cards.DeckTest" file="/Users/nik/Sites/dbwebb-kurser/mvc/me/report/tests/Cards/DeckTest.php" line="97" assertions="2" time="0.004683"/>
      </testsuite>
      <testsuite name="App\Tests\Cards\HandTest" file="/Users/nik/Sites/dbwebb-kurser/mvc/me/report/tests/Cards/HandTest.php" tests="1" assertions="8" errors="0" warnings="0" failures="0" skipped="0" time="0.007678">
        <testcase name="testCreateObject" class="App\Tests\Cards\HandTest" classname="App.Tests.Cards.HandTest" file="/Users/nik/Sites/dbwebb-kurser/mvc/me/report/tests/Cards/HandTest.php" line="25" assertions="8" time="0.007678"/>
      </testsuite>
      <testsuite name="App\Tests\Controller\Cards\CardAPIDealControllerTest" file="/Users/nik/Sites/dbwebb-kurser/mvc/me/report/tests/Controller/Cards/CardAPIDealControllerTest.php" tests="5" assertions="11" errors="0" warnings="0" failures="0" skipped="0" time="0.379680">
        <testcase name="testCardAPIController" class="App\Tests\Controller\Cards\CardAPIDealControllerTest" classname="App.Tests.Controller.Cards.CardAPIDealControllerTest" file="/Users/nik/Sites/dbwebb-kurser/mvc/me/report/tests/Controller/Cards/CardAPIDealControllerTest.php" line="26" assertions="1" time="0.004092"/>
        <testcase name="testAPIDeckDealPlayersCards" class="App\Tests\Controller\Cards\CardAPIDealControllerTest" classname="App.Tests.Controller.Cards.CardAPIDealControllerTest" file="/Users/nik/Sites/dbwebb-kurser/mvc/me/report/tests/Controller/Cards/CardAPIDealControllerTest.php" line="35" assertions="2" time="0.289599"/>
        <testcase name="testAPIDeckDealPlayersCardsPost" class="App\Tests\Controller\Cards\CardAPIDealControllerTest" classname="App.Tests.Controller.Cards.CardAPIDealControllerTest" file="/Users/nik/Sites/dbwebb-kurser/mvc/me/report/tests/Controller/Cards/CardAPIDealControllerTest.php" line="50" assertions="2" time="0.026260"/>
        <testcase name="testAPIDeck" class="App\Tests\Controller\Cards\CardAPIDealControllerTest" classname="App.Tests.Controller.Cards.CardAPIDealControllerTest" file="/Users/nik/Sites/dbwebb-kurser/mvc/me/report/tests/Controller/Cards/CardAPIDealControllerTest.php" line="36" assertions="4" time="0.046615"/>
        <testcase name="testAPIDeckShuffle" class="App\Tests\Controller\Cards\CardAPIDealControllerTest" classname="App.Tests.Controller.Cards.CardAPIDealControllerTest" file="/Users/nik/Sites/dbwebb-kurser/mvc/me/report/tests/Controller/Cards/CardAPIDealControllerTest.php" line="58" assertions="2" time="0.013113"/>
      </testsuite>
      <testsuite name="App\Tests\Controller\Cards\CardAPIDeckControllerTest" file="/Users/nik/Sites/dbwebb-kurser/mvc/me/report/tests/Controller/Cards/CardAPIDeckControllerTest.php" tests="3" assertions="7" errors="0" warnings="0" failures="0" skipped="0" time="0.029127">
        <testcase name="testCardAPIController" class="App\Tests\Controller\Cards\CardAPIDeckControllerTest" classname="App.Tests.Controller.Cards.CardAPIDeckControllerTest" file="/Users/nik/Sites/dbwebb-kurser/mvc/me/report/tests/Controller/Cards/CardAPIDeckControllerTest.php" line="27" assertions="1" time="0.000365"/>
        <testcase name="testAPIDeck" class="App\Tests\Controller\Cards\CardAPIDeckControllerTest" classname="App.Tests.Controller.Cards.CardAPIDeckControllerTest" file="/Users/nik/Sites/dbwebb-kurser/mvc/me/report/tests/Controller/Cards/CardAPIDeckControllerTest.php" line="36" assertions="4" time="0.016557"/>
        <testcase name="testAPIDeckShuffle" class="App\Tests\Controller\Cards\CardAPIDeckControllerTest" classname="App.Tests.Controller.Cards.CardAPIDeckControllerTest" file="/Users/nik/Sites/dbwebb-kurser/mvc/me/report/tests/Controller/Cards/CardAPIDeckControllerTest.php" line="58" assertions="2" time="0.012205"/>
      </testsuite>
      <testsuite name="App\Tests\Controller\Cards\CardAPIDrawControllerTest" file="/Users/nik/Sites/dbwebb-kurser/mvc/me/report/tests/Controller/Cards/CardAPIDrawControllerTest.php" tests="6" assertions="14" errors="0" warnings="0" failures="0" skipped="0" time="0.068154">
        <testcase name="testCardAPIController" class="App\Tests\Controller\Cards\CardAPIDrawControllerTest" classname="App.Tests.Controller.Cards.CardAPIDrawControllerTest" file="/Users/nik/Sites/dbwebb-kurser/mvc/me/report/tests/Controller/Cards/CardAPIDrawControllerTest.php" line="27" assertions="2" time="0.001084"/>
        <testcase name="testAPIDeckDraw" class="App\Tests\Controller\Cards\CardAPIDrawControllerTest" classname="App.Tests.Controller.Cards.CardAPIDrawControllerTest" file="/Users/nik/Sites/dbwebb-kurser/mvc/me/report/tests/Controller/Cards/CardAPIDrawControllerTest.php" line="39" assertions="2" time="0.012283"/>
        <testcase name="testAPIDeckDrawNumber" class="App\Tests\Controller\Cards\CardAPIDrawControllerTest" classname="App.Tests.Controller.Cards.CardAPIDrawControllerTest" file="/Users/nik/Sites/dbwebb-kurser/mvc/me/report/tests/Controller/Cards/CardAPIDrawControllerTest.php" line="54" assertions="2" time="0.014333"/>
        <testcase name="testAPIDeckDrawNumberPost" class="App\Tests\Controller\Cards\CardAPIDrawControllerTest" classname="App.Tests.Controller.Cards.CardAPIDrawControllerTest" file="/Users/nik/Sites/dbwebb-kurser/mvc/me/report/tests/Controller/Cards/CardAPIDrawControllerTest.php" line="69" assertions="2" time="0.012138"/>
        <testcase name="testAPIDeck" class="App\Tests\Controller\Cards\CardAPIDrawControllerTest" classname="App.Tests.Controller.Cards.CardAPIDrawControllerTest" file="/Users/nik/Sites/dbwebb-kurser/mvc/me/report/tests/Controller/Cards/CardAPIDrawControllerTest.php" line="36" assertions="4" time="0.016252"/>
        <testcase name="testAPIDeckShuffle" class="App\Tests\Controller\Cards\CardAPIDrawControllerTest" classname="App.Tests.Controller.Cards.CardAPIDrawControllerTest" file="/Users/nik/Sites/dbwebb-kurser/mvc/me/report/tests/Controller/Cards/CardAPIDrawControllerTest.php" line="58" assertions="2" time="0.012063"/>
      </testsuite>
      <testsuite name="App\Tests\Controller\Cards\CardControllerTest" file="/Users/nik/Sites/dbwebb-kurser/mvc/me/report/tests/Controller/Cards/CardControllerTest.php" tests="8" assertions="24" errors="0" warnings="0" failures="0" skipped="0" time="0.167341">
        <testcase name="testCardController" class="App\Tests\Controller\Cards\CardControllerTest" classname="App.Tests.Controller.Cards.CardControllerTest" file="/Users/nik/Sites/dbwebb-kurser/mvc/me/report/tests/Controller/Cards/CardControllerTest.php" line="29" assertions="5" time="0.001405"/>
        <testcase name="testCard" class="App\Tests\Controller\Cards\CardControllerTest" classname="App.Tests.Controller.Cards.CardControllerTest" file="/Users/nik/Sites/dbwebb-kurser/mvc/me/report/tests/Controller/Cards/CardControllerTest.php" line="50" assertions="3" time="0.034295"/>
        <testcase name="testCardDeck" class="App\Tests\Controller\Cards\CardControllerTest" classname="App.Tests.Controller.Cards.CardControllerTest" file="/Users/nik/Sites/dbwebb-kurser/mvc/me/report/tests/Controller/Cards/CardControllerTest.php" line="61" assertions="6" time="0.030121"/>
        <testcase name="testCardDeckReset" class="App\Tests\Controller\Cards\CardControllerTest" classname="App.Tests.Controller.Cards.CardControllerTest" file="/Users/nik/Sites/dbwebb-kurser/mvc/me/report/tests/Controller/Cards/CardControllerTest.php" line="87" assertions="2" time="0.012901"/>
        <testcase name="testCardDeckShuffle" class="App\Tests\Controller\Cards\CardControllerTest" classname="App.Tests.Controller.Cards.CardControllerTest" file="/Users/nik/Sites/dbwebb-kurser/mvc/me/report/tests/Controller/Cards/CardControllerTest.php" line="97" assertions="2" time="0.027928"/>
        <testcase name="testCardDeckDraw" class="App\Tests\Controller\Cards\CardControllerTest" classname="App.Tests.Controller.Cards.CardControllerTest" file="/Users/nik/Sites/dbwebb-kurser/mvc/me/report/tests/Controller/Cards/CardControllerTest.php" line="115" assertions="2" time="0.019867"/>
        <testcase name="testCardDeckDrawNumber" class="App\Tests\Controller\Cards\CardControllerTest" classname="App.Tests.Controller.Cards.CardControllerTest" file="/Users/nik/Sites/dbwebb-kurser/mvc/me/report/tests/Controller/Cards/CardControllerTest.php" line="133" assertions="2" time="0.018360"/>
        <testcase name="testCardDeckDealPlayersCards" class="App\Tests\Controller\Cards\CardControllerTest" classname="App.Tests.Controller.Cards.CardControllerTest" file="/Users/nik/Sites/dbwebb-kurser/mvc/me/report/tests/Controller/Cards/CardControllerTest.php" line="151" assertions="2" time="0.022465"/>
      </testsuite>
      <testsuite name="App\Tests\Controller\Cards\CardProcessControllerTest" file="/Users/nik/Sites/dbwebb-kurser/mvc/me/report/tests/Controller/Cards/CardProcessControllerTest.php" tests="5" assertions="9" errors="0" warnings="0" failures="0" skipped="0" time="0.050961">
        <testcase name="testCardProcessController" class="App\Tests\Controller\Cards\CardProcessControllerTest" classname="App.Tests.Controller.Cards.CardProcessControllerTest" file="/Users/nik/Sites/dbwebb-kurser/mvc/me/report/tests/Controller/Cards/CardProcessControllerTest.php" line="24" assertions="1" time="0.000915"/>
        <testcase name="testSession" class="App\Tests\Controller\Cards\CardProcessControllerTest" classname="App.Tests.Controller.Cards.CardProcessControllerTest" file="/Users/nik/Sites/dbwebb-kurser/mvc/me/report/tests/Controller/Cards/CardProcessControllerTest.php" line="33" assertions="2" time="0.015865"/>
        <testcase name="testSessionDelete" class="App\Tests\Controller\Cards\CardProcessControllerTest" classname="App.Tests.Controller.Cards.CardProcessControllerTest" file="/Users/nik/Sites/dbwebb-kurser/mvc/me/report/tests/Controller/Cards/CardProcessControllerTest.php" line="47" assertions="2" time="0.010409"/>
        <testcase name="testCardDeckDrawProcess" class="App\Tests\Controller\Cards\CardProcessControllerTest" classname="App.Tests.Controller.Cards.CardProcessControllerTest" file="/Users/nik/Sites/dbwebb-kurser/mvc/me/report/tests/Controller/Cards/CardProcessControllerTest.php" line="57" assertions="2" time="0.011034"/>
        <testcase name="testCardDeckDealProcess" class="App\Tests\Controller\Cards\CardProcessControllerTest" classname="App.Tests.Controller.Cards.CardProcessControllerTest" file="/Users/nik/Sites/dbwebb-kurser/mvc/me/report/tests/Controller/Cards/CardProcessControllerTest.php" line="67" assertions="2" time="0.012738"/>
      </testsuite>
      <testsuite name="App\Tests\Controller\Game21\GameAPIControllerTest" file="/Users/nik/Sites/dbwebb-kurser/mvc/me/report/tests/Controller/Game21/GameAPIControllerTest.php" tests="2" assertions="2" errors="0" warnings="0" failures="0" skipped="0" time="0.014692">
        <testcase name="testGameAPIController" class="App\Tests\Controller\Game21\GameAPIControllerTest" classname="App.Tests.Controller.Game21.GameAPIControllerTest" file="/Users/nik/Sites/dbwebb-kurser/mvc/me/report/tests/Controller/Game21/GameAPIControllerTest.php" line="24" assertions="1" time="0.001249"/>
        <testcase name="testAPIGame" class="App\Tests\Controller\Game21\GameAPIControllerTest" classname="App.Tests.Controller.Game21.GameAPIControllerTest" file="/Users/nik/Sites/dbwebb-kurser/mvc/me/report/tests/Controller/Game21/GameAPIControllerTest.php" line="33" assertions="1" time="0.013443"/>
      </testsuite>
      <testsuite name="App\Tests\Controller\Game21\GameControllerTest" file="/Users/nik/Sites/dbwebb-kurser/mvc/me/report/tests/Controller/Game21/GameControllerTest.php" tests="4" assertions="12" errors="0" warnings="0" failures="0" skipped="0" time="0.049948">
        <testcase name="testGameController" class="App\Tests\Controller\Game21\GameControllerTest" classname="App.Tests.Controller.Game21.GameControllerTest" file="/Users/nik/Sites/dbwebb-kurser/mvc/me/report/tests/Controller/Game21/GameControllerTest.php" line="29" assertions="5" time="0.001575"/>
        <testcase name="testGame" class="App\Tests\Controller\Game21\GameControllerTest" classname="App.Tests.Controller.Game21.GameControllerTest" file="/Users/nik/Sites/dbwebb-kurser/mvc/me/report/tests/Controller/Game21/GameControllerTest.php" line="50" assertions="3" time="0.015705"/>
        <testcase name="testDoc" class="App\Tests\Controller\Game21\GameControllerTest" classname="App.Tests.Controller.Game21.GameControllerTest" file="/Users/nik/Sites/dbwebb-kurser/mvc/me/report/tests/Controller/Game21/GameControllerTest.php" line="61" assertions="3" time="0.014517"/>
        <testcase name="testDojo" class="App\Tests\Controller\Game21\GameControllerTest" classname="App.Tests.Controller.Game21.GameControllerTest" file="/Users/nik/Sites/dbwebb-kurser/mvc/me/report/tests/Controller/Game21/GameControllerTest.php" line="70" assertions="1" time="0.018152"/>
      </testsuite>
      <testsuite name="App\Tests\Controller\Game21\GameProcessControllerTest" file="/Users/nik/Sites/dbwebb-kurser/mvc/me/report/tests/Controller/Game21/GameProcessControllerTest.php" tests="6" assertions="12" errors="0" warnings="0" failures="0" skipped="0" time="0.096258">
        <testcase name="testGameProcessController" class="App\Tests\Controller\Game21\GameProcessControllerTest" classname="App.Tests.Controller.Game21.GameProcessControllerTest" file="/Users/nik/Sites/dbwebb-kurser/mvc/me/report/tests/Controller/Game21/GameProcessControllerTest.php" line="25" assertions="2" time="0.000977"/>
        <testcase name="testGamePlayerDrawsProcess" class="App\Tests\Controller\Game21\GameProcessControllerTest" classname="App.Tests.Controller.Game21.GameProcessControllerTest" file="/Users/nik/Sites/dbwebb-kurser/mvc/me/report/tests/Controller/Game21/GameProcessControllerTest.php" line="37" assertions="2" time="0.020093"/>
        <testcase name="testGamePlayerBetsProcess" class="App\Tests\Controller\Game21\GameProcessControllerTest" classname="App.Tests.Controller.Game21.GameProcessControllerTest" file="/Users/nik/Sites/dbwebb-kurser/mvc/me/report/tests/Controller/Game21/GameProcessControllerTest.php" line="47" assertions="2" time="0.026328"/>
        <testcase name="testGamePlayerWinsProcess" class="App\Tests\Controller\Game21\GameProcessControllerTest" classname="App.Tests.Controller.Game21.GameProcessControllerTest" file="/Users/nik/Sites/dbwebb-kurser/mvc/me/report/tests/Controller/Game21/GameProcessControllerTest.php" line="57" assertions="2" time="0.017090"/>
        <testcase name="testGameOverProcess" class="App\Tests\Controller\Game21\GameProcessControllerTest" classname="App.Tests.Controller.Game21.GameProcessControllerTest" file="/Users/nik/Sites/dbwebb-kurser/mvc/me/report/tests/Controller/Game21/GameProcessControllerTest.php" line="67" assertions="2" time="0.018998"/>
        <testcase name="testGameOptionsProcess" class="App\Tests\Controller\Game21\GameProcessControllerTest" classname="App.Tests.Controller.Game21.GameProcessControllerTest" file="/Users/nik/Sites/dbwebb-kurser/mvc/me/report/tests/Controller/Game21/GameProcessControllerTest.php" line="77" assertions="2" time="0.012772"/>
      </testsuite>
      <testsuite name="App\Tests\Controller\HomeControllerTest" file="/Users/nik/Sites/dbwebb-kurser/mvc/me/report/tests/Controller/HomeControllerTest.php" tests="7" assertions="7" errors="0" warnings="0" failures="0" skipped="0" time="0.095471">
        <testcase name="testHomeController" class="App\Tests\Controller\HomeControllerTest" classname="App.Tests.Controller.HomeControllerTest" file="/Users/nik/Sites/dbwebb-kurser/mvc/me/report/tests/Controller/HomeControllerTest.php" line="23" assertions="1" time="0.000969"/>
        <testcase name="testHome" class="App\Tests\Controller\HomeControllerTest" classname="App.Tests.Controller.HomeControllerTest" file="/Users/nik/Sites/dbwebb-kurser/mvc/me/report/tests/Controller/HomeControllerTest.php" line="31" assertions="1" time="0.015026"/>
        <testcase name="testAbout" class="App\Tests\Controller\HomeControllerTest" classname="App.Tests.Controller.HomeControllerTest" file="/Users/nik/Sites/dbwebb-kurser/mvc/me/report/tests/Controller/HomeControllerTest.php" line="41" assertions="1" time="0.012378"/>
        <testcase name="testMetrics" class="App\Tests\Controller\HomeControllerTest" classname="App.Tests.Controller.HomeControllerTest" file="/Users/nik/Sites/dbwebb-kurser/mvc/me/report/tests/Controller/HomeControllerTest.php" line="51" assertions="1" time="0.020142"/>
        <testcase name="testReport" class="App\Tests\Controller\HomeControllerTest" classname="App.Tests.Controller.HomeControllerTest" file="/Users/nik/Sites/dbwebb-kurser/mvc/me/report/tests/Controller/HomeControllerTest.php" line="61" assertions="1" time="0.018160"/>
        <testcase name="testLucky" class="App\Tests\Controller\HomeControllerTest" classname="App.Tests.Controller.HomeControllerTest" file="/Users/nik/Sites/dbwebb-kurser/mvc/me/report/tests/Controller/HomeControllerTest.php" line="71" assertions="1" time="0.012918"/>
        <testcase name="testAPI" class="App\Tests\Controller\HomeControllerTest" classname="App.Tests.Controller.HomeControllerTest" file="/Users/nik/Sites/dbwebb-kurser/mvc/me/report/tests/Controller/HomeControllerTest.php" line="81" assertions="1" time="0.015879"/>
      </testsuite>
      <testsuite name="App\Tests\Controller\Library\LibraryControllerTest" file="/Users/nik/Sites/dbwebb-kurser/mvc/me/report/tests/Controller/Library/LibraryControllerTest.php" tests="9" assertions="22" errors="0" warnings="0" failures="0" skipped="0" time="0.254333">
        <testcase name="testLibraryController" class="App\Tests\Controller\Library\LibraryControllerTest" classname="App.Tests.Controller.Library.LibraryControllerTest" file="/Users/nik/Sites/dbwebb-kurser/mvc/me/report/tests/Controller/Library/LibraryControllerTest.php" line="26" assertions="3" time="0.001585"/>
        <testcase name="testLibrary" class="App\Tests\Controller\Library\LibraryControllerTest" classname="App.Tests.Controller.Library.LibraryControllerTest" file="/Users/nik/Sites/dbwebb-kurser/mvc/me/report/tests/Controller/Library/LibraryControllerTest.php" line="36" assertions="1" time="0.014007"/>
        <testcase name="testLibraryView" class="App\Tests\Controller\Library\LibraryControllerTest" classname="App.Tests.Controller.Library.LibraryControllerTest" file="/Users/nik/Sites/dbwebb-kurser/mvc/me/report/tests/Controller/Library/LibraryControllerTest.php" line="46" assertions="3" time="0.072773"/>
        <testcase name="testLibraryViewId" class="App\Tests\Controller\Library\LibraryControllerTest" classname="App.Tests.Controller.Library.LibraryControllerTest" file="/Users/nik/Sites/dbwebb-kurser/mvc/me/report/tests/Controller/Library/LibraryControllerTest.php" line="57" assertions="3" time="0.030065"/>
        <testcase name="testLibraryEditId" class="App\Tests\Controller\Library\LibraryControllerTest" classname="App.Tests.Controller.Library.LibraryControllerTest" file="/Users/nik/Sites/dbwebb-kurser/mvc/me/report/tests/Controller/Library/LibraryControllerTest.php" line="70" assertions="3" time="0.030352"/>
        <testcase name="testLibraryNew" class="App\Tests\Controller\Library\LibraryControllerTest" classname="App.Tests.Controller.Library.LibraryControllerTest" file="/Users/nik/Sites/dbwebb-kurser/mvc/me/report/tests/Controller/Library/LibraryControllerTest.php" line="83" assertions="3" time="0.016360"/>
        <testcase name="testLibraryReset" class="App\Tests\Controller\Library\LibraryControllerTest" classname="App.Tests.Controller.Library.LibraryControllerTest" file="/Users/nik/Sites/dbwebb-kurser/mvc/me/report/tests/Controller/Library/LibraryControllerTest.php" line="94" assertions="3" time="0.013278"/>
        <testcase name="testAPILibraryBooks" class="App\Tests\Controller\Library\LibraryControllerTest" classname="App.Tests.Controller.Library.LibraryControllerTest" file="/Users/nik/Sites/dbwebb-kurser/mvc/me/report/tests/Controller/Library/LibraryControllerTest.php" line="105" assertions="1" time="0.027117"/>
        <testcase name="testAPILibraryBookISBN" class="App\Tests\Controller\Library\LibraryControllerTest" classname="App.Tests.Controller.Library.LibraryControllerTest" file="/Users/nik/Sites/dbwebb-kurser/mvc/me/report/tests/Controller/Library/LibraryControllerTest.php" line="116" assertions="2" time="0.048796"/>
      </testsuite>
      <testsuite name="App\Tests\Controller\Library\LibraryAddControllerTest" file="/Users/nik/Sites/dbwebb-kurser/mvc/me/report/tests/Controller/Library/LibraryProcessControllerTest.php" tests="5" assertions="20" errors="0" warnings="0" failures="0" skipped="0" time="0.236237">
        <testcase name="testLibraryAddController" class="App\Tests\Controller\Library\LibraryAddControllerTest" classname="App.Tests.Controller.Library.LibraryAddControllerTest" file="/Users/nik/Sites/dbwebb-kurser/mvc/me/report/tests/Controller/Library/LibraryProcessControllerTest.php" line="48" assertions="3" time="0.001400"/>
        <testcase name="testLibraryProcess" class="App\Tests\Controller\Library\LibraryAddControllerTest" classname="App.Tests.Controller.Library.LibraryAddControllerTest" file="/Users/nik/Sites/dbwebb-kurser/mvc/me/report/tests/Controller/Library/LibraryProcessControllerTest.php" line="63" assertions="4" time="0.040168"/>
        <testcase name="testLibraryCRUD" class="App\Tests\Controller\Library\LibraryAddControllerTest" classname="App.Tests.Controller.Library.LibraryAddControllerTest" file="/Users/nik/Sites/dbwebb-kurser/mvc/me/report/tests/Controller/Library/LibraryProcessControllerTest.php" line="80" assertions="7" time="0.071884"/>
        <testcase name="testLibraryDelete" class="App\Tests\Controller\Library\LibraryAddControllerTest" classname="App.Tests.Controller.Library.LibraryAddControllerTest" file="/Users/nik/Sites/dbwebb-kurser/mvc/me/report/tests/Controller/Library/LibraryProcessControllerTest.php" line="115" assertions="4" time="0.085711"/>
        <testcase name="testLibraryUpdate" class="App\Tests\Controller\Library\LibraryAddControllerTest" classname="App.Tests.Controller.Library.LibraryAddControllerTest" file="/Users/nik/Sites/dbwebb-kurser/mvc/me/report/tests/Controller/Library/LibraryProcessControllerTest.php" line="142" assertions="2" time="0.037075"/>
      </testsuite>
      <testsuite name="App\Tests\Controller\Library\LibraryResetControllerTest" file="/Users/nik/Sites/dbwebb-kurser/mvc/me/report/tests/Controller/Library/LibraryRestControllerTest.php" tests="1" assertions="1" errors="0" warnings="0" failures="0" skipped="0" time="0.000408">
        <testcase name="testLibraryResetController" class="App\Tests\Controller\Library\LibraryResetControllerTest" classname="App.Tests.Controller.Library.LibraryResetControllerTest" file="/Users/nik/Sites/dbwebb-kurser/mvc/me/report/tests/Controller/Library/LibraryRestControllerTest.php" line="23" assertions="1" time="0.000408"/>
      </testsuite>
      <testsuite name="App\Tests\Controller\Poker\PokerGameBeginControllerTest" file="/Users/nik/Sites/dbwebb-kurser/mvc/me/report/tests/Controller/Poker/PokerGameBeginControllerTest.php" tests="2" assertions="3" errors="0" warnings="0" failures="0" skipped="0" time="0.034483">
        <testcase name="testPokerGameBeginController" class="App\Tests\Controller\Poker\PokerGameBeginControllerTest" classname="App.Tests.Controller.Poker.PokerGameBeginControllerTest" file="/Users/nik/Sites/dbwebb-kurser/mvc/me/report/tests/Controller/Poker/PokerGameBeginControllerTest.php" line="24" assertions="1" time="0.000983"/>
        <testcase name="testPokerBegin" class="App\Tests\Controller\Poker\PokerGameBeginControllerTest" classname="App.Tests.Controller.Poker.PokerGameBeginControllerTest" file="/Users/nik/Sites/dbwebb-kurser/mvc/me/report/tests/Controller/Poker/PokerGameBeginControllerTest.php" line="33" assertions="2" time="0.033500"/>
      </testsuite>
      <testsuite name="App\Tests\Controller\Poker\PokerGameControllerTest" file="/Users/nik/Sites/dbwebb-kurser/mvc/me/report/tests/Controller/Poker/PokerGameControllerTest.php" tests="2" assertions="2" errors="0" warnings="0" failures="0" skipped="0" time="0.025702">
        <testcase name="testPokerGameController" class="App\Tests\Controller\Poker\PokerGameControllerTest" classname="App.Tests.Controller.Poker.PokerGameControllerTest" file="/Users/nik/Sites/dbwebb-kurser/mvc/me/report/tests/Controller/Poker/PokerGameControllerTest.php" line="24" assertions="1" time="0.001189"/>
        <testcase name="testPoker" class="App\Tests\Controller\Poker\PokerGameControllerTest" classname="App.Tests.Controller.Poker.PokerGameControllerTest" file="/Users/nik/Sites/dbwebb-kurser/mvc/me/report/tests/Controller/Poker/PokerGameControllerTest.php" line="33" assertions="1" time="0.024513"/>
      </testsuite>
      <testsuite name="App\Tests\Controller\Poker\PokerGameGetDeckTest" file="/Users/nik/Sites/dbwebb-kurser/mvc/me/report/tests/Controller/Poker/PokerGameGetDeckTest.php" tests="1" assertions="1" errors="0" warnings="0" failures="0" skipped="0" time="0.000411">
        <testcase name="testGameGetDeck" class="App\Tests\Controller\Poker\PokerGameGetDeckTest" classname="App.Tests.Controller.Poker.PokerGameGetDeckTest" file="/Users/nik/Sites/dbwebb-kurser/mvc/me/report/tests/Controller/Poker/PokerGameGetDeckTest.php" line="24" assertions="1" time="0.000411"/>
      </testsuite>
      <testsuite name="App\Tests\Controller\Poker\PokerGamePreflopControllerTest" file="/Users/nik/Sites/dbwebb-kurser/mvc/me/report/tests/Controller/Poker/PokerGamePreflopControllerTest.php" tests="2" assertions="3" errors="0" warnings="0" failures="0" skipped="0" time="0.080926">
        <testcase name="testPokerGamePreflopController" class="App\Tests\Controller\Poker\PokerGamePreflopControllerTest" classname="App.Tests.Controller.Poker.PokerGamePreflopControllerTest" file="/Users/nik/Sites/dbwebb-kurser/mvc/me/report/tests/Controller/Poker/PokerGamePreflopControllerTest.php" line="24" assertions="1" time="0.000948"/>
        <testcase name="testPokerPreflop" class="App\Tests\Controller\Poker\PokerGamePreflopControllerTest" classname="App.Tests.Controller.Poker.PokerGamePreflopControllerTest" file="/Users/nik/Sites/dbwebb-kurser/mvc/me/report/tests/Controller/Poker/PokerGamePreflopControllerTest.php" line="33" assertions="2" time="0.079978"/>
      </testsuite>
      <testsuite name="App\Tests\Controller\Poker\PokerHomeControllerTest" file="/Users/nik/Sites/dbwebb-kurser/mvc/me/report/tests/Controller/Poker/PokerHomeControllerTest.php" tests="5" assertions="6" errors="0" warnings="0" failures="0" skipped="0" time="0.048419">
        <testcase name="testPokerHomeController" class="App\Tests\Controller\Poker\PokerHomeControllerTest" classname="App.Tests.Controller.Poker.PokerHomeControllerTest" file="/Users/nik/Sites/dbwebb-kurser/mvc/me/report/tests/Controller/Poker/PokerHomeControllerTest.php" line="26" assertions="2" time="0.001046"/>
        <testcase name="testProj" class="App\Tests\Controller\Poker\PokerHomeControllerTest" classname="App.Tests.Controller.Poker.PokerHomeControllerTest" file="/Users/nik/Sites/dbwebb-kurser/mvc/me/report/tests/Controller/Poker/PokerHomeControllerTest.php" line="38" assertions="1" time="0.013722"/>
        <testcase name="testAbout" class="App\Tests\Controller\Poker\PokerHomeControllerTest" classname="App.Tests.Controller.Poker.PokerHomeControllerTest" file="/Users/nik/Sites/dbwebb-kurser/mvc/me/report/tests/Controller/Poker/PokerHomeControllerTest.php" line="48" assertions="1" time="0.011146"/>
        <testcase name="testSession" class="App\Tests\Controller\Poker\PokerHomeControllerTest" classname="App.Tests.Controller.Poker.PokerHomeControllerTest" file="/Users/nik/Sites/dbwebb-kurser/mvc/me/report/tests/Controller/Poker/PokerHomeControllerTest.php" line="58" assertions="1" time="0.011585"/>
        <testcase name="testReset" class="App\Tests\Controller\Poker\PokerHomeControllerTest" classname="App.Tests.Controller.Poker.PokerHomeControllerTest" file="/Users/nik/Sites/dbwebb-kurser/mvc/me/report/tests/Controller/Poker/PokerHomeControllerTest.php" line="68" assertions="1" time="0.010920"/>
      </testsuite>
      <testsuite name="App\Tests\Controller\Poker\PokerResetControllerTest" file="/Users/nik/Sites/dbwebb-kurser/mvc/me/report/tests/Controller/Poker/PokerResetControllerTest.php" tests="2" assertions="3" errors="0" warnings="0" failures="0" skipped="0" time="0.042029">
        <testcase name="testPokerResetController" class="App\Tests\Controller\Poker\PokerResetControllerTest" classname="App.Tests.Controller.Poker.PokerResetControllerTest" file="/Users/nik/Sites/dbwebb-kurser/mvc/me/report/tests/Controller/Poker/PokerResetControllerTest.php" line="24" assertions="1" time="0.000895"/>
        <testcase name="testResetDB" class="App\Tests\Controller\Poker\PokerResetControllerTest" classname="App.Tests.Controller.Poker.PokerResetControllerTest" file="/Users/nik/Sites/dbwebb-kurser/mvc/me/report/tests/Controller/Poker/PokerResetControllerTest.php" line="42" assertions="2" time="0.041134"/>
      </testsuite>
      <testsuite name="App\Tests\Controller\QuotationsControllerTest" file="/Users/nik/Sites/dbwebb-kurser/mvc/me/report/tests/Controller/QuotationsControlerTest.php" tests="2" assertions="2" errors="0" warnings="0" failures="0" skipped="0" time="0.008419">
        <testcase name="testQuotationsController" class="App\Tests\Controller\QuotationsControllerTest" classname="App.Tests.Controller.QuotationsControllerTest" file="/Users/nik/Sites/dbwebb-kurser/mvc/me/report/tests/Controller/QuotationsControlerTest.php" line="23" assertions="1" time="0.000827"/>
        <testcase name="testAPIDeck" class="App\Tests\Controller\QuotationsControllerTest" classname="App.Tests.Controller.QuotationsControllerTest" file="/Users/nik/Sites/dbwebb-kurser/mvc/me/report/tests/Controller/QuotationsControlerTest.php" line="31" assertions="1" time="0.007593"/>
      </testsuite>
      <testsuite name="App\Tests\Entity\BookTest" file="/Users/nik/Sites/dbwebb-kurser/mvc/me/report/tests/Entity/BookTest.php" tests="1" assertions="6" errors="0" warnings="0" failures="0" skipped="0" time="0.000373">
        <testcase name="testCreateObject" class="App\Tests\Entity\BookTest" classname="App.Tests.Entity.BookTest" file="/Users/nik/Sites/dbwebb-kurser/mvc/me/report/tests/Entity/BookTest.php" line="22" assertions="6" time="0.000373"/>
      </testsuite>
      <testsuite name="App\Tests\Entity\CommunityTest" file="/Users/nik/Sites/dbwebb-kurser/mvc/me/report/tests/Entity/CommunityTest.php" tests="1" assertions="8" errors="0" warnings="0" failures="0" skipped="0" time="0.000390">
        <testcase name="testCreateObject" class="App\Tests\Entity\CommunityTest" classname="App.Tests.Entity.CommunityTest" file="/Users/nik/Sites/dbwebb-kurser/mvc/me/report/tests/Entity/CommunityTest.php" line="22" assertions="8" time="0.000390"/>
      </testsuite>
      <testsuite name="App\Tests\Entity\LogTest" file="/Users/nik/Sites/dbwebb-kurser/mvc/me/report/tests/Entity/LogTest.php" tests="1" assertions="4" errors="0" warnings="0" failures="0" skipped="0" time="0.000842">
        <testcase name="testCreateObject" class="App\Tests\Entity\LogTest" classname="App.Tests.Entity.LogTest" file="/Users/nik/Sites/dbwebb-kurser/mvc/me/report/tests/Entity/LogTest.php" line="23" assertions="4" time="0.000842"/>
      </testsuite>
      <testsuite name="App\Tests\Entity\PlayersTest" file="/Users/nik/Sites/dbwebb-kurser/mvc/me/report/tests/Entity/PlayersTest.php" tests="1" assertions="10" errors="0" warnings="0" failures="0" skipped="0" time="0.000437">
        <testcase name="testCreateObject" class="App\Tests\Entity\PlayersTest" classname="App.Tests.Entity.PlayersTest" file="/Users/nik/Sites/dbwebb-kurser/mvc/me/report/tests/Entity/PlayersTest.php" line="22" assertions="10" time="0.000437"/>
      </testsuite>
      <testsuite name="App\Tests\Game21\GameActionsBankMovesTest" file="/Users/nik/Sites/dbwebb-kurser/mvc/me/report/tests/Game21/GameActionsBankMovesTest.php" tests="1" assertions="6" errors="0" warnings="0" failures="0" skipped="0" time="0.001318">
        <testcase name="testPlayerDraws" class="App\Tests\Game21\GameActionsBankMovesTest" classname="App.Tests.Game21.GameActionsBankMovesTest" file="/Users/nik/Sites/dbwebb-kurser/mvc/me/report/tests/Game21/GameActionsBankMovesTest.php" line="28" assertions="6" time="0.001318"/>
      </testsuite>
      <testsuite name="App\Tests\Game21\GameActionsTest" file="/Users/nik/Sites/dbwebb-kurser/mvc/me/report/tests/Game21/GameActionsTest.php" tests="6" assertions="23" errors="0" warnings="0" failures="0" skipped="0" time="0.124615">
        <testcase name="testPlayerDraws" class="App\Tests\Game21\GameActionsTest" classname="App.Tests.Game21.GameActionsTest" file="/Users/nik/Sites/dbwebb-kurser/mvc/me/report/tests/Game21/GameActionsTest.php" line="32" assertions="7" time="0.012540"/>
        <testcase name="testDeckReassembly" class="App\Tests\Game21\GameActionsTest" classname="App.Tests.Game21.GameActionsTest" file="/Users/nik/Sites/dbwebb-kurser/mvc/me/report/tests/Game21/GameActionsTest.php" line="54" assertions="2" time="0.083565"/>
        <testcase name="testCorrectBet" class="App\Tests\Game21\GameActionsTest" classname="App.Tests.Game21.GameActionsTest" file="/Users/nik/Sites/dbwebb-kurser/mvc/me/report/tests/Game21/GameActionsTest.php" line="74" assertions="4" time="0.000620"/>
        <testcase name="testWinningHandWithIntelligence" class="App\Tests\Game21\GameActionsTest" classname="App.Tests.Game21.GameActionsTest" file="/Users/nik/Sites/dbwebb-kurser/mvc/me/report/tests/Game21/GameActionsTest.php" line="95" assertions="6" time="0.015067"/>
        <testcase name="testWinningHandWithoutIntelligence" class="App\Tests\Game21\GameActionsTest" classname="App.Tests.Game21.GameActionsTest" file="/Users/nik/Sites/dbwebb-kurser/mvc/me/report/tests/Game21/GameActionsTest.php" line="158" assertions="3" time="0.009201"/>
        <testcase name="testGameOver" class="App\Tests\Game21\GameActionsTest" classname="App.Tests.Game21.GameActionsTest" file="/Users/nik/Sites/dbwebb-kurser/mvc/me/report/tests/Game21/GameActionsTest.php" line="206" assertions="1" time="0.003622"/>
      </testsuite>
      <testsuite name="App\Tests\Game21\GameTest" file="/Users/nik/Sites/dbwebb-kurser/mvc/me/report/tests/Game21/GameTest.php" tests="3" assertions="8" errors="0" warnings="0" failures="0" skipped="0" time="0.002633">
        <testcase name="testCreateInstance" class="App\Tests\Game21\GameTest" classname="App.Tests.Game21.GameTest" file="/Users/nik/Sites/dbwebb-kurser/mvc/me/report/tests/Game21/GameTest.php" line="24" assertions="2" time="0.000599"/>
        <testcase name="testCreateObject" class="App\Tests\Game21\GameTest" classname="App.Tests.Game21.GameTest" file="/Users/nik/Sites/dbwebb-kurser/mvc/me/report/tests/Game21/GameTest.php" line="33" assertions="5" time="0.001225"/>
        <testcase name="testGetterAndSetter" class="App\Tests\Game21\GameTest" classname="App.Tests.Game21.GameTest" file="/Users/nik/Sites/dbwebb-kurser/mvc/me/report/tests/Game21/GameTest.php" line="46" assertions="1" time="0.000810"/>
      </testsuite>
      <testsuite name="App\Tests\Game21\HandScoreTest" file="/Users/nik/Sites/dbwebb-kurser/mvc/me/report/tests/Game21/HandScoreTest.php" tests="2" assertions="22" errors="0" warnings="0" failures="0" skipped="0" time="0.001805">
        <testcase name="testCreateInstance" class="App\Tests\Game21\HandScoreTest" classname="App.Tests.Game21.HandScoreTest" file="/Users/nik/Sites/dbwebb-kurser/mvc/me/report/tests/Game21/HandScoreTest.php" line="32" assertions="8" time="0.000400"/>
        <testcase name="testCreateObject" class="App\Tests\Game21\HandScoreTest" classname="App.Tests.Game21.HandScoreTest" file="/Users/nik/Sites/dbwebb-kurser/mvc/me/report/tests/Game21/HandScoreTest.php" line="47" assertions="14" time="0.001405"/>
      </testsuite>
      <testsuite name="App\Tests\Game21\PlayerTest" file="/Users/nik/Sites/dbwebb-kurser/mvc/me/report/tests/Game21/PlayerTest.php" tests="2" assertions="4" errors="0" warnings="0" failures="0" skipped="0" time="0.000780">
        <testcase name="testCreateObject" class="App\Tests\Game21\PlayerTest" classname="App.Tests.Game21.PlayerTest" file="/Users/nik/Sites/dbwebb-kurser/mvc/me/report/tests/Game21/PlayerTest.php" line="23" assertions="3" time="0.000374"/>
        <testcase name="testGetterAndSetter" class="App\Tests\Game21\PlayerTest" classname="App.Tests.Game21.PlayerTest" file="/Users/nik/Sites/dbwebb-kurser/mvc/me/report/tests/Game21/PlayerTest.php" line="34" assertions="1" time="0.000406"/>
      </testsuite>
      <testsuite name="App\Tests\Poker\CommunityTest" file="/Users/nik/Sites/dbwebb-kurser/mvc/me/report/tests/Poker/CommunityTest.php" tests="1" assertions="9" errors="0" warnings="0" failures="0" skipped="0" time="0.000709">
        <testcase name="testCreateObject" class="App\Tests\Poker\CommunityTest" classname="App.Tests.Poker.CommunityTest" file="/Users/nik/Sites/dbwebb-kurser/mvc/me/report/tests/Poker/CommunityTest.php" line="26" assertions="9" time="0.000709"/>
      </testsuite>
      <testsuite name="App\Tests\Poker\DealOrderTest" file="/Users/nik/Sites/dbwebb-kurser/mvc/me/report/tests/Poker/DealOrderTest.php" tests="1" assertions="8" errors="0" warnings="0" failures="0" skipped="0" time="0.000380">
        <testcase name="testHelpers" class="App\Tests\Poker\DealOrderTest" classname="App.Tests.Poker.DealOrderTest" file="/Users/nik/Sites/dbwebb-kurser/mvc/me/report/tests/Poker/DealOrderTest.php" line="32" assertions="8" time="0.000380"/>
      </testsuite>
      <testsuite name="App\Tests\Poker\DeckTest" file="/Users/nik/Sites/dbwebb-kurser/mvc/me/report/tests/Poker/DeckTest.php" tests="6" assertions="134" errors="0" warnings="0" failures="0" skipped="0" time="0.090886">
        <testcase name="testCreateDeck" class="App\Tests\Poker\DeckTest" classname="App.Tests.Poker.DeckTest" file="/Users/nik/Sites/dbwebb-kurser/mvc/me/report/tests/Poker/DeckTest.php" line="30" assertions="9" time="0.000508"/>
        <testcase name="testShuffleDeck" class="App\Tests\Poker\DeckTest" classname="App.Tests.Poker.DeckTest" file="/Users/nik/Sites/dbwebb-kurser/mvc/me/report/tests/Poker/DeckTest.php" line="56" assertions="2" time="0.000614"/>
        <testcase name="testDrawCardsFromDeck" class="App\Tests\Poker\DeckTest" classname="App.Tests.Poker.DeckTest" file="/Users/nik/Sites/dbwebb-kurser/mvc/me/report/tests/Poker/DeckTest.php" line="73" assertions="104" time="0.001700"/>
        <testcase name="testAddCardsToDeck" class="App\Tests\Poker\DeckTest" classname="App.Tests.Poker.DeckTest" file="/Users/nik/Sites/dbwebb-kurser/mvc/me/report/tests/Poker/DeckTest.php" line="89" assertions="2" time="0.004845"/>
        <testcase name="testFaceMethods" class="App\Tests\Poker\DeckTest" classname="App.Tests.Poker.DeckTest" file="/Users/nik/Sites/dbwebb-kurser/mvc/me/report/tests/Poker/DeckTest.php" line="105" assertions="4" time="0.001068"/>
        <testcase name="testHand" class="App\Tests\Poker\DeckTest" classname="App.Tests.Poker.DeckTest" file="/Users/nik/Sites/dbwebb-kurser/mvc/me/report/tests/Poker/DeckTest.php" line="123" assertions="13" time="0.082151"/>
      </testsuite>
      <testsuite name="App\Tests\Poker\GameFoundationTest" file="/Users/nik/Sites/dbwebb-kurser/mvc/me/report/tests/Poker/GameFoundationTest.php" tests="1" assertions="17" errors="0" warnings="0" failures="0" skipped="0" time="0.001374">
        <testcase name="testCreateObject" class="App\Tests\Poker\GameFoundationTest" classname="App.Tests.Poker.GameFoundationTest" file="/Users/nik/Sites/dbwebb-kurser/mvc/me/report/tests/Poker/GameFoundationTest.php" line="25" assertions="17" time="0.001374"/>
      </testsuite>
      <testsuite name="App\Tests\Poker\HandlePlayerBetTest" file="/Users/nik/Sites/dbwebb-kurser/mvc/me/report/tests/Poker/HandlePlayerBetTest.php" tests="1" assertions="4" errors="0" warnings="0" failures="0" skipped="0" time="0.011774">
        <testcase name="testHelpers" class="App\Tests\Poker\HandlePlayerBetTest" classname="App.Tests.Poker.HandlePlayerBetTest" file="/Users/nik/Sites/dbwebb-kurser/mvc/me/report/tests/Poker/HandlePlayerBetTest.php" line="28" assertions="4" time="0.011774"/>
      </testsuite>
      <testsuite name="App\Tests\Poker\LogTest" file="/Users/nik/Sites/dbwebb-kurser/mvc/me/report/tests/Poker/LogTest.php" tests="1" assertions="1" errors="0" warnings="0" failures="0" skipped="0" time="0.000675">
        <testcase name="testCreateObject" class="App\Tests\Poker\LogTest" classname="App.Tests.Poker.LogTest" file="/Users/nik/Sites/dbwebb-kurser/mvc/me/report/tests/Poker/LogTest.php" line="24" assertions="1" time="0.000675"/>
      </testsuite>
      <testsuite name="App\Tests\Poker\PlayerTest" file="/Users/nik/Sites/dbwebb-kurser/mvc/me/report/tests/Poker/PlayerTest.php" tests="1" assertions="18" errors="0" warnings="0" failures="0" skipped="0" time="0.001145">
        <testcase name="testCreateObject" class="App\Tests\Poker\PlayerTest" classname="App.Tests.Poker.PlayerTest" file="/Users/nik/Sites/dbwebb-kurser/mvc/me/report/tests/Poker/PlayerTest.php" line="28" assertions="18" time="0.001145"/>
      </testsuite>
      <testsuite name="App\Tests\Repository\BookRepositoryTest" file="/Users/nik/Sites/dbwebb-kurser/mvc/me/report/tests/Repository/BookRepositoryTest.php" tests="1" assertions="1" errors="0" warnings="0" failures="0" skipped="0" time="0.001342">
        <testcase name="testCreateObject" class="App\Tests\Repository\BookRepositoryTest" classname="App.Tests.Repository.BookRepositoryTest" file="/Users/nik/Sites/dbwebb-kurser/mvc/me/report/tests/Repository/BookRepositoryTest.php" line="25" assertions="1" time="0.001342"/>
      </testsuite>
      <testsuite name="App\Tests\Repository\CommunityRepositoryTest" file="/Users/nik/Sites/dbwebb-kurser/mvc/me/report/tests/Repository/CommunityRepositoryTest.php" tests="1" assertions="1" errors="0" warnings="0" failures="0" skipped="0" time="0.000413">
        <testcase name="testCreateObject" class="App\Tests\Repository\CommunityRepositoryTest" classname="App.Tests.Repository.CommunityRepositoryTest" file="/Users/nik/Sites/dbwebb-kurser/mvc/me/report/tests/Repository/CommunityRepositoryTest.php" line="25" assertions="1" time="0.000413"/>
      </testsuite>
      <testsuite name="App\Tests\Repository\LogRepositoryTest" file="/Users/nik/Sites/dbwebb-kurser/mvc/me/report/tests/Repository/LogRepositoryTest.php" tests="1" assertions="1" errors="0" warnings="0" failures="0" skipped="0" time="0.000797">
        <testcase name="testCreateObject" class="App\Tests\Repository\LogRepositoryTest" classname="App.Tests.Repository.LogRepositoryTest" file="/Users/nik/Sites/dbwebb-kurser/mvc/me/report/tests/Repository/LogRepositoryTest.php" line="25" assertions="1" time="0.000797"/>
      </testsuite>
      <testsuite name="App\Tests\Repository\PlayersRepositoryTest" file="/Users/nik/Sites/dbwebb-kurser/mvc/me/report/tests/Repository/PlayersRepositoryTest.php" tests="1" assertions="1" errors="0" warnings="0" failures="0" skipped="0" time="0.000475">
        <testcase name="testCreateObject" class="App\Tests\Repository\PlayersRepositoryTest" classname="App.Tests.Repository.PlayersRepositoryTest" file="/Users/nik/Sites/dbwebb-kurser/mvc/me/report/tests/Repository/PlayersRepositoryTest.php" line="25" assertions="1" time="0.000475"/>
      </testsuite>
    </testsuite>
  </testsuite>
</testsuites>
