<?xml version="1.0" encoding="UTF-8"?>
<testsuites>
  <testsuite name="" tests="151" assertions="930" errors="0" warnings="0" failures="0" skipped="0" time="2.686474">
    <testsuite name="Project Test Suite" tests="151" assertions="930" errors="0" warnings="0" failures="0" skipped="0" time="2.686474">
      <testsuite name="App\Tests\Cards\CardGraphicTest" file="/Users/nik/Sites/dbwebb-kurser/mvc/me/report/tests/Cards/CardGraphicTest.php" tests="3" assertions="112" errors="0" warnings="0" failures="0" skipped="0" time="0.011461">
        <testcase name="testCreateObject" class="App\Tests\Cards\CardGraphicTest" classname="App.Tests.Cards.CardGraphicTest" file="/Users/nik/Sites/dbwebb-kurser/mvc/me/report/tests/Cards/CardGraphicTest.php" line="24" assertions="2" time="0.009145"/>
        <testcase name="testStringValues" class="App\Tests\Cards\CardGraphicTest" classname="App.Tests.Cards.CardGraphicTest" file="/Users/nik/Sites/dbwebb-kurser/mvc/me/report/tests/Cards/CardGraphicTest.php" line="35" assertions="54" time="0.000808"/>
        <testcase name="testTextValues" class="App\Tests\Cards\CardGraphicTest" classname="App.Tests.Cards.CardGraphicTest" file="/Users/nik/Sites/dbwebb-kurser/mvc/me/report/tests/Cards/CardGraphicTest.php" line="48" assertions="56" time="0.001508"/>
      </testsuite>
      <testsuite name="App\Tests\Cards\CardTest" file="/Users/nik/Sites/dbwebb-kurser/mvc/me/report/tests/Cards/CardTest.php" tests="3" assertions="110" errors="0" warnings="0" failures="0" skipped="0" time="0.002691">
        <testcase name="testCreateObject" class="App\Tests\Cards\CardTest" classname="App.Tests.Cards.CardTest" file="/Users/nik/Sites/dbwebb-kurser/mvc/me/report/tests/Cards/CardTest.php" line="24" assertions="108" time="0.000941"/>
        <testcase name="testCreateObjectWithTooLargeArgument" class="App\Tests\Cards\CardTest" classname="App.Tests.Cards.CardTest" file="/Users/nik/Sites/dbwebb-kurser/mvc/me/report/tests/Cards/CardTest.php" line="38" assertions="1" time="0.001433"/>
        <testcase name="testCreateObjectWithTooSmallArgument" class="App\Tests\Cards\CardTest" classname="App.Tests.Cards.CardTest" file="/Users/nik/Sites/dbwebb-kurser/mvc/me/report/tests/Cards/CardTest.php" line="47" assertions="1" time="0.000317"/>
      </testsuite>
      <testsuite name="App\Tests\Cards\DeckTest" file="/Users/nik/Sites/dbwebb-kurser/mvc/me/report/tests/Cards/DeckTest.php" tests="4" assertions="122" errors="0" warnings="0" failures="0" skipped="0" time="0.019534">
        <testcase name="testCreateDeck" class="App\Tests\Cards\DeckTest" classname="App.Tests.Cards.DeckTest" file="/Users/nik/Sites/dbwebb-kurser/mvc/me/report/tests/Cards/DeckTest.php" line="26" assertions="6" time="0.002319"/>
        <testcase name="testShuffleDeck" class="App\Tests\Cards\DeckTest" classname="App.Tests.Cards.DeckTest" file="/Users/nik/Sites/dbwebb-kurser/mvc/me/report/tests/Cards/DeckTest.php" line="49" assertions="6" time="0.010257"/>
        <testcase name="testDrawCardsFromDeck" class="App\Tests\Cards\DeckTest" classname="App.Tests.Cards.DeckTest" file="/Users/nik/Sites/dbwebb-kurser/mvc/me/report/tests/Cards/DeckTest.php" line="81" assertions="108" time="0.002450"/>
        <testcase name="testAddCardsToDeck" class="App\Tests\Cards\DeckTest" classname="App.Tests.Cards.DeckTest" file="/Users/nik/Sites/dbwebb-kurser/mvc/me/report/tests/Cards/DeckTest.php" line="97" assertions="2" time="0.004508"/>
      </testsuite>
      <testsuite name="App\Tests\Cards\HandTest" file="/Users/nik/Sites/dbwebb-kurser/mvc/me/report/tests/Cards/HandTest.php" tests="1" assertions="8" errors="0" warnings="0" failures="0" skipped="0" time="0.007914">
        <testcase name="testCreateObject" class="App\Tests\Cards\HandTest" classname="App.Tests.Cards.HandTest" file="/Users/nik/Sites/dbwebb-kurser/mvc/me/report/tests/Cards/HandTest.php" line="25" assertions="8" time="0.007914"/>
      </testsuite>
      <testsuite name="App\Tests\Controller\Cards\CardAPIDealControllerTest" file="/Users/nik/Sites/dbwebb-kurser/mvc/me/report/tests/Controller/Cards/CardAPIDealControllerTest.php" tests="5" assertions="11" errors="0" warnings="0" failures="0" skipped="0" time="0.381653">
        <testcase name="testCardAPIController" class="App\Tests\Controller\Cards\CardAPIDealControllerTest" classname="App.Tests.Controller.Cards.CardAPIDealControllerTest" file="/Users/nik/Sites/dbwebb-kurser/mvc/me/report/tests/Controller/Cards/CardAPIDealControllerTest.php" line="26" assertions="1" time="0.004131"/>
        <testcase name="testAPIDeckDealPlayersCards" class="App\Tests\Controller\Cards\CardAPIDealControllerTest" classname="App.Tests.Controller.Cards.CardAPIDealControllerTest" file="/Users/nik/Sites/dbwebb-kurser/mvc/me/report/tests/Controller/Cards/CardAPIDealControllerTest.php" line="35" assertions="2" time="0.321573"/>
        <testcase name="testAPIDeckDealPlayersCardsPost" class="App\Tests\Controller\Cards\CardAPIDealControllerTest" classname="App.Tests.Controller.Cards.CardAPIDealControllerTest" file="/Users/nik/Sites/dbwebb-kurser/mvc/me/report/tests/Controller/Cards/CardAPIDealControllerTest.php" line="50" assertions="2" time="0.027010"/>
        <testcase name="testAPIDeck" class="App\Tests\Controller\Cards\CardAPIDealControllerTest" classname="App.Tests.Controller.Cards.CardAPIDealControllerTest" file="/Users/nik/Sites/dbwebb-kurser/mvc/me/report/tests/Controller/Cards/CardAPIDealControllerTest.php" line="36" assertions="4" time="0.015917"/>
        <testcase name="testAPIDeckShuffle" class="App\Tests\Controller\Cards\CardAPIDealControllerTest" classname="App.Tests.Controller.Cards.CardAPIDealControllerTest" file="/Users/nik/Sites/dbwebb-kurser/mvc/me/report/tests/Controller/Cards/CardAPIDealControllerTest.php" line="58" assertions="2" time="0.013022"/>
      </testsuite>
      <testsuite name="App\Tests\Controller\Cards\CardAPIDeckControllerTest" file="/Users/nik/Sites/dbwebb-kurser/mvc/me/report/tests/Controller/Cards/CardAPIDeckControllerTest.php" tests="3" assertions="7" errors="0" warnings="0" failures="0" skipped="0" time="0.032859">
        <testcase name="testCardAPIController" class="App\Tests\Controller\Cards\CardAPIDeckControllerTest" classname="App.Tests.Controller.Cards.CardAPIDeckControllerTest" file="/Users/nik/Sites/dbwebb-kurser/mvc/me/report/tests/Controller/Cards/CardAPIDeckControllerTest.php" line="27" assertions="1" time="0.000343"/>
        <testcase name="testAPIDeck" class="App\Tests\Controller\Cards\CardAPIDeckControllerTest" classname="App.Tests.Controller.Cards.CardAPIDeckControllerTest" file="/Users/nik/Sites/dbwebb-kurser/mvc/me/report/tests/Controller/Cards/CardAPIDeckControllerTest.php" line="36" assertions="4" time="0.017235"/>
        <testcase name="testAPIDeckShuffle" class="App\Tests\Controller\Cards\CardAPIDeckControllerTest" classname="App.Tests.Controller.Cards.CardAPIDeckControllerTest" file="/Users/nik/Sites/dbwebb-kurser/mvc/me/report/tests/Controller/Cards/CardAPIDeckControllerTest.php" line="58" assertions="2" time="0.015281"/>
      </testsuite>
      <testsuite name="App\Tests\Controller\Cards\CardAPIDrawControllerTest" file="/Users/nik/Sites/dbwebb-kurser/mvc/me/report/tests/Controller/Cards/CardAPIDrawControllerTest.php" tests="6" assertions="14" errors="0" warnings="0" failures="0" skipped="0" time="0.066417">
        <testcase name="testCardAPIController" class="App\Tests\Controller\Cards\CardAPIDrawControllerTest" classname="App.Tests.Controller.Cards.CardAPIDrawControllerTest" file="/Users/nik/Sites/dbwebb-kurser/mvc/me/report/tests/Controller/Cards/CardAPIDrawControllerTest.php" line="27" assertions="2" time="0.001169"/>
        <testcase name="testAPIDeckDraw" class="App\Tests\Controller\Cards\CardAPIDrawControllerTest" classname="App.Tests.Controller.Cards.CardAPIDrawControllerTest" file="/Users/nik/Sites/dbwebb-kurser/mvc/me/report/tests/Controller/Cards/CardAPIDrawControllerTest.php" line="39" assertions="2" time="0.012594"/>
        <testcase name="testAPIDeckDrawNumber" class="App\Tests\Controller\Cards\CardAPIDrawControllerTest" classname="App.Tests.Controller.Cards.CardAPIDrawControllerTest" file="/Users/nik/Sites/dbwebb-kurser/mvc/me/report/tests/Controller/Cards/CardAPIDrawControllerTest.php" line="54" assertions="2" time="0.013281"/>
        <testcase name="testAPIDeckDrawNumberPost" class="App\Tests\Controller\Cards\CardAPIDrawControllerTest" classname="App.Tests.Controller.Cards.CardAPIDrawControllerTest" file="/Users/nik/Sites/dbwebb-kurser/mvc/me/report/tests/Controller/Cards/CardAPIDrawControllerTest.php" line="69" assertions="2" time="0.011245"/>
        <testcase name="testAPIDeck" class="App\Tests\Controller\Cards\CardAPIDrawControllerTest" classname="App.Tests.Controller.Cards.CardAPIDrawControllerTest" file="/Users/nik/Sites/dbwebb-kurser/mvc/me/report/tests/Controller/Cards/CardAPIDrawControllerTest.php" line="36" assertions="4" time="0.015637"/>
        <testcase name="testAPIDeckShuffle" class="App\Tests\Controller\Cards\CardAPIDrawControllerTest" classname="App.Tests.Controller.Cards.CardAPIDrawControllerTest" file="/Users/nik/Sites/dbwebb-kurser/mvc/me/report/tests/Controller/Cards/CardAPIDrawControllerTest.php" line="58" assertions="2" time="0.012492"/>
      </testsuite>
      <testsuite name="App\Tests\Controller\Cards\CardControllerTest" file="/Users/nik/Sites/dbwebb-kurser/mvc/me/report/tests/Controller/Cards/CardControllerTest.php" tests="8" assertions="24" errors="0" warnings="0" failures="0" skipped="0" time="0.182957">
        <testcase name="testCardController" class="App\Tests\Controller\Cards\CardControllerTest" classname="App.Tests.Controller.Cards.CardControllerTest" file="/Users/nik/Sites/dbwebb-kurser/mvc/me/report/tests/Controller/Cards/CardControllerTest.php" line="29" assertions="5" time="0.001641"/>
        <testcase name="testCard" class="App\Tests\Controller\Cards\CardControllerTest" classname="App.Tests.Controller.Cards.CardControllerTest" file="/Users/nik/Sites/dbwebb-kurser/mvc/me/report/tests/Controller/Cards/CardControllerTest.php" line="50" assertions="3" time="0.038113"/>
        <testcase name="testCardDeck" class="App\Tests\Controller\Cards\CardControllerTest" classname="App.Tests.Controller.Cards.CardControllerTest" file="/Users/nik/Sites/dbwebb-kurser/mvc/me/report/tests/Controller/Cards/CardControllerTest.php" line="61" assertions="6" time="0.031290"/>
        <testcase name="testCardDeckReset" class="App\Tests\Controller\Cards\CardControllerTest" classname="App.Tests.Controller.Cards.CardControllerTest" file="/Users/nik/Sites/dbwebb-kurser/mvc/me/report/tests/Controller/Cards/CardControllerTest.php" line="87" assertions="2" time="0.013072"/>
        <testcase name="testCardDeckShuffle" class="App\Tests\Controller\Cards\CardControllerTest" classname="App.Tests.Controller.Cards.CardControllerTest" file="/Users/nik/Sites/dbwebb-kurser/mvc/me/report/tests/Controller/Cards/CardControllerTest.php" line="97" assertions="2" time="0.030285"/>
        <testcase name="testCardDeckDraw" class="App\Tests\Controller\Cards\CardControllerTest" classname="App.Tests.Controller.Cards.CardControllerTest" file="/Users/nik/Sites/dbwebb-kurser/mvc/me/report/tests/Controller/Cards/CardControllerTest.php" line="115" assertions="2" time="0.023496"/>
        <testcase name="testCardDeckDrawNumber" class="App\Tests\Controller\Cards\CardControllerTest" classname="App.Tests.Controller.Cards.CardControllerTest" file="/Users/nik/Sites/dbwebb-kurser/mvc/me/report/tests/Controller/Cards/CardControllerTest.php" line="133" assertions="2" time="0.020627"/>
        <testcase name="testCardDeckDealPlayersCards" class="App\Tests\Controller\Cards\CardControllerTest" classname="App.Tests.Controller.Cards.CardControllerTest" file="/Users/nik/Sites/dbwebb-kurser/mvc/me/report/tests/Controller/Cards/CardControllerTest.php" line="151" assertions="2" time="0.024434"/>
      </testsuite>
      <testsuite name="App\Tests\Controller\Cards\CardProcessControllerTest" file="/Users/nik/Sites/dbwebb-kurser/mvc/me/report/tests/Controller/Cards/CardProcessControllerTest.php" tests="5" assertions="9" errors="0" warnings="0" failures="0" skipped="0" time="0.053872">
        <testcase name="testCardProcessController" class="App\Tests\Controller\Cards\CardProcessControllerTest" classname="App.Tests.Controller.Cards.CardProcessControllerTest" file="/Users/nik/Sites/dbwebb-kurser/mvc/me/report/tests/Controller/Cards/CardProcessControllerTest.php" line="24" assertions="1" time="0.000883"/>
        <testcase name="testSession" class="App\Tests\Controller\Cards\CardProcessControllerTest" classname="App.Tests.Controller.Cards.CardProcessControllerTest" file="/Users/nik/Sites/dbwebb-kurser/mvc/me/report/tests/Controller/Cards/CardProcessControllerTest.php" line="33" assertions="2" time="0.015761"/>
        <testcase name="testSessionDelete" class="App\Tests\Controller\Cards\CardProcessControllerTest" classname="App.Tests.Controller.Cards.CardProcessControllerTest" file="/Users/nik/Sites/dbwebb-kurser/mvc/me/report/tests/Controller/Cards/CardProcessControllerTest.php" line="47" assertions="2" time="0.011325"/>
        <testcase name="testCardDeckDrawProcess" class="App\Tests\Controller\Cards\CardProcessControllerTest" classname="App.Tests.Controller.Cards.CardProcessControllerTest" file="/Users/nik/Sites/dbwebb-kurser/mvc/me/report/tests/Controller/Cards/CardProcessControllerTest.php" line="57" assertions="2" time="0.016643"/>
        <testcase name="testCardDeckDealProcess" class="App\Tests\Controller\Cards\CardProcessControllerTest" classname="App.Tests.Controller.Cards.CardProcessControllerTest" file="/Users/nik/Sites/dbwebb-kurser/mvc/me/report/tests/Controller/Cards/CardProcessControllerTest.php" line="67" assertions="2" time="0.009260"/>
      </testsuite>
      <testsuite name="App\Tests\Controller\Game21\GameAPIControllerTest" file="/Users/nik/Sites/dbwebb-kurser/mvc/me/report/tests/Controller/Game21/GameAPIControllerTest.php" tests="2" assertions="2" errors="0" warnings="0" failures="0" skipped="0" time="0.015350">
        <testcase name="testGameAPIController" class="App\Tests\Controller\Game21\GameAPIControllerTest" classname="App.Tests.Controller.Game21.GameAPIControllerTest" file="/Users/nik/Sites/dbwebb-kurser/mvc/me/report/tests/Controller/Game21/GameAPIControllerTest.php" line="24" assertions="1" time="0.001341"/>
        <testcase name="testAPIGame" class="App\Tests\Controller\Game21\GameAPIControllerTest" classname="App.Tests.Controller.Game21.GameAPIControllerTest" file="/Users/nik/Sites/dbwebb-kurser/mvc/me/report/tests/Controller/Game21/GameAPIControllerTest.php" line="33" assertions="1" time="0.014008"/>
      </testsuite>
      <testsuite name="App\Tests\Controller\Game21\GameControllerTest" file="/Users/nik/Sites/dbwebb-kurser/mvc/me/report/tests/Controller/Game21/GameControllerTest.php" tests="4" assertions="12" errors="0" warnings="0" failures="0" skipped="0" time="0.055451">
        <testcase name="testGameController" class="App\Tests\Controller\Game21\GameControllerTest" classname="App.Tests.Controller.Game21.GameControllerTest" file="/Users/nik/Sites/dbwebb-kurser/mvc/me/report/tests/Controller/Game21/GameControllerTest.php" line="29" assertions="5" time="0.001658"/>
        <testcase name="testGame" class="App\Tests\Controller\Game21\GameControllerTest" classname="App.Tests.Controller.Game21.GameControllerTest" file="/Users/nik/Sites/dbwebb-kurser/mvc/me/report/tests/Controller/Game21/GameControllerTest.php" line="50" assertions="3" time="0.016930"/>
        <testcase name="testDoc" class="App\Tests\Controller\Game21\GameControllerTest" classname="App.Tests.Controller.Game21.GameControllerTest" file="/Users/nik/Sites/dbwebb-kurser/mvc/me/report/tests/Controller/Game21/GameControllerTest.php" line="61" assertions="3" time="0.015625"/>
        <testcase name="testDojo" class="App\Tests\Controller\Game21\GameControllerTest" classname="App.Tests.Controller.Game21.GameControllerTest" file="/Users/nik/Sites/dbwebb-kurser/mvc/me/report/tests/Controller/Game21/GameControllerTest.php" line="70" assertions="1" time="0.021238"/>
      </testsuite>
      <testsuite name="App\Tests\Controller\Game21\GameProcessControllerTest" file="/Users/nik/Sites/dbwebb-kurser/mvc/me/report/tests/Controller/Game21/GameProcessControllerTest.php" tests="6" assertions="12" errors="0" warnings="0" failures="0" skipped="0" time="0.077981">
        <testcase name="testGameProcessController" class="App\Tests\Controller\Game21\GameProcessControllerTest" classname="App.Tests.Controller.Game21.GameProcessControllerTest" file="/Users/nik/Sites/dbwebb-kurser/mvc/me/report/tests/Controller/Game21/GameProcessControllerTest.php" line="25" assertions="2" time="0.001039"/>
        <testcase name="testGamePlayerDrawsProcess" class="App\Tests\Controller\Game21\GameProcessControllerTest" classname="App.Tests.Controller.Game21.GameProcessControllerTest" file="/Users/nik/Sites/dbwebb-kurser/mvc/me/report/tests/Controller/Game21/GameProcessControllerTest.php" line="37" assertions="2" time="0.020504"/>
        <testcase name="testGamePlayerBetsProcess" class="App\Tests\Controller\Game21\GameProcessControllerTest" classname="App.Tests.Controller.Game21.GameProcessControllerTest" file="/Users/nik/Sites/dbwebb-kurser/mvc/me/report/tests/Controller/Game21/GameProcessControllerTest.php" line="47" assertions="2" time="0.014115"/>
        <testcase name="testGamePlayerWinsProcess" class="App\Tests\Controller\Game21\GameProcessControllerTest" classname="App.Tests.Controller.Game21.GameProcessControllerTest" file="/Users/nik/Sites/dbwebb-kurser/mvc/me/report/tests/Controller/Game21/GameProcessControllerTest.php" line="57" assertions="2" time="0.014472"/>
        <testcase name="testGameOverProcess" class="App\Tests\Controller\Game21\GameProcessControllerTest" classname="App.Tests.Controller.Game21.GameProcessControllerTest" file="/Users/nik/Sites/dbwebb-kurser/mvc/me/report/tests/Controller/Game21/GameProcessControllerTest.php" line="67" assertions="2" time="0.014158"/>
        <testcase name="testGameOptionsProcess" class="App\Tests\Controller\Game21\GameProcessControllerTest" classname="App.Tests.Controller.Game21.GameProcessControllerTest" file="/Users/nik/Sites/dbwebb-kurser/mvc/me/report/tests/Controller/Game21/GameProcessControllerTest.php" line="77" assertions="2" time="0.013693"/>
      </testsuite>
      <testsuite name="App\Tests\Controller\HomeControllerTest" file="/Users/nik/Sites/dbwebb-kurser/mvc/me/report/tests/Controller/HomeControllerTest.php" tests="7" assertions="7" errors="0" warnings="0" failures="0" skipped="0" time="0.103000">
        <testcase name="testHomeController" class="App\Tests\Controller\HomeControllerTest" classname="App.Tests.Controller.HomeControllerTest" file="/Users/nik/Sites/dbwebb-kurser/mvc/me/report/tests/Controller/HomeControllerTest.php" line="23" assertions="1" time="0.001059"/>
        <testcase name="testHome" class="App\Tests\Controller\HomeControllerTest" classname="App.Tests.Controller.HomeControllerTest" file="/Users/nik/Sites/dbwebb-kurser/mvc/me/report/tests/Controller/HomeControllerTest.php" line="31" assertions="1" time="0.015648"/>
        <testcase name="testAbout" class="App\Tests\Controller\HomeControllerTest" classname="App.Tests.Controller.HomeControllerTest" file="/Users/nik/Sites/dbwebb-kurser/mvc/me/report/tests/Controller/HomeControllerTest.php" line="41" assertions="1" time="0.013630"/>
        <testcase name="testMetrics" class="App\Tests\Controller\HomeControllerTest" classname="App.Tests.Controller.HomeControllerTest" file="/Users/nik/Sites/dbwebb-kurser/mvc/me/report/tests/Controller/HomeControllerTest.php" line="51" assertions="1" time="0.021769"/>
        <testcase name="testReport" class="App\Tests\Controller\HomeControllerTest" classname="App.Tests.Controller.HomeControllerTest" file="/Users/nik/Sites/dbwebb-kurser/mvc/me/report/tests/Controller/HomeControllerTest.php" line="61" assertions="1" time="0.021118"/>
        <testcase name="testLucky" class="App\Tests\Controller\HomeControllerTest" classname="App.Tests.Controller.HomeControllerTest" file="/Users/nik/Sites/dbwebb-kurser/mvc/me/report/tests/Controller/HomeControllerTest.php" line="71" assertions="1" time="0.013863"/>
        <testcase name="testAPI" class="App\Tests\Controller\HomeControllerTest" classname="App.Tests.Controller.HomeControllerTest" file="/Users/nik/Sites/dbwebb-kurser/mvc/me/report/tests/Controller/HomeControllerTest.php" line="81" assertions="1" time="0.015912"/>
      </testsuite>
      <testsuite name="App\Tests\Controller\Library\LibraryControllerTest" file="/Users/nik/Sites/dbwebb-kurser/mvc/me/report/tests/Controller/Library/LibraryControllerTest.php" tests="9" assertions="22" errors="0" warnings="0" failures="0" skipped="0" time="0.282690">
        <testcase name="testLibraryController" class="App\Tests\Controller\Library\LibraryControllerTest" classname="App.Tests.Controller.Library.LibraryControllerTest" file="/Users/nik/Sites/dbwebb-kurser/mvc/me/report/tests/Controller/Library/LibraryControllerTest.php" line="26" assertions="3" time="0.001499"/>
        <testcase name="testLibrary" class="App\Tests\Controller\Library\LibraryControllerTest" classname="App.Tests.Controller.Library.LibraryControllerTest" file="/Users/nik/Sites/dbwebb-kurser/mvc/me/report/tests/Controller/Library/LibraryControllerTest.php" line="36" assertions="1" time="0.015016"/>
        <testcase name="testLibraryView" class="App\Tests\Controller\Library\LibraryControllerTest" classname="App.Tests.Controller.Library.LibraryControllerTest" file="/Users/nik/Sites/dbwebb-kurser/mvc/me/report/tests/Controller/Library/LibraryControllerTest.php" line="46" assertions="3" time="0.083051"/>
        <testcase name="testLibraryViewId" class="App\Tests\Controller\Library\LibraryControllerTest" classname="App.Tests.Controller.Library.LibraryControllerTest" file="/Users/nik/Sites/dbwebb-kurser/mvc/me/report/tests/Controller/Library/LibraryControllerTest.php" line="57" assertions="3" time="0.034029"/>
        <testcase name="testLibraryEditId" class="App\Tests\Controller\Library\LibraryControllerTest" classname="App.Tests.Controller.Library.LibraryControllerTest" file="/Users/nik/Sites/dbwebb-kurser/mvc/me/report/tests/Controller/Library/LibraryControllerTest.php" line="70" assertions="3" time="0.032571"/>
        <testcase name="testLibraryNew" class="App\Tests\Controller\Library\LibraryControllerTest" classname="App.Tests.Controller.Library.LibraryControllerTest" file="/Users/nik/Sites/dbwebb-kurser/mvc/me/report/tests/Controller/Library/LibraryControllerTest.php" line="83" assertions="3" time="0.020393"/>
        <testcase name="testLibraryReset" class="App\Tests\Controller\Library\LibraryControllerTest" classname="App.Tests.Controller.Library.LibraryControllerTest" file="/Users/nik/Sites/dbwebb-kurser/mvc/me/report/tests/Controller/Library/LibraryControllerTest.php" line="94" assertions="3" time="0.014545"/>
        <testcase name="testAPILibraryBooks" class="App\Tests\Controller\Library\LibraryControllerTest" classname="App.Tests.Controller.Library.LibraryControllerTest" file="/Users/nik/Sites/dbwebb-kurser/mvc/me/report/tests/Controller/Library/LibraryControllerTest.php" line="105" assertions="1" time="0.028828"/>
        <testcase name="testAPILibraryBookISBN" class="App\Tests\Controller\Library\LibraryControllerTest" classname="App.Tests.Controller.Library.LibraryControllerTest" file="/Users/nik/Sites/dbwebb-kurser/mvc/me/report/tests/Controller/Library/LibraryControllerTest.php" line="116" assertions="2" time="0.052758"/>
      </testsuite>
      <testsuite name="App\Tests\Controller\Library\LibraryAddControllerTest" file="/Users/nik/Sites/dbwebb-kurser/mvc/me/report/tests/Controller/Library/LibraryProcessControllerTest.php" tests="5" assertions="20" errors="0" warnings="0" failures="0" skipped="0" time="0.243006">
        <testcase name="testLibraryAddController" class="App\Tests\Controller\Library\LibraryAddControllerTest" classname="App.Tests.Controller.Library.LibraryAddControllerTest" file="/Users/nik/Sites/dbwebb-kurser/mvc/me/report/tests/Controller/Library/LibraryProcessControllerTest.php" line="48" assertions="3" time="0.001402"/>
        <testcase name="testLibraryProcess" class="App\Tests\Controller\Library\LibraryAddControllerTest" classname="App.Tests.Controller.Library.LibraryAddControllerTest" file="/Users/nik/Sites/dbwebb-kurser/mvc/me/report/tests/Controller/Library/LibraryProcessControllerTest.php" line="63" assertions="4" time="0.040975"/>
        <testcase name="testLibraryCRUD" class="App\Tests\Controller\Library\LibraryAddControllerTest" classname="App.Tests.Controller.Library.LibraryAddControllerTest" file="/Users/nik/Sites/dbwebb-kurser/mvc/me/report/tests/Controller/Library/LibraryProcessControllerTest.php" line="80" assertions="7" time="0.069721"/>
        <testcase name="testLibraryDelete" class="App\Tests\Controller\Library\LibraryAddControllerTest" classname="App.Tests.Controller.Library.LibraryAddControllerTest" file="/Users/nik/Sites/dbwebb-kurser/mvc/me/report/tests/Controller/Library/LibraryProcessControllerTest.php" line="115" assertions="4" time="0.090737"/>
        <testcase name="testLibraryUpdate" class="App\Tests\Controller\Library\LibraryAddControllerTest" classname="App.Tests.Controller.Library.LibraryAddControllerTest" file="/Users/nik/Sites/dbwebb-kurser/mvc/me/report/tests/Controller/Library/LibraryProcessControllerTest.php" line="142" assertions="2" time="0.040171"/>
      </testsuite>
      <testsuite name="App\Tests\Controller\Library\LibraryResetControllerTest" file="/Users/nik/Sites/dbwebb-kurser/mvc/me/report/tests/Controller/Library/LibraryRestControllerTest.php" tests="1" assertions="1" errors="0" warnings="0" failures="0" skipped="0" time="0.000474">
        <testcase name="testLibraryResetController" class="App\Tests\Controller\Library\LibraryResetControllerTest" classname="App.Tests.Controller.Library.LibraryResetControllerTest" file="/Users/nik/Sites/dbwebb-kurser/mvc/me/report/tests/Controller/Library/LibraryRestControllerTest.php" line="23" assertions="1" time="0.000474"/>
      </testsuite>
      <testsuite name="App\Tests\Controller\Poker\API\CombinationsAPIControllerTest" file="/Users/nik/Sites/dbwebb-kurser/mvc/me/report/tests/Controller/Poker/API/CombinationsAPIControllerTest.php" tests="2" assertions="5" errors="0" warnings="0" failures="0" skipped="0" time="0.064296">
        <testcase name="testCombinationsAPIController" class="App\Tests\Controller\Poker\API\CombinationsAPIControllerTest" classname="App.Tests.Controller.Poker.API.CombinationsAPIControllerTest" file="/Users/nik/Sites/dbwebb-kurser/mvc/me/report/tests/Controller/Poker/API/CombinationsAPIControllerTest.php" line="25" assertions="2" time="0.011125"/>
        <testcase name="testAPIPokerCombinations" class="App\Tests\Controller\Poker\API\CombinationsAPIControllerTest" classname="App.Tests.Controller.Poker.API.CombinationsAPIControllerTest" file="/Users/nik/Sites/dbwebb-kurser/mvc/me/report/tests/Controller/Poker/API/CombinationsAPIControllerTest.php" line="38" assertions="3" time="0.053171"/>
      </testsuite>
      <testsuite name="App\Tests\Controller\Poker\API\GameAPIControllerTest" file="/Users/nik/Sites/dbwebb-kurser/mvc/me/report/tests/Controller/Poker/API/GameAPIControllerTest.php" tests="1" assertions="2" errors="0" warnings="0" failures="0" skipped="0" time="0.062701">
        <testcase name="testGameAPIController" class="App\Tests\Controller\Poker\API\GameAPIControllerTest" classname="App.Tests.Controller.Poker.API.GameAPIControllerTest" file="/Users/nik/Sites/dbwebb-kurser/mvc/me/report/tests/Controller/Poker/API/GameAPIControllerTest.php" line="25" assertions="2" time="0.062701"/>
      </testsuite>
      <testsuite name="App\Tests\Controller\Poker\API\HandAPIControllerTest" file="/Users/nik/Sites/dbwebb-kurser/mvc/me/report/tests/Controller/Poker/API/HandAPIControllerTest.php" tests="1" assertions="4" errors="0" warnings="0" failures="0" skipped="0" time="0.022304">
        <testcase name="testHandAPIController" class="App\Tests\Controller\Poker\API\HandAPIControllerTest" classname="App.Tests.Controller.Poker.API.HandAPIControllerTest" file="/Users/nik/Sites/dbwebb-kurser/mvc/me/report/tests/Controller/Poker/API/HandAPIControllerTest.php" line="25" assertions="4" time="0.022304"/>
      </testsuite>
      <testsuite name="App\Tests\Controller\Poker\API\HexAPIControllerTest" file="/Users/nik/Sites/dbwebb-kurser/mvc/me/report/tests/Controller/Poker/API/HexAPIControllerTest.php" tests="2" assertions="7" errors="0" warnings="0" failures="0" skipped="0" time="0.014722">
        <testcase name="testHexAPIController" class="App\Tests\Controller\Poker\API\HexAPIControllerTest" classname="App.Tests.Controller.Poker.API.HexAPIControllerTest" file="/Users/nik/Sites/dbwebb-kurser/mvc/me/report/tests/Controller/Poker/API/HexAPIControllerTest.php" line="25" assertions="2" time="0.009212"/>
        <testcase name="testApiPokerHex" class="App\Tests\Controller\Poker\API\HexAPIControllerTest" classname="App.Tests.Controller.Poker.API.HexAPIControllerTest" file="/Users/nik/Sites/dbwebb-kurser/mvc/me/report/tests/Controller/Poker/API/HexAPIControllerTest.php" line="38" assertions="5" time="0.005510"/>
      </testsuite>
      <testsuite name="App\Tests\Controller\Poker\API\HexDecodeAPIControllerTest" file="/Users/nik/Sites/dbwebb-kurser/mvc/me/report/tests/Controller/Poker/API/HexDecodeAPIControllerTest.php" tests="2" assertions="3" errors="0" warnings="0" failures="0" skipped="0" time="0.010716">
        <testcase name="testHexDecodeAPIController" class="App\Tests\Controller\Poker\API\HexDecodeAPIControllerTest" classname="App.Tests.Controller.Poker.API.HexDecodeAPIControllerTest" file="/Users/nik/Sites/dbwebb-kurser/mvc/me/report/tests/Controller/Poker/API/HexDecodeAPIControllerTest.php" line="25" assertions="2" time="0.009151"/>
        <testcase name="testApiPokerHexDecode" class="App\Tests\Controller\Poker\API\HexDecodeAPIControllerTest" classname="App.Tests.Controller.Poker.API.HexDecodeAPIControllerTest" file="/Users/nik/Sites/dbwebb-kurser/mvc/me/report/tests/Controller/Poker/API/HexDecodeAPIControllerTest.php" line="38" assertions="1" time="0.001565"/>
      </testsuite>
      <testsuite name="App\Tests\Controller\Poker\API\WinnerAPIControllerTest" file="/Users/nik/Sites/dbwebb-kurser/mvc/me/report/tests/Controller/Poker/API/WinnerAPIControllerTest.php" tests="2" assertions="4" errors="0" warnings="0" failures="0" skipped="0" time="0.031562">
        <testcase name="testWinnerAPIController" class="App\Tests\Controller\Poker\API\WinnerAPIControllerTest" classname="App.Tests.Controller.Poker.API.WinnerAPIControllerTest" file="/Users/nik/Sites/dbwebb-kurser/mvc/me/report/tests/Controller/Poker/API/WinnerAPIControllerTest.php" line="30" assertions="2" time="0.011799"/>
        <testcase name="testApiPokerWinner" class="App\Tests\Controller\Poker\API\WinnerAPIControllerTest" classname="App.Tests.Controller.Poker.API.WinnerAPIControllerTest" file="/Users/nik/Sites/dbwebb-kurser/mvc/me/report/tests/Controller/Poker/API/WinnerAPIControllerTest.php" line="43" assertions="2" time="0.019764"/>
      </testsuite>
      <testsuite name="App\Tests\Controller\Poker\GameBeginControllerTest" file="/Users/nik/Sites/dbwebb-kurser/mvc/me/report/tests/Controller/Poker/GameBeginControllerTest.php" tests="2" assertions="3" errors="0" warnings="0" failures="0" skipped="0" time="0.027403">
        <testcase name="testGameBeginController" class="App\Tests\Controller\Poker\GameBeginControllerTest" classname="App.Tests.Controller.Poker.GameBeginControllerTest" file="/Users/nik/Sites/dbwebb-kurser/mvc/me/report/tests/Controller/Poker/GameBeginControllerTest.php" line="24" assertions="1" time="0.000977"/>
        <testcase name="testPokerBegin" class="App\Tests\Controller\Poker\GameBeginControllerTest" classname="App.Tests.Controller.Poker.GameBeginControllerTest" file="/Users/nik/Sites/dbwebb-kurser/mvc/me/report/tests/Controller/Poker/GameBeginControllerTest.php" line="33" assertions="2" time="0.026426"/>
      </testsuite>
      <testsuite name="App\Tests\Controller\Poker\GameControllerTest" file="/Users/nik/Sites/dbwebb-kurser/mvc/me/report/tests/Controller/Poker/GameControllerTest.php" tests="2" assertions="2" errors="0" warnings="0" failures="0" skipped="0" time="0.033649">
        <testcase name="testGameController" class="App\Tests\Controller\Poker\GameControllerTest" classname="App.Tests.Controller.Poker.GameControllerTest" file="/Users/nik/Sites/dbwebb-kurser/mvc/me/report/tests/Controller/Poker/GameControllerTest.php" line="24" assertions="1" time="0.001319"/>
        <testcase name="testPoker" class="App\Tests\Controller\Poker\GameControllerTest" classname="App.Tests.Controller.Poker.GameControllerTest" file="/Users/nik/Sites/dbwebb-kurser/mvc/me/report/tests/Controller/Poker/GameControllerTest.php" line="33" assertions="1" time="0.032329"/>
      </testsuite>
      <testsuite name="App\Tests\Controller\Poker\GameNextControllerTest" file="/Users/nik/Sites/dbwebb-kurser/mvc/me/report/tests/Controller/Poker/GameNextControllerTest.php" tests="2" assertions="3" errors="0" warnings="0" failures="0" skipped="0" time="0.047448">
        <testcase name="testGameNextController" class="App\Tests\Controller\Poker\GameNextControllerTest" classname="App.Tests.Controller.Poker.GameNextControllerTest" file="/Users/nik/Sites/dbwebb-kurser/mvc/me/report/tests/Controller/Poker/GameNextControllerTest.php" line="24" assertions="1" time="0.001054"/>
        <testcase name="testPokerBegin" class="App\Tests\Controller\Poker\GameNextControllerTest" classname="App.Tests.Controller.Poker.GameNextControllerTest" file="/Users/nik/Sites/dbwebb-kurser/mvc/me/report/tests/Controller/Poker/GameNextControllerTest.php" line="33" assertions="2" time="0.046394"/>
      </testsuite>
      <testsuite name="App\Tests\Controller\Poker\GameRoundControllerTest" file="/Users/nik/Sites/dbwebb-kurser/mvc/me/report/tests/Controller/Poker/GameRoundControllerTest.php" tests="3" assertions="13" errors="0" warnings="0" failures="0" skipped="0" time="0.268805">
        <testcase name="testGameRoundController" class="App\Tests\Controller\Poker\GameRoundControllerTest" classname="App.Tests.Controller.Poker.GameRoundControllerTest" file="/Users/nik/Sites/dbwebb-kurser/mvc/me/report/tests/Controller/Poker/GameRoundControllerTest.php" line="24" assertions="1" time="0.000941"/>
        <testcase name="testPokerBegin" class="App\Tests\Controller\Poker\GameRoundControllerTest" classname="App.Tests.Controller.Poker.GameRoundControllerTest" file="/Users/nik/Sites/dbwebb-kurser/mvc/me/report/tests/Controller/Poker/GameRoundControllerTest.php" line="33" assertions="2" time="0.063423"/>
        <testcase name="testPokerRound" class="App\Tests\Controller\Poker\GameRoundControllerTest" classname="App.Tests.Controller.Poker.GameRoundControllerTest" file="/Users/nik/Sites/dbwebb-kurser/mvc/me/report/tests/Controller/Poker/GameRoundControllerTest.php" line="44" assertions="10" time="0.204441"/>
      </testsuite>
      <testsuite name="App\Tests\Controller\Poker\HomeControllerTest" file="/Users/nik/Sites/dbwebb-kurser/mvc/me/report/tests/Controller/Poker/HomeControllerTest.php" tests="6" assertions="7" errors="0" warnings="0" failures="0" skipped="0" time="0.081485">
        <testcase name="testHomeController" class="App\Tests\Controller\Poker\HomeControllerTest" classname="App.Tests.Controller.Poker.HomeControllerTest" file="/Users/nik/Sites/dbwebb-kurser/mvc/me/report/tests/Controller/Poker/HomeControllerTest.php" line="26" assertions="2" time="0.001458"/>
        <testcase name="testProj" class="App\Tests\Controller\Poker\HomeControllerTest" classname="App.Tests.Controller.Poker.HomeControllerTest" file="/Users/nik/Sites/dbwebb-kurser/mvc/me/report/tests/Controller/Poker/HomeControllerTest.php" line="38" assertions="1" time="0.018907"/>
        <testcase name="testAbout" class="App\Tests\Controller\Poker\HomeControllerTest" classname="App.Tests.Controller.Poker.HomeControllerTest" file="/Users/nik/Sites/dbwebb-kurser/mvc/me/report/tests/Controller/Poker/HomeControllerTest.php" line="48" assertions="1" time="0.013789"/>
        <testcase name="testReset" class="App\Tests\Controller\Poker\HomeControllerTest" classname="App.Tests.Controller.Poker.HomeControllerTest" file="/Users/nik/Sites/dbwebb-kurser/mvc/me/report/tests/Controller/Poker/HomeControllerTest.php" line="58" assertions="1" time="0.014022"/>
        <testcase name="testAboutDatabase" class="App\Tests\Controller\Poker\HomeControllerTest" classname="App.Tests.Controller.Poker.HomeControllerTest" file="/Users/nik/Sites/dbwebb-kurser/mvc/me/report/tests/Controller/Poker/HomeControllerTest.php" line="68" assertions="1" time="0.014913"/>
        <testcase name="testAPI" class="App\Tests\Controller\Poker\HomeControllerTest" classname="App.Tests.Controller.Poker.HomeControllerTest" file="/Users/nik/Sites/dbwebb-kurser/mvc/me/report/tests/Controller/Poker/HomeControllerTest.php" line="78" assertions="1" time="0.018395"/>
      </testsuite>
      <testsuite name="App\Tests\Controller\Poker\ResetControllerTest" file="/Users/nik/Sites/dbwebb-kurser/mvc/me/report/tests/Controller/Poker/ResetControllerTest.php" tests="2" assertions="3" errors="0" warnings="0" failures="0" skipped="0" time="0.063249">
        <testcase name="testResetController" class="App\Tests\Controller\Poker\ResetControllerTest" classname="App.Tests.Controller.Poker.ResetControllerTest" file="/Users/nik/Sites/dbwebb-kurser/mvc/me/report/tests/Controller/Poker/ResetControllerTest.php" line="25" assertions="1" time="0.000385"/>
        <testcase name="testResetDB" class="App\Tests\Controller\Poker\ResetControllerTest" classname="App.Tests.Controller.Poker.ResetControllerTest" file="/Users/nik/Sites/dbwebb-kurser/mvc/me/report/tests/Controller/Poker/ResetControllerTest.php" line="43" assertions="2" time="0.062864"/>
      </testsuite>
      <testsuite name="App\Tests\Controller\QuotationsControllerTest" file="/Users/nik/Sites/dbwebb-kurser/mvc/me/report/tests/Controller/QuotationsControlerTest.php" tests="2" assertions="2" errors="0" warnings="0" failures="0" skipped="0" time="0.011897">
        <testcase name="testQuotationsController" class="App\Tests\Controller\QuotationsControllerTest" classname="App.Tests.Controller.QuotationsControllerTest" file="/Users/nik/Sites/dbwebb-kurser/mvc/me/report/tests/Controller/QuotationsControlerTest.php" line="23" assertions="1" time="0.000973"/>
        <testcase name="testAPIDeck" class="App\Tests\Controller\QuotationsControllerTest" classname="App.Tests.Controller.QuotationsControllerTest" file="/Users/nik/Sites/dbwebb-kurser/mvc/me/report/tests/Controller/QuotationsControlerTest.php" line="31" assertions="1" time="0.010925"/>
      </testsuite>
      <testsuite name="App\Tests\Entity\BookTest" file="/Users/nik/Sites/dbwebb-kurser/mvc/me/report/tests/Entity/BookTest.php" tests="1" assertions="6" errors="0" warnings="0" failures="0" skipped="0" time="0.000431">
        <testcase name="testCreateObject" class="App\Tests\Entity\BookTest" classname="App.Tests.Entity.BookTest" file="/Users/nik/Sites/dbwebb-kurser/mvc/me/report/tests/Entity/BookTest.php" line="22" assertions="6" time="0.000431"/>
      </testsuite>
      <testsuite name="App\Tests\Entity\CommunityTest" file="/Users/nik/Sites/dbwebb-kurser/mvc/me/report/tests/Entity/CommunityTest.php" tests="1" assertions="8" errors="0" warnings="0" failures="0" skipped="0" time="0.000478">
        <testcase name="testCreateObject" class="App\Tests\Entity\CommunityTest" classname="App.Tests.Entity.CommunityTest" file="/Users/nik/Sites/dbwebb-kurser/mvc/me/report/tests/Entity/CommunityTest.php" line="22" assertions="8" time="0.000478"/>
      </testsuite>
      <testsuite name="App\Tests\Entity\LogTest" file="/Users/nik/Sites/dbwebb-kurser/mvc/me/report/tests/Entity/LogTest.php" tests="1" assertions="4" errors="0" warnings="0" failures="0" skipped="0" time="0.001043">
        <testcase name="testCreateObject" class="App\Tests\Entity\LogTest" classname="App.Tests.Entity.LogTest" file="/Users/nik/Sites/dbwebb-kurser/mvc/me/report/tests/Entity/LogTest.php" line="23" assertions="4" time="0.001043"/>
      </testsuite>
      <testsuite name="App\Tests\Entity\PlayersTest" file="/Users/nik/Sites/dbwebb-kurser/mvc/me/report/tests/Entity/PlayersTest.php" tests="1" assertions="10" errors="0" warnings="0" failures="0" skipped="0" time="0.000562">
        <testcase name="testCreateObject" class="App\Tests\Entity\PlayersTest" classname="App.Tests.Entity.PlayersTest" file="/Users/nik/Sites/dbwebb-kurser/mvc/me/report/tests/Entity/PlayersTest.php" line="22" assertions="10" time="0.000562"/>
      </testsuite>
      <testsuite name="App\Tests\Game21\GameActionsBankMovesTest" file="/Users/nik/Sites/dbwebb-kurser/mvc/me/report/tests/Game21/GameActionsBankMovesTest.php" tests="1" assertions="6" errors="0" warnings="0" failures="0" skipped="0" time="0.001562">
        <testcase name="testPlayerDraws" class="App\Tests\Game21\GameActionsBankMovesTest" classname="App.Tests.Game21.GameActionsBankMovesTest" file="/Users/nik/Sites/dbwebb-kurser/mvc/me/report/tests/Game21/GameActionsBankMovesTest.php" line="28" assertions="6" time="0.001562"/>
      </testsuite>
      <testsuite name="App\Tests\Game21\GameActionsTest" file="/Users/nik/Sites/dbwebb-kurser/mvc/me/report/tests/Game21/GameActionsTest.php" tests="6" assertions="23" errors="0" warnings="0" failures="0" skipped="0" time="0.136682">
        <testcase name="testPlayerDraws" class="App\Tests\Game21\GameActionsTest" classname="App.Tests.Game21.GameActionsTest" file="/Users/nik/Sites/dbwebb-kurser/mvc/me/report/tests/Game21/GameActionsTest.php" line="32" assertions="7" time="0.015641"/>
        <testcase name="testDeckReassembly" class="App\Tests\Game21\GameActionsTest" classname="App.Tests.Game21.GameActionsTest" file="/Users/nik/Sites/dbwebb-kurser/mvc/me/report/tests/Game21/GameActionsTest.php" line="54" assertions="2" time="0.089643"/>
        <testcase name="testCorrectBet" class="App\Tests\Game21\GameActionsTest" classname="App.Tests.Game21.GameActionsTest" file="/Users/nik/Sites/dbwebb-kurser/mvc/me/report/tests/Game21/GameActionsTest.php" line="74" assertions="4" time="0.000742"/>
        <testcase name="testWinningHandWithIntelligence" class="App\Tests\Game21\GameActionsTest" classname="App.Tests.Game21.GameActionsTest" file="/Users/nik/Sites/dbwebb-kurser/mvc/me/report/tests/Game21/GameActionsTest.php" line="95" assertions="6" time="0.016890"/>
        <testcase name="testWinningHandWithoutIntelligence" class="App\Tests\Game21\GameActionsTest" classname="App.Tests.Game21.GameActionsTest" file="/Users/nik/Sites/dbwebb-kurser/mvc/me/report/tests/Game21/GameActionsTest.php" line="158" assertions="3" time="0.009916"/>
        <testcase name="testGameOver" class="App\Tests\Game21\GameActionsTest" classname="App.Tests.Game21.GameActionsTest" file="/Users/nik/Sites/dbwebb-kurser/mvc/me/report/tests/Game21/GameActionsTest.php" line="206" assertions="1" time="0.003849"/>
      </testsuite>
      <testsuite name="App\Tests\Game21\GameTest" file="/Users/nik/Sites/dbwebb-kurser/mvc/me/report/tests/Game21/GameTest.php" tests="3" assertions="8" errors="0" warnings="0" failures="0" skipped="0" time="0.002612">
        <testcase name="testCreateInstance" class="App\Tests\Game21\GameTest" classname="App.Tests.Game21.GameTest" file="/Users/nik/Sites/dbwebb-kurser/mvc/me/report/tests/Game21/GameTest.php" line="24" assertions="2" time="0.000633"/>
        <testcase name="testCreateObject" class="App\Tests\Game21\GameTest" classname="App.Tests.Game21.GameTest" file="/Users/nik/Sites/dbwebb-kurser/mvc/me/report/tests/Game21/GameTest.php" line="33" assertions="5" time="0.001215"/>
        <testcase name="testGetterAndSetter" class="App\Tests\Game21\GameTest" classname="App.Tests.Game21.GameTest" file="/Users/nik/Sites/dbwebb-kurser/mvc/me/report/tests/Game21/GameTest.php" line="46" assertions="1" time="0.000764"/>
      </testsuite>
      <testsuite name="App\Tests\Game21\HandScoreTest" file="/Users/nik/Sites/dbwebb-kurser/mvc/me/report/tests/Game21/HandScoreTest.php" tests="2" assertions="22" errors="0" warnings="0" failures="0" skipped="0" time="0.001785">
        <testcase name="testCreateInstance" class="App\Tests\Game21\HandScoreTest" classname="App.Tests.Game21.HandScoreTest" file="/Users/nik/Sites/dbwebb-kurser/mvc/me/report/tests/Game21/HandScoreTest.php" line="32" assertions="8" time="0.000371"/>
        <testcase name="testCreateObject" class="App\Tests\Game21\HandScoreTest" classname="App.Tests.Game21.HandScoreTest" file="/Users/nik/Sites/dbwebb-kurser/mvc/me/report/tests/Game21/HandScoreTest.php" line="47" assertions="14" time="0.001415"/>
      </testsuite>
      <testsuite name="App\Tests\Game21\PlayerTest" file="/Users/nik/Sites/dbwebb-kurser/mvc/me/report/tests/Game21/PlayerTest.php" tests="2" assertions="4" errors="0" warnings="0" failures="0" skipped="0" time="0.000829">
        <testcase name="testCreateObject" class="App\Tests\Game21\PlayerTest" classname="App.Tests.Game21.PlayerTest" file="/Users/nik/Sites/dbwebb-kurser/mvc/me/report/tests/Game21/PlayerTest.php" line="23" assertions="3" time="0.000379"/>
        <testcase name="testGetterAndSetter" class="App\Tests\Game21\PlayerTest" classname="App.Tests.Game21.PlayerTest" file="/Users/nik/Sites/dbwebb-kurser/mvc/me/report/tests/Game21/PlayerTest.php" line="34" assertions="1" time="0.000449"/>
      </testsuite>
      <testsuite name="App\Tests\Poker\CommunityTest" file="/Users/nik/Sites/dbwebb-kurser/mvc/me/report/tests/Poker/CommunityTest.php" tests="1" assertions="9" errors="0" warnings="0" failures="0" skipped="0" time="0.000792">
        <testcase name="testCreateObject" class="App\Tests\Poker\CommunityTest" classname="App.Tests.Poker.CommunityTest" file="/Users/nik/Sites/dbwebb-kurser/mvc/me/report/tests/Poker/CommunityTest.php" line="26" assertions="9" time="0.000792"/>
      </testsuite>
      <testsuite name="App\Tests\Poker\DealOrderTest" file="/Users/nik/Sites/dbwebb-kurser/mvc/me/report/tests/Poker/DealOrderTest.php" tests="1" assertions="3" errors="0" warnings="0" failures="0" skipped="0" time="0.000448">
        <testcase name="testHelpers" class="App\Tests\Poker\DealOrderTest" classname="App.Tests.Poker.DealOrderTest" file="/Users/nik/Sites/dbwebb-kurser/mvc/me/report/tests/Poker/DealOrderTest.php" line="27" assertions="3" time="0.000448"/>
      </testsuite>
      <testsuite name="App\Tests\Poker\DeckTest" file="/Users/nik/Sites/dbwebb-kurser/mvc/me/report/tests/Poker/DeckTest.php" tests="6" assertions="134" errors="0" warnings="0" failures="0" skipped="0" time="0.100276">
        <testcase name="testCreateDeck" class="App\Tests\Poker\DeckTest" classname="App.Tests.Poker.DeckTest" file="/Users/nik/Sites/dbwebb-kurser/mvc/me/report/tests/Poker/DeckTest.php" line="30" assertions="9" time="0.000522"/>
        <testcase name="testShuffleDeck" class="App\Tests\Poker\DeckTest" classname="App.Tests.Poker.DeckTest" file="/Users/nik/Sites/dbwebb-kurser/mvc/me/report/tests/Poker/DeckTest.php" line="56" assertions="2" time="0.000681"/>
        <testcase name="testDrawCardsFromDeck" class="App\Tests\Poker\DeckTest" classname="App.Tests.Poker.DeckTest" file="/Users/nik/Sites/dbwebb-kurser/mvc/me/report/tests/Poker/DeckTest.php" line="73" assertions="104" time="0.001577"/>
        <testcase name="testAddCardsToDeck" class="App\Tests\Poker\DeckTest" classname="App.Tests.Poker.DeckTest" file="/Users/nik/Sites/dbwebb-kurser/mvc/me/report/tests/Poker/DeckTest.php" line="89" assertions="2" time="0.004360"/>
        <testcase name="testFaceMethods" class="App\Tests\Poker\DeckTest" classname="App.Tests.Poker.DeckTest" file="/Users/nik/Sites/dbwebb-kurser/mvc/me/report/tests/Poker/DeckTest.php" line="105" assertions="4" time="0.001037"/>
        <testcase name="testHand" class="App\Tests\Poker\DeckTest" classname="App.Tests.Poker.DeckTest" file="/Users/nik/Sites/dbwebb-kurser/mvc/me/report/tests/Poker/DeckTest.php" line="123" assertions="13" time="0.092098"/>
      </testsuite>
      <testsuite name="App\Tests\Poker\GameFoundationTest" file="/Users/nik/Sites/dbwebb-kurser/mvc/me/report/tests/Poker/GameFoundationTest.php" tests="1" assertions="17" errors="0" warnings="0" failures="0" skipped="0" time="0.001368">
        <testcase name="testCreateObject" class="App\Tests\Poker\GameFoundationTest" classname="App.Tests.Poker.GameFoundationTest" file="/Users/nik/Sites/dbwebb-kurser/mvc/me/report/tests/Poker/GameFoundationTest.php" line="25" assertions="17" time="0.001368"/>
      </testsuite>
      <testsuite name="App\Tests\Controller\Poker\GetDeckTest" file="/Users/nik/Sites/dbwebb-kurser/mvc/me/report/tests/Poker/GetDeckTest.php" tests="1" assertions="1" errors="0" warnings="0" failures="0" skipped="0" time="0.000372">
        <testcase name="testGameGetDeck" class="App\Tests\Controller\Poker\GetDeckTest" classname="App.Tests.Controller.Poker.GetDeckTest" file="/Users/nik/Sites/dbwebb-kurser/mvc/me/report/tests/Poker/GetDeckTest.php" line="24" assertions="1" time="0.000372"/>
      </testsuite>
      <testsuite name="App\Tests\Poker\HandlePlayerBetTest" file="/Users/nik/Sites/dbwebb-kurser/mvc/me/report/tests/Poker/HandlePlayerBetTest.php" tests="1" assertions="4" errors="0" warnings="0" failures="0" skipped="0" time="0.002394">
        <testcase name="testHelpers" class="App\Tests\Poker\HandlePlayerBetTest" classname="App.Tests.Poker.HandlePlayerBetTest" file="/Users/nik/Sites/dbwebb-kurser/mvc/me/report/tests/Poker/HandlePlayerBetTest.php" line="32" assertions="4" time="0.002394"/>
      </testsuite>
      <testsuite name="App\Tests\Poker\FindAllHandsTest" file="/Users/nik/Sites/dbwebb-kurser/mvc/me/report/tests/Poker/Helpers/FindAllHandsTest.php" tests="1" assertions="1" errors="0" warnings="0" failures="0" skipped="0" time="0.000382">
        <testcase name="testFindAllHands" class="App\Tests\Poker\FindAllHandsTest" classname="App.Tests.Poker.FindAllHandsTest" file="/Users/nik/Sites/dbwebb-kurser/mvc/me/report/tests/Poker/Helpers/FindAllHandsTest.php" line="23" assertions="1" time="0.000382"/>
      </testsuite>
      <testsuite name="App\Tests\Poker\FindBestHandTest" file="/Users/nik/Sites/dbwebb-kurser/mvc/me/report/tests/Poker/Helpers/FindBestHandTest.php" tests="1" assertions="5" errors="0" warnings="0" failures="0" skipped="0" time="0.058772">
        <testcase name="testFindBestHand" class="App\Tests\Poker\FindBestHandTest" classname="App.Tests.Poker.FindBestHandTest" file="/Users/nik/Sites/dbwebb-kurser/mvc/me/report/tests/Poker/Helpers/FindBestHandTest.php" line="30" assertions="5" time="0.058772"/>
      </testsuite>
      <testsuite name="App\Tests\Poker\HexDecodeTest" file="/Users/nik/Sites/dbwebb-kurser/mvc/me/report/tests/Poker/Helpers/HexDecodeTest.php" tests="1" assertions="1" errors="0" warnings="0" failures="0" skipped="0" time="0.000371">
        <testcase name="testHexDecode" class="App\Tests\Poker\HexDecodeTest" classname="App.Tests.Poker.HexDecodeTest" file="/Users/nik/Sites/dbwebb-kurser/mvc/me/report/tests/Poker/Helpers/HexDecodeTest.php" line="23" assertions="1" time="0.000371"/>
      </testsuite>
      <testsuite name="App\Tests\Poker\HoleCardsTest" file="/Users/nik/Sites/dbwebb-kurser/mvc/me/report/tests/Poker/HoleCardsTest.php" tests="1" assertions="5" errors="0" warnings="0" failures="0" skipped="0" time="0.000881">
        <testcase name="testHelpers" class="App\Tests\Poker\HoleCardsTest" classname="App.Tests.Poker.HoleCardsTest" file="/Users/nik/Sites/dbwebb-kurser/mvc/me/report/tests/Poker/HoleCardsTest.php" line="29" assertions="5" time="0.000881"/>
      </testsuite>
      <testsuite name="App\Tests\Poker\LogTest" file="/Users/nik/Sites/dbwebb-kurser/mvc/me/report/tests/Poker/LogTest.php" tests="1" assertions="1" errors="0" warnings="0" failures="0" skipped="0" time="0.000730">
        <testcase name="testCreateObject" class="App\Tests\Poker\LogTest" classname="App.Tests.Poker.LogTest" file="/Users/nik/Sites/dbwebb-kurser/mvc/me/report/tests/Poker/LogTest.php" line="24" assertions="1" time="0.000730"/>
      </testsuite>
      <testsuite name="App\Tests\Poker\PlayerTest" file="/Users/nik/Sites/dbwebb-kurser/mvc/me/report/tests/Poker/PlayerTest.php" tests="1" assertions="19" errors="0" warnings="0" failures="0" skipped="0" time="0.001353">
        <testcase name="testCreateObject" class="App\Tests\Poker\PlayerTest" classname="App.Tests.Poker.PlayerTest" file="/Users/nik/Sites/dbwebb-kurser/mvc/me/report/tests/Poker/PlayerTest.php" line="28" assertions="19" time="0.001353"/>
      </testsuite>
      <testsuite name="App\Tests\Poker\PokerHand\PokerHandCombinationsTest" file="/Users/nik/Sites/dbwebb-kurser/mvc/me/report/tests/Poker/PokerHand/PokerHandCombinationsTest.php" tests="1" assertions="5" errors="0" warnings="0" failures="0" skipped="0" time="0.000931">
        <testcase name="testPokerHandCombinations" class="App\Tests\Poker\PokerHand\PokerHandCombinationsTest" classname="App.Tests.Poker.PokerHand.PokerHandCombinationsTest" file="/Users/nik/Sites/dbwebb-kurser/mvc/me/report/tests/Poker/PokerHand/PokerHandCombinationsTest.php" line="25" assertions="5" time="0.000931"/>
      </testsuite>
      <testsuite name="App\Tests\Poker\PokerHand\PokerHandSeriesTest" file="/Users/nik/Sites/dbwebb-kurser/mvc/me/report/tests/Poker/PokerHand/PokerHandSeriesTest.php" tests="2" assertions="39" errors="0" warnings="0" failures="0" skipped="0" time="0.016746">
        <testcase name="testPokerHandSeries" class="App\Tests\Poker\PokerHand\PokerHandSeriesTest" classname="App.Tests.Poker.PokerHand.PokerHandSeriesTest" file="/Users/nik/Sites/dbwebb-kurser/mvc/me/report/tests/Poker/PokerHand/PokerHandSeriesTest.php" line="23" assertions="15" time="0.008632"/>
        <testcase name="testPokerHandValue" class="App\Tests\Poker\PokerHand\PokerHandSeriesTest" classname="App.Tests.Poker.PokerHand.PokerHandSeriesTest" file="/Users/nik/Sites/dbwebb-kurser/mvc/me/report/tests/Poker/PokerHand/PokerHandSeriesTest.php" line="29" assertions="24" time="0.008114"/>
      </testsuite>
      <testsuite name="App\Tests\Poker\PokerHand\PokerHandValueTest" file="/Users/nik/Sites/dbwebb-kurser/mvc/me/report/tests/Poker/PokerHand/PokerHandValueTest.php" tests="1" assertions="24" errors="0" warnings="0" failures="0" skipped="0" time="0.006572">
        <testcase name="testPokerHandValue" class="App\Tests\Poker\PokerHand\PokerHandValueTest" classname="App.Tests.Poker.PokerHand.PokerHandValueTest" file="/Users/nik/Sites/dbwebb-kurser/mvc/me/report/tests/Poker/PokerHand/PokerHandValueTest.php" line="29" assertions="24" time="0.006572"/>
      </testsuite>
      <testsuite name="App\Tests\Poker\Round\CheckBadgesTest" file="/Users/nik/Sites/dbwebb-kurser/mvc/me/report/tests/Poker/Round/CheckBadgesTest.php" tests="1" assertions="3" errors="0" warnings="0" failures="0" skipped="0" time="0.005301">
        <testcase name="testCheckBadges" class="App\Tests\Poker\Round\CheckBadgesTest" classname="App.Tests.Poker.Round.CheckBadgesTest" file="/Users/nik/Sites/dbwebb-kurser/mvc/me/report/tests/Poker/Round/CheckBadgesTest.php" line="27" assertions="3" time="0.005301"/>
      </testsuite>
      <testsuite name="App\Tests\Poker\Round\CollectBetsTest" file="/Users/nik/Sites/dbwebb-kurser/mvc/me/report/tests/Poker/Round/CollectBetsTest.php" tests="1" assertions="1" errors="0" warnings="0" failures="0" skipped="0" time="0.010766">
        <testcase name="testCollectBets" class="App\Tests\Poker\Round\CollectBetsTest" classname="App.Tests.Poker.Round.CollectBetsTest" file="/Users/nik/Sites/dbwebb-kurser/mvc/me/report/tests/Poker/Round/CollectBetsTest.php" line="29" assertions="1" time="0.010766"/>
      </testsuite>
      <testsuite name="App\Tests\Poker\Round\CommunityCardsTest" file="/Users/nik/Sites/dbwebb-kurser/mvc/me/report/tests/Poker/Round/CommunityCardsTest.php" tests="1" assertions="1" errors="0" warnings="0" failures="0" skipped="0" time="0.009837">
        <testcase name="testCommunityCards" class="App\Tests\Poker\Round\CommunityCardsTest" classname="App.Tests.Poker.Round.CommunityCardsTest" file="/Users/nik/Sites/dbwebb-kurser/mvc/me/report/tests/Poker/Round/CommunityCardsTest.php" line="32" assertions="1" time="0.009837"/>
      </testsuite>
      <testsuite name="App\Tests\Poker\Round\DealCommunityCardsTest" file="/Users/nik/Sites/dbwebb-kurser/mvc/me/report/tests/Poker/Round/DealCommunityCardsTest.php" tests="1" assertions="1" errors="0" warnings="0" failures="0" skipped="0" time="0.007544">
        <testcase name="testDealCommunityCards" class="App\Tests\Poker\Round\DealCommunityCardsTest" classname="App.Tests.Poker.Round.DealCommunityCardsTest" file="/Users/nik/Sites/dbwebb-kurser/mvc/me/report/tests/Poker/Round/DealCommunityCardsTest.php" line="25" assertions="1" time="0.007544"/>
      </testsuite>
      <testsuite name="App\Tests\Poker\Round\DecideWinnerTest" file="/Users/nik/Sites/dbwebb-kurser/mvc/me/report/tests/Poker/Round/DecideWinnerTest.php" tests="1" assertions="1" errors="0" warnings="0" failures="0" skipped="0" time="0.001024">
        <testcase name="testPermuteHands" class="App\Tests\Poker\Round\DecideWinnerTest" classname="App.Tests.Poker.Round.DecideWinnerTest" file="/Users/nik/Sites/dbwebb-kurser/mvc/me/report/tests/Poker/Round/DecideWinnerTest.php" line="25" assertions="1" time="0.001024"/>
      </testsuite>
      <testsuite name="App\Tests\Poker\Round\PermuteHandsTest" file="/Users/nik/Sites/dbwebb-kurser/mvc/me/report/tests/Poker/Round/PermuteHandsTest.php" tests="1" assertions="1" errors="0" warnings="0" failures="0" skipped="0" time="0.033363">
        <testcase name="testPermuteHands" class="App\Tests\Poker\Round\PermuteHandsTest" classname="App.Tests.Poker.Round.PermuteHandsTest" file="/Users/nik/Sites/dbwebb-kurser/mvc/me/report/tests/Poker/Round/PermuteHandsTest.php" line="29" assertions="1" time="0.033363"/>
      </testsuite>
      <testsuite name="App\Tests\Poker\RoundDoneTest" file="/Users/nik/Sites/dbwebb-kurser/mvc/me/report/tests/Poker/Round/RoundDoneTest.php" tests="1" assertions="8" errors="0" warnings="0" failures="0" skipped="0" time="0.000441">
        <testcase name="testHelpers" class="App\Tests\Poker\RoundDoneTest" classname="App.Tests.Poker.RoundDoneTest" file="/Users/nik/Sites/dbwebb-kurser/mvc/me/report/tests/Poker/Round/RoundDoneTest.php" line="32" assertions="8" time="0.000441"/>
      </testsuite>
      <testsuite name="App\Tests\Repository\BookRepositoryTest" file="/Users/nik/Sites/dbwebb-kurser/mvc/me/report/tests/Repository/BookRepositoryTest.php" tests="1" assertions="1" errors="0" warnings="0" failures="0" skipped="0" time="0.000458">
        <testcase name="testCreateObject" class="App\Tests\Repository\BookRepositoryTest" classname="App.Tests.Repository.BookRepositoryTest" file="/Users/nik/Sites/dbwebb-kurser/mvc/me/report/tests/Repository/BookRepositoryTest.php" line="25" assertions="1" time="0.000458"/>
      </testsuite>
      <testsuite name="App\Tests\Repository\CommunityRepositoryTest" file="/Users/nik/Sites/dbwebb-kurser/mvc/me/report/tests/Repository/CommunityRepositoryTest.php" tests="1" assertions="1" errors="0" warnings="0" failures="0" skipped="0" time="0.000467">
        <testcase name="testCreateObject" class="App\Tests\Repository\CommunityRepositoryTest" classname="App.Tests.Repository.CommunityRepositoryTest" file="/Users/nik/Sites/dbwebb-kurser/mvc/me/report/tests/Repository/CommunityRepositoryTest.php" line="25" assertions="1" time="0.000467"/>
      </testsuite>
      <testsuite name="App\Tests\Repository\LogRepositoryTest" file="/Users/nik/Sites/dbwebb-kurser/mvc/me/report/tests/Repository/LogRepositoryTest.php" tests="1" assertions="1" errors="0" warnings="0" failures="0" skipped="0" time="0.000867">
        <testcase name="testCreateObject" class="App\Tests\Repository\LogRepositoryTest" classname="App.Tests.Repository.LogRepositoryTest" file="/Users/nik/Sites/dbwebb-kurser/mvc/me/report/tests/Repository/LogRepositoryTest.php" line="25" assertions="1" time="0.000867"/>
      </testsuite>
      <testsuite name="App\Tests\Repository\PlayersRepositoryTest" file="/Users/nik/Sites/dbwebb-kurser/mvc/me/report/tests/Repository/PlayersRepositoryTest.php" tests="1" assertions="1" errors="0" warnings="0" failures="0" skipped="0" time="0.000489">
        <testcase name="testCreateObject" class="App\Tests\Repository\PlayersRepositoryTest" classname="App.Tests.Repository.PlayersRepositoryTest" file="/Users/nik/Sites/dbwebb-kurser/mvc/me/report/tests/Repository/PlayersRepositoryTest.php" line="25" assertions="1" time="0.000489"/>
      </testsuite>
    </testsuite>
  </testsuite>
</testsuites>
