<?xml version="1.0" encoding="UTF-8"?>
<testsuites>
  <testsuite name="" tests="77" assertions="510" errors="0" warnings="0" failures="0" skipped="0" time="1.598388">
    <testsuite name="Project Test Suite" tests="77" assertions="510" errors="0" warnings="0" failures="0" skipped="0" time="1.598388">
      <testsuite name="App\Cards\CardGraphicTest" file="/Users/nik/Sites/dbwebb-kurser/mvc/me/report/tests/Cards/CardGraphicTest.php" tests="3" assertions="112" errors="0" warnings="0" failures="0" skipped="0" time="0.009978">
        <testcase name="testCreateObject" class="App\Cards\CardGraphicTest" classname="App.Cards.CardGraphicTest" file="/Users/nik/Sites/dbwebb-kurser/mvc/me/report/tests/Cards/CardGraphicTest.php" line="19" assertions="2" time="0.007729"/>
        <testcase name="testStringValues" class="App\Cards\CardGraphicTest" classname="App.Cards.CardGraphicTest" file="/Users/nik/Sites/dbwebb-kurser/mvc/me/report/tests/Cards/CardGraphicTest.php" line="28" assertions="54" time="0.000797"/>
        <testcase name="testTextValues" class="App\Cards\CardGraphicTest" classname="App.Cards.CardGraphicTest" file="/Users/nik/Sites/dbwebb-kurser/mvc/me/report/tests/Cards/CardGraphicTest.php" line="39" assertions="56" time="0.001453"/>
      </testsuite>
      <testsuite name="App\Cards\CardTest" file="/Users/nik/Sites/dbwebb-kurser/mvc/me/report/tests/Cards/CardTest.php" tests="3" assertions="110" errors="0" warnings="0" failures="0" skipped="0" time="0.002837">
        <testcase name="testCreateObject" class="App\Cards\CardTest" classname="App.Cards.CardTest" file="/Users/nik/Sites/dbwebb-kurser/mvc/me/report/tests/Cards/CardTest.php" line="19" assertions="108" time="0.000985"/>
        <testcase name="testCreateObjectWithTooLargeArgument" class="App\Cards\CardTest" classname="App.Cards.CardTest" file="/Users/nik/Sites/dbwebb-kurser/mvc/me/report/tests/Cards/CardTest.php" line="31" assertions="1" time="0.001532"/>
        <testcase name="testCreateObjectWithTooSmallArgument" class="App\Cards\CardTest" classname="App.Cards.CardTest" file="/Users/nik/Sites/dbwebb-kurser/mvc/me/report/tests/Cards/CardTest.php" line="38" assertions="1" time="0.000321"/>
      </testsuite>
      <testsuite name="App\Cards\DeckTest" file="/Users/nik/Sites/dbwebb-kurser/mvc/me/report/tests/Cards/DeckTest.php" tests="4" assertions="119" errors="0" warnings="0" failures="0" skipped="0" time="0.016142">
        <testcase name="testCreateDeck" class="App\Cards\DeckTest" classname="App.Cards.DeckTest" file="/Users/nik/Sites/dbwebb-kurser/mvc/me/report/tests/Cards/DeckTest.php" line="18" assertions="3" time="0.001629"/>
        <testcase name="testShuffleDeck" class="App\Cards\DeckTest" classname="App.Cards.DeckTest" file="/Users/nik/Sites/dbwebb-kurser/mvc/me/report/tests/Cards/DeckTest.php" line="31" assertions="6" time="0.007953"/>
        <testcase name="testDrawCardsFromDeck" class="App\Cards\DeckTest" classname="App.Cards.DeckTest" file="/Users/nik/Sites/dbwebb-kurser/mvc/me/report/tests/Cards/DeckTest.php" line="61" assertions="108" time="0.002017"/>
        <testcase name="testAddCardsToDeck" class="App\Cards\DeckTest" classname="App.Cards.DeckTest" file="/Users/nik/Sites/dbwebb-kurser/mvc/me/report/tests/Cards/DeckTest.php" line="75" assertions="2" time="0.004543"/>
      </testsuite>
      <testsuite name="App\Cards\HandTest" file="/Users/nik/Sites/dbwebb-kurser/mvc/me/report/tests/Cards/HandTest.php" tests="1" assertions="8" errors="0" warnings="0" failures="0" skipped="0" time="0.006626">
        <testcase name="testCreateObject" class="App\Cards\HandTest" classname="App.Cards.HandTest" file="/Users/nik/Sites/dbwebb-kurser/mvc/me/report/tests/Cards/HandTest.php" line="18" assertions="8" time="0.006626"/>
      </testsuite>
      <testsuite name="App\Tests\Controller\CardAPIControllerTest" file="/Users/nik/Sites/dbwebb-kurser/mvc/me/report/tests/Controller/CardAPIControllerTest.php" tests="8" assertions="17" errors="0" warnings="0" failures="0" skipped="0" time="0.336140">
        <testcase name="testCardAPIController" class="App\Tests\Controller\CardAPIControllerTest" classname="App.Tests.Controller.CardAPIControllerTest" file="/Users/nik/Sites/dbwebb-kurser/mvc/me/report/tests/Controller/CardAPIControllerTest.php" line="21" assertions="1" time="0.003585"/>
        <testcase name="testAPIDeck" class="App\Tests\Controller\CardAPIControllerTest" classname="App.Tests.Controller.CardAPIControllerTest" file="/Users/nik/Sites/dbwebb-kurser/mvc/me/report/tests/Controller/CardAPIControllerTest.php" line="28" assertions="4" time="0.248193"/>
        <testcase name="testAPIDeckShuffle" class="App\Tests\Controller\CardAPIControllerTest" classname="App.Tests.Controller.CardAPIControllerTest" file="/Users/nik/Sites/dbwebb-kurser/mvc/me/report/tests/Controller/CardAPIControllerTest.php" line="51" assertions="2" time="0.011382"/>
        <testcase name="testAPIDeckDraw" class="App\Tests\Controller\CardAPIControllerTest" classname="App.Tests.Controller.CardAPIControllerTest" file="/Users/nik/Sites/dbwebb-kurser/mvc/me/report/tests/Controller/CardAPIControllerTest.php" line="67" assertions="2" time="0.011654"/>
        <testcase name="testAPIDeckDrawNumber" class="App\Tests\Controller\CardAPIControllerTest" classname="App.Tests.Controller.CardAPIControllerTest" file="/Users/nik/Sites/dbwebb-kurser/mvc/me/report/tests/Controller/CardAPIControllerTest.php" line="83" assertions="2" time="0.016207"/>
        <testcase name="testAPIDeckDrawNumberPost" class="App\Tests\Controller\CardAPIControllerTest" classname="App.Tests.Controller.CardAPIControllerTest" file="/Users/nik/Sites/dbwebb-kurser/mvc/me/report/tests/Controller/CardAPIControllerTest.php" line="99" assertions="2" time="0.024018"/>
        <testcase name="testAPIDeckDealPlayersCards" class="App\Tests\Controller\CardAPIControllerTest" classname="App.Tests.Controller.CardAPIControllerTest" file="/Users/nik/Sites/dbwebb-kurser/mvc/me/report/tests/Controller/CardAPIControllerTest.php" line="107" assertions="2" time="0.009992"/>
        <testcase name="testAPIDeckDealPlayersCardsPost" class="App\Tests\Controller\CardAPIControllerTest" classname="App.Tests.Controller.CardAPIControllerTest" file="/Users/nik/Sites/dbwebb-kurser/mvc/me/report/tests/Controller/CardAPIControllerTest.php" line="123" assertions="2" time="0.011108"/>
      </testsuite>
      <testsuite name="App\Tests\Controller\CardControllerTest" file="/Users/nik/Sites/dbwebb-kurser/mvc/me/report/tests/Controller/CardControllerTest.php" tests="8" assertions="20" errors="0" warnings="0" failures="0" skipped="0" time="0.156233">
        <testcase name="testCardController" class="App\Tests\Controller\CardControllerTest" classname="App.Tests.Controller.CardControllerTest" file="/Users/nik/Sites/dbwebb-kurser/mvc/me/report/tests/Controller/CardControllerTest.php" line="21" assertions="1" time="0.000361"/>
        <testcase name="testCard" class="App\Tests\Controller\CardControllerTest" classname="App.Tests.Controller.CardControllerTest" file="/Users/nik/Sites/dbwebb-kurser/mvc/me/report/tests/Controller/CardControllerTest.php" line="28" assertions="3" time="0.030450"/>
        <testcase name="testCardDeck" class="App\Tests\Controller\CardControllerTest" classname="App.Tests.Controller.CardControllerTest" file="/Users/nik/Sites/dbwebb-kurser/mvc/me/report/tests/Controller/CardControllerTest.php" line="37" assertions="6" time="0.028962"/>
        <testcase name="testCardDeckReset" class="App\Tests\Controller\CardControllerTest" classname="App.Tests.Controller.CardControllerTest" file="/Users/nik/Sites/dbwebb-kurser/mvc/me/report/tests/Controller/CardControllerTest.php" line="61" assertions="2" time="0.012015"/>
        <testcase name="testCardDeckShuffle" class="App\Tests\Controller\CardControllerTest" classname="App.Tests.Controller.CardControllerTest" file="/Users/nik/Sites/dbwebb-kurser/mvc/me/report/tests/Controller/CardControllerTest.php" line="69" assertions="2" time="0.026819"/>
        <testcase name="testCardDeckDraw" class="App\Tests\Controller\CardControllerTest" classname="App.Tests.Controller.CardControllerTest" file="/Users/nik/Sites/dbwebb-kurser/mvc/me/report/tests/Controller/CardControllerTest.php" line="85" assertions="2" time="0.018979"/>
        <testcase name="testCardDeckDrawNumber" class="App\Tests\Controller\CardControllerTest" classname="App.Tests.Controller.CardControllerTest" file="/Users/nik/Sites/dbwebb-kurser/mvc/me/report/tests/Controller/CardControllerTest.php" line="101" assertions="2" time="0.017116"/>
        <testcase name="testCardDeckDealPlayersCards" class="App\Tests\Controller\CardControllerTest" classname="App.Tests.Controller.CardControllerTest" file="/Users/nik/Sites/dbwebb-kurser/mvc/me/report/tests/Controller/CardControllerTest.php" line="117" assertions="2" time="0.021530"/>
      </testsuite>
      <testsuite name="App\Tests\Controller\GameControllerTest" file="/Users/nik/Sites/dbwebb-kurser/mvc/me/report/tests/Controller/GameControllerTest.php" tests="10" assertions="19" errors="0" warnings="0" failures="0" skipped="0" time="0.130269">
        <testcase name="testGameController" class="App\Tests\Controller\GameControllerTest" classname="App.Tests.Controller.GameControllerTest" file="/Users/nik/Sites/dbwebb-kurser/mvc/me/report/tests/Controller/GameControllerTest.php" line="21" assertions="1" time="0.001034"/>
        <testcase name="testGame" class="App\Tests\Controller\GameControllerTest" classname="App.Tests.Controller.GameControllerTest" file="/Users/nik/Sites/dbwebb-kurser/mvc/me/report/tests/Controller/GameControllerTest.php" line="28" assertions="3" time="0.017307"/>
        <testcase name="testDoc" class="App\Tests\Controller\GameControllerTest" classname="App.Tests.Controller.GameControllerTest" file="/Users/nik/Sites/dbwebb-kurser/mvc/me/report/tests/Controller/GameControllerTest.php" line="37" assertions="3" time="0.014745"/>
        <testcase name="testDojo" class="App\Tests\Controller\GameControllerTest" classname="App.Tests.Controller.GameControllerTest" file="/Users/nik/Sites/dbwebb-kurser/mvc/me/report/tests/Controller/GameControllerTest.php" line="46" assertions="1" time="0.018864"/>
        <testcase name="testGamePlayerDrawsProcess" class="App\Tests\Controller\GameControllerTest" classname="App.Tests.Controller.GameControllerTest" file="/Users/nik/Sites/dbwebb-kurser/mvc/me/report/tests/Controller/GameControllerTest.php" line="54" assertions="2" time="0.014639"/>
        <testcase name="testGamePlayerBetsProcess" class="App\Tests\Controller\GameControllerTest" classname="App.Tests.Controller.GameControllerTest" file="/Users/nik/Sites/dbwebb-kurser/mvc/me/report/tests/Controller/GameControllerTest.php" line="62" assertions="2" time="0.012882"/>
        <testcase name="testGamePlayerWinsProcess" class="App\Tests\Controller\GameControllerTest" classname="App.Tests.Controller.GameControllerTest" file="/Users/nik/Sites/dbwebb-kurser/mvc/me/report/tests/Controller/GameControllerTest.php" line="70" assertions="2" time="0.013297"/>
        <testcase name="testGameOverProcess" class="App\Tests\Controller\GameControllerTest" classname="App.Tests.Controller.GameControllerTest" file="/Users/nik/Sites/dbwebb-kurser/mvc/me/report/tests/Controller/GameControllerTest.php" line="78" assertions="2" time="0.012806"/>
        <testcase name="testGameOptionsProcess" class="App\Tests\Controller\GameControllerTest" classname="App.Tests.Controller.GameControllerTest" file="/Users/nik/Sites/dbwebb-kurser/mvc/me/report/tests/Controller/GameControllerTest.php" line="86" assertions="2" time="0.012522"/>
        <testcase name="testAPIGame" class="App\Tests\Controller\GameControllerTest" classname="App.Tests.Controller.GameControllerTest" file="/Users/nik/Sites/dbwebb-kurser/mvc/me/report/tests/Controller/GameControllerTest.php" line="102" assertions="1" time="0.012172"/>
      </testsuite>
      <testsuite name="App\Tests\Controller\HomeControllerTest" file="/Users/nik/Sites/dbwebb-kurser/mvc/me/report/tests/Controller/HomeControllerTest.php" tests="7" assertions="7" errors="0" warnings="0" failures="0" skipped="0" time="0.132025">
        <testcase name="testHomeController" class="App\Tests\Controller\HomeControllerTest" classname="App.Tests.Controller.HomeControllerTest" file="/Users/nik/Sites/dbwebb-kurser/mvc/me/report/tests/Controller/HomeControllerTest.php" line="19" assertions="1" time="0.000896"/>
        <testcase name="testHome" class="App\Tests\Controller\HomeControllerTest" classname="App.Tests.Controller.HomeControllerTest" file="/Users/nik/Sites/dbwebb-kurser/mvc/me/report/tests/Controller/HomeControllerTest.php" line="26" assertions="1" time="0.015583"/>
        <testcase name="testAbout" class="App\Tests\Controller\HomeControllerTest" classname="App.Tests.Controller.HomeControllerTest" file="/Users/nik/Sites/dbwebb-kurser/mvc/me/report/tests/Controller/HomeControllerTest.php" line="34" assertions="1" time="0.012734"/>
        <testcase name="testMetrics" class="App\Tests\Controller\HomeControllerTest" classname="App.Tests.Controller.HomeControllerTest" file="/Users/nik/Sites/dbwebb-kurser/mvc/me/report/tests/Controller/HomeControllerTest.php" line="42" assertions="1" time="0.047235"/>
        <testcase name="testReport" class="App\Tests\Controller\HomeControllerTest" classname="App.Tests.Controller.HomeControllerTest" file="/Users/nik/Sites/dbwebb-kurser/mvc/me/report/tests/Controller/HomeControllerTest.php" line="50" assertions="1" time="0.021140"/>
        <testcase name="testLucky" class="App\Tests\Controller\HomeControllerTest" classname="App.Tests.Controller.HomeControllerTest" file="/Users/nik/Sites/dbwebb-kurser/mvc/me/report/tests/Controller/HomeControllerTest.php" line="58" assertions="1" time="0.014039"/>
        <testcase name="testAPI" class="App\Tests\Controller\HomeControllerTest" classname="App.Tests.Controller.HomeControllerTest" file="/Users/nik/Sites/dbwebb-kurser/mvc/me/report/tests/Controller/HomeControllerTest.php" line="66" assertions="1" time="0.020398"/>
      </testsuite>
      <testsuite name="App\Tests\Controller\LibraryControllerTest" file="/Users/nik/Sites/dbwebb-kurser/mvc/me/report/tests/Controller/LibraryControllerTest.php" tests="9" assertions="20" errors="0" warnings="0" failures="0" skipped="0" time="0.237429">
        <testcase name="testLibraryController" class="App\Tests\Controller\LibraryControllerTest" classname="App.Tests.Controller.LibraryControllerTest" file="/Users/nik/Sites/dbwebb-kurser/mvc/me/report/tests/Controller/LibraryControllerTest.php" line="20" assertions="1" time="0.000974"/>
        <testcase name="testLibrary" class="App\Tests\Controller\LibraryControllerTest" classname="App.Tests.Controller.LibraryControllerTest" file="/Users/nik/Sites/dbwebb-kurser/mvc/me/report/tests/Controller/LibraryControllerTest.php" line="27" assertions="1" time="0.013309"/>
        <testcase name="testLibraryView" class="App\Tests\Controller\LibraryControllerTest" classname="App.Tests.Controller.LibraryControllerTest" file="/Users/nik/Sites/dbwebb-kurser/mvc/me/report/tests/Controller/LibraryControllerTest.php" line="35" assertions="3" time="0.068698"/>
        <testcase name="testLibraryViewId" class="App\Tests\Controller\LibraryControllerTest" classname="App.Tests.Controller.LibraryControllerTest" file="/Users/nik/Sites/dbwebb-kurser/mvc/me/report/tests/Controller/LibraryControllerTest.php" line="44" assertions="3" time="0.028688"/>
        <testcase name="testLibraryEditId" class="App\Tests\Controller\LibraryControllerTest" classname="App.Tests.Controller.LibraryControllerTest" file="/Users/nik/Sites/dbwebb-kurser/mvc/me/report/tests/Controller/LibraryControllerTest.php" line="55" assertions="3" time="0.029134"/>
        <testcase name="testLibraryNew" class="App\Tests\Controller\LibraryControllerTest" classname="App.Tests.Controller.LibraryControllerTest" file="/Users/nik/Sites/dbwebb-kurser/mvc/me/report/tests/Controller/LibraryControllerTest.php" line="66" assertions="3" time="0.016302"/>
        <testcase name="testLibraryReset" class="App\Tests\Controller\LibraryControllerTest" classname="App.Tests.Controller.LibraryControllerTest" file="/Users/nik/Sites/dbwebb-kurser/mvc/me/report/tests/Controller/LibraryControllerTest.php" line="75" assertions="3" time="0.012252"/>
        <testcase name="testAPILibraryBooks" class="App\Tests\Controller\LibraryControllerTest" classname="App.Tests.Controller.LibraryControllerTest" file="/Users/nik/Sites/dbwebb-kurser/mvc/me/report/tests/Controller/LibraryControllerTest.php" line="84" assertions="1" time="0.024108"/>
        <testcase name="testAPILibraryBookISBN" class="App\Tests\Controller\LibraryControllerTest" classname="App.Tests.Controller.LibraryControllerTest" file="/Users/nik/Sites/dbwebb-kurser/mvc/me/report/tests/Controller/LibraryControllerTest.php" line="93" assertions="2" time="0.043965"/>
      </testsuite>
      <testsuite name="App\Tests\Controller\LibraryProcessControllerTest" file="/Users/nik/Sites/dbwebb-kurser/mvc/me/report/tests/Controller/LibraryProcessControllerTest.php" tests="2" assertions="15" errors="0" warnings="0" failures="0" skipped="0" time="0.458087">
        <testcase name="testLibraryProcessController" class="App\Tests\Controller\LibraryProcessControllerTest" classname="App.Tests.Controller.LibraryProcessControllerTest" file="/Users/nik/Sites/dbwebb-kurser/mvc/me/report/tests/Controller/LibraryProcessControllerTest.php" line="27" assertions="1" time="0.000906"/>
        <testcase name="testLibraryProcess" class="App\Tests\Controller\LibraryProcessControllerTest" classname="App.Tests.Controller.LibraryProcessControllerTest" file="/Users/nik/Sites/dbwebb-kurser/mvc/me/report/tests/Controller/LibraryProcessControllerTest.php" line="34" assertions="14" time="0.457181"/>
      </testsuite>
      <testsuite name="App\Tests\Controller\ProcessControllerTest" file="/Users/nik/Sites/dbwebb-kurser/mvc/me/report/tests/Controller/ProcessControllerTest.php" tests="5" assertions="9" errors="0" warnings="0" failures="0" skipped="0" time="0.046309">
        <testcase name="testProcessController" class="App\Tests\Controller\ProcessControllerTest" classname="App.Tests.Controller.ProcessControllerTest" file="/Users/nik/Sites/dbwebb-kurser/mvc/me/report/tests/Controller/ProcessControllerTest.php" line="20" assertions="1" time="0.000354"/>
        <testcase name="testSession" class="App\Tests\Controller\ProcessControllerTest" classname="App.Tests.Controller.ProcessControllerTest" file="/Users/nik/Sites/dbwebb-kurser/mvc/me/report/tests/Controller/ProcessControllerTest.php" line="27" assertions="2" time="0.012070"/>
        <testcase name="testSessionDelete" class="App\Tests\Controller\ProcessControllerTest" classname="App.Tests.Controller.ProcessControllerTest" file="/Users/nik/Sites/dbwebb-kurser/mvc/me/report/tests/Controller/ProcessControllerTest.php" line="39" assertions="2" time="0.008697"/>
        <testcase name="testCardDeckDrawProcess" class="App\Tests\Controller\ProcessControllerTest" classname="App.Tests.Controller.ProcessControllerTest" file="/Users/nik/Sites/dbwebb-kurser/mvc/me/report/tests/Controller/ProcessControllerTest.php" line="47" assertions="2" time="0.010976"/>
        <testcase name="testCardDeckDealProcess" class="App\Tests\Controller\ProcessControllerTest" classname="App.Tests.Controller.ProcessControllerTest" file="/Users/nik/Sites/dbwebb-kurser/mvc/me/report/tests/Controller/ProcessControllerTest.php" line="55" assertions="2" time="0.014214"/>
      </testsuite>
      <testsuite name="App\Tests\Controller\QuotationsControllerTest" file="/Users/nik/Sites/dbwebb-kurser/mvc/me/report/tests/Controller/QuotationsControlerTest.php" tests="2" assertions="2" errors="0" warnings="0" failures="0" skipped="0" time="0.008301">
        <testcase name="testQuotationsController" class="App\Tests\Controller\QuotationsControllerTest" classname="App.Tests.Controller.QuotationsControllerTest" file="/Users/nik/Sites/dbwebb-kurser/mvc/me/report/tests/Controller/QuotationsControlerTest.php" line="19" assertions="1" time="0.000793"/>
        <testcase name="testAPIDeck" class="App\Tests\Controller\QuotationsControllerTest" classname="App.Tests.Controller.QuotationsControllerTest" file="/Users/nik/Sites/dbwebb-kurser/mvc/me/report/tests/Controller/QuotationsControlerTest.php" line="26" assertions="1" time="0.007507"/>
      </testsuite>
      <testsuite name="App\Tests\Entity\BookTest" file="/Users/nik/Sites/dbwebb-kurser/mvc/me/report/tests/Entity/BookTest.php" tests="1" assertions="6" errors="0" warnings="0" failures="0" skipped="0" time="0.000402">
        <testcase name="testCreateObject" class="App\Tests\Entity\BookTest" classname="App.Tests.Entity.BookTest" file="/Users/nik/Sites/dbwebb-kurser/mvc/me/report/tests/Entity/BookTest.php" line="20" assertions="6" time="0.000402"/>
      </testsuite>
      <testsuite name="App\Tests\Game21\GameActionsTest" file="/Users/nik/Sites/dbwebb-kurser/mvc/me/report/tests/Game21/GameActionsTest.php" tests="6" assertions="18" errors="0" warnings="0" failures="0" skipped="0" time="0.043536">
        <testcase name="testPlayerDraws" class="App\Tests\Game21\GameActionsTest" classname="App.Tests.Game21.GameActionsTest" file="/Users/nik/Sites/dbwebb-kurser/mvc/me/report/tests/Game21/GameActionsTest.php" line="23" assertions="2" time="0.004418"/>
        <testcase name="testDeckReassembly" class="App\Tests\Game21\GameActionsTest" classname="App.Tests.Game21.GameActionsTest" file="/Users/nik/Sites/dbwebb-kurser/mvc/me/report/tests/Game21/GameActionsTest.php" line="37" assertions="2" time="0.031530"/>
        <testcase name="testNegativeBet" class="App\Tests\Game21\GameActionsTest" classname="App.Tests.Game21.GameActionsTest" file="/Users/nik/Sites/dbwebb-kurser/mvc/me/report/tests/Game21/GameActionsTest.php" line="54" assertions="1" time="0.000510"/>
        <testcase name="testTooLargeBet" class="App\Tests\Game21\GameActionsTest" classname="App.Tests.Game21.GameActionsTest" file="/Users/nik/Sites/dbwebb-kurser/mvc/me/report/tests/Game21/GameActionsTest.php" line="62" assertions="1" time="0.000471"/>
        <testcase name="testCorrectBet" class="App\Tests\Game21\GameActionsTest" classname="App.Tests.Game21.GameActionsTest" file="/Users/nik/Sites/dbwebb-kurser/mvc/me/report/tests/Game21/GameActionsTest.php" line="70" assertions="4" time="0.000484"/>
        <testcase name="testWinningHand" class="App\Tests\Game21\GameActionsTest" classname="App.Tests.Game21.GameActionsTest" file="/Users/nik/Sites/dbwebb-kurser/mvc/me/report/tests/Game21/GameActionsTest.php" line="87" assertions="8" time="0.006123"/>
      </testsuite>
      <testsuite name="App\Tests\Game21\GameTest" file="/Users/nik/Sites/dbwebb-kurser/mvc/me/report/tests/Game21/GameTest.php" tests="4" assertions="8" errors="0" warnings="0" failures="0" skipped="0" time="0.002398">
        <testcase name="testCreateObject" class="App\Tests\Game21\GameTest" classname="App.Tests.Game21.GameTest" file="/Users/nik/Sites/dbwebb-kurser/mvc/me/report/tests/Game21/GameTest.php" line="20" assertions="5" time="0.001013"/>
        <testcase name="testCreateObjectWithTooLargeArgument" class="App\Tests\Game21\GameTest" classname="App.Tests.Game21.GameTest" file="/Users/nik/Sites/dbwebb-kurser/mvc/me/report/tests/Game21/GameTest.php" line="31" assertions="1" time="0.000330"/>
        <testcase name="testCreateObjectWithTooSmallArgument" class="App\Tests\Game21\GameTest" classname="App.Tests.Game21.GameTest" file="/Users/nik/Sites/dbwebb-kurser/mvc/me/report/tests/Game21/GameTest.php" line="38" assertions="1" time="0.000329"/>
        <testcase name="testGetterAndSetter" class="App\Tests\Game21\GameTest" classname="App.Tests.Game21.GameTest" file="/Users/nik/Sites/dbwebb-kurser/mvc/me/report/tests/Game21/GameTest.php" line="45" assertions="1" time="0.000726"/>
      </testsuite>
      <testsuite name="App\Tests\Game21\HandScoreTest" file="/Users/nik/Sites/dbwebb-kurser/mvc/me/report/tests/Game21/HandScoreTest.php" tests="1" assertions="15" errors="0" warnings="0" failures="0" skipped="0" time="0.001036">
        <testcase name="testCreateObject" class="App\Tests\Game21\HandScoreTest" classname="App.Tests.Game21.HandScoreTest" file="/Users/nik/Sites/dbwebb-kurser/mvc/me/report/tests/Game21/HandScoreTest.php" line="21" assertions="15" time="0.001036"/>
      </testsuite>
      <testsuite name="App\Tests\Game21\PlayerTest" file="/Users/nik/Sites/dbwebb-kurser/mvc/me/report/tests/Game21/PlayerTest.php" tests="2" assertions="4" errors="0" warnings="0" failures="0" skipped="0" time="0.000699">
        <testcase name="testCreateObject" class="App\Tests\Game21\PlayerTest" classname="App.Tests.Game21.PlayerTest" file="/Users/nik/Sites/dbwebb-kurser/mvc/me/report/tests/Game21/PlayerTest.php" line="19" assertions="3" time="0.000323"/>
        <testcase name="testGetterAndSetter" class="App\Tests\Game21\PlayerTest" classname="App.Tests.Game21.PlayerTest" file="/Users/nik/Sites/dbwebb-kurser/mvc/me/report/tests/Game21/PlayerTest.php" line="28" assertions="1" time="0.000376"/>
      </testsuite>
      <testsuite name="App\Tests\Repository\BookRepositoryTest" file="/Users/nik/Sites/dbwebb-kurser/mvc/me/report/tests/Repository/BookRepositoryTest.php" tests="1" assertions="1" errors="0" warnings="0" failures="0" skipped="0" time="0.009942">
        <testcase name="testCreateObject" class="App\Tests\Repository\BookRepositoryTest" classname="App.Tests.Repository.BookRepositoryTest" file="/Users/nik/Sites/dbwebb-kurser/mvc/me/report/tests/Repository/BookRepositoryTest.php" line="21" assertions="1" time="0.009942"/>
      </testsuite>
    </testsuite>
  </testsuite>
</testsuites>
