<?xml version="1.0" encoding="UTF-8"?>
<testsuites>
  <testsuite name="" tests="115" assertions="774" errors="0" warnings="0" failures="0" skipped="0" time="5.066003">
    <testsuite name="Project Test Suite" tests="115" assertions="774" errors="0" warnings="0" failures="0" skipped="0" time="5.066003">
      <testsuite name="App\Tests\Cards\CardGraphicTest" file="/Users/nik/Sites/dbwebb-kurser/mvc/me/report/tests/Cards/CardGraphicTest.php" tests="3" assertions="112" errors="0" warnings="0" failures="0" skipped="0" time="0.010859">
        <testcase name="testCreateObject" class="App\Tests\Cards\CardGraphicTest" classname="App.Tests.Cards.CardGraphicTest" file="/Users/nik/Sites/dbwebb-kurser/mvc/me/report/tests/Cards/CardGraphicTest.php" line="24" assertions="2" time="0.008593"/>
        <testcase name="testStringValues" class="App\Tests\Cards\CardGraphicTest" classname="App.Tests.Cards.CardGraphicTest" file="/Users/nik/Sites/dbwebb-kurser/mvc/me/report/tests/Cards/CardGraphicTest.php" line="35" assertions="54" time="0.000793"/>
        <testcase name="testTextValues" class="App\Tests\Cards\CardGraphicTest" classname="App.Tests.Cards.CardGraphicTest" file="/Users/nik/Sites/dbwebb-kurser/mvc/me/report/tests/Cards/CardGraphicTest.php" line="48" assertions="56" time="0.001473"/>
      </testsuite>
      <testsuite name="App\Tests\Cards\CardTest" file="/Users/nik/Sites/dbwebb-kurser/mvc/me/report/tests/Cards/CardTest.php" tests="3" assertions="110" errors="0" warnings="0" failures="0" skipped="0" time="0.002745">
        <testcase name="testCreateObject" class="App\Tests\Cards\CardTest" classname="App.Tests.Cards.CardTest" file="/Users/nik/Sites/dbwebb-kurser/mvc/me/report/tests/Cards/CardTest.php" line="24" assertions="108" time="0.000945"/>
        <testcase name="testCreateObjectWithTooLargeArgument" class="App\Tests\Cards\CardTest" classname="App.Tests.Cards.CardTest" file="/Users/nik/Sites/dbwebb-kurser/mvc/me/report/tests/Cards/CardTest.php" line="38" assertions="1" time="0.001423"/>
        <testcase name="testCreateObjectWithTooSmallArgument" class="App\Tests\Cards\CardTest" classname="App.Tests.Cards.CardTest" file="/Users/nik/Sites/dbwebb-kurser/mvc/me/report/tests/Cards/CardTest.php" line="47" assertions="1" time="0.000376"/>
      </testsuite>
      <testsuite name="App\Tests\Cards\DeckTest" file="/Users/nik/Sites/dbwebb-kurser/mvc/me/report/tests/Cards/DeckTest.php" tests="4" assertions="122" errors="0" warnings="0" failures="0" skipped="0" time="0.018636">
        <testcase name="testCreateDeck" class="App\Tests\Cards\DeckTest" classname="App.Tests.Cards.DeckTest" file="/Users/nik/Sites/dbwebb-kurser/mvc/me/report/tests/Cards/DeckTest.php" line="26" assertions="6" time="0.002916"/>
        <testcase name="testShuffleDeck" class="App\Tests\Cards\DeckTest" classname="App.Tests.Cards.DeckTest" file="/Users/nik/Sites/dbwebb-kurser/mvc/me/report/tests/Cards/DeckTest.php" line="49" assertions="6" time="0.008676"/>
        <testcase name="testDrawCardsFromDeck" class="App\Tests\Cards\DeckTest" classname="App.Tests.Cards.DeckTest" file="/Users/nik/Sites/dbwebb-kurser/mvc/me/report/tests/Cards/DeckTest.php" line="81" assertions="108" time="0.002414"/>
        <testcase name="testAddCardsToDeck" class="App\Tests\Cards\DeckTest" classname="App.Tests.Cards.DeckTest" file="/Users/nik/Sites/dbwebb-kurser/mvc/me/report/tests/Cards/DeckTest.php" line="97" assertions="2" time="0.004629"/>
      </testsuite>
      <testsuite name="App\Tests\Cards\HandTest" file="/Users/nik/Sites/dbwebb-kurser/mvc/me/report/tests/Cards/HandTest.php" tests="1" assertions="8" errors="0" warnings="0" failures="0" skipped="0" time="0.007419">
        <testcase name="testCreateObject" class="App\Tests\Cards\HandTest" classname="App.Tests.Cards.HandTest" file="/Users/nik/Sites/dbwebb-kurser/mvc/me/report/tests/Cards/HandTest.php" line="25" assertions="8" time="0.007419"/>
      </testsuite>
      <testsuite name="App\Tests\Controller\Cards\CardAPIDealControllerTest" file="/Users/nik/Sites/dbwebb-kurser/mvc/me/report/tests/Controller/Cards/CardAPIDealControllerTest.php" tests="5" assertions="11" errors="0" warnings="0" failures="0" skipped="0" time="3.404721">
        <testcase name="testCardAPIController" class="App\Tests\Controller\Cards\CardAPIDealControllerTest" classname="App.Tests.Controller.Cards.CardAPIDealControllerTest" file="/Users/nik/Sites/dbwebb-kurser/mvc/me/report/tests/Controller/Cards/CardAPIDealControllerTest.php" line="26" assertions="1" time="0.003847"/>
        <testcase name="testAPIDeckDealPlayersCards" class="App\Tests\Controller\Cards\CardAPIDealControllerTest" classname="App.Tests.Controller.Cards.CardAPIDealControllerTest" file="/Users/nik/Sites/dbwebb-kurser/mvc/me/report/tests/Controller/Cards/CardAPIDealControllerTest.php" line="35" assertions="2" time="3.310629"/>
        <testcase name="testAPIDeckDealPlayersCardsPost" class="App\Tests\Controller\Cards\CardAPIDealControllerTest" classname="App.Tests.Controller.Cards.CardAPIDealControllerTest" file="/Users/nik/Sites/dbwebb-kurser/mvc/me/report/tests/Controller/Cards/CardAPIDealControllerTest.php" line="50" assertions="2" time="0.055614"/>
        <testcase name="testAPIDeck" class="App\Tests\Controller\Cards\CardAPIDealControllerTest" classname="App.Tests.Controller.Cards.CardAPIDealControllerTest" file="/Users/nik/Sites/dbwebb-kurser/mvc/me/report/tests/Controller/Cards/CardAPIDealControllerTest.php" line="36" assertions="4" time="0.017763"/>
        <testcase name="testAPIDeckShuffle" class="App\Tests\Controller\Cards\CardAPIDealControllerTest" classname="App.Tests.Controller.Cards.CardAPIDealControllerTest" file="/Users/nik/Sites/dbwebb-kurser/mvc/me/report/tests/Controller/Cards/CardAPIDealControllerTest.php" line="58" assertions="2" time="0.016869"/>
      </testsuite>
      <testsuite name="App\Tests\Controller\Cards\CardAPIDeckControllerTest" file="/Users/nik/Sites/dbwebb-kurser/mvc/me/report/tests/Controller/Cards/CardAPIDeckControllerTest.php" tests="3" assertions="7" errors="0" warnings="0" failures="0" skipped="0" time="0.034431">
        <testcase name="testCardAPIController" class="App\Tests\Controller\Cards\CardAPIDeckControllerTest" classname="App.Tests.Controller.Cards.CardAPIDeckControllerTest" file="/Users/nik/Sites/dbwebb-kurser/mvc/me/report/tests/Controller/Cards/CardAPIDeckControllerTest.php" line="27" assertions="1" time="0.000432"/>
        <testcase name="testAPIDeck" class="App\Tests\Controller\Cards\CardAPIDeckControllerTest" classname="App.Tests.Controller.Cards.CardAPIDeckControllerTest" file="/Users/nik/Sites/dbwebb-kurser/mvc/me/report/tests/Controller/Cards/CardAPIDeckControllerTest.php" line="36" assertions="4" time="0.020883"/>
        <testcase name="testAPIDeckShuffle" class="App\Tests\Controller\Cards\CardAPIDeckControllerTest" classname="App.Tests.Controller.Cards.CardAPIDeckControllerTest" file="/Users/nik/Sites/dbwebb-kurser/mvc/me/report/tests/Controller/Cards/CardAPIDeckControllerTest.php" line="58" assertions="2" time="0.013115"/>
      </testsuite>
      <testsuite name="App\Tests\Controller\Cards\CardAPIDrawControllerTest" file="/Users/nik/Sites/dbwebb-kurser/mvc/me/report/tests/Controller/Cards/CardAPIDrawControllerTest.php" tests="6" assertions="14" errors="0" warnings="0" failures="0" skipped="0" time="0.074681">
        <testcase name="testCardAPIController" class="App\Tests\Controller\Cards\CardAPIDrawControllerTest" classname="App.Tests.Controller.Cards.CardAPIDrawControllerTest" file="/Users/nik/Sites/dbwebb-kurser/mvc/me/report/tests/Controller/Cards/CardAPIDrawControllerTest.php" line="27" assertions="2" time="0.000403"/>
        <testcase name="testAPIDeckDraw" class="App\Tests\Controller\Cards\CardAPIDrawControllerTest" classname="App.Tests.Controller.Cards.CardAPIDrawControllerTest" file="/Users/nik/Sites/dbwebb-kurser/mvc/me/report/tests/Controller/Cards/CardAPIDrawControllerTest.php" line="39" assertions="2" time="0.014212"/>
        <testcase name="testAPIDeckDrawNumber" class="App\Tests\Controller\Cards\CardAPIDrawControllerTest" classname="App.Tests.Controller.Cards.CardAPIDrawControllerTest" file="/Users/nik/Sites/dbwebb-kurser/mvc/me/report/tests/Controller/Cards/CardAPIDrawControllerTest.php" line="54" assertions="2" time="0.014395"/>
        <testcase name="testAPIDeckDrawNumberPost" class="App\Tests\Controller\Cards\CardAPIDrawControllerTest" classname="App.Tests.Controller.Cards.CardAPIDrawControllerTest" file="/Users/nik/Sites/dbwebb-kurser/mvc/me/report/tests/Controller/Cards/CardAPIDrawControllerTest.php" line="69" assertions="2" time="0.012813"/>
        <testcase name="testAPIDeck" class="App\Tests\Controller\Cards\CardAPIDrawControllerTest" classname="App.Tests.Controller.Cards.CardAPIDrawControllerTest" file="/Users/nik/Sites/dbwebb-kurser/mvc/me/report/tests/Controller/Cards/CardAPIDrawControllerTest.php" line="36" assertions="4" time="0.019987"/>
        <testcase name="testAPIDeckShuffle" class="App\Tests\Controller\Cards\CardAPIDrawControllerTest" classname="App.Tests.Controller.Cards.CardAPIDrawControllerTest" file="/Users/nik/Sites/dbwebb-kurser/mvc/me/report/tests/Controller/Cards/CardAPIDrawControllerTest.php" line="58" assertions="2" time="0.012872"/>
      </testsuite>
      <testsuite name="App\Tests\Controller\Cards\CardControllerTest" file="/Users/nik/Sites/dbwebb-kurser/mvc/me/report/tests/Controller/Cards/CardControllerTest.php" tests="8" assertions="24" errors="0" warnings="0" failures="0" skipped="0" time="0.208652">
        <testcase name="testCardController" class="App\Tests\Controller\Cards\CardControllerTest" classname="App.Tests.Controller.Cards.CardControllerTest" file="/Users/nik/Sites/dbwebb-kurser/mvc/me/report/tests/Controller/Cards/CardControllerTest.php" line="29" assertions="5" time="0.000410"/>
        <testcase name="testCard" class="App\Tests\Controller\Cards\CardControllerTest" classname="App.Tests.Controller.Cards.CardControllerTest" file="/Users/nik/Sites/dbwebb-kurser/mvc/me/report/tests/Controller/Cards/CardControllerTest.php" line="50" assertions="3" time="0.046779"/>
        <testcase name="testCardDeck" class="App\Tests\Controller\Cards\CardControllerTest" classname="App.Tests.Controller.Cards.CardControllerTest" file="/Users/nik/Sites/dbwebb-kurser/mvc/me/report/tests/Controller/Cards/CardControllerTest.php" line="61" assertions="6" time="0.039039"/>
        <testcase name="testCardDeckReset" class="App\Tests\Controller\Cards\CardControllerTest" classname="App.Tests.Controller.Cards.CardControllerTest" file="/Users/nik/Sites/dbwebb-kurser/mvc/me/report/tests/Controller/Cards/CardControllerTest.php" line="87" assertions="2" time="0.019883"/>
        <testcase name="testCardDeckShuffle" class="App\Tests\Controller\Cards\CardControllerTest" classname="App.Tests.Controller.Cards.CardControllerTest" file="/Users/nik/Sites/dbwebb-kurser/mvc/me/report/tests/Controller/Cards/CardControllerTest.php" line="97" assertions="2" time="0.032755"/>
        <testcase name="testCardDeckDraw" class="App\Tests\Controller\Cards\CardControllerTest" classname="App.Tests.Controller.Cards.CardControllerTest" file="/Users/nik/Sites/dbwebb-kurser/mvc/me/report/tests/Controller/Cards/CardControllerTest.php" line="115" assertions="2" time="0.022840"/>
        <testcase name="testCardDeckDrawNumber" class="App\Tests\Controller\Cards\CardControllerTest" classname="App.Tests.Controller.Cards.CardControllerTest" file="/Users/nik/Sites/dbwebb-kurser/mvc/me/report/tests/Controller/Cards/CardControllerTest.php" line="133" assertions="2" time="0.021426"/>
        <testcase name="testCardDeckDealPlayersCards" class="App\Tests\Controller\Cards\CardControllerTest" classname="App.Tests.Controller.Cards.CardControllerTest" file="/Users/nik/Sites/dbwebb-kurser/mvc/me/report/tests/Controller/Cards/CardControllerTest.php" line="151" assertions="2" time="0.025520"/>
      </testsuite>
      <testsuite name="App\Tests\Controller\Cards\CardProcessControllerTest" file="/Users/nik/Sites/dbwebb-kurser/mvc/me/report/tests/Controller/Cards/CardProcessControllerTest.php" tests="5" assertions="9" errors="0" warnings="0" failures="0" skipped="0" time="0.048457">
        <testcase name="testCardProcessController" class="App\Tests\Controller\Cards\CardProcessControllerTest" classname="App.Tests.Controller.Cards.CardProcessControllerTest" file="/Users/nik/Sites/dbwebb-kurser/mvc/me/report/tests/Controller/Cards/CardProcessControllerTest.php" line="24" assertions="1" time="0.000414"/>
        <testcase name="testSession" class="App\Tests\Controller\Cards\CardProcessControllerTest" classname="App.Tests.Controller.Cards.CardProcessControllerTest" file="/Users/nik/Sites/dbwebb-kurser/mvc/me/report/tests/Controller/Cards/CardProcessControllerTest.php" line="33" assertions="2" time="0.016475"/>
        <testcase name="testSessionDelete" class="App\Tests\Controller\Cards\CardProcessControllerTest" classname="App.Tests.Controller.Cards.CardProcessControllerTest" file="/Users/nik/Sites/dbwebb-kurser/mvc/me/report/tests/Controller/Cards/CardProcessControllerTest.php" line="47" assertions="2" time="0.010893"/>
        <testcase name="testCardDeckDrawProcess" class="App\Tests\Controller\Cards\CardProcessControllerTest" classname="App.Tests.Controller.Cards.CardProcessControllerTest" file="/Users/nik/Sites/dbwebb-kurser/mvc/me/report/tests/Controller/Cards/CardProcessControllerTest.php" line="57" assertions="2" time="0.011362"/>
        <testcase name="testCardDeckDealProcess" class="App\Tests\Controller\Cards\CardProcessControllerTest" classname="App.Tests.Controller.Cards.CardProcessControllerTest" file="/Users/nik/Sites/dbwebb-kurser/mvc/me/report/tests/Controller/Cards/CardProcessControllerTest.php" line="67" assertions="2" time="0.009312"/>
      </testsuite>
      <testsuite name="App\Tests\Controller\Game21\GameAPIControllerTest" file="/Users/nik/Sites/dbwebb-kurser/mvc/me/report/tests/Controller/Game21/GameAPIControllerTest.php" tests="2" assertions="2" errors="0" warnings="0" failures="0" skipped="0" time="0.010583">
        <testcase name="testGameAPIController" class="App\Tests\Controller\Game21\GameAPIControllerTest" classname="App.Tests.Controller.Game21.GameAPIControllerTest" file="/Users/nik/Sites/dbwebb-kurser/mvc/me/report/tests/Controller/Game21/GameAPIControllerTest.php" line="24" assertions="1" time="0.000395"/>
        <testcase name="testAPIGame" class="App\Tests\Controller\Game21\GameAPIControllerTest" classname="App.Tests.Controller.Game21.GameAPIControllerTest" file="/Users/nik/Sites/dbwebb-kurser/mvc/me/report/tests/Controller/Game21/GameAPIControllerTest.php" line="33" assertions="1" time="0.010188"/>
      </testsuite>
      <testsuite name="App\Tests\Controller\Game21\GameControllerTest" file="/Users/nik/Sites/dbwebb-kurser/mvc/me/report/tests/Controller/Game21/GameControllerTest.php" tests="4" assertions="12" errors="0" warnings="0" failures="0" skipped="0" time="0.050345">
        <testcase name="testGameController" class="App\Tests\Controller\Game21\GameControllerTest" classname="App.Tests.Controller.Game21.GameControllerTest" file="/Users/nik/Sites/dbwebb-kurser/mvc/me/report/tests/Controller/Game21/GameControllerTest.php" line="29" assertions="5" time="0.000391"/>
        <testcase name="testGame" class="App\Tests\Controller\Game21\GameControllerTest" classname="App.Tests.Controller.Game21.GameControllerTest" file="/Users/nik/Sites/dbwebb-kurser/mvc/me/report/tests/Controller/Game21/GameControllerTest.php" line="50" assertions="3" time="0.016276"/>
        <testcase name="testDoc" class="App\Tests\Controller\Game21\GameControllerTest" classname="App.Tests.Controller.Game21.GameControllerTest" file="/Users/nik/Sites/dbwebb-kurser/mvc/me/report/tests/Controller/Game21/GameControllerTest.php" line="61" assertions="3" time="0.015043"/>
        <testcase name="testDojo" class="App\Tests\Controller\Game21\GameControllerTest" classname="App.Tests.Controller.Game21.GameControllerTest" file="/Users/nik/Sites/dbwebb-kurser/mvc/me/report/tests/Controller/Game21/GameControllerTest.php" line="70" assertions="1" time="0.018635"/>
      </testsuite>
      <testsuite name="App\Tests\Controller\Game21\GameProcessControllerTest" file="/Users/nik/Sites/dbwebb-kurser/mvc/me/report/tests/Controller/Game21/GameProcessControllerTest.php" tests="6" assertions="12" errors="0" warnings="0" failures="0" skipped="0" time="0.084994">
        <testcase name="testGameProcessController" class="App\Tests\Controller\Game21\GameProcessControllerTest" classname="App.Tests.Controller.Game21.GameProcessControllerTest" file="/Users/nik/Sites/dbwebb-kurser/mvc/me/report/tests/Controller/Game21/GameProcessControllerTest.php" line="25" assertions="2" time="0.000371"/>
        <testcase name="testGamePlayerDrawsProcess" class="App\Tests\Controller\Game21\GameProcessControllerTest" classname="App.Tests.Controller.Game21.GameProcessControllerTest" file="/Users/nik/Sites/dbwebb-kurser/mvc/me/report/tests/Controller/Game21/GameProcessControllerTest.php" line="37" assertions="2" time="0.021740"/>
        <testcase name="testGamePlayerBetsProcess" class="App\Tests\Controller\Game21\GameProcessControllerTest" classname="App.Tests.Controller.Game21.GameProcessControllerTest" file="/Users/nik/Sites/dbwebb-kurser/mvc/me/report/tests/Controller/Game21/GameProcessControllerTest.php" line="47" assertions="2" time="0.016173"/>
        <testcase name="testGamePlayerWinsProcess" class="App\Tests\Controller\Game21\GameProcessControllerTest" classname="App.Tests.Controller.Game21.GameProcessControllerTest" file="/Users/nik/Sites/dbwebb-kurser/mvc/me/report/tests/Controller/Game21/GameProcessControllerTest.php" line="57" assertions="2" time="0.016500"/>
        <testcase name="testGameOverProcess" class="App\Tests\Controller\Game21\GameProcessControllerTest" classname="App.Tests.Controller.Game21.GameProcessControllerTest" file="/Users/nik/Sites/dbwebb-kurser/mvc/me/report/tests/Controller/Game21/GameProcessControllerTest.php" line="67" assertions="2" time="0.016867"/>
        <testcase name="testGameOptionsProcess" class="App\Tests\Controller\Game21\GameProcessControllerTest" classname="App.Tests.Controller.Game21.GameProcessControllerTest" file="/Users/nik/Sites/dbwebb-kurser/mvc/me/report/tests/Controller/Game21/GameProcessControllerTest.php" line="77" assertions="2" time="0.013343"/>
      </testsuite>
      <testsuite name="App\Tests\Controller\HomeControllerTest" file="/Users/nik/Sites/dbwebb-kurser/mvc/me/report/tests/Controller/HomeControllerTest.php" tests="7" assertions="7" errors="0" warnings="0" failures="0" skipped="0" time="0.110488">
        <testcase name="testHomeController" class="App\Tests\Controller\HomeControllerTest" classname="App.Tests.Controller.HomeControllerTest" file="/Users/nik/Sites/dbwebb-kurser/mvc/me/report/tests/Controller/HomeControllerTest.php" line="23" assertions="1" time="0.000343"/>
        <testcase name="testHome" class="App\Tests\Controller\HomeControllerTest" classname="App.Tests.Controller.HomeControllerTest" file="/Users/nik/Sites/dbwebb-kurser/mvc/me/report/tests/Controller/HomeControllerTest.php" line="31" assertions="1" time="0.022180"/>
        <testcase name="testAbout" class="App\Tests\Controller\HomeControllerTest" classname="App.Tests.Controller.HomeControllerTest" file="/Users/nik/Sites/dbwebb-kurser/mvc/me/report/tests/Controller/HomeControllerTest.php" line="41" assertions="1" time="0.013663"/>
        <testcase name="testMetrics" class="App\Tests\Controller\HomeControllerTest" classname="App.Tests.Controller.HomeControllerTest" file="/Users/nik/Sites/dbwebb-kurser/mvc/me/report/tests/Controller/HomeControllerTest.php" line="51" assertions="1" time="0.022164"/>
        <testcase name="testReport" class="App\Tests\Controller\HomeControllerTest" classname="App.Tests.Controller.HomeControllerTest" file="/Users/nik/Sites/dbwebb-kurser/mvc/me/report/tests/Controller/HomeControllerTest.php" line="61" assertions="1" time="0.019659"/>
        <testcase name="testLucky" class="App\Tests\Controller\HomeControllerTest" classname="App.Tests.Controller.HomeControllerTest" file="/Users/nik/Sites/dbwebb-kurser/mvc/me/report/tests/Controller/HomeControllerTest.php" line="71" assertions="1" time="0.014398"/>
        <testcase name="testAPI" class="App\Tests\Controller\HomeControllerTest" classname="App.Tests.Controller.HomeControllerTest" file="/Users/nik/Sites/dbwebb-kurser/mvc/me/report/tests/Controller/HomeControllerTest.php" line="81" assertions="1" time="0.018080"/>
      </testsuite>
      <testsuite name="App\Tests\Controller\Library\LibraryControllerTest" file="/Users/nik/Sites/dbwebb-kurser/mvc/me/report/tests/Controller/Library/LibraryControllerTest.php" tests="9" assertions="22" errors="0" warnings="0" failures="0" skipped="0" time="0.313646">
        <testcase name="testLibraryController" class="App\Tests\Controller\Library\LibraryControllerTest" classname="App.Tests.Controller.Library.LibraryControllerTest" file="/Users/nik/Sites/dbwebb-kurser/mvc/me/report/tests/Controller/Library/LibraryControllerTest.php" line="26" assertions="3" time="0.000441"/>
        <testcase name="testLibrary" class="App\Tests\Controller\Library\LibraryControllerTest" classname="App.Tests.Controller.Library.LibraryControllerTest" file="/Users/nik/Sites/dbwebb-kurser/mvc/me/report/tests/Controller/Library/LibraryControllerTest.php" line="36" assertions="1" time="0.017441"/>
        <testcase name="testLibraryView" class="App\Tests\Controller\Library\LibraryControllerTest" classname="App.Tests.Controller.Library.LibraryControllerTest" file="/Users/nik/Sites/dbwebb-kurser/mvc/me/report/tests/Controller/Library/LibraryControllerTest.php" line="46" assertions="3" time="0.096960"/>
        <testcase name="testLibraryViewId" class="App\Tests\Controller\Library\LibraryControllerTest" classname="App.Tests.Controller.Library.LibraryControllerTest" file="/Users/nik/Sites/dbwebb-kurser/mvc/me/report/tests/Controller/Library/LibraryControllerTest.php" line="57" assertions="3" time="0.038403"/>
        <testcase name="testLibraryEditId" class="App\Tests\Controller\Library\LibraryControllerTest" classname="App.Tests.Controller.Library.LibraryControllerTest" file="/Users/nik/Sites/dbwebb-kurser/mvc/me/report/tests/Controller/Library/LibraryControllerTest.php" line="70" assertions="3" time="0.036619"/>
        <testcase name="testLibraryNew" class="App\Tests\Controller\Library\LibraryControllerTest" classname="App.Tests.Controller.Library.LibraryControllerTest" file="/Users/nik/Sites/dbwebb-kurser/mvc/me/report/tests/Controller/Library/LibraryControllerTest.php" line="83" assertions="3" time="0.018152"/>
        <testcase name="testLibraryReset" class="App\Tests\Controller\Library\LibraryControllerTest" classname="App.Tests.Controller.Library.LibraryControllerTest" file="/Users/nik/Sites/dbwebb-kurser/mvc/me/report/tests/Controller/Library/LibraryControllerTest.php" line="94" assertions="3" time="0.015396"/>
        <testcase name="testAPILibraryBooks" class="App\Tests\Controller\Library\LibraryControllerTest" classname="App.Tests.Controller.Library.LibraryControllerTest" file="/Users/nik/Sites/dbwebb-kurser/mvc/me/report/tests/Controller/Library/LibraryControllerTest.php" line="105" assertions="1" time="0.023983"/>
        <testcase name="testAPILibraryBookISBN" class="App\Tests\Controller\Library\LibraryControllerTest" classname="App.Tests.Controller.Library.LibraryControllerTest" file="/Users/nik/Sites/dbwebb-kurser/mvc/me/report/tests/Controller/Library/LibraryControllerTest.php" line="116" assertions="2" time="0.066249"/>
      </testsuite>
      <testsuite name="App\Tests\Controller\Library\LibraryAddControllerTest" file="/Users/nik/Sites/dbwebb-kurser/mvc/me/report/tests/Controller/Library/LibraryProcessControllerTest.php" tests="5" assertions="20" errors="0" warnings="0" failures="0" skipped="0" time="0.230766">
        <testcase name="testLibraryAddController" class="App\Tests\Controller\Library\LibraryAddControllerTest" classname="App.Tests.Controller.Library.LibraryAddControllerTest" file="/Users/nik/Sites/dbwebb-kurser/mvc/me/report/tests/Controller/Library/LibraryProcessControllerTest.php" line="48" assertions="3" time="0.000389"/>
        <testcase name="testLibraryProcess" class="App\Tests\Controller\Library\LibraryAddControllerTest" classname="App.Tests.Controller.Library.LibraryAddControllerTest" file="/Users/nik/Sites/dbwebb-kurser/mvc/me/report/tests/Controller/Library/LibraryProcessControllerTest.php" line="63" assertions="4" time="0.042832"/>
        <testcase name="testLibraryCRUD" class="App\Tests\Controller\Library\LibraryAddControllerTest" classname="App.Tests.Controller.Library.LibraryAddControllerTest" file="/Users/nik/Sites/dbwebb-kurser/mvc/me/report/tests/Controller/Library/LibraryProcessControllerTest.php" line="80" assertions="7" time="0.067813"/>
        <testcase name="testLibraryDelete" class="App\Tests\Controller\Library\LibraryAddControllerTest" classname="App.Tests.Controller.Library.LibraryAddControllerTest" file="/Users/nik/Sites/dbwebb-kurser/mvc/me/report/tests/Controller/Library/LibraryProcessControllerTest.php" line="115" assertions="4" time="0.083465"/>
        <testcase name="testLibraryUpdate" class="App\Tests\Controller\Library\LibraryAddControllerTest" classname="App.Tests.Controller.Library.LibraryAddControllerTest" file="/Users/nik/Sites/dbwebb-kurser/mvc/me/report/tests/Controller/Library/LibraryProcessControllerTest.php" line="142" assertions="2" time="0.036266"/>
      </testsuite>
      <testsuite name="App\Tests\Controller\Library\LibraryResetControllerTest" file="/Users/nik/Sites/dbwebb-kurser/mvc/me/report/tests/Controller/Library/LibraryRestControllerTest.php" tests="1" assertions="1" errors="0" warnings="0" failures="0" skipped="0" time="0.000424">
        <testcase name="testLibraryResetController" class="App\Tests\Controller\Library\LibraryResetControllerTest" classname="App.Tests.Controller.Library.LibraryResetControllerTest" file="/Users/nik/Sites/dbwebb-kurser/mvc/me/report/tests/Controller/Library/LibraryRestControllerTest.php" line="23" assertions="1" time="0.000424"/>
      </testsuite>
      <testsuite name="App\Tests\Controller\Poker\PokerGameControllerTest" file="/Users/nik/Sites/dbwebb-kurser/mvc/me/report/tests/Controller/Poker/PokerGameControllerTest.php" tests="2" assertions="4" errors="0" warnings="0" failures="0" skipped="0" time="0.110347">
        <testcase name="testPokerGameController" class="App\Tests\Controller\Poker\PokerGameControllerTest" classname="App.Tests.Controller.Poker.PokerGameControllerTest" file="/Users/nik/Sites/dbwebb-kurser/mvc/me/report/tests/Controller/Poker/PokerGameControllerTest.php" line="26" assertions="3" time="0.000405"/>
        <testcase name="testPoker" class="App\Tests\Controller\Poker\PokerGameControllerTest" classname="App.Tests.Controller.Poker.PokerGameControllerTest" file="/Users/nik/Sites/dbwebb-kurser/mvc/me/report/tests/Controller/Poker/PokerGameControllerTest.php" line="41" assertions="1" time="0.109942"/>
      </testsuite>
      <testsuite name="App\Tests\Controller\Poker\PokerHomeControllerTest" file="/Users/nik/Sites/dbwebb-kurser/mvc/me/report/tests/Controller/Poker/PokerHomeControllerTest.php" tests="5" assertions="6" errors="0" warnings="0" failures="0" skipped="0" time="0.056440">
        <testcase name="testPokerHomeController" class="App\Tests\Controller\Poker\PokerHomeControllerTest" classname="App.Tests.Controller.Poker.PokerHomeControllerTest" file="/Users/nik/Sites/dbwebb-kurser/mvc/me/report/tests/Controller/Poker/PokerHomeControllerTest.php" line="25" assertions="2" time="0.000415"/>
        <testcase name="testProj" class="App\Tests\Controller\Poker\PokerHomeControllerTest" classname="App.Tests.Controller.Poker.PokerHomeControllerTest" file="/Users/nik/Sites/dbwebb-kurser/mvc/me/report/tests/Controller/Poker/PokerHomeControllerTest.php" line="37" assertions="1" time="0.018054"/>
        <testcase name="testAbout" class="App\Tests\Controller\Poker\PokerHomeControllerTest" classname="App.Tests.Controller.Poker.PokerHomeControllerTest" file="/Users/nik/Sites/dbwebb-kurser/mvc/me/report/tests/Controller/Poker/PokerHomeControllerTest.php" line="47" assertions="1" time="0.013415"/>
        <testcase name="testSession" class="App\Tests\Controller\Poker\PokerHomeControllerTest" classname="App.Tests.Controller.Poker.PokerHomeControllerTest" file="/Users/nik/Sites/dbwebb-kurser/mvc/me/report/tests/Controller/Poker/PokerHomeControllerTest.php" line="57" assertions="1" time="0.013037"/>
        <testcase name="testReset" class="App\Tests\Controller\Poker\PokerHomeControllerTest" classname="App.Tests.Controller.Poker.PokerHomeControllerTest" file="/Users/nik/Sites/dbwebb-kurser/mvc/me/report/tests/Controller/Poker/PokerHomeControllerTest.php" line="67" assertions="1" time="0.011519"/>
      </testsuite>
      <testsuite name="App\Tests\Controller\Poker\PokerResetControllerTest" file="/Users/nik/Sites/dbwebb-kurser/mvc/me/report/tests/Controller/Poker/PokerResetControllerTest.php" tests="2" assertions="3" errors="0" warnings="0" failures="0" skipped="0" time="0.037871">
        <testcase name="testPokerResetController" class="App\Tests\Controller\Poker\PokerResetControllerTest" classname="App.Tests.Controller.Poker.PokerResetControllerTest" file="/Users/nik/Sites/dbwebb-kurser/mvc/me/report/tests/Controller/Poker/PokerResetControllerTest.php" line="24" assertions="1" time="0.000371"/>
        <testcase name="testResetDB" class="App\Tests\Controller\Poker\PokerResetControllerTest" classname="App.Tests.Controller.Poker.PokerResetControllerTest" file="/Users/nik/Sites/dbwebb-kurser/mvc/me/report/tests/Controller/Poker/PokerResetControllerTest.php" line="42" assertions="2" time="0.037501"/>
      </testsuite>
      <testsuite name="App\Tests\Controller\QuotationsControllerTest" file="/Users/nik/Sites/dbwebb-kurser/mvc/me/report/tests/Controller/QuotationsControlerTest.php" tests="2" assertions="2" errors="0" warnings="0" failures="0" skipped="0" time="0.008175">
        <testcase name="testQuotationsController" class="App\Tests\Controller\QuotationsControllerTest" classname="App.Tests.Controller.QuotationsControllerTest" file="/Users/nik/Sites/dbwebb-kurser/mvc/me/report/tests/Controller/QuotationsControlerTest.php" line="23" assertions="1" time="0.000384"/>
        <testcase name="testAPIDeck" class="App\Tests\Controller\QuotationsControllerTest" classname="App.Tests.Controller.QuotationsControllerTest" file="/Users/nik/Sites/dbwebb-kurser/mvc/me/report/tests/Controller/QuotationsControlerTest.php" line="31" assertions="1" time="0.007791"/>
      </testsuite>
      <testsuite name="App\Tests\Entity\BookTest" file="/Users/nik/Sites/dbwebb-kurser/mvc/me/report/tests/Entity/BookTest.php" tests="1" assertions="6" errors="0" warnings="0" failures="0" skipped="0" time="0.000388">
        <testcase name="testCreateObject" class="App\Tests\Entity\BookTest" classname="App.Tests.Entity.BookTest" file="/Users/nik/Sites/dbwebb-kurser/mvc/me/report/tests/Entity/BookTest.php" line="22" assertions="6" time="0.000388"/>
      </testsuite>
      <testsuite name="App\Tests\Entity\CommunityTest" file="/Users/nik/Sites/dbwebb-kurser/mvc/me/report/tests/Entity/CommunityTest.php" tests="1" assertions="8" errors="0" warnings="0" failures="0" skipped="0" time="0.000385">
        <testcase name="testCreateObject" class="App\Tests\Entity\CommunityTest" classname="App.Tests.Entity.CommunityTest" file="/Users/nik/Sites/dbwebb-kurser/mvc/me/report/tests/Entity/CommunityTest.php" line="22" assertions="8" time="0.000385"/>
      </testsuite>
      <testsuite name="App\Tests\Entity\LogTest" file="/Users/nik/Sites/dbwebb-kurser/mvc/me/report/tests/Entity/LogTest.php" tests="1" assertions="4" errors="0" warnings="0" failures="0" skipped="0" time="0.000842">
        <testcase name="testCreateObject" class="App\Tests\Entity\LogTest" classname="App.Tests.Entity.LogTest" file="/Users/nik/Sites/dbwebb-kurser/mvc/me/report/tests/Entity/LogTest.php" line="23" assertions="4" time="0.000842"/>
      </testsuite>
      <testsuite name="App\Tests\Entity\PlayersTest" file="/Users/nik/Sites/dbwebb-kurser/mvc/me/report/tests/Entity/PlayersTest.php" tests="1" assertions="10" errors="0" warnings="0" failures="0" skipped="0" time="0.000434">
        <testcase name="testCreateObject" class="App\Tests\Entity\PlayersTest" classname="App.Tests.Entity.PlayersTest" file="/Users/nik/Sites/dbwebb-kurser/mvc/me/report/tests/Entity/PlayersTest.php" line="22" assertions="10" time="0.000434"/>
      </testsuite>
      <testsuite name="App\Tests\Game21\GameActionsBankMovesTest" file="/Users/nik/Sites/dbwebb-kurser/mvc/me/report/tests/Game21/GameActionsBankMovesTest.php" tests="1" assertions="6" errors="0" warnings="0" failures="0" skipped="0" time="0.001291">
        <testcase name="testPlayerDraws" class="App\Tests\Game21\GameActionsBankMovesTest" classname="App.Tests.Game21.GameActionsBankMovesTest" file="/Users/nik/Sites/dbwebb-kurser/mvc/me/report/tests/Game21/GameActionsBankMovesTest.php" line="28" assertions="6" time="0.001291"/>
      </testsuite>
      <testsuite name="App\Tests\Game21\GameActionsTest" file="/Users/nik/Sites/dbwebb-kurser/mvc/me/report/tests/Game21/GameActionsTest.php" tests="6" assertions="23" errors="0" warnings="0" failures="0" skipped="0" time="0.123103">
        <testcase name="testPlayerDraws" class="App\Tests\Game21\GameActionsTest" classname="App.Tests.Game21.GameActionsTest" file="/Users/nik/Sites/dbwebb-kurser/mvc/me/report/tests/Game21/GameActionsTest.php" line="32" assertions="7" time="0.012324"/>
        <testcase name="testDeckReassembly" class="App\Tests\Game21\GameActionsTest" classname="App.Tests.Game21.GameActionsTest" file="/Users/nik/Sites/dbwebb-kurser/mvc/me/report/tests/Game21/GameActionsTest.php" line="54" assertions="2" time="0.082333"/>
        <testcase name="testCorrectBet" class="App\Tests\Game21\GameActionsTest" classname="App.Tests.Game21.GameActionsTest" file="/Users/nik/Sites/dbwebb-kurser/mvc/me/report/tests/Game21/GameActionsTest.php" line="74" assertions="4" time="0.000715"/>
        <testcase name="testWinningHandWithIntelligence" class="App\Tests\Game21\GameActionsTest" classname="App.Tests.Game21.GameActionsTest" file="/Users/nik/Sites/dbwebb-kurser/mvc/me/report/tests/Game21/GameActionsTest.php" line="95" assertions="6" time="0.015171"/>
        <testcase name="testWinningHandWithoutIntelligence" class="App\Tests\Game21\GameActionsTest" classname="App.Tests.Game21.GameActionsTest" file="/Users/nik/Sites/dbwebb-kurser/mvc/me/report/tests/Game21/GameActionsTest.php" line="158" assertions="3" time="0.009065"/>
        <testcase name="testGameOver" class="App\Tests\Game21\GameActionsTest" classname="App.Tests.Game21.GameActionsTest" file="/Users/nik/Sites/dbwebb-kurser/mvc/me/report/tests/Game21/GameActionsTest.php" line="206" assertions="1" time="0.003495"/>
      </testsuite>
      <testsuite name="App\Tests\Game21\GameTest" file="/Users/nik/Sites/dbwebb-kurser/mvc/me/report/tests/Game21/GameTest.php" tests="3" assertions="8" errors="0" warnings="0" failures="0" skipped="0" time="0.002499">
        <testcase name="testCreateInstance" class="App\Tests\Game21\GameTest" classname="App.Tests.Game21.GameTest" file="/Users/nik/Sites/dbwebb-kurser/mvc/me/report/tests/Game21/GameTest.php" line="24" assertions="2" time="0.000579"/>
        <testcase name="testCreateObject" class="App\Tests\Game21\GameTest" classname="App.Tests.Game21.GameTest" file="/Users/nik/Sites/dbwebb-kurser/mvc/me/report/tests/Game21/GameTest.php" line="33" assertions="5" time="0.001161"/>
        <testcase name="testGetterAndSetter" class="App\Tests\Game21\GameTest" classname="App.Tests.Game21.GameTest" file="/Users/nik/Sites/dbwebb-kurser/mvc/me/report/tests/Game21/GameTest.php" line="46" assertions="1" time="0.000759"/>
      </testsuite>
      <testsuite name="App\Tests\Game21\HandScoreTest" file="/Users/nik/Sites/dbwebb-kurser/mvc/me/report/tests/Game21/HandScoreTest.php" tests="2" assertions="22" errors="0" warnings="0" failures="0" skipped="0" time="0.001643">
        <testcase name="testCreateInstance" class="App\Tests\Game21\HandScoreTest" classname="App.Tests.Game21.HandScoreTest" file="/Users/nik/Sites/dbwebb-kurser/mvc/me/report/tests/Game21/HandScoreTest.php" line="32" assertions="8" time="0.000364"/>
        <testcase name="testCreateObject" class="App\Tests\Game21\HandScoreTest" classname="App.Tests.Game21.HandScoreTest" file="/Users/nik/Sites/dbwebb-kurser/mvc/me/report/tests/Game21/HandScoreTest.php" line="47" assertions="14" time="0.001280"/>
      </testsuite>
      <testsuite name="App\Tests\Game21\PlayerTest" file="/Users/nik/Sites/dbwebb-kurser/mvc/me/report/tests/Game21/PlayerTest.php" tests="2" assertions="4" errors="0" warnings="0" failures="0" skipped="0" time="0.000770">
        <testcase name="testCreateObject" class="App\Tests\Game21\PlayerTest" classname="App.Tests.Game21.PlayerTest" file="/Users/nik/Sites/dbwebb-kurser/mvc/me/report/tests/Game21/PlayerTest.php" line="23" assertions="3" time="0.000346"/>
        <testcase name="testGetterAndSetter" class="App\Tests\Game21\PlayerTest" classname="App.Tests.Game21.PlayerTest" file="/Users/nik/Sites/dbwebb-kurser/mvc/me/report/tests/Game21/PlayerTest.php" line="34" assertions="1" time="0.000425"/>
      </testsuite>
      <testsuite name="App\Tests\Poker\CommunityTest" file="/Users/nik/Sites/dbwebb-kurser/mvc/me/report/tests/Poker/CommunityTest.php" tests="1" assertions="9" errors="0" warnings="0" failures="0" skipped="0" time="0.000752">
        <testcase name="testCreateObject" class="App\Tests\Poker\CommunityTest" classname="App.Tests.Poker.CommunityTest" file="/Users/nik/Sites/dbwebb-kurser/mvc/me/report/tests/Poker/CommunityTest.php" line="26" assertions="9" time="0.000752"/>
      </testsuite>
      <testsuite name="App\Tests\Poker\DeckTest" file="/Users/nik/Sites/dbwebb-kurser/mvc/me/report/tests/Poker/DeckTest.php" tests="6" assertions="134" errors="0" warnings="0" failures="0" skipped="0" time="0.092829">
        <testcase name="testCreateDeck" class="App\Tests\Poker\DeckTest" classname="App.Tests.Poker.DeckTest" file="/Users/nik/Sites/dbwebb-kurser/mvc/me/report/tests/Poker/DeckTest.php" line="30" assertions="9" time="0.000666"/>
        <testcase name="testShuffleDeck" class="App\Tests\Poker\DeckTest" classname="App.Tests.Poker.DeckTest" file="/Users/nik/Sites/dbwebb-kurser/mvc/me/report/tests/Poker/DeckTest.php" line="56" assertions="2" time="0.000634"/>
        <testcase name="testDrawCardsFromDeck" class="App\Tests\Poker\DeckTest" classname="App.Tests.Poker.DeckTest" file="/Users/nik/Sites/dbwebb-kurser/mvc/me/report/tests/Poker/DeckTest.php" line="73" assertions="104" time="0.001578"/>
        <testcase name="testAddCardsToDeck" class="App\Tests\Poker\DeckTest" classname="App.Tests.Poker.DeckTest" file="/Users/nik/Sites/dbwebb-kurser/mvc/me/report/tests/Poker/DeckTest.php" line="89" assertions="2" time="0.004777"/>
        <testcase name="testFaceMethods" class="App\Tests\Poker\DeckTest" classname="App.Tests.Poker.DeckTest" file="/Users/nik/Sites/dbwebb-kurser/mvc/me/report/tests/Poker/DeckTest.php" line="105" assertions="4" time="0.001002"/>
        <testcase name="testHand" class="App\Tests\Poker\DeckTest" classname="App.Tests.Poker.DeckTest" file="/Users/nik/Sites/dbwebb-kurser/mvc/me/report/tests/Poker/DeckTest.php" line="123" assertions="13" time="0.084171"/>
      </testsuite>
      <testsuite name="App\Tests\Poker\GameFoundationTest" file="/Users/nik/Sites/dbwebb-kurser/mvc/me/report/tests/Poker/GameFoundationTest.php" tests="1" assertions="10" errors="0" warnings="0" failures="0" skipped="0" time="0.000792">
        <testcase name="testCreateObject" class="App\Tests\Poker\GameFoundationTest" classname="App.Tests.Poker.GameFoundationTest" file="/Users/nik/Sites/dbwebb-kurser/mvc/me/report/tests/Poker/GameFoundationTest.php" line="25" assertions="10" time="0.000792"/>
      </testsuite>
      <testsuite name="App\Tests\Poker\LogTest" file="/Users/nik/Sites/dbwebb-kurser/mvc/me/report/tests/Poker/LogTest.php" tests="1" assertions="1" errors="0" warnings="0" failures="0" skipped="0" time="0.000343">
        <testcase name="testCreateObject" class="App\Tests\Poker\LogTest" classname="App.Tests.Poker.LogTest" file="/Users/nik/Sites/dbwebb-kurser/mvc/me/report/tests/Poker/LogTest.php" line="24" assertions="1" time="0.000343"/>
      </testsuite>
      <testsuite name="App\Tests\Poker\PlayerTest" file="/Users/nik/Sites/dbwebb-kurser/mvc/me/report/tests/Poker/PlayerTest.php" tests="1" assertions="17" errors="0" warnings="0" failures="0" skipped="0" time="0.001166">
        <testcase name="testCreateObject" class="App\Tests\Poker\PlayerTest" classname="App.Tests.Poker.PlayerTest" file="/Users/nik/Sites/dbwebb-kurser/mvc/me/report/tests/Poker/PlayerTest.php" line="28" assertions="17" time="0.001166"/>
      </testsuite>
      <testsuite name="App\Tests\Repository\BookRepositoryTest" file="/Users/nik/Sites/dbwebb-kurser/mvc/me/report/tests/Repository/BookRepositoryTest.php" tests="1" assertions="1" errors="0" warnings="0" failures="0" skipped="0" time="0.012844">
        <testcase name="testCreateObject" class="App\Tests\Repository\BookRepositoryTest" classname="App.Tests.Repository.BookRepositoryTest" file="/Users/nik/Sites/dbwebb-kurser/mvc/me/report/tests/Repository/BookRepositoryTest.php" line="25" assertions="1" time="0.012844"/>
      </testsuite>
      <testsuite name="App\Tests\Repository\CommunityRepositoryTest" file="/Users/nik/Sites/dbwebb-kurser/mvc/me/report/tests/Repository/CommunityRepositoryTest.php" tests="1" assertions="1" errors="0" warnings="0" failures="0" skipped="0" time="0.000418">
        <testcase name="testCreateObject" class="App\Tests\Repository\CommunityRepositoryTest" classname="App.Tests.Repository.CommunityRepositoryTest" file="/Users/nik/Sites/dbwebb-kurser/mvc/me/report/tests/Repository/CommunityRepositoryTest.php" line="25" assertions="1" time="0.000418"/>
      </testsuite>
      <testsuite name="App\Tests\Repository\LogRepositoryTest" file="/Users/nik/Sites/dbwebb-kurser/mvc/me/report/tests/Repository/LogRepositoryTest.php" tests="1" assertions="1" errors="0" warnings="0" failures="0" skipped="0" time="0.000412">
        <testcase name="testCreateObject" class="App\Tests\Repository\LogRepositoryTest" classname="App.Tests.Repository.LogRepositoryTest" file="/Users/nik/Sites/dbwebb-kurser/mvc/me/report/tests/Repository/LogRepositoryTest.php" line="25" assertions="1" time="0.000412"/>
      </testsuite>
      <testsuite name="App\Tests\Repository\PlayersRepositoryTest" file="/Users/nik/Sites/dbwebb-kurser/mvc/me/report/tests/Repository/PlayersRepositoryTest.php" tests="1" assertions="1" errors="0" warnings="0" failures="0" skipped="0" time="0.000410">
        <testcase name="testCreateObject" class="App\Tests\Repository\PlayersRepositoryTest" classname="App.Tests.Repository.PlayersRepositoryTest" file="/Users/nik/Sites/dbwebb-kurser/mvc/me/report/tests/Repository/PlayersRepositoryTest.php" line="25" assertions="1" time="0.000410"/>
      </testsuite>
    </testsuite>
  </testsuite>
</testsuites>
