<?xml version="1.0" encoding="UTF-8"?>
<testsuites>
  <testsuite name="" tests="78" assertions="511" errors="0" warnings="0" failures="0" skipped="0" time="1.583174">
    <testsuite name="Project Test Suite" tests="78" assertions="511" errors="0" warnings="0" failures="0" skipped="0" time="1.583174">
      <testsuite name="App\Cards\CardGraphicTest" file="/Users/nik/Sites/dbwebb-kurser/mvc/me/report/tests/Cards/CardGraphicTest.php" tests="3" assertions="112" errors="0" warnings="0" failures="0" skipped="0" time="0.010026">
        <testcase name="testCreateObject" class="App\Cards\CardGraphicTest" classname="App.Cards.CardGraphicTest" file="/Users/nik/Sites/dbwebb-kurser/mvc/me/report/tests/Cards/CardGraphicTest.php" line="19" assertions="2" time="0.007789"/>
        <testcase name="testStringValues" class="App\Cards\CardGraphicTest" classname="App.Cards.CardGraphicTest" file="/Users/nik/Sites/dbwebb-kurser/mvc/me/report/tests/Cards/CardGraphicTest.php" line="28" assertions="54" time="0.000787"/>
        <testcase name="testTextValues" class="App\Cards\CardGraphicTest" classname="App.Cards.CardGraphicTest" file="/Users/nik/Sites/dbwebb-kurser/mvc/me/report/tests/Cards/CardGraphicTest.php" line="39" assertions="56" time="0.001449"/>
      </testsuite>
      <testsuite name="App\Cards\CardTest" file="/Users/nik/Sites/dbwebb-kurser/mvc/me/report/tests/Cards/CardTest.php" tests="3" assertions="110" errors="0" warnings="0" failures="0" skipped="0" time="0.002567">
        <testcase name="testCreateObject" class="App\Cards\CardTest" classname="App.Cards.CardTest" file="/Users/nik/Sites/dbwebb-kurser/mvc/me/report/tests/Cards/CardTest.php" line="19" assertions="108" time="0.000933"/>
        <testcase name="testCreateObjectWithTooLargeArgument" class="App\Cards\CardTest" classname="App.Cards.CardTest" file="/Users/nik/Sites/dbwebb-kurser/mvc/me/report/tests/Cards/CardTest.php" line="31" assertions="1" time="0.001317"/>
        <testcase name="testCreateObjectWithTooSmallArgument" class="App\Cards\CardTest" classname="App.Cards.CardTest" file="/Users/nik/Sites/dbwebb-kurser/mvc/me/report/tests/Cards/CardTest.php" line="38" assertions="1" time="0.000317"/>
      </testsuite>
      <testsuite name="App\Cards\DeckTest" file="/Users/nik/Sites/dbwebb-kurser/mvc/me/report/tests/Cards/DeckTest.php" tests="4" assertions="119" errors="0" warnings="0" failures="0" skipped="0" time="0.016611">
        <testcase name="testCreateDeck" class="App\Cards\DeckTest" classname="App.Cards.DeckTest" file="/Users/nik/Sites/dbwebb-kurser/mvc/me/report/tests/Cards/DeckTest.php" line="18" assertions="3" time="0.001675"/>
        <testcase name="testShuffleDeck" class="App\Cards\DeckTest" classname="App.Cards.DeckTest" file="/Users/nik/Sites/dbwebb-kurser/mvc/me/report/tests/Cards/DeckTest.php" line="31" assertions="6" time="0.008345"/>
        <testcase name="testDrawCardsFromDeck" class="App\Cards\DeckTest" classname="App.Cards.DeckTest" file="/Users/nik/Sites/dbwebb-kurser/mvc/me/report/tests/Cards/DeckTest.php" line="61" assertions="108" time="0.002067"/>
        <testcase name="testAddCardsToDeck" class="App\Cards\DeckTest" classname="App.Cards.DeckTest" file="/Users/nik/Sites/dbwebb-kurser/mvc/me/report/tests/Cards/DeckTest.php" line="75" assertions="2" time="0.004525"/>
      </testsuite>
      <testsuite name="App\Cards\HandTest" file="/Users/nik/Sites/dbwebb-kurser/mvc/me/report/tests/Cards/HandTest.php" tests="1" assertions="8" errors="0" warnings="0" failures="0" skipped="0" time="0.006780">
        <testcase name="testCreateObject" class="App\Cards\HandTest" classname="App.Cards.HandTest" file="/Users/nik/Sites/dbwebb-kurser/mvc/me/report/tests/Cards/HandTest.php" line="18" assertions="8" time="0.006780"/>
      </testsuite>
      <testsuite name="App\Tests\Controller\CardAPIControllerTest" file="/Users/nik/Sites/dbwebb-kurser/mvc/me/report/tests/Controller/CardAPIControllerTest.php" tests="8" assertions="17" errors="0" warnings="0" failures="0" skipped="0" time="0.346180">
        <testcase name="testCardAPIController" class="App\Tests\Controller\CardAPIControllerTest" classname="App.Tests.Controller.CardAPIControllerTest" file="/Users/nik/Sites/dbwebb-kurser/mvc/me/report/tests/Controller/CardAPIControllerTest.php" line="21" assertions="1" time="0.003586"/>
        <testcase name="testAPIDeck" class="App\Tests\Controller\CardAPIControllerTest" classname="App.Tests.Controller.CardAPIControllerTest" file="/Users/nik/Sites/dbwebb-kurser/mvc/me/report/tests/Controller/CardAPIControllerTest.php" line="28" assertions="4" time="0.259007"/>
        <testcase name="testAPIDeckShuffle" class="App\Tests\Controller\CardAPIControllerTest" classname="App.Tests.Controller.CardAPIControllerTest" file="/Users/nik/Sites/dbwebb-kurser/mvc/me/report/tests/Controller/CardAPIControllerTest.php" line="51" assertions="2" time="0.011530"/>
        <testcase name="testAPIDeckDraw" class="App\Tests\Controller\CardAPIControllerTest" classname="App.Tests.Controller.CardAPIControllerTest" file="/Users/nik/Sites/dbwebb-kurser/mvc/me/report/tests/Controller/CardAPIControllerTest.php" line="67" assertions="2" time="0.011131"/>
        <testcase name="testAPIDeckDrawNumber" class="App\Tests\Controller\CardAPIControllerTest" classname="App.Tests.Controller.CardAPIControllerTest" file="/Users/nik/Sites/dbwebb-kurser/mvc/me/report/tests/Controller/CardAPIControllerTest.php" line="83" assertions="2" time="0.015846"/>
        <testcase name="testAPIDeckDrawNumberPost" class="App\Tests\Controller\CardAPIControllerTest" classname="App.Tests.Controller.CardAPIControllerTest" file="/Users/nik/Sites/dbwebb-kurser/mvc/me/report/tests/Controller/CardAPIControllerTest.php" line="99" assertions="2" time="0.023695"/>
        <testcase name="testAPIDeckDealPlayersCards" class="App\Tests\Controller\CardAPIControllerTest" classname="App.Tests.Controller.CardAPIControllerTest" file="/Users/nik/Sites/dbwebb-kurser/mvc/me/report/tests/Controller/CardAPIControllerTest.php" line="107" assertions="2" time="0.010069"/>
        <testcase name="testAPIDeckDealPlayersCardsPost" class="App\Tests\Controller\CardAPIControllerTest" classname="App.Tests.Controller.CardAPIControllerTest" file="/Users/nik/Sites/dbwebb-kurser/mvc/me/report/tests/Controller/CardAPIControllerTest.php" line="123" assertions="2" time="0.011316"/>
      </testsuite>
      <testsuite name="App\Tests\Controller\CardControllerTest" file="/Users/nik/Sites/dbwebb-kurser/mvc/me/report/tests/Controller/CardControllerTest.php" tests="8" assertions="20" errors="0" warnings="0" failures="0" skipped="0" time="0.161428">
        <testcase name="testCardController" class="App\Tests\Controller\CardControllerTest" classname="App.Tests.Controller.CardControllerTest" file="/Users/nik/Sites/dbwebb-kurser/mvc/me/report/tests/Controller/CardControllerTest.php" line="21" assertions="1" time="0.000368"/>
        <testcase name="testCard" class="App\Tests\Controller\CardControllerTest" classname="App.Tests.Controller.CardControllerTest" file="/Users/nik/Sites/dbwebb-kurser/mvc/me/report/tests/Controller/CardControllerTest.php" line="28" assertions="3" time="0.030650"/>
        <testcase name="testCardDeck" class="App\Tests\Controller\CardControllerTest" classname="App.Tests.Controller.CardControllerTest" file="/Users/nik/Sites/dbwebb-kurser/mvc/me/report/tests/Controller/CardControllerTest.php" line="37" assertions="6" time="0.029915"/>
        <testcase name="testCardDeckReset" class="App\Tests\Controller\CardControllerTest" classname="App.Tests.Controller.CardControllerTest" file="/Users/nik/Sites/dbwebb-kurser/mvc/me/report/tests/Controller/CardControllerTest.php" line="61" assertions="2" time="0.012153"/>
        <testcase name="testCardDeckShuffle" class="App\Tests\Controller\CardControllerTest" classname="App.Tests.Controller.CardControllerTest" file="/Users/nik/Sites/dbwebb-kurser/mvc/me/report/tests/Controller/CardControllerTest.php" line="69" assertions="2" time="0.026240"/>
        <testcase name="testCardDeckDraw" class="App\Tests\Controller\CardControllerTest" classname="App.Tests.Controller.CardControllerTest" file="/Users/nik/Sites/dbwebb-kurser/mvc/me/report/tests/Controller/CardControllerTest.php" line="85" assertions="2" time="0.018761"/>
        <testcase name="testCardDeckDrawNumber" class="App\Tests\Controller\CardControllerTest" classname="App.Tests.Controller.CardControllerTest" file="/Users/nik/Sites/dbwebb-kurser/mvc/me/report/tests/Controller/CardControllerTest.php" line="101" assertions="2" time="0.018579"/>
        <testcase name="testCardDeckDealPlayersCards" class="App\Tests\Controller\CardControllerTest" classname="App.Tests.Controller.CardControllerTest" file="/Users/nik/Sites/dbwebb-kurser/mvc/me/report/tests/Controller/CardControllerTest.php" line="117" assertions="2" time="0.024762"/>
      </testsuite>
      <testsuite name="App\Tests\Controller\GameAPIControllerTest" file="/Users/nik/Sites/dbwebb-kurser/mvc/me/report/tests/Controller/GameAPIControllerTest.php" tests="2" assertions="2" errors="0" warnings="0" failures="0" skipped="0" time="0.015053">
        <testcase name="testGameAPIController" class="App\Tests\Controller\GameAPIControllerTest" classname="App.Tests.Controller.GameAPIControllerTest" file="/Users/nik/Sites/dbwebb-kurser/mvc/me/report/tests/Controller/GameAPIControllerTest.php" line="20" assertions="1" time="0.001511"/>
        <testcase name="testAPIGame" class="App\Tests\Controller\GameAPIControllerTest" classname="App.Tests.Controller.GameAPIControllerTest" file="/Users/nik/Sites/dbwebb-kurser/mvc/me/report/tests/Controller/GameAPIControllerTest.php" line="27" assertions="1" time="0.013543"/>
      </testsuite>
      <testsuite name="App\Tests\Controller\GameControllerTest" file="/Users/nik/Sites/dbwebb-kurser/mvc/me/report/tests/Controller/GameControllerTest.php" tests="9" assertions="18" errors="0" warnings="0" failures="0" skipped="0" time="0.109909">
        <testcase name="testGameController" class="App\Tests\Controller\GameControllerTest" classname="App.Tests.Controller.GameControllerTest" file="/Users/nik/Sites/dbwebb-kurser/mvc/me/report/tests/Controller/GameControllerTest.php" line="21" assertions="1" time="0.000377"/>
        <testcase name="testGame" class="App\Tests\Controller\GameControllerTest" classname="App.Tests.Controller.GameControllerTest" file="/Users/nik/Sites/dbwebb-kurser/mvc/me/report/tests/Controller/GameControllerTest.php" line="28" assertions="3" time="0.015080"/>
        <testcase name="testDoc" class="App\Tests\Controller\GameControllerTest" classname="App.Tests.Controller.GameControllerTest" file="/Users/nik/Sites/dbwebb-kurser/mvc/me/report/tests/Controller/GameControllerTest.php" line="37" assertions="3" time="0.012947"/>
        <testcase name="testDojo" class="App\Tests\Controller\GameControllerTest" classname="App.Tests.Controller.GameControllerTest" file="/Users/nik/Sites/dbwebb-kurser/mvc/me/report/tests/Controller/GameControllerTest.php" line="46" assertions="1" time="0.017818"/>
        <testcase name="testGamePlayerDrawsProcess" class="App\Tests\Controller\GameControllerTest" classname="App.Tests.Controller.GameControllerTest" file="/Users/nik/Sites/dbwebb-kurser/mvc/me/report/tests/Controller/GameControllerTest.php" line="54" assertions="2" time="0.013602"/>
        <testcase name="testGamePlayerBetsProcess" class="App\Tests\Controller\GameControllerTest" classname="App.Tests.Controller.GameControllerTest" file="/Users/nik/Sites/dbwebb-kurser/mvc/me/report/tests/Controller/GameControllerTest.php" line="62" assertions="2" time="0.012870"/>
        <testcase name="testGamePlayerWinsProcess" class="App\Tests\Controller\GameControllerTest" classname="App.Tests.Controller.GameControllerTest" file="/Users/nik/Sites/dbwebb-kurser/mvc/me/report/tests/Controller/GameControllerTest.php" line="70" assertions="2" time="0.012457"/>
        <testcase name="testGameOverProcess" class="App\Tests\Controller\GameControllerTest" classname="App.Tests.Controller.GameControllerTest" file="/Users/nik/Sites/dbwebb-kurser/mvc/me/report/tests/Controller/GameControllerTest.php" line="78" assertions="2" time="0.012082"/>
        <testcase name="testGameOptionsProcess" class="App\Tests\Controller\GameControllerTest" classname="App.Tests.Controller.GameControllerTest" file="/Users/nik/Sites/dbwebb-kurser/mvc/me/report/tests/Controller/GameControllerTest.php" line="86" assertions="2" time="0.012676"/>
      </testsuite>
      <testsuite name="App\Tests\Controller\HomeControllerTest" file="/Users/nik/Sites/dbwebb-kurser/mvc/me/report/tests/Controller/HomeControllerTest.php" tests="7" assertions="7" errors="0" warnings="0" failures="0" skipped="0" time="0.089185">
        <testcase name="testHomeController" class="App\Tests\Controller\HomeControllerTest" classname="App.Tests.Controller.HomeControllerTest" file="/Users/nik/Sites/dbwebb-kurser/mvc/me/report/tests/Controller/HomeControllerTest.php" line="19" assertions="1" time="0.000821"/>
        <testcase name="testHome" class="App\Tests\Controller\HomeControllerTest" classname="App.Tests.Controller.HomeControllerTest" file="/Users/nik/Sites/dbwebb-kurser/mvc/me/report/tests/Controller/HomeControllerTest.php" line="26" assertions="1" time="0.014624"/>
        <testcase name="testAbout" class="App\Tests\Controller\HomeControllerTest" classname="App.Tests.Controller.HomeControllerTest" file="/Users/nik/Sites/dbwebb-kurser/mvc/me/report/tests/Controller/HomeControllerTest.php" line="34" assertions="1" time="0.011693"/>
        <testcase name="testMetrics" class="App\Tests\Controller\HomeControllerTest" classname="App.Tests.Controller.HomeControllerTest" file="/Users/nik/Sites/dbwebb-kurser/mvc/me/report/tests/Controller/HomeControllerTest.php" line="42" assertions="1" time="0.013712"/>
        <testcase name="testReport" class="App\Tests\Controller\HomeControllerTest" classname="App.Tests.Controller.HomeControllerTest" file="/Users/nik/Sites/dbwebb-kurser/mvc/me/report/tests/Controller/HomeControllerTest.php" line="50" assertions="1" time="0.017464"/>
        <testcase name="testLucky" class="App\Tests\Controller\HomeControllerTest" classname="App.Tests.Controller.HomeControllerTest" file="/Users/nik/Sites/dbwebb-kurser/mvc/me/report/tests/Controller/HomeControllerTest.php" line="58" assertions="1" time="0.015685"/>
        <testcase name="testAPI" class="App\Tests\Controller\HomeControllerTest" classname="App.Tests.Controller.HomeControllerTest" file="/Users/nik/Sites/dbwebb-kurser/mvc/me/report/tests/Controller/HomeControllerTest.php" line="66" assertions="1" time="0.015186"/>
      </testsuite>
      <testsuite name="App\Tests\Controller\LibraryControllerTest" file="/Users/nik/Sites/dbwebb-kurser/mvc/me/report/tests/Controller/LibraryControllerTest.php" tests="9" assertions="20" errors="0" warnings="0" failures="0" skipped="0" time="0.240283">
        <testcase name="testLibraryController" class="App\Tests\Controller\LibraryControllerTest" classname="App.Tests.Controller.LibraryControllerTest" file="/Users/nik/Sites/dbwebb-kurser/mvc/me/report/tests/Controller/LibraryControllerTest.php" line="20" assertions="1" time="0.001068"/>
        <testcase name="testLibrary" class="App\Tests\Controller\LibraryControllerTest" classname="App.Tests.Controller.LibraryControllerTest" file="/Users/nik/Sites/dbwebb-kurser/mvc/me/report/tests/Controller/LibraryControllerTest.php" line="27" assertions="1" time="0.014307"/>
        <testcase name="testLibraryView" class="App\Tests\Controller\LibraryControllerTest" classname="App.Tests.Controller.LibraryControllerTest" file="/Users/nik/Sites/dbwebb-kurser/mvc/me/report/tests/Controller/LibraryControllerTest.php" line="35" assertions="3" time="0.069270"/>
        <testcase name="testLibraryViewId" class="App\Tests\Controller\LibraryControllerTest" classname="App.Tests.Controller.LibraryControllerTest" file="/Users/nik/Sites/dbwebb-kurser/mvc/me/report/tests/Controller/LibraryControllerTest.php" line="44" assertions="3" time="0.029242"/>
        <testcase name="testLibraryEditId" class="App\Tests\Controller\LibraryControllerTest" classname="App.Tests.Controller.LibraryControllerTest" file="/Users/nik/Sites/dbwebb-kurser/mvc/me/report/tests/Controller/LibraryControllerTest.php" line="55" assertions="3" time="0.028250"/>
        <testcase name="testLibraryNew" class="App\Tests\Controller\LibraryControllerTest" classname="App.Tests.Controller.LibraryControllerTest" file="/Users/nik/Sites/dbwebb-kurser/mvc/me/report/tests/Controller/LibraryControllerTest.php" line="66" assertions="3" time="0.016383"/>
        <testcase name="testLibraryReset" class="App\Tests\Controller\LibraryControllerTest" classname="App.Tests.Controller.LibraryControllerTest" file="/Users/nik/Sites/dbwebb-kurser/mvc/me/report/tests/Controller/LibraryControllerTest.php" line="75" assertions="3" time="0.012354"/>
        <testcase name="testAPILibraryBooks" class="App\Tests\Controller\LibraryControllerTest" classname="App.Tests.Controller.LibraryControllerTest" file="/Users/nik/Sites/dbwebb-kurser/mvc/me/report/tests/Controller/LibraryControllerTest.php" line="84" assertions="1" time="0.023741"/>
        <testcase name="testAPILibraryBookISBN" class="App\Tests\Controller\LibraryControllerTest" classname="App.Tests.Controller.LibraryControllerTest" file="/Users/nik/Sites/dbwebb-kurser/mvc/me/report/tests/Controller/LibraryControllerTest.php" line="93" assertions="2" time="0.045669"/>
      </testsuite>
      <testsuite name="App\Tests\Controller\LibraryProcessControllerTest" file="/Users/nik/Sites/dbwebb-kurser/mvc/me/report/tests/Controller/LibraryProcessControllerTest.php" tests="2" assertions="15" errors="0" warnings="0" failures="0" skipped="0" time="0.471001">
        <testcase name="testLibraryProcessController" class="App\Tests\Controller\LibraryProcessControllerTest" classname="App.Tests.Controller.LibraryProcessControllerTest" file="/Users/nik/Sites/dbwebb-kurser/mvc/me/report/tests/Controller/LibraryProcessControllerTest.php" line="27" assertions="1" time="0.000888"/>
        <testcase name="testLibraryProcess" class="App\Tests\Controller\LibraryProcessControllerTest" classname="App.Tests.Controller.LibraryProcessControllerTest" file="/Users/nik/Sites/dbwebb-kurser/mvc/me/report/tests/Controller/LibraryProcessControllerTest.php" line="34" assertions="14" time="0.470113"/>
      </testsuite>
      <testsuite name="App\Tests\Controller\ProcessControllerTest" file="/Users/nik/Sites/dbwebb-kurser/mvc/me/report/tests/Controller/ProcessControllerTest.php" tests="5" assertions="9" errors="0" warnings="0" failures="0" skipped="0" time="0.047262">
        <testcase name="testProcessController" class="App\Tests\Controller\ProcessControllerTest" classname="App.Tests.Controller.ProcessControllerTest" file="/Users/nik/Sites/dbwebb-kurser/mvc/me/report/tests/Controller/ProcessControllerTest.php" line="20" assertions="1" time="0.000378"/>
        <testcase name="testSession" class="App\Tests\Controller\ProcessControllerTest" classname="App.Tests.Controller.ProcessControllerTest" file="/Users/nik/Sites/dbwebb-kurser/mvc/me/report/tests/Controller/ProcessControllerTest.php" line="27" assertions="2" time="0.012097"/>
        <testcase name="testSessionDelete" class="App\Tests\Controller\ProcessControllerTest" classname="App.Tests.Controller.ProcessControllerTest" file="/Users/nik/Sites/dbwebb-kurser/mvc/me/report/tests/Controller/ProcessControllerTest.php" line="39" assertions="2" time="0.008646"/>
        <testcase name="testCardDeckDrawProcess" class="App\Tests\Controller\ProcessControllerTest" classname="App.Tests.Controller.ProcessControllerTest" file="/Users/nik/Sites/dbwebb-kurser/mvc/me/report/tests/Controller/ProcessControllerTest.php" line="47" assertions="2" time="0.011277"/>
        <testcase name="testCardDeckDealProcess" class="App\Tests\Controller\ProcessControllerTest" classname="App.Tests.Controller.ProcessControllerTest" file="/Users/nik/Sites/dbwebb-kurser/mvc/me/report/tests/Controller/ProcessControllerTest.php" line="55" assertions="2" time="0.014864"/>
      </testsuite>
      <testsuite name="App\Tests\Controller\QuotationsControllerTest" file="/Users/nik/Sites/dbwebb-kurser/mvc/me/report/tests/Controller/QuotationsControlerTest.php" tests="2" assertions="2" errors="0" warnings="0" failures="0" skipped="0" time="0.008189">
        <testcase name="testQuotationsController" class="App\Tests\Controller\QuotationsControllerTest" classname="App.Tests.Controller.QuotationsControllerTest" file="/Users/nik/Sites/dbwebb-kurser/mvc/me/report/tests/Controller/QuotationsControlerTest.php" line="19" assertions="1" time="0.000786"/>
        <testcase name="testAPIDeck" class="App\Tests\Controller\QuotationsControllerTest" classname="App.Tests.Controller.QuotationsControllerTest" file="/Users/nik/Sites/dbwebb-kurser/mvc/me/report/tests/Controller/QuotationsControlerTest.php" line="26" assertions="1" time="0.007403"/>
      </testsuite>
      <testsuite name="App\Tests\Entity\BookTest" file="/Users/nik/Sites/dbwebb-kurser/mvc/me/report/tests/Entity/BookTest.php" tests="1" assertions="6" errors="0" warnings="0" failures="0" skipped="0" time="0.000400">
        <testcase name="testCreateObject" class="App\Tests\Entity\BookTest" classname="App.Tests.Entity.BookTest" file="/Users/nik/Sites/dbwebb-kurser/mvc/me/report/tests/Entity/BookTest.php" line="20" assertions="6" time="0.000400"/>
      </testsuite>
      <testsuite name="App\Tests\Game21\GameActionsTest" file="/Users/nik/Sites/dbwebb-kurser/mvc/me/report/tests/Game21/GameActionsTest.php" tests="6" assertions="18" errors="0" warnings="0" failures="0" skipped="0" time="0.044194">
        <testcase name="testPlayerDraws" class="App\Tests\Game21\GameActionsTest" classname="App.Tests.Game21.GameActionsTest" file="/Users/nik/Sites/dbwebb-kurser/mvc/me/report/tests/Game21/GameActionsTest.php" line="23" assertions="2" time="0.004431"/>
        <testcase name="testDeckReassembly" class="App\Tests\Game21\GameActionsTest" classname="App.Tests.Game21.GameActionsTest" file="/Users/nik/Sites/dbwebb-kurser/mvc/me/report/tests/Game21/GameActionsTest.php" line="37" assertions="2" time="0.031773"/>
        <testcase name="testNegativeBet" class="App\Tests\Game21\GameActionsTest" classname="App.Tests.Game21.GameActionsTest" file="/Users/nik/Sites/dbwebb-kurser/mvc/me/report/tests/Game21/GameActionsTest.php" line="54" assertions="1" time="0.000520"/>
        <testcase name="testTooLargeBet" class="App\Tests\Game21\GameActionsTest" classname="App.Tests.Game21.GameActionsTest" file="/Users/nik/Sites/dbwebb-kurser/mvc/me/report/tests/Game21/GameActionsTest.php" line="62" assertions="1" time="0.000475"/>
        <testcase name="testCorrectBet" class="App\Tests\Game21\GameActionsTest" classname="App.Tests.Game21.GameActionsTest" file="/Users/nik/Sites/dbwebb-kurser/mvc/me/report/tests/Game21/GameActionsTest.php" line="70" assertions="4" time="0.000488"/>
        <testcase name="testWinningHand" class="App\Tests\Game21\GameActionsTest" classname="App.Tests.Game21.GameActionsTest" file="/Users/nik/Sites/dbwebb-kurser/mvc/me/report/tests/Game21/GameActionsTest.php" line="87" assertions="8" time="0.006507"/>
      </testsuite>
      <testsuite name="App\Tests\Game21\GameTest" file="/Users/nik/Sites/dbwebb-kurser/mvc/me/report/tests/Game21/GameTest.php" tests="4" assertions="8" errors="0" warnings="0" failures="0" skipped="0" time="0.002590">
        <testcase name="testCreateObject" class="App\Tests\Game21\GameTest" classname="App.Tests.Game21.GameTest" file="/Users/nik/Sites/dbwebb-kurser/mvc/me/report/tests/Game21/GameTest.php" line="20" assertions="5" time="0.001242"/>
        <testcase name="testCreateObjectWithTooLargeArgument" class="App\Tests\Game21\GameTest" classname="App.Tests.Game21.GameTest" file="/Users/nik/Sites/dbwebb-kurser/mvc/me/report/tests/Game21/GameTest.php" line="31" assertions="1" time="0.000346"/>
        <testcase name="testCreateObjectWithTooSmallArgument" class="App\Tests\Game21\GameTest" classname="App.Tests.Game21.GameTest" file="/Users/nik/Sites/dbwebb-kurser/mvc/me/report/tests/Game21/GameTest.php" line="38" assertions="1" time="0.000348"/>
        <testcase name="testGetterAndSetter" class="App\Tests\Game21\GameTest" classname="App.Tests.Game21.GameTest" file="/Users/nik/Sites/dbwebb-kurser/mvc/me/report/tests/Game21/GameTest.php" line="45" assertions="1" time="0.000654"/>
      </testsuite>
      <testsuite name="App\Tests\Game21\HandScoreTest" file="/Users/nik/Sites/dbwebb-kurser/mvc/me/report/tests/Game21/HandScoreTest.php" tests="1" assertions="15" errors="0" warnings="0" failures="0" skipped="0" time="0.001037">
        <testcase name="testCreateObject" class="App\Tests\Game21\HandScoreTest" classname="App.Tests.Game21.HandScoreTest" file="/Users/nik/Sites/dbwebb-kurser/mvc/me/report/tests/Game21/HandScoreTest.php" line="21" assertions="15" time="0.001037"/>
      </testsuite>
      <testsuite name="App\Tests\Game21\PlayerTest" file="/Users/nik/Sites/dbwebb-kurser/mvc/me/report/tests/Game21/PlayerTest.php" tests="2" assertions="4" errors="0" warnings="0" failures="0" skipped="0" time="0.000704">
        <testcase name="testCreateObject" class="App\Tests\Game21\PlayerTest" classname="App.Tests.Game21.PlayerTest" file="/Users/nik/Sites/dbwebb-kurser/mvc/me/report/tests/Game21/PlayerTest.php" line="19" assertions="3" time="0.000325"/>
        <testcase name="testGetterAndSetter" class="App\Tests\Game21\PlayerTest" classname="App.Tests.Game21.PlayerTest" file="/Users/nik/Sites/dbwebb-kurser/mvc/me/report/tests/Game21/PlayerTest.php" line="28" assertions="1" time="0.000379"/>
      </testsuite>
      <testsuite name="App\Tests\Repository\BookRepositoryTest" file="/Users/nik/Sites/dbwebb-kurser/mvc/me/report/tests/Repository/BookRepositoryTest.php" tests="1" assertions="1" errors="0" warnings="0" failures="0" skipped="0" time="0.009773">
        <testcase name="testCreateObject" class="App\Tests\Repository\BookRepositoryTest" classname="App.Tests.Repository.BookRepositoryTest" file="/Users/nik/Sites/dbwebb-kurser/mvc/me/report/tests/Repository/BookRepositoryTest.php" line="21" assertions="1" time="0.009773"/>
      </testsuite>
    </testsuite>
  </testsuite>
</testsuites>
