<?xml version="1.0" encoding="UTF-8"?>
<testsuites>
  <testsuite name="" tests="68" assertions="501" errors="0" warnings="0" failures="0" skipped="0" time="4.253644">
    <testsuite name="Project Test Suite" tests="68" assertions="501" errors="0" warnings="0" failures="0" skipped="0" time="4.253644">
      <testsuite name="App\Cards\CardGraphicTest" file="/Users/nik/Sites/dbwebb-kurser/mvc/me/report/tests/Cards/CardGraphicTest.php" tests="3" assertions="112" errors="0" warnings="0" failures="0" skipped="0" time="0.009995">
        <testcase name="testCreateObject" class="App\Cards\CardGraphicTest" classname="App.Cards.CardGraphicTest" file="/Users/nik/Sites/dbwebb-kurser/mvc/me/report/tests/Cards/CardGraphicTest.php" line="19" assertions="2" time="0.007761"/>
        <testcase name="testStringValues" class="App\Cards\CardGraphicTest" classname="App.Cards.CardGraphicTest" file="/Users/nik/Sites/dbwebb-kurser/mvc/me/report/tests/Cards/CardGraphicTest.php" line="28" assertions="54" time="0.000770"/>
        <testcase name="testTextValues" class="App\Cards\CardGraphicTest" classname="App.Cards.CardGraphicTest" file="/Users/nik/Sites/dbwebb-kurser/mvc/me/report/tests/Cards/CardGraphicTest.php" line="39" assertions="56" time="0.001464"/>
      </testsuite>
      <testsuite name="App\Cards\CardTest" file="/Users/nik/Sites/dbwebb-kurser/mvc/me/report/tests/Cards/CardTest.php" tests="3" assertions="110" errors="0" warnings="0" failures="0" skipped="0" time="0.002848">
        <testcase name="testCreateObject" class="App\Cards\CardTest" classname="App.Cards.CardTest" file="/Users/nik/Sites/dbwebb-kurser/mvc/me/report/tests/Cards/CardTest.php" line="19" assertions="108" time="0.000987"/>
        <testcase name="testCreateObjectWithTooLargeArgument" class="App\Cards\CardTest" classname="App.Cards.CardTest" file="/Users/nik/Sites/dbwebb-kurser/mvc/me/report/tests/Cards/CardTest.php" line="31" assertions="1" time="0.001537"/>
        <testcase name="testCreateObjectWithTooSmallArgument" class="App\Cards\CardTest" classname="App.Cards.CardTest" file="/Users/nik/Sites/dbwebb-kurser/mvc/me/report/tests/Cards/CardTest.php" line="38" assertions="1" time="0.000324"/>
      </testsuite>
      <testsuite name="App\Cards\DeckTest" file="/Users/nik/Sites/dbwebb-kurser/mvc/me/report/tests/Cards/DeckTest.php" tests="4" assertions="119" errors="0" warnings="0" failures="0" skipped="0" time="0.016746">
        <testcase name="testCreateDeck" class="App\Cards\DeckTest" classname="App.Cards.DeckTest" file="/Users/nik/Sites/dbwebb-kurser/mvc/me/report/tests/Cards/DeckTest.php" line="18" assertions="3" time="0.001694"/>
        <testcase name="testShuffleDeck" class="App\Cards\DeckTest" classname="App.Cards.DeckTest" file="/Users/nik/Sites/dbwebb-kurser/mvc/me/report/tests/Cards/DeckTest.php" line="31" assertions="6" time="0.008255"/>
        <testcase name="testDrawCardsFromDeck" class="App\Cards\DeckTest" classname="App.Cards.DeckTest" file="/Users/nik/Sites/dbwebb-kurser/mvc/me/report/tests/Cards/DeckTest.php" line="61" assertions="108" time="0.002363"/>
        <testcase name="testAddCardsToDeck" class="App\Cards\DeckTest" classname="App.Cards.DeckTest" file="/Users/nik/Sites/dbwebb-kurser/mvc/me/report/tests/Cards/DeckTest.php" line="75" assertions="2" time="0.004434"/>
      </testsuite>
      <testsuite name="App\Cards\HandTest" file="/Users/nik/Sites/dbwebb-kurser/mvc/me/report/tests/Cards/HandTest.php" tests="1" assertions="8" errors="0" warnings="0" failures="0" skipped="0" time="0.006658">
        <testcase name="testCreateObject" class="App\Cards\HandTest" classname="App.Cards.HandTest" file="/Users/nik/Sites/dbwebb-kurser/mvc/me/report/tests/Cards/HandTest.php" line="18" assertions="8" time="0.006658"/>
      </testsuite>
      <testsuite name="App\Controller\CardAPIControllerTest" file="/Users/nik/Sites/dbwebb-kurser/mvc/me/report/tests/Controller/CardAPIControllerTest.php" tests="7" assertions="16" errors="0" warnings="0" failures="0" skipped="0" time="2.971364">
        <testcase name="testAPIDeck" class="App\Controller\CardAPIControllerTest" classname="App.Controller.CardAPIControllerTest" file="/Users/nik/Sites/dbwebb-kurser/mvc/me/report/tests/Controller/CardAPIControllerTest.php" line="19" assertions="4" time="2.829150"/>
        <testcase name="testAPIDeckShuffle" class="App\Controller\CardAPIControllerTest" classname="App.Controller.CardAPIControllerTest" file="/Users/nik/Sites/dbwebb-kurser/mvc/me/report/tests/Controller/CardAPIControllerTest.php" line="42" assertions="2" time="0.015650"/>
        <testcase name="testAPIDeckDraw" class="App\Controller\CardAPIControllerTest" classname="App.Controller.CardAPIControllerTest" file="/Users/nik/Sites/dbwebb-kurser/mvc/me/report/tests/Controller/CardAPIControllerTest.php" line="58" assertions="2" time="0.023961"/>
        <testcase name="testAPIDeckDrawNumber" class="App\Controller\CardAPIControllerTest" classname="App.Controller.CardAPIControllerTest" file="/Users/nik/Sites/dbwebb-kurser/mvc/me/report/tests/Controller/CardAPIControllerTest.php" line="74" assertions="2" time="0.017408"/>
        <testcase name="testAPIDeckDrawNumberPost" class="App\Controller\CardAPIControllerTest" classname="App.Controller.CardAPIControllerTest" file="/Users/nik/Sites/dbwebb-kurser/mvc/me/report/tests/Controller/CardAPIControllerTest.php" line="90" assertions="2" time="0.058031"/>
        <testcase name="testAPIDeckDealPlayersCards" class="App\Controller\CardAPIControllerTest" classname="App.Controller.CardAPIControllerTest" file="/Users/nik/Sites/dbwebb-kurser/mvc/me/report/tests/Controller/CardAPIControllerTest.php" line="98" assertions="2" time="0.015872"/>
        <testcase name="testAPIDeckDealPlayersCardsPost" class="App\Controller\CardAPIControllerTest" classname="App.Controller.CardAPIControllerTest" file="/Users/nik/Sites/dbwebb-kurser/mvc/me/report/tests/Controller/CardAPIControllerTest.php" line="114" assertions="2" time="0.011293"/>
      </testsuite>
      <testsuite name="App\Controller\CardControllerTest" file="/Users/nik/Sites/dbwebb-kurser/mvc/me/report/tests/Controller/CardControllerTest.php" tests="7" assertions="19" errors="0" warnings="0" failures="0" skipped="0" time="0.188943">
        <testcase name="testCard" class="App\Controller\CardControllerTest" classname="App.Controller.CardControllerTest" file="/Users/nik/Sites/dbwebb-kurser/mvc/me/report/tests/Controller/CardControllerTest.php" line="19" assertions="3" time="0.047386"/>
        <testcase name="testCardDeck" class="App\Controller\CardControllerTest" classname="App.Controller.CardControllerTest" file="/Users/nik/Sites/dbwebb-kurser/mvc/me/report/tests/Controller/CardControllerTest.php" line="28" assertions="6" time="0.042024"/>
        <testcase name="testCardDeckReset" class="App\Controller\CardControllerTest" classname="App.Controller.CardControllerTest" file="/Users/nik/Sites/dbwebb-kurser/mvc/me/report/tests/Controller/CardControllerTest.php" line="52" assertions="2" time="0.012038"/>
        <testcase name="testCardDeckShuffle" class="App\Controller\CardControllerTest" classname="App.Controller.CardControllerTest" file="/Users/nik/Sites/dbwebb-kurser/mvc/me/report/tests/Controller/CardControllerTest.php" line="60" assertions="2" time="0.028396"/>
        <testcase name="testCardDeckDraw" class="App\Controller\CardControllerTest" classname="App.Controller.CardControllerTest" file="/Users/nik/Sites/dbwebb-kurser/mvc/me/report/tests/Controller/CardControllerTest.php" line="76" assertions="2" time="0.019252"/>
        <testcase name="testCardDeckDrawNumber" class="App\Controller\CardControllerTest" classname="App.Controller.CardControllerTest" file="/Users/nik/Sites/dbwebb-kurser/mvc/me/report/tests/Controller/CardControllerTest.php" line="92" assertions="2" time="0.017914"/>
        <testcase name="testCardDeckDealPlayersCards" class="App\Controller\CardControllerTest" classname="App.Controller.CardControllerTest" file="/Users/nik/Sites/dbwebb-kurser/mvc/me/report/tests/Controller/CardControllerTest.php" line="108" assertions="2" time="0.021934"/>
      </testsuite>
      <testsuite name="App\Controller\GameControllerTest" file="/Users/nik/Sites/dbwebb-kurser/mvc/me/report/tests/Controller/GameControllerTest.php" tests="9" assertions="18" errors="0" warnings="0" failures="0" skipped="0" time="0.133986">
        <testcase name="testGame" class="App\Controller\GameControllerTest" classname="App.Controller.GameControllerTest" file="/Users/nik/Sites/dbwebb-kurser/mvc/me/report/tests/Controller/GameControllerTest.php" line="19" assertions="3" time="0.016674"/>
        <testcase name="testDoc" class="App\Controller\GameControllerTest" classname="App.Controller.GameControllerTest" file="/Users/nik/Sites/dbwebb-kurser/mvc/me/report/tests/Controller/GameControllerTest.php" line="28" assertions="3" time="0.015007"/>
        <testcase name="testDojo" class="App\Controller\GameControllerTest" classname="App.Controller.GameControllerTest" file="/Users/nik/Sites/dbwebb-kurser/mvc/me/report/tests/Controller/GameControllerTest.php" line="37" assertions="1" time="0.019926"/>
        <testcase name="testGamePlayerDrawsProcess" class="App\Controller\GameControllerTest" classname="App.Controller.GameControllerTest" file="/Users/nik/Sites/dbwebb-kurser/mvc/me/report/tests/Controller/GameControllerTest.php" line="45" assertions="2" time="0.013726"/>
        <testcase name="testGamePlayerBetsProcess" class="App\Controller\GameControllerTest" classname="App.Controller.GameControllerTest" file="/Users/nik/Sites/dbwebb-kurser/mvc/me/report/tests/Controller/GameControllerTest.php" line="53" assertions="2" time="0.017494"/>
        <testcase name="testGamePlayerWinsProcess" class="App\Controller\GameControllerTest" classname="App.Controller.GameControllerTest" file="/Users/nik/Sites/dbwebb-kurser/mvc/me/report/tests/Controller/GameControllerTest.php" line="61" assertions="2" time="0.012836"/>
        <testcase name="testGameOverProcess" class="App\Controller\GameControllerTest" classname="App.Controller.GameControllerTest" file="/Users/nik/Sites/dbwebb-kurser/mvc/me/report/tests/Controller/GameControllerTest.php" line="69" assertions="2" time="0.013302"/>
        <testcase name="testGameOptionsProcess" class="App\Controller\GameControllerTest" classname="App.Controller.GameControllerTest" file="/Users/nik/Sites/dbwebb-kurser/mvc/me/report/tests/Controller/GameControllerTest.php" line="77" assertions="2" time="0.013211"/>
        <testcase name="testAPIGame" class="App\Controller\GameControllerTest" classname="App.Controller.GameControllerTest" file="/Users/nik/Sites/dbwebb-kurser/mvc/me/report/tests/Controller/GameControllerTest.php" line="93" assertions="1" time="0.011810"/>
      </testsuite>
      <testsuite name="App\Controller\HomeControllerTest" file="/Users/nik/Sites/dbwebb-kurser/mvc/me/report/tests/Controller/HomeControllerTest.php" tests="5" assertions="5" errors="0" warnings="0" failures="0" skipped="0" time="0.074770">
        <testcase name="testHome" class="App\Controller\HomeControllerTest" classname="App.Controller.HomeControllerTest" file="/Users/nik/Sites/dbwebb-kurser/mvc/me/report/tests/Controller/HomeControllerTest.php" line="18" assertions="1" time="0.016457"/>
        <testcase name="testAbout" class="App\Controller\HomeControllerTest" classname="App.Controller.HomeControllerTest" file="/Users/nik/Sites/dbwebb-kurser/mvc/me/report/tests/Controller/HomeControllerTest.php" line="26" assertions="1" time="0.013358"/>
        <testcase name="testReport" class="App\Controller\HomeControllerTest" classname="App.Controller.HomeControllerTest" file="/Users/nik/Sites/dbwebb-kurser/mvc/me/report/tests/Controller/HomeControllerTest.php" line="34" assertions="1" time="0.017231"/>
        <testcase name="testLucky" class="App\Controller\HomeControllerTest" classname="App.Controller.HomeControllerTest" file="/Users/nik/Sites/dbwebb-kurser/mvc/me/report/tests/Controller/HomeControllerTest.php" line="42" assertions="1" time="0.012146"/>
        <testcase name="testAPI" class="App\Controller\HomeControllerTest" classname="App.Controller.HomeControllerTest" file="/Users/nik/Sites/dbwebb-kurser/mvc/me/report/tests/Controller/HomeControllerTest.php" line="50" assertions="1" time="0.015578"/>
      </testsuite>
      <testsuite name="App\Controller\LibraryControllerTest" file="/Users/nik/Sites/dbwebb-kurser/mvc/me/report/tests/Controller/LibraryControllerTest.php" tests="8" assertions="19" errors="0" warnings="0" failures="0" skipped="0" time="0.267280">
        <testcase name="testLibrary" class="App\Controller\LibraryControllerTest" classname="App.Controller.LibraryControllerTest" file="/Users/nik/Sites/dbwebb-kurser/mvc/me/report/tests/Controller/LibraryControllerTest.php" line="19" assertions="1" time="0.015481"/>
        <testcase name="testLibraryView" class="App\Controller\LibraryControllerTest" classname="App.Controller.LibraryControllerTest" file="/Users/nik/Sites/dbwebb-kurser/mvc/me/report/tests/Controller/LibraryControllerTest.php" line="27" assertions="3" time="0.067194"/>
        <testcase name="testLibraryViewId" class="App\Controller\LibraryControllerTest" classname="App.Controller.LibraryControllerTest" file="/Users/nik/Sites/dbwebb-kurser/mvc/me/report/tests/Controller/LibraryControllerTest.php" line="36" assertions="3" time="0.030264"/>
        <testcase name="testLibraryEditId" class="App\Controller\LibraryControllerTest" classname="App.Controller.LibraryControllerTest" file="/Users/nik/Sites/dbwebb-kurser/mvc/me/report/tests/Controller/LibraryControllerTest.php" line="47" assertions="3" time="0.029759"/>
        <testcase name="testLibraryNew" class="App\Controller\LibraryControllerTest" classname="App.Controller.LibraryControllerTest" file="/Users/nik/Sites/dbwebb-kurser/mvc/me/report/tests/Controller/LibraryControllerTest.php" line="58" assertions="3" time="0.021180"/>
        <testcase name="testLibraryReset" class="App\Controller\LibraryControllerTest" classname="App.Controller.LibraryControllerTest" file="/Users/nik/Sites/dbwebb-kurser/mvc/me/report/tests/Controller/LibraryControllerTest.php" line="67" assertions="3" time="0.014764"/>
        <testcase name="testAPILibraryBooks" class="App\Controller\LibraryControllerTest" classname="App.Controller.LibraryControllerTest" file="/Users/nik/Sites/dbwebb-kurser/mvc/me/report/tests/Controller/LibraryControllerTest.php" line="76" assertions="1" time="0.030426"/>
        <testcase name="testAPILibraryBookISBN" class="App\Controller\LibraryControllerTest" classname="App.Controller.LibraryControllerTest" file="/Users/nik/Sites/dbwebb-kurser/mvc/me/report/tests/Controller/LibraryControllerTest.php" line="85" assertions="2" time="0.058212"/>
      </testsuite>
      <testsuite name="App\Controller\LibraryProcessControllerTest" file="/Users/nik/Sites/dbwebb-kurser/mvc/me/report/tests/Controller/LibraryProcessControllerTest.php" tests="1" assertions="14" errors="0" warnings="0" failures="0" skipped="0" time="0.471626">
        <testcase name="testLibraryProcess" class="App\Controller\LibraryProcessControllerTest" classname="App.Controller.LibraryProcessControllerTest" file="/Users/nik/Sites/dbwebb-kurser/mvc/me/report/tests/Controller/LibraryProcessControllerTest.php" line="26" assertions="14" time="0.471626"/>
      </testsuite>
      <testsuite name="App\Controller\ProcessControllerTest" file="/Users/nik/Sites/dbwebb-kurser/mvc/me/report/tests/Controller/ProcessControllerTest.php" tests="4" assertions="8" errors="0" warnings="0" failures="0" skipped="0" time="0.041406">
        <testcase name="testSession" class="App\Controller\ProcessControllerTest" classname="App.Controller.ProcessControllerTest" file="/Users/nik/Sites/dbwebb-kurser/mvc/me/report/tests/Controller/ProcessControllerTest.php" line="18" assertions="2" time="0.013265"/>
        <testcase name="testSessionDelete" class="App\Controller\ProcessControllerTest" classname="App.Controller.ProcessControllerTest" file="/Users/nik/Sites/dbwebb-kurser/mvc/me/report/tests/Controller/ProcessControllerTest.php" line="30" assertions="2" time="0.008974"/>
        <testcase name="testCardDeckDrawProcess" class="App\Controller\ProcessControllerTest" classname="App.Controller.ProcessControllerTest" file="/Users/nik/Sites/dbwebb-kurser/mvc/me/report/tests/Controller/ProcessControllerTest.php" line="38" assertions="2" time="0.010932"/>
        <testcase name="testCardDeckDealProcess" class="App\Controller\ProcessControllerTest" classname="App.Controller.ProcessControllerTest" file="/Users/nik/Sites/dbwebb-kurser/mvc/me/report/tests/Controller/ProcessControllerTest.php" line="46" assertions="2" time="0.008235"/>
      </testsuite>
      <testsuite name="App\Controller\QuotationsControllerTest" file="/Users/nik/Sites/dbwebb-kurser/mvc/me/report/tests/Controller/QuotationsControlerTest.php" tests="1" assertions="1" errors="0" warnings="0" failures="0" skipped="0" time="0.007249">
        <testcase name="testAPIDeck" class="App\Controller\QuotationsControllerTest" classname="App.Controller.QuotationsControllerTest" file="/Users/nik/Sites/dbwebb-kurser/mvc/me/report/tests/Controller/QuotationsControlerTest.php" line="18" assertions="1" time="0.007249"/>
      </testsuite>
      <testsuite name="App\Entity\BookTest" file="/Users/nik/Sites/dbwebb-kurser/mvc/me/report/tests/Entity/BookTest.php" tests="1" assertions="6" errors="0" warnings="0" failures="0" skipped="0" time="0.000386">
        <testcase name="testCreateObject" class="App\Entity\BookTest" classname="App.Entity.BookTest" file="/Users/nik/Sites/dbwebb-kurser/mvc/me/report/tests/Entity/BookTest.php" line="19" assertions="6" time="0.000386"/>
      </testsuite>
      <testsuite name="App\Game21\GameActionsTest" file="/Users/nik/Sites/dbwebb-kurser/mvc/me/report/tests/Game21/GameActionsTest.php" tests="6" assertions="18" errors="0" warnings="0" failures="0" skipped="0" time="0.044468">
        <testcase name="testPlayerDraws" class="App\Game21\GameActionsTest" classname="App.Game21.GameActionsTest" file="/Users/nik/Sites/dbwebb-kurser/mvc/me/report/tests/Game21/GameActionsTest.php" line="22" assertions="2" time="0.004298"/>
        <testcase name="testDeckReassembly" class="App\Game21\GameActionsTest" classname="App.Game21.GameActionsTest" file="/Users/nik/Sites/dbwebb-kurser/mvc/me/report/tests/Game21/GameActionsTest.php" line="36" assertions="2" time="0.032296"/>
        <testcase name="testNegativeBet" class="App\Game21\GameActionsTest" classname="App.Game21.GameActionsTest" file="/Users/nik/Sites/dbwebb-kurser/mvc/me/report/tests/Game21/GameActionsTest.php" line="53" assertions="1" time="0.000507"/>
        <testcase name="testTooLargeBet" class="App\Game21\GameActionsTest" classname="App.Game21.GameActionsTest" file="/Users/nik/Sites/dbwebb-kurser/mvc/me/report/tests/Game21/GameActionsTest.php" line="61" assertions="1" time="0.000467"/>
        <testcase name="testCorrectBet" class="App\Game21\GameActionsTest" classname="App.Game21.GameActionsTest" file="/Users/nik/Sites/dbwebb-kurser/mvc/me/report/tests/Game21/GameActionsTest.php" line="69" assertions="4" time="0.000482"/>
        <testcase name="testWinningHand" class="App\Game21\GameActionsTest" classname="App.Game21.GameActionsTest" file="/Users/nik/Sites/dbwebb-kurser/mvc/me/report/tests/Game21/GameActionsTest.php" line="86" assertions="8" time="0.006417"/>
      </testsuite>
      <testsuite name="App\Game21\GameTest" file="/Users/nik/Sites/dbwebb-kurser/mvc/me/report/tests/Game21/GameTest.php" tests="4" assertions="8" errors="0" warnings="0" failures="0" skipped="0" time="0.002289">
        <testcase name="testCreateObject" class="App\Game21\GameTest" classname="App.Game21.GameTest" file="/Users/nik/Sites/dbwebb-kurser/mvc/me/report/tests/Game21/GameTest.php" line="19" assertions="5" time="0.001018"/>
        <testcase name="testCreateObjectWithTooLargeArgument" class="App\Game21\GameTest" classname="App.Game21.GameTest" file="/Users/nik/Sites/dbwebb-kurser/mvc/me/report/tests/Game21/GameTest.php" line="30" assertions="1" time="0.000321"/>
        <testcase name="testCreateObjectWithTooSmallArgument" class="App\Game21\GameTest" classname="App.Game21.GameTest" file="/Users/nik/Sites/dbwebb-kurser/mvc/me/report/tests/Game21/GameTest.php" line="37" assertions="1" time="0.000319"/>
        <testcase name="testGetterAndSetter" class="App\Game21\GameTest" classname="App.Game21.GameTest" file="/Users/nik/Sites/dbwebb-kurser/mvc/me/report/tests/Game21/GameTest.php" line="44" assertions="1" time="0.000630"/>
      </testsuite>
      <testsuite name="App\Game21\HandScoreTest" file="/Users/nik/Sites/dbwebb-kurser/mvc/me/report/tests/Game21/HandScoreTest.php" tests="1" assertions="15" errors="0" warnings="0" failures="0" skipped="0" time="0.001013">
        <testcase name="testCreateObject" class="App\Game21\HandScoreTest" classname="App.Game21.HandScoreTest" file="/Users/nik/Sites/dbwebb-kurser/mvc/me/report/tests/Game21/HandScoreTest.php" line="20" assertions="15" time="0.001013"/>
      </testsuite>
      <testsuite name="App\Game21\PlayerTest" file="/Users/nik/Sites/dbwebb-kurser/mvc/me/report/tests/Game21/PlayerTest.php" tests="2" assertions="4" errors="0" warnings="0" failures="0" skipped="0" time="0.000694">
        <testcase name="testCreateObject" class="App\Game21\PlayerTest" classname="App.Game21.PlayerTest" file="/Users/nik/Sites/dbwebb-kurser/mvc/me/report/tests/Game21/PlayerTest.php" line="18" assertions="3" time="0.000318"/>
        <testcase name="testGetterAndSetter" class="App\Game21\PlayerTest" classname="App.Game21.PlayerTest" file="/Users/nik/Sites/dbwebb-kurser/mvc/me/report/tests/Game21/PlayerTest.php" line="27" assertions="1" time="0.000376"/>
      </testsuite>
      <testsuite name="App\Entity\BookRepositoryTest" file="/Users/nik/Sites/dbwebb-kurser/mvc/me/report/tests/Repository/BookRepositoryTest.php" tests="1" assertions="1" errors="0" warnings="0" failures="0" skipped="0" time="0.011922">
        <testcase name="testCreateObject" class="App\Entity\BookRepositoryTest" classname="App.Entity.BookRepositoryTest" file="/Users/nik/Sites/dbwebb-kurser/mvc/me/report/tests/Repository/BookRepositoryTest.php" line="21" assertions="1" time="0.011922"/>
      </testsuite>
    </testsuite>
  </testsuite>
</testsuites>
