<?xml version="1.0" encoding="UTF-8"?>
<testsuites>
  <testsuite name="" tests="157" assertions="945" errors="0" warnings="0" failures="0" skipped="0" time="3.050103">
    <testsuite name="Project Test Suite" tests="157" assertions="945" errors="0" warnings="0" failures="0" skipped="0" time="3.050103">
      <testsuite name="App\Tests\Cards\CardGraphicTest" file="/Users/nik/Sites/dbwebb-kurser/mvc/me/report/tests/Cards/CardGraphicTest.php" tests="3" assertions="112" errors="0" warnings="0" failures="0" skipped="0" time="0.010902">
        <testcase name="testCreateObject" class="App\Tests\Cards\CardGraphicTest" classname="App.Tests.Cards.CardGraphicTest" file="/Users/nik/Sites/dbwebb-kurser/mvc/me/report/tests/Cards/CardGraphicTest.php" line="24" assertions="2" time="0.008598"/>
        <testcase name="testStringValues" class="App\Tests\Cards\CardGraphicTest" classname="App.Tests.Cards.CardGraphicTest" file="/Users/nik/Sites/dbwebb-kurser/mvc/me/report/tests/Cards/CardGraphicTest.php" line="35" assertions="54" time="0.000808"/>
        <testcase name="testTextValues" class="App\Tests\Cards\CardGraphicTest" classname="App.Tests.Cards.CardGraphicTest" file="/Users/nik/Sites/dbwebb-kurser/mvc/me/report/tests/Cards/CardGraphicTest.php" line="48" assertions="56" time="0.001496"/>
      </testsuite>
      <testsuite name="App\Tests\Cards\CardTest" file="/Users/nik/Sites/dbwebb-kurser/mvc/me/report/tests/Cards/CardTest.php" tests="3" assertions="110" errors="0" warnings="0" failures="0" skipped="0" time="0.002770">
        <testcase name="testCreateObject" class="App\Tests\Cards\CardTest" classname="App.Tests.Cards.CardTest" file="/Users/nik/Sites/dbwebb-kurser/mvc/me/report/tests/Cards/CardTest.php" line="24" assertions="108" time="0.000942"/>
        <testcase name="testCreateObjectWithTooLargeArgument" class="App\Tests\Cards\CardTest" classname="App.Tests.Cards.CardTest" file="/Users/nik/Sites/dbwebb-kurser/mvc/me/report/tests/Cards/CardTest.php" line="38" assertions="1" time="0.001494"/>
        <testcase name="testCreateObjectWithTooSmallArgument" class="App\Tests\Cards\CardTest" classname="App.Tests.Cards.CardTest" file="/Users/nik/Sites/dbwebb-kurser/mvc/me/report/tests/Cards/CardTest.php" line="47" assertions="1" time="0.000334"/>
      </testsuite>
      <testsuite name="App\Tests\Cards\DeckTest" file="/Users/nik/Sites/dbwebb-kurser/mvc/me/report/tests/Cards/DeckTest.php" tests="4" assertions="122" errors="0" warnings="0" failures="0" skipped="0" time="0.018590">
        <testcase name="testCreateDeck" class="App\Tests\Cards\DeckTest" classname="App.Tests.Cards.DeckTest" file="/Users/nik/Sites/dbwebb-kurser/mvc/me/report/tests/Cards/DeckTest.php" line="26" assertions="6" time="0.002305"/>
        <testcase name="testShuffleDeck" class="App\Tests\Cards\DeckTest" classname="App.Tests.Cards.DeckTest" file="/Users/nik/Sites/dbwebb-kurser/mvc/me/report/tests/Cards/DeckTest.php" line="49" assertions="6" time="0.009113"/>
        <testcase name="testDrawCardsFromDeck" class="App\Tests\Cards\DeckTest" classname="App.Tests.Cards.DeckTest" file="/Users/nik/Sites/dbwebb-kurser/mvc/me/report/tests/Cards/DeckTest.php" line="81" assertions="108" time="0.002484"/>
        <testcase name="testAddCardsToDeck" class="App\Tests\Cards\DeckTest" classname="App.Tests.Cards.DeckTest" file="/Users/nik/Sites/dbwebb-kurser/mvc/me/report/tests/Cards/DeckTest.php" line="97" assertions="2" time="0.004688"/>
      </testsuite>
      <testsuite name="App\Tests\Cards\HandTest" file="/Users/nik/Sites/dbwebb-kurser/mvc/me/report/tests/Cards/HandTest.php" tests="1" assertions="8" errors="0" warnings="0" failures="0" skipped="0" time="0.007633">
        <testcase name="testCreateObject" class="App\Tests\Cards\HandTest" classname="App.Tests.Cards.HandTest" file="/Users/nik/Sites/dbwebb-kurser/mvc/me/report/tests/Cards/HandTest.php" line="25" assertions="8" time="0.007633"/>
      </testsuite>
      <testsuite name="App\Tests\Controller\Cards\CardAPIDealControllerTest" file="/Users/nik/Sites/dbwebb-kurser/mvc/me/report/tests/Controller/Cards/CardAPIDealControllerTest.php" tests="5" assertions="11" errors="0" warnings="0" failures="0" skipped="0" time="0.373444">
        <testcase name="testCardAPIController" class="App\Tests\Controller\Cards\CardAPIDealControllerTest" classname="App.Tests.Controller.Cards.CardAPIDealControllerTest" file="/Users/nik/Sites/dbwebb-kurser/mvc/me/report/tests/Controller/Cards/CardAPIDealControllerTest.php" line="26" assertions="1" time="0.004579"/>
        <testcase name="testAPIDeckDealPlayersCards" class="App\Tests\Controller\Cards\CardAPIDealControllerTest" classname="App.Tests.Controller.Cards.CardAPIDealControllerTest" file="/Users/nik/Sites/dbwebb-kurser/mvc/me/report/tests/Controller/Cards/CardAPIDealControllerTest.php" line="35" assertions="2" time="0.314760"/>
        <testcase name="testAPIDeckDealPlayersCardsPost" class="App\Tests\Controller\Cards\CardAPIDealControllerTest" classname="App.Tests.Controller.Cards.CardAPIDealControllerTest" file="/Users/nik/Sites/dbwebb-kurser/mvc/me/report/tests/Controller/Cards/CardAPIDealControllerTest.php" line="50" assertions="2" time="0.026919"/>
        <testcase name="testAPIDeck" class="App\Tests\Controller\Cards\CardAPIDealControllerTest" classname="App.Tests.Controller.Cards.CardAPIDealControllerTest" file="/Users/nik/Sites/dbwebb-kurser/mvc/me/report/tests/Controller/Cards/CardAPIDealControllerTest.php" line="36" assertions="4" time="0.015016"/>
        <testcase name="testAPIDeckShuffle" class="App\Tests\Controller\Cards\CardAPIDealControllerTest" classname="App.Tests.Controller.Cards.CardAPIDealControllerTest" file="/Users/nik/Sites/dbwebb-kurser/mvc/me/report/tests/Controller/Cards/CardAPIDealControllerTest.php" line="58" assertions="2" time="0.012169"/>
      </testsuite>
      <testsuite name="App\Tests\Controller\Cards\CardAPIDeckControllerTest" file="/Users/nik/Sites/dbwebb-kurser/mvc/me/report/tests/Controller/Cards/CardAPIDeckControllerTest.php" tests="3" assertions="7" errors="0" warnings="0" failures="0" skipped="0" time="0.029395">
        <testcase name="testCardAPIController" class="App\Tests\Controller\Cards\CardAPIDeckControllerTest" classname="App.Tests.Controller.Cards.CardAPIDeckControllerTest" file="/Users/nik/Sites/dbwebb-kurser/mvc/me/report/tests/Controller/Cards/CardAPIDeckControllerTest.php" line="27" assertions="1" time="0.000365"/>
        <testcase name="testAPIDeck" class="App\Tests\Controller\Cards\CardAPIDeckControllerTest" classname="App.Tests.Controller.Cards.CardAPIDeckControllerTest" file="/Users/nik/Sites/dbwebb-kurser/mvc/me/report/tests/Controller/Cards/CardAPIDeckControllerTest.php" line="36" assertions="4" time="0.016730"/>
        <testcase name="testAPIDeckShuffle" class="App\Tests\Controller\Cards\CardAPIDeckControllerTest" classname="App.Tests.Controller.Cards.CardAPIDeckControllerTest" file="/Users/nik/Sites/dbwebb-kurser/mvc/me/report/tests/Controller/Cards/CardAPIDeckControllerTest.php" line="58" assertions="2" time="0.012300"/>
      </testsuite>
      <testsuite name="App\Tests\Controller\Cards\CardAPIDrawControllerTest" file="/Users/nik/Sites/dbwebb-kurser/mvc/me/report/tests/Controller/Cards/CardAPIDrawControllerTest.php" tests="6" assertions="14" errors="0" warnings="0" failures="0" skipped="0" time="0.066562">
        <testcase name="testCardAPIController" class="App\Tests\Controller\Cards\CardAPIDrawControllerTest" classname="App.Tests.Controller.Cards.CardAPIDrawControllerTest" file="/Users/nik/Sites/dbwebb-kurser/mvc/me/report/tests/Controller/Cards/CardAPIDrawControllerTest.php" line="27" assertions="2" time="0.001049"/>
        <testcase name="testAPIDeckDraw" class="App\Tests\Controller\Cards\CardAPIDrawControllerTest" classname="App.Tests.Controller.Cards.CardAPIDrawControllerTest" file="/Users/nik/Sites/dbwebb-kurser/mvc/me/report/tests/Controller/Cards/CardAPIDrawControllerTest.php" line="39" assertions="2" time="0.012095"/>
        <testcase name="testAPIDeckDrawNumber" class="App\Tests\Controller\Cards\CardAPIDrawControllerTest" classname="App.Tests.Controller.Cards.CardAPIDrawControllerTest" file="/Users/nik/Sites/dbwebb-kurser/mvc/me/report/tests/Controller/Cards/CardAPIDrawControllerTest.php" line="54" assertions="2" time="0.012347"/>
        <testcase name="testAPIDeckDrawNumberPost" class="App\Tests\Controller\Cards\CardAPIDrawControllerTest" classname="App.Tests.Controller.Cards.CardAPIDrawControllerTest" file="/Users/nik/Sites/dbwebb-kurser/mvc/me/report/tests/Controller/Cards/CardAPIDrawControllerTest.php" line="69" assertions="2" time="0.014164"/>
        <testcase name="testAPIDeck" class="App\Tests\Controller\Cards\CardAPIDrawControllerTest" classname="App.Tests.Controller.Cards.CardAPIDrawControllerTest" file="/Users/nik/Sites/dbwebb-kurser/mvc/me/report/tests/Controller/Cards/CardAPIDrawControllerTest.php" line="36" assertions="4" time="0.014947"/>
        <testcase name="testAPIDeckShuffle" class="App\Tests\Controller\Cards\CardAPIDrawControllerTest" classname="App.Tests.Controller.Cards.CardAPIDrawControllerTest" file="/Users/nik/Sites/dbwebb-kurser/mvc/me/report/tests/Controller/Cards/CardAPIDrawControllerTest.php" line="58" assertions="2" time="0.011960"/>
      </testsuite>
      <testsuite name="App\Tests\Controller\Cards\CardControllerTest" file="/Users/nik/Sites/dbwebb-kurser/mvc/me/report/tests/Controller/Cards/CardControllerTest.php" tests="8" assertions="24" errors="0" warnings="0" failures="0" skipped="0" time="0.168976">
        <testcase name="testCardController" class="App\Tests\Controller\Cards\CardControllerTest" classname="App.Tests.Controller.Cards.CardControllerTest" file="/Users/nik/Sites/dbwebb-kurser/mvc/me/report/tests/Controller/Cards/CardControllerTest.php" line="29" assertions="5" time="0.001406"/>
        <testcase name="testCard" class="App\Tests\Controller\Cards\CardControllerTest" classname="App.Tests.Controller.Cards.CardControllerTest" file="/Users/nik/Sites/dbwebb-kurser/mvc/me/report/tests/Controller/Cards/CardControllerTest.php" line="50" assertions="3" time="0.035891"/>
        <testcase name="testCardDeck" class="App\Tests\Controller\Cards\CardControllerTest" classname="App.Tests.Controller.Cards.CardControllerTest" file="/Users/nik/Sites/dbwebb-kurser/mvc/me/report/tests/Controller/Cards/CardControllerTest.php" line="61" assertions="6" time="0.030826"/>
        <testcase name="testCardDeckReset" class="App\Tests\Controller\Cards\CardControllerTest" classname="App.Tests.Controller.Cards.CardControllerTest" file="/Users/nik/Sites/dbwebb-kurser/mvc/me/report/tests/Controller/Cards/CardControllerTest.php" line="87" assertions="2" time="0.013583"/>
        <testcase name="testCardDeckShuffle" class="App\Tests\Controller\Cards\CardControllerTest" classname="App.Tests.Controller.Cards.CardControllerTest" file="/Users/nik/Sites/dbwebb-kurser/mvc/me/report/tests/Controller/Cards/CardControllerTest.php" line="97" assertions="2" time="0.027298"/>
        <testcase name="testCardDeckDraw" class="App\Tests\Controller\Cards\CardControllerTest" classname="App.Tests.Controller.Cards.CardControllerTest" file="/Users/nik/Sites/dbwebb-kurser/mvc/me/report/tests/Controller/Cards/CardControllerTest.php" line="115" assertions="2" time="0.019658"/>
        <testcase name="testCardDeckDrawNumber" class="App\Tests\Controller\Cards\CardControllerTest" classname="App.Tests.Controller.Cards.CardControllerTest" file="/Users/nik/Sites/dbwebb-kurser/mvc/me/report/tests/Controller/Cards/CardControllerTest.php" line="133" assertions="2" time="0.018360"/>
        <testcase name="testCardDeckDealPlayersCards" class="App\Tests\Controller\Cards\CardControllerTest" classname="App.Tests.Controller.Cards.CardControllerTest" file="/Users/nik/Sites/dbwebb-kurser/mvc/me/report/tests/Controller/Cards/CardControllerTest.php" line="151" assertions="2" time="0.021954"/>
      </testsuite>
      <testsuite name="App\Tests\Controller\Cards\CardProcessControllerTest" file="/Users/nik/Sites/dbwebb-kurser/mvc/me/report/tests/Controller/Cards/CardProcessControllerTest.php" tests="5" assertions="9" errors="0" warnings="0" failures="0" skipped="0" time="0.044611">
        <testcase name="testCardProcessController" class="App\Tests\Controller\Cards\CardProcessControllerTest" classname="App.Tests.Controller.Cards.CardProcessControllerTest" file="/Users/nik/Sites/dbwebb-kurser/mvc/me/report/tests/Controller/Cards/CardProcessControllerTest.php" line="24" assertions="1" time="0.000910"/>
        <testcase name="testSession" class="App\Tests\Controller\Cards\CardProcessControllerTest" classname="App.Tests.Controller.Cards.CardProcessControllerTest" file="/Users/nik/Sites/dbwebb-kurser/mvc/me/report/tests/Controller/Cards/CardProcessControllerTest.php" line="33" assertions="2" time="0.014963"/>
        <testcase name="testSessionDelete" class="App\Tests\Controller\Cards\CardProcessControllerTest" classname="App.Tests.Controller.Cards.CardProcessControllerTest" file="/Users/nik/Sites/dbwebb-kurser/mvc/me/report/tests/Controller/Cards/CardProcessControllerTest.php" line="47" assertions="2" time="0.009760"/>
        <testcase name="testCardDeckDrawProcess" class="App\Tests\Controller\Cards\CardProcessControllerTest" classname="App.Tests.Controller.Cards.CardProcessControllerTest" file="/Users/nik/Sites/dbwebb-kurser/mvc/me/report/tests/Controller/Cards/CardProcessControllerTest.php" line="57" assertions="2" time="0.010549"/>
        <testcase name="testCardDeckDealProcess" class="App\Tests\Controller\Cards\CardProcessControllerTest" classname="App.Tests.Controller.Cards.CardProcessControllerTest" file="/Users/nik/Sites/dbwebb-kurser/mvc/me/report/tests/Controller/Cards/CardProcessControllerTest.php" line="67" assertions="2" time="0.008430"/>
      </testsuite>
      <testsuite name="App\Tests\Controller\Game21\GameAPIControllerTest" file="/Users/nik/Sites/dbwebb-kurser/mvc/me/report/tests/Controller/Game21/GameAPIControllerTest.php" tests="2" assertions="2" errors="0" warnings="0" failures="0" skipped="0" time="0.014847">
        <testcase name="testGameAPIController" class="App\Tests\Controller\Game21\GameAPIControllerTest" classname="App.Tests.Controller.Game21.GameAPIControllerTest" file="/Users/nik/Sites/dbwebb-kurser/mvc/me/report/tests/Controller/Game21/GameAPIControllerTest.php" line="24" assertions="1" time="0.001303"/>
        <testcase name="testAPIGame" class="App\Tests\Controller\Game21\GameAPIControllerTest" classname="App.Tests.Controller.Game21.GameAPIControllerTest" file="/Users/nik/Sites/dbwebb-kurser/mvc/me/report/tests/Controller/Game21/GameAPIControllerTest.php" line="33" assertions="1" time="0.013544"/>
      </testsuite>
      <testsuite name="App\Tests\Controller\Game21\GameControllerTest" file="/Users/nik/Sites/dbwebb-kurser/mvc/me/report/tests/Controller/Game21/GameControllerTest.php" tests="4" assertions="12" errors="0" warnings="0" failures="0" skipped="0" time="0.051240">
        <testcase name="testGameController" class="App\Tests\Controller\Game21\GameControllerTest" classname="App.Tests.Controller.Game21.GameControllerTest" file="/Users/nik/Sites/dbwebb-kurser/mvc/me/report/tests/Controller/Game21/GameControllerTest.php" line="29" assertions="5" time="0.001785"/>
        <testcase name="testGame" class="App\Tests\Controller\Game21\GameControllerTest" classname="App.Tests.Controller.Game21.GameControllerTest" file="/Users/nik/Sites/dbwebb-kurser/mvc/me/report/tests/Controller/Game21/GameControllerTest.php" line="50" assertions="3" time="0.016215"/>
        <testcase name="testDoc" class="App\Tests\Controller\Game21\GameControllerTest" classname="App.Tests.Controller.Game21.GameControllerTest" file="/Users/nik/Sites/dbwebb-kurser/mvc/me/report/tests/Controller/Game21/GameControllerTest.php" line="61" assertions="3" time="0.014344"/>
        <testcase name="testDojo" class="App\Tests\Controller\Game21\GameControllerTest" classname="App.Tests.Controller.Game21.GameControllerTest" file="/Users/nik/Sites/dbwebb-kurser/mvc/me/report/tests/Controller/Game21/GameControllerTest.php" line="70" assertions="1" time="0.018895"/>
      </testsuite>
      <testsuite name="App\Tests\Controller\Game21\GameProcessControllerTest" file="/Users/nik/Sites/dbwebb-kurser/mvc/me/report/tests/Controller/Game21/GameProcessControllerTest.php" tests="6" assertions="12" errors="0" warnings="0" failures="0" skipped="0" time="0.077392">
        <testcase name="testGameProcessController" class="App\Tests\Controller\Game21\GameProcessControllerTest" classname="App.Tests.Controller.Game21.GameProcessControllerTest" file="/Users/nik/Sites/dbwebb-kurser/mvc/me/report/tests/Controller/Game21/GameProcessControllerTest.php" line="25" assertions="2" time="0.000971"/>
        <testcase name="testGamePlayerDrawsProcess" class="App\Tests\Controller\Game21\GameProcessControllerTest" classname="App.Tests.Controller.Game21.GameProcessControllerTest" file="/Users/nik/Sites/dbwebb-kurser/mvc/me/report/tests/Controller/Game21/GameProcessControllerTest.php" line="37" assertions="2" time="0.020399"/>
        <testcase name="testGamePlayerBetsProcess" class="App\Tests\Controller\Game21\GameProcessControllerTest" classname="App.Tests.Controller.Game21.GameProcessControllerTest" file="/Users/nik/Sites/dbwebb-kurser/mvc/me/report/tests/Controller/Game21/GameProcessControllerTest.php" line="47" assertions="2" time="0.015223"/>
        <testcase name="testGamePlayerWinsProcess" class="App\Tests\Controller\Game21\GameProcessControllerTest" classname="App.Tests.Controller.Game21.GameProcessControllerTest" file="/Users/nik/Sites/dbwebb-kurser/mvc/me/report/tests/Controller/Game21/GameProcessControllerTest.php" line="57" assertions="2" time="0.014331"/>
        <testcase name="testGameOverProcess" class="App\Tests\Controller\Game21\GameProcessControllerTest" classname="App.Tests.Controller.Game21.GameProcessControllerTest" file="/Users/nik/Sites/dbwebb-kurser/mvc/me/report/tests/Controller/Game21/GameProcessControllerTest.php" line="67" assertions="2" time="0.013522"/>
        <testcase name="testGameOptionsProcess" class="App\Tests\Controller\Game21\GameProcessControllerTest" classname="App.Tests.Controller.Game21.GameProcessControllerTest" file="/Users/nik/Sites/dbwebb-kurser/mvc/me/report/tests/Controller/Game21/GameProcessControllerTest.php" line="77" assertions="2" time="0.012947"/>
      </testsuite>
      <testsuite name="App\Tests\Controller\HomeControllerTest" file="/Users/nik/Sites/dbwebb-kurser/mvc/me/report/tests/Controller/HomeControllerTest.php" tests="7" assertions="7" errors="0" warnings="0" failures="0" skipped="0" time="0.099685">
        <testcase name="testHomeController" class="App\Tests\Controller\HomeControllerTest" classname="App.Tests.Controller.HomeControllerTest" file="/Users/nik/Sites/dbwebb-kurser/mvc/me/report/tests/Controller/HomeControllerTest.php" line="23" assertions="1" time="0.001006"/>
        <testcase name="testHome" class="App\Tests\Controller\HomeControllerTest" classname="App.Tests.Controller.HomeControllerTest" file="/Users/nik/Sites/dbwebb-kurser/mvc/me/report/tests/Controller/HomeControllerTest.php" line="31" assertions="1" time="0.015181"/>
        <testcase name="testAbout" class="App\Tests\Controller\HomeControllerTest" classname="App.Tests.Controller.HomeControllerTest" file="/Users/nik/Sites/dbwebb-kurser/mvc/me/report/tests/Controller/HomeControllerTest.php" line="41" assertions="1" time="0.012947"/>
        <testcase name="testMetrics" class="App\Tests\Controller\HomeControllerTest" classname="App.Tests.Controller.HomeControllerTest" file="/Users/nik/Sites/dbwebb-kurser/mvc/me/report/tests/Controller/HomeControllerTest.php" line="51" assertions="1" time="0.020640"/>
        <testcase name="testReport" class="App\Tests\Controller\HomeControllerTest" classname="App.Tests.Controller.HomeControllerTest" file="/Users/nik/Sites/dbwebb-kurser/mvc/me/report/tests/Controller/HomeControllerTest.php" line="61" assertions="1" time="0.020870"/>
        <testcase name="testLucky" class="App\Tests\Controller\HomeControllerTest" classname="App.Tests.Controller.HomeControllerTest" file="/Users/nik/Sites/dbwebb-kurser/mvc/me/report/tests/Controller/HomeControllerTest.php" line="71" assertions="1" time="0.012617"/>
        <testcase name="testAPI" class="App\Tests\Controller\HomeControllerTest" classname="App.Tests.Controller.HomeControllerTest" file="/Users/nik/Sites/dbwebb-kurser/mvc/me/report/tests/Controller/HomeControllerTest.php" line="81" assertions="1" time="0.016423"/>
      </testsuite>
      <testsuite name="App\Tests\Controller\Library\LibraryControllerTest" file="/Users/nik/Sites/dbwebb-kurser/mvc/me/report/tests/Controller/Library/LibraryControllerTest.php" tests="9" assertions="22" errors="0" warnings="0" failures="0" skipped="0" time="0.266324">
        <testcase name="testLibraryController" class="App\Tests\Controller\Library\LibraryControllerTest" classname="App.Tests.Controller.Library.LibraryControllerTest" file="/Users/nik/Sites/dbwebb-kurser/mvc/me/report/tests/Controller/Library/LibraryControllerTest.php" line="26" assertions="3" time="0.001571"/>
        <testcase name="testLibrary" class="App\Tests\Controller\Library\LibraryControllerTest" classname="App.Tests.Controller.Library.LibraryControllerTest" file="/Users/nik/Sites/dbwebb-kurser/mvc/me/report/tests/Controller/Library/LibraryControllerTest.php" line="36" assertions="1" time="0.015906"/>
        <testcase name="testLibraryView" class="App\Tests\Controller\Library\LibraryControllerTest" classname="App.Tests.Controller.Library.LibraryControllerTest" file="/Users/nik/Sites/dbwebb-kurser/mvc/me/report/tests/Controller/Library/LibraryControllerTest.php" line="46" assertions="3" time="0.074471"/>
        <testcase name="testLibraryViewId" class="App\Tests\Controller\Library\LibraryControllerTest" classname="App.Tests.Controller.Library.LibraryControllerTest" file="/Users/nik/Sites/dbwebb-kurser/mvc/me/report/tests/Controller/Library/LibraryControllerTest.php" line="57" assertions="3" time="0.035813"/>
        <testcase name="testLibraryEditId" class="App\Tests\Controller\Library\LibraryControllerTest" classname="App.Tests.Controller.Library.LibraryControllerTest" file="/Users/nik/Sites/dbwebb-kurser/mvc/me/report/tests/Controller/Library/LibraryControllerTest.php" line="70" assertions="3" time="0.029819"/>
        <testcase name="testLibraryNew" class="App\Tests\Controller\Library\LibraryControllerTest" classname="App.Tests.Controller.Library.LibraryControllerTest" file="/Users/nik/Sites/dbwebb-kurser/mvc/me/report/tests/Controller/Library/LibraryControllerTest.php" line="83" assertions="3" time="0.016970"/>
        <testcase name="testLibraryReset" class="App\Tests\Controller\Library\LibraryControllerTest" classname="App.Tests.Controller.Library.LibraryControllerTest" file="/Users/nik/Sites/dbwebb-kurser/mvc/me/report/tests/Controller/Library/LibraryControllerTest.php" line="94" assertions="3" time="0.014254"/>
        <testcase name="testAPILibraryBooks" class="App\Tests\Controller\Library\LibraryControllerTest" classname="App.Tests.Controller.Library.LibraryControllerTest" file="/Users/nik/Sites/dbwebb-kurser/mvc/me/report/tests/Controller/Library/LibraryControllerTest.php" line="105" assertions="1" time="0.027719"/>
        <testcase name="testAPILibraryBookISBN" class="App\Tests\Controller\Library\LibraryControllerTest" classname="App.Tests.Controller.Library.LibraryControllerTest" file="/Users/nik/Sites/dbwebb-kurser/mvc/me/report/tests/Controller/Library/LibraryControllerTest.php" line="116" assertions="2" time="0.049800"/>
      </testsuite>
      <testsuite name="App\Tests\Controller\Library\LibraryAddControllerTest" file="/Users/nik/Sites/dbwebb-kurser/mvc/me/report/tests/Controller/Library/LibraryProcessControllerTest.php" tests="5" assertions="20" errors="0" warnings="0" failures="0" skipped="0" time="0.236155">
        <testcase name="testLibraryAddController" class="App\Tests\Controller\Library\LibraryAddControllerTest" classname="App.Tests.Controller.Library.LibraryAddControllerTest" file="/Users/nik/Sites/dbwebb-kurser/mvc/me/report/tests/Controller/Library/LibraryProcessControllerTest.php" line="48" assertions="3" time="0.001310"/>
        <testcase name="testLibraryProcess" class="App\Tests\Controller\Library\LibraryAddControllerTest" classname="App.Tests.Controller.Library.LibraryAddControllerTest" file="/Users/nik/Sites/dbwebb-kurser/mvc/me/report/tests/Controller/Library/LibraryProcessControllerTest.php" line="63" assertions="4" time="0.038804"/>
        <testcase name="testLibraryCRUD" class="App\Tests\Controller\Library\LibraryAddControllerTest" classname="App.Tests.Controller.Library.LibraryAddControllerTest" file="/Users/nik/Sites/dbwebb-kurser/mvc/me/report/tests/Controller/Library/LibraryProcessControllerTest.php" line="80" assertions="7" time="0.073543"/>
        <testcase name="testLibraryDelete" class="App\Tests\Controller\Library\LibraryAddControllerTest" classname="App.Tests.Controller.Library.LibraryAddControllerTest" file="/Users/nik/Sites/dbwebb-kurser/mvc/me/report/tests/Controller/Library/LibraryProcessControllerTest.php" line="115" assertions="4" time="0.086343"/>
        <testcase name="testLibraryUpdate" class="App\Tests\Controller\Library\LibraryAddControllerTest" classname="App.Tests.Controller.Library.LibraryAddControllerTest" file="/Users/nik/Sites/dbwebb-kurser/mvc/me/report/tests/Controller/Library/LibraryProcessControllerTest.php" line="142" assertions="2" time="0.036155"/>
      </testsuite>
      <testsuite name="App\Tests\Controller\Library\LibraryResetControllerTest" file="/Users/nik/Sites/dbwebb-kurser/mvc/me/report/tests/Controller/Library/LibraryRestControllerTest.php" tests="1" assertions="1" errors="0" warnings="0" failures="0" skipped="0" time="0.000423">
        <testcase name="testLibraryResetController" class="App\Tests\Controller\Library\LibraryResetControllerTest" classname="App.Tests.Controller.Library.LibraryResetControllerTest" file="/Users/nik/Sites/dbwebb-kurser/mvc/me/report/tests/Controller/Library/LibraryRestControllerTest.php" line="23" assertions="1" time="0.000423"/>
      </testsuite>
      <testsuite name="App\Tests\Controller\Poker\API\CombinationsAPIControllerTest" file="/Users/nik/Sites/dbwebb-kurser/mvc/me/report/tests/Controller/Poker/API/CombinationsAPIControllerTest.php" tests="2" assertions="5" errors="0" warnings="0" failures="0" skipped="0" time="0.091645">
        <testcase name="testCombinationsAPIController" class="App\Tests\Controller\Poker\API\CombinationsAPIControllerTest" classname="App.Tests.Controller.Poker.API.CombinationsAPIControllerTest" file="/Users/nik/Sites/dbwebb-kurser/mvc/me/report/tests/Controller/Poker/API/CombinationsAPIControllerTest.php" line="25" assertions="2" time="0.038701"/>
        <testcase name="testAPIPokerCombinations" class="App\Tests\Controller\Poker\API\CombinationsAPIControllerTest" classname="App.Tests.Controller.Poker.API.CombinationsAPIControllerTest" file="/Users/nik/Sites/dbwebb-kurser/mvc/me/report/tests/Controller/Poker/API/CombinationsAPIControllerTest.php" line="39" assertions="3" time="0.052945"/>
      </testsuite>
      <testsuite name="App\Tests\Controller\Poker\API\GameAPIControllerTest" file="/Users/nik/Sites/dbwebb-kurser/mvc/me/report/tests/Controller/Poker/API/GameAPIControllerTest.php" tests="1" assertions="2" errors="0" warnings="0" failures="0" skipped="0" time="0.045605">
        <testcase name="testGameAPIController" class="App\Tests\Controller\Poker\API\GameAPIControllerTest" classname="App.Tests.Controller.Poker.API.GameAPIControllerTest" file="/Users/nik/Sites/dbwebb-kurser/mvc/me/report/tests/Controller/Poker/API/GameAPIControllerTest.php" line="25" assertions="2" time="0.045605"/>
      </testsuite>
      <testsuite name="App\Tests\Controller\Poker\API\HandAPIControllerTest" file="/Users/nik/Sites/dbwebb-kurser/mvc/me/report/tests/Controller/Poker/API/HandAPIControllerTest.php" tests="1" assertions="4" errors="0" warnings="0" failures="0" skipped="0" time="0.039575">
        <testcase name="testHandAPIController" class="App\Tests\Controller\Poker\API\HandAPIControllerTest" classname="App.Tests.Controller.Poker.API.HandAPIControllerTest" file="/Users/nik/Sites/dbwebb-kurser/mvc/me/report/tests/Controller/Poker/API/HandAPIControllerTest.php" line="25" assertions="4" time="0.039575"/>
      </testsuite>
      <testsuite name="App\Tests\Controller\Poker\API\HexAPIControllerTest" file="/Users/nik/Sites/dbwebb-kurser/mvc/me/report/tests/Controller/Poker/API/HexAPIControllerTest.php" tests="2" assertions="7" errors="0" warnings="0" failures="0" skipped="0" time="0.015595">
        <testcase name="testHexAPIController" class="App\Tests\Controller\Poker\API\HexAPIControllerTest" classname="App.Tests.Controller.Poker.API.HexAPIControllerTest" file="/Users/nik/Sites/dbwebb-kurser/mvc/me/report/tests/Controller/Poker/API/HexAPIControllerTest.php" line="25" assertions="2" time="0.010618"/>
        <testcase name="testApiPokerHex" class="App\Tests\Controller\Poker\API\HexAPIControllerTest" classname="App.Tests.Controller.Poker.API.HexAPIControllerTest" file="/Users/nik/Sites/dbwebb-kurser/mvc/me/report/tests/Controller/Poker/API/HexAPIControllerTest.php" line="38" assertions="5" time="0.004978"/>
      </testsuite>
      <testsuite name="App\Tests\Controller\Poker\API\HexDecodeAPIControllerTest" file="/Users/nik/Sites/dbwebb-kurser/mvc/me/report/tests/Controller/Poker/API/HexDecodeAPIControllerTest.php" tests="2" assertions="3" errors="0" warnings="0" failures="0" skipped="0" time="0.010086">
        <testcase name="testHexDecodeAPIController" class="App\Tests\Controller\Poker\API\HexDecodeAPIControllerTest" classname="App.Tests.Controller.Poker.API.HexDecodeAPIControllerTest" file="/Users/nik/Sites/dbwebb-kurser/mvc/me/report/tests/Controller/Poker/API/HexDecodeAPIControllerTest.php" line="25" assertions="2" time="0.008583"/>
        <testcase name="testApiPokerHexDecode" class="App\Tests\Controller\Poker\API\HexDecodeAPIControllerTest" classname="App.Tests.Controller.Poker.API.HexDecodeAPIControllerTest" file="/Users/nik/Sites/dbwebb-kurser/mvc/me/report/tests/Controller/Poker/API/HexDecodeAPIControllerTest.php" line="38" assertions="1" time="0.001503"/>
      </testsuite>
      <testsuite name="App\Tests\Controller\Poker\API\WinnerAPIControllerTest" file="/Users/nik/Sites/dbwebb-kurser/mvc/me/report/tests/Controller/Poker/API/WinnerAPIControllerTest.php" tests="2" assertions="4" errors="0" warnings="0" failures="0" skipped="0" time="0.030378">
        <testcase name="testWinnerAPIController" class="App\Tests\Controller\Poker\API\WinnerAPIControllerTest" classname="App.Tests.Controller.Poker.API.WinnerAPIControllerTest" file="/Users/nik/Sites/dbwebb-kurser/mvc/me/report/tests/Controller/Poker/API/WinnerAPIControllerTest.php" line="30" assertions="2" time="0.011260"/>
        <testcase name="testApiPokerWinner" class="App\Tests\Controller\Poker\API\WinnerAPIControllerTest" classname="App.Tests.Controller.Poker.API.WinnerAPIControllerTest" file="/Users/nik/Sites/dbwebb-kurser/mvc/me/report/tests/Controller/Poker/API/WinnerAPIControllerTest.php" line="43" assertions="2" time="0.019118"/>
      </testsuite>
      <testsuite name="App\Tests\Controller\Poker\GameBeginControllerTest" file="/Users/nik/Sites/dbwebb-kurser/mvc/me/report/tests/Controller/Poker/GameBeginControllerTest.php" tests="2" assertions="3" errors="0" warnings="0" failures="0" skipped="0" time="0.026910">
        <testcase name="testGameBeginController" class="App\Tests\Controller\Poker\GameBeginControllerTest" classname="App.Tests.Controller.Poker.GameBeginControllerTest" file="/Users/nik/Sites/dbwebb-kurser/mvc/me/report/tests/Controller/Poker/GameBeginControllerTest.php" line="24" assertions="1" time="0.000876"/>
        <testcase name="testPokerBegin" class="App\Tests\Controller\Poker\GameBeginControllerTest" classname="App.Tests.Controller.Poker.GameBeginControllerTest" file="/Users/nik/Sites/dbwebb-kurser/mvc/me/report/tests/Controller/Poker/GameBeginControllerTest.php" line="33" assertions="2" time="0.026034"/>
      </testsuite>
      <testsuite name="App\Tests\Controller\Poker\GameControllerTest" file="/Users/nik/Sites/dbwebb-kurser/mvc/me/report/tests/Controller/Poker/GameControllerTest.php" tests="2" assertions="2" errors="0" warnings="0" failures="0" skipped="0" time="0.032003">
        <testcase name="testGameController" class="App\Tests\Controller\Poker\GameControllerTest" classname="App.Tests.Controller.Poker.GameControllerTest" file="/Users/nik/Sites/dbwebb-kurser/mvc/me/report/tests/Controller/Poker/GameControllerTest.php" line="24" assertions="1" time="0.000899"/>
        <testcase name="testPoker" class="App\Tests\Controller\Poker\GameControllerTest" classname="App.Tests.Controller.Poker.GameControllerTest" file="/Users/nik/Sites/dbwebb-kurser/mvc/me/report/tests/Controller/Poker/GameControllerTest.php" line="33" assertions="1" time="0.031104"/>
      </testsuite>
      <testsuite name="App\Tests\Controller\Poker\GameNextControllerTest" file="/Users/nik/Sites/dbwebb-kurser/mvc/me/report/tests/Controller/Poker/GameNextControllerTest.php" tests="2" assertions="3" errors="0" warnings="0" failures="0" skipped="0" time="0.046940">
        <testcase name="testGameNextController" class="App\Tests\Controller\Poker\GameNextControllerTest" classname="App.Tests.Controller.Poker.GameNextControllerTest" file="/Users/nik/Sites/dbwebb-kurser/mvc/me/report/tests/Controller/Poker/GameNextControllerTest.php" line="24" assertions="1" time="0.000871"/>
        <testcase name="testPokerBegin" class="App\Tests\Controller\Poker\GameNextControllerTest" classname="App.Tests.Controller.Poker.GameNextControllerTest" file="/Users/nik/Sites/dbwebb-kurser/mvc/me/report/tests/Controller/Poker/GameNextControllerTest.php" line="33" assertions="2" time="0.046069"/>
      </testsuite>
      <testsuite name="App\Tests\Controller\Poker\GameRoundControllerTest" file="/Users/nik/Sites/dbwebb-kurser/mvc/me/report/tests/Controller/Poker/GameRoundControllerTest.php" tests="9" assertions="26" errors="0" warnings="0" failures="0" skipped="0" time="0.712024">
        <testcase name="testGameRoundController" class="App\Tests\Controller\Poker\GameRoundControllerTest" classname="App.Tests.Controller.Poker.GameRoundControllerTest" file="/Users/nik/Sites/dbwebb-kurser/mvc/me/report/tests/Controller/Poker/GameRoundControllerTest.php" line="27" assertions="1" time="0.000886"/>
        <testcase name="testPokerBegin" class="App\Tests\Controller\Poker\GameRoundControllerTest" classname="App.Tests.Controller.Poker.GameRoundControllerTest" file="/Users/nik/Sites/dbwebb-kurser/mvc/me/report/tests/Controller/Poker/GameRoundControllerTest.php" line="36" assertions="2" time="0.029012"/>
        <testcase name="testPokerRound" class="App\Tests\Controller\Poker\GameRoundControllerTest" classname="App.Tests.Controller.Poker.GameRoundControllerTest" file="/Users/nik/Sites/dbwebb-kurser/mvc/me/report/tests/Controller/Poker/GameRoundControllerTest.php" line="46" assertions="10" time="0.241974"/>
        <testcase name="testPokerStates" class="App\Tests\Controller\Poker\GameRoundControllerTest" classname="App.Tests.Controller.Poker.GameRoundControllerTest" file="/Users/nik/Sites/dbwebb-kurser/mvc/me/report/tests/Controller/Poker/GameRoundControllerTest.php" line="72" assertions="3" time="0.075183"/>
        <testcase name="testPokerStates2" class="App\Tests\Controller\Poker\GameRoundControllerTest" classname="App.Tests.Controller.Poker.GameRoundControllerTest" file="/Users/nik/Sites/dbwebb-kurser/mvc/me/report/tests/Controller/Poker/GameRoundControllerTest.php" line="126" assertions="2" time="0.072863"/>
        <testcase name="testPokerStates3" class="App\Tests\Controller\Poker\GameRoundControllerTest" classname="App.Tests.Controller.Poker.GameRoundControllerTest" file="/Users/nik/Sites/dbwebb-kurser/mvc/me/report/tests/Controller/Poker/GameRoundControllerTest.php" line="178" assertions="2" time="0.074077"/>
        <testcase name="testPokerStates4" class="App\Tests\Controller\Poker\GameRoundControllerTest" classname="App.Tests.Controller.Poker.GameRoundControllerTest" file="/Users/nik/Sites/dbwebb-kurser/mvc/me/report/tests/Controller/Poker/GameRoundControllerTest.php" line="229" assertions="2" time="0.076852"/>
        <testcase name="testPokerStates5" class="App\Tests\Controller\Poker\GameRoundControllerTest" classname="App.Tests.Controller.Poker.GameRoundControllerTest" file="/Users/nik/Sites/dbwebb-kurser/mvc/me/report/tests/Controller/Poker/GameRoundControllerTest.php" line="280" assertions="2" time="0.055646"/>
        <testcase name="testPokerStates6" class="App\Tests\Controller\Poker\GameRoundControllerTest" classname="App.Tests.Controller.Poker.GameRoundControllerTest" file="/Users/nik/Sites/dbwebb-kurser/mvc/me/report/tests/Controller/Poker/GameRoundControllerTest.php" line="330" assertions="2" time="0.085531"/>
      </testsuite>
      <testsuite name="App\Tests\Controller\Poker\HomeControllerTest" file="/Users/nik/Sites/dbwebb-kurser/mvc/me/report/tests/Controller/Poker/HomeControllerTest.php" tests="6" assertions="7" errors="0" warnings="0" failures="0" skipped="0" time="0.075880">
        <testcase name="testHomeController" class="App\Tests\Controller\Poker\HomeControllerTest" classname="App.Tests.Controller.Poker.HomeControllerTest" file="/Users/nik/Sites/dbwebb-kurser/mvc/me/report/tests/Controller/Poker/HomeControllerTest.php" line="26" assertions="2" time="0.000980"/>
        <testcase name="testProj" class="App\Tests\Controller\Poker\HomeControllerTest" classname="App.Tests.Controller.Poker.HomeControllerTest" file="/Users/nik/Sites/dbwebb-kurser/mvc/me/report/tests/Controller/Poker/HomeControllerTest.php" line="38" assertions="1" time="0.016811"/>
        <testcase name="testAbout" class="App\Tests\Controller\Poker\HomeControllerTest" classname="App.Tests.Controller.Poker.HomeControllerTest" file="/Users/nik/Sites/dbwebb-kurser/mvc/me/report/tests/Controller/Poker/HomeControllerTest.php" line="48" assertions="1" time="0.012688"/>
        <testcase name="testReset" class="App\Tests\Controller\Poker\HomeControllerTest" classname="App.Tests.Controller.Poker.HomeControllerTest" file="/Users/nik/Sites/dbwebb-kurser/mvc/me/report/tests/Controller/Poker/HomeControllerTest.php" line="58" assertions="1" time="0.012362"/>
        <testcase name="testAboutDatabase" class="App\Tests\Controller\Poker\HomeControllerTest" classname="App.Tests.Controller.Poker.HomeControllerTest" file="/Users/nik/Sites/dbwebb-kurser/mvc/me/report/tests/Controller/Poker/HomeControllerTest.php" line="68" assertions="1" time="0.014307"/>
        <testcase name="testAPI" class="App\Tests\Controller\Poker\HomeControllerTest" classname="App.Tests.Controller.Poker.HomeControllerTest" file="/Users/nik/Sites/dbwebb-kurser/mvc/me/report/tests/Controller/Poker/HomeControllerTest.php" line="78" assertions="1" time="0.018733"/>
      </testsuite>
      <testsuite name="App\Tests\Controller\Poker\ResetControllerTest" file="/Users/nik/Sites/dbwebb-kurser/mvc/me/report/tests/Controller/Poker/ResetControllerTest.php" tests="2" assertions="3" errors="0" warnings="0" failures="0" skipped="0" time="0.046244">
        <testcase name="testResetController" class="App\Tests\Controller\Poker\ResetControllerTest" classname="App.Tests.Controller.Poker.ResetControllerTest" file="/Users/nik/Sites/dbwebb-kurser/mvc/me/report/tests/Controller/Poker/ResetControllerTest.php" line="25" assertions="1" time="0.000401"/>
        <testcase name="testResetDB" class="App\Tests\Controller\Poker\ResetControllerTest" classname="App.Tests.Controller.Poker.ResetControllerTest" file="/Users/nik/Sites/dbwebb-kurser/mvc/me/report/tests/Controller/Poker/ResetControllerTest.php" line="43" assertions="2" time="0.045843"/>
      </testsuite>
      <testsuite name="App\Tests\Controller\QuotationsControllerTest" file="/Users/nik/Sites/dbwebb-kurser/mvc/me/report/tests/Controller/QuotationsControlerTest.php" tests="2" assertions="2" errors="0" warnings="0" failures="0" skipped="0" time="0.012404">
        <testcase name="testQuotationsController" class="App\Tests\Controller\QuotationsControllerTest" classname="App.Tests.Controller.QuotationsControllerTest" file="/Users/nik/Sites/dbwebb-kurser/mvc/me/report/tests/Controller/QuotationsControlerTest.php" line="23" assertions="1" time="0.001008"/>
        <testcase name="testAPIDeck" class="App\Tests\Controller\QuotationsControllerTest" classname="App.Tests.Controller.QuotationsControllerTest" file="/Users/nik/Sites/dbwebb-kurser/mvc/me/report/tests/Controller/QuotationsControlerTest.php" line="31" assertions="1" time="0.011396"/>
      </testsuite>
      <testsuite name="App\Tests\Entity\BookTest" file="/Users/nik/Sites/dbwebb-kurser/mvc/me/report/tests/Entity/BookTest.php" tests="1" assertions="6" errors="0" warnings="0" failures="0" skipped="0" time="0.000457">
        <testcase name="testCreateObject" class="App\Tests\Entity\BookTest" classname="App.Tests.Entity.BookTest" file="/Users/nik/Sites/dbwebb-kurser/mvc/me/report/tests/Entity/BookTest.php" line="22" assertions="6" time="0.000457"/>
      </testsuite>
      <testsuite name="App\Tests\Entity\CommunityTest" file="/Users/nik/Sites/dbwebb-kurser/mvc/me/report/tests/Entity/CommunityTest.php" tests="1" assertions="8" errors="0" warnings="0" failures="0" skipped="0" time="0.000447">
        <testcase name="testCreateObject" class="App\Tests\Entity\CommunityTest" classname="App.Tests.Entity.CommunityTest" file="/Users/nik/Sites/dbwebb-kurser/mvc/me/report/tests/Entity/CommunityTest.php" line="22" assertions="8" time="0.000447"/>
      </testsuite>
      <testsuite name="App\Tests\Entity\LogTest" file="/Users/nik/Sites/dbwebb-kurser/mvc/me/report/tests/Entity/LogTest.php" tests="1" assertions="4" errors="0" warnings="0" failures="0" skipped="0" time="0.000986">
        <testcase name="testCreateObject" class="App\Tests\Entity\LogTest" classname="App.Tests.Entity.LogTest" file="/Users/nik/Sites/dbwebb-kurser/mvc/me/report/tests/Entity/LogTest.php" line="23" assertions="4" time="0.000986"/>
      </testsuite>
      <testsuite name="App\Tests\Entity\PlayersTest" file="/Users/nik/Sites/dbwebb-kurser/mvc/me/report/tests/Entity/PlayersTest.php" tests="1" assertions="10" errors="0" warnings="0" failures="0" skipped="0" time="0.000501">
        <testcase name="testCreateObject" class="App\Tests\Entity\PlayersTest" classname="App.Tests.Entity.PlayersTest" file="/Users/nik/Sites/dbwebb-kurser/mvc/me/report/tests/Entity/PlayersTest.php" line="22" assertions="10" time="0.000501"/>
      </testsuite>
      <testsuite name="App\Tests\Game21\GameActionsBankMovesTest" file="/Users/nik/Sites/dbwebb-kurser/mvc/me/report/tests/Game21/GameActionsBankMovesTest.php" tests="1" assertions="6" errors="0" warnings="0" failures="0" skipped="0" time="0.001549">
        <testcase name="testPlayerDraws" class="App\Tests\Game21\GameActionsBankMovesTest" classname="App.Tests.Game21.GameActionsBankMovesTest" file="/Users/nik/Sites/dbwebb-kurser/mvc/me/report/tests/Game21/GameActionsBankMovesTest.php" line="28" assertions="6" time="0.001549"/>
      </testsuite>
      <testsuite name="App\Tests\Game21\GameActionsTest" file="/Users/nik/Sites/dbwebb-kurser/mvc/me/report/tests/Game21/GameActionsTest.php" tests="6" assertions="23" errors="0" warnings="0" failures="0" skipped="0" time="0.130225">
        <testcase name="testPlayerDraws" class="App\Tests\Game21\GameActionsTest" classname="App.Tests.Game21.GameActionsTest" file="/Users/nik/Sites/dbwebb-kurser/mvc/me/report/tests/Game21/GameActionsTest.php" line="32" assertions="7" time="0.012991"/>
        <testcase name="testDeckReassembly" class="App\Tests\Game21\GameActionsTest" classname="App.Tests.Game21.GameActionsTest" file="/Users/nik/Sites/dbwebb-kurser/mvc/me/report/tests/Game21/GameActionsTest.php" line="54" assertions="2" time="0.086226"/>
        <testcase name="testCorrectBet" class="App\Tests\Game21\GameActionsTest" classname="App.Tests.Game21.GameActionsTest" file="/Users/nik/Sites/dbwebb-kurser/mvc/me/report/tests/Game21/GameActionsTest.php" line="74" assertions="4" time="0.000624"/>
        <testcase name="testWinningHandWithIntelligence" class="App\Tests\Game21\GameActionsTest" classname="App.Tests.Game21.GameActionsTest" file="/Users/nik/Sites/dbwebb-kurser/mvc/me/report/tests/Game21/GameActionsTest.php" line="95" assertions="6" time="0.015931"/>
        <testcase name="testWinningHandWithoutIntelligence" class="App\Tests\Game21\GameActionsTest" classname="App.Tests.Game21.GameActionsTest" file="/Users/nik/Sites/dbwebb-kurser/mvc/me/report/tests/Game21/GameActionsTest.php" line="158" assertions="3" time="0.010326"/>
        <testcase name="testGameOver" class="App\Tests\Game21\GameActionsTest" classname="App.Tests.Game21.GameActionsTest" file="/Users/nik/Sites/dbwebb-kurser/mvc/me/report/tests/Game21/GameActionsTest.php" line="206" assertions="1" time="0.004128"/>
      </testsuite>
      <testsuite name="App\Tests\Game21\GameTest" file="/Users/nik/Sites/dbwebb-kurser/mvc/me/report/tests/Game21/GameTest.php" tests="3" assertions="8" errors="0" warnings="0" failures="0" skipped="0" time="0.002522">
        <testcase name="testCreateInstance" class="App\Tests\Game21\GameTest" classname="App.Tests.Game21.GameTest" file="/Users/nik/Sites/dbwebb-kurser/mvc/me/report/tests/Game21/GameTest.php" line="24" assertions="2" time="0.000586"/>
        <testcase name="testCreateObject" class="App\Tests\Game21\GameTest" classname="App.Tests.Game21.GameTest" file="/Users/nik/Sites/dbwebb-kurser/mvc/me/report/tests/Game21/GameTest.php" line="33" assertions="5" time="0.001187"/>
        <testcase name="testGetterAndSetter" class="App\Tests\Game21\GameTest" classname="App.Tests.Game21.GameTest" file="/Users/nik/Sites/dbwebb-kurser/mvc/me/report/tests/Game21/GameTest.php" line="46" assertions="1" time="0.000748"/>
      </testsuite>
      <testsuite name="App\Tests\Game21\HandScoreTest" file="/Users/nik/Sites/dbwebb-kurser/mvc/me/report/tests/Game21/HandScoreTest.php" tests="2" assertions="22" errors="0" warnings="0" failures="0" skipped="0" time="0.001644">
        <testcase name="testCreateInstance" class="App\Tests\Game21\HandScoreTest" classname="App.Tests.Game21.HandScoreTest" file="/Users/nik/Sites/dbwebb-kurser/mvc/me/report/tests/Game21/HandScoreTest.php" line="32" assertions="8" time="0.000356"/>
        <testcase name="testCreateObject" class="App\Tests\Game21\HandScoreTest" classname="App.Tests.Game21.HandScoreTest" file="/Users/nik/Sites/dbwebb-kurser/mvc/me/report/tests/Game21/HandScoreTest.php" line="47" assertions="14" time="0.001288"/>
      </testsuite>
      <testsuite name="App\Tests\Game21\PlayerTest" file="/Users/nik/Sites/dbwebb-kurser/mvc/me/report/tests/Game21/PlayerTest.php" tests="2" assertions="4" errors="0" warnings="0" failures="0" skipped="0" time="0.000795">
        <testcase name="testCreateObject" class="App\Tests\Game21\PlayerTest" classname="App.Tests.Game21.PlayerTest" file="/Users/nik/Sites/dbwebb-kurser/mvc/me/report/tests/Game21/PlayerTest.php" line="23" assertions="3" time="0.000372"/>
        <testcase name="testGetterAndSetter" class="App\Tests\Game21\PlayerTest" classname="App.Tests.Game21.PlayerTest" file="/Users/nik/Sites/dbwebb-kurser/mvc/me/report/tests/Game21/PlayerTest.php" line="34" assertions="1" time="0.000423"/>
      </testsuite>
      <testsuite name="App\Tests\Poker\CommunityTest" file="/Users/nik/Sites/dbwebb-kurser/mvc/me/report/tests/Poker/CommunityTest.php" tests="1" assertions="9" errors="0" warnings="0" failures="0" skipped="0" time="0.000734">
        <testcase name="testCreateObject" class="App\Tests\Poker\CommunityTest" classname="App.Tests.Poker.CommunityTest" file="/Users/nik/Sites/dbwebb-kurser/mvc/me/report/tests/Poker/CommunityTest.php" line="26" assertions="9" time="0.000734"/>
      </testsuite>
      <testsuite name="App\Tests\Poker\DealOrderTest" file="/Users/nik/Sites/dbwebb-kurser/mvc/me/report/tests/Poker/DealOrderTest.php" tests="1" assertions="3" errors="0" warnings="0" failures="0" skipped="0" time="0.000367">
        <testcase name="testHelpers" class="App\Tests\Poker\DealOrderTest" classname="App.Tests.Poker.DealOrderTest" file="/Users/nik/Sites/dbwebb-kurser/mvc/me/report/tests/Poker/DealOrderTest.php" line="27" assertions="3" time="0.000367"/>
      </testsuite>
      <testsuite name="App\Tests\Poker\DeckTest" file="/Users/nik/Sites/dbwebb-kurser/mvc/me/report/tests/Poker/DeckTest.php" tests="6" assertions="134" errors="0" warnings="0" failures="0" skipped="0" time="0.096874">
        <testcase name="testCreateDeck" class="App\Tests\Poker\DeckTest" classname="App.Tests.Poker.DeckTest" file="/Users/nik/Sites/dbwebb-kurser/mvc/me/report/tests/Poker/DeckTest.php" line="30" assertions="9" time="0.000612"/>
        <testcase name="testShuffleDeck" class="App\Tests\Poker\DeckTest" classname="App.Tests.Poker.DeckTest" file="/Users/nik/Sites/dbwebb-kurser/mvc/me/report/tests/Poker/DeckTest.php" line="56" assertions="2" time="0.000653"/>
        <testcase name="testDrawCardsFromDeck" class="App\Tests\Poker\DeckTest" classname="App.Tests.Poker.DeckTest" file="/Users/nik/Sites/dbwebb-kurser/mvc/me/report/tests/Poker/DeckTest.php" line="73" assertions="104" time="0.001625"/>
        <testcase name="testAddCardsToDeck" class="App\Tests\Poker\DeckTest" classname="App.Tests.Poker.DeckTest" file="/Users/nik/Sites/dbwebb-kurser/mvc/me/report/tests/Poker/DeckTest.php" line="89" assertions="2" time="0.004733"/>
        <testcase name="testFaceMethods" class="App\Tests\Poker\DeckTest" classname="App.Tests.Poker.DeckTest" file="/Users/nik/Sites/dbwebb-kurser/mvc/me/report/tests/Poker/DeckTest.php" line="105" assertions="4" time="0.001170"/>
        <testcase name="testHand" class="App\Tests\Poker\DeckTest" classname="App.Tests.Poker.DeckTest" file="/Users/nik/Sites/dbwebb-kurser/mvc/me/report/tests/Poker/DeckTest.php" line="123" assertions="13" time="0.088079"/>
      </testsuite>
      <testsuite name="App\Tests\Poker\GameFoundationTest" file="/Users/nik/Sites/dbwebb-kurser/mvc/me/report/tests/Poker/GameFoundationTest.php" tests="1" assertions="17" errors="0" warnings="0" failures="0" skipped="0" time="0.001465">
        <testcase name="testCreateObject" class="App\Tests\Poker\GameFoundationTest" classname="App.Tests.Poker.GameFoundationTest" file="/Users/nik/Sites/dbwebb-kurser/mvc/me/report/tests/Poker/GameFoundationTest.php" line="25" assertions="17" time="0.001465"/>
      </testsuite>
      <testsuite name="App\Tests\Controller\Poker\GetDeckTest" file="/Users/nik/Sites/dbwebb-kurser/mvc/me/report/tests/Poker/GetDeckTest.php" tests="1" assertions="1" errors="0" warnings="0" failures="0" skipped="0" time="0.000350">
        <testcase name="testGameGetDeck" class="App\Tests\Controller\Poker\GetDeckTest" classname="App.Tests.Controller.Poker.GetDeckTest" file="/Users/nik/Sites/dbwebb-kurser/mvc/me/report/tests/Poker/GetDeckTest.php" line="24" assertions="1" time="0.000350"/>
      </testsuite>
      <testsuite name="App\Tests\Poker\HandlePlayerBetTest" file="/Users/nik/Sites/dbwebb-kurser/mvc/me/report/tests/Poker/HandlePlayerBetTest.php" tests="1" assertions="4" errors="0" warnings="0" failures="0" skipped="0" time="0.002609">
        <testcase name="testHelpers" class="App\Tests\Poker\HandlePlayerBetTest" classname="App.Tests.Poker.HandlePlayerBetTest" file="/Users/nik/Sites/dbwebb-kurser/mvc/me/report/tests/Poker/HandlePlayerBetTest.php" line="32" assertions="4" time="0.002609"/>
      </testsuite>
      <testsuite name="App\Tests\Poker\Helpers\FindAllHandsTest" file="/Users/nik/Sites/dbwebb-kurser/mvc/me/report/tests/Poker/Helpers/FindAllHandsTest.php" tests="1" assertions="3" errors="0" warnings="0" failures="0" skipped="0" time="0.000401">
        <testcase name="testFindAllHands" class="App\Tests\Poker\Helpers\FindAllHandsTest" classname="App.Tests.Poker.Helpers.FindAllHandsTest" file="/Users/nik/Sites/dbwebb-kurser/mvc/me/report/tests/Poker/Helpers/FindAllHandsTest.php" line="25" assertions="3" time="0.000401"/>
      </testsuite>
      <testsuite name="App\Tests\Poker\FindBestHandTest" file="/Users/nik/Sites/dbwebb-kurser/mvc/me/report/tests/Poker/Helpers/FindBestHandTest.php" tests="1" assertions="5" errors="0" warnings="0" failures="0" skipped="0" time="0.053402">
        <testcase name="testFindBestHand" class="App\Tests\Poker\FindBestHandTest" classname="App.Tests.Poker.FindBestHandTest" file="/Users/nik/Sites/dbwebb-kurser/mvc/me/report/tests/Poker/Helpers/FindBestHandTest.php" line="31" assertions="5" time="0.053402"/>
      </testsuite>
      <testsuite name="App\Tests\Poker\HexDecodeTest" file="/Users/nik/Sites/dbwebb-kurser/mvc/me/report/tests/Poker/Helpers/HexDecodeTest.php" tests="1" assertions="1" errors="0" warnings="0" failures="0" skipped="0" time="0.000361">
        <testcase name="testHexDecode" class="App\Tests\Poker\HexDecodeTest" classname="App.Tests.Poker.HexDecodeTest" file="/Users/nik/Sites/dbwebb-kurser/mvc/me/report/tests/Poker/Helpers/HexDecodeTest.php" line="23" assertions="1" time="0.000361"/>
      </testsuite>
      <testsuite name="App\Tests\Poker\HoleCardsTest" file="/Users/nik/Sites/dbwebb-kurser/mvc/me/report/tests/Poker/HoleCardsTest.php" tests="1" assertions="5" errors="0" warnings="0" failures="0" skipped="0" time="0.000843">
        <testcase name="testHelpers" class="App\Tests\Poker\HoleCardsTest" classname="App.Tests.Poker.HoleCardsTest" file="/Users/nik/Sites/dbwebb-kurser/mvc/me/report/tests/Poker/HoleCardsTest.php" line="29" assertions="5" time="0.000843"/>
      </testsuite>
      <testsuite name="App\Tests\Poker\LogTest" file="/Users/nik/Sites/dbwebb-kurser/mvc/me/report/tests/Poker/LogTest.php" tests="1" assertions="1" errors="0" warnings="0" failures="0" skipped="0" time="0.000683">
        <testcase name="testCreateObject" class="App\Tests\Poker\LogTest" classname="App.Tests.Poker.LogTest" file="/Users/nik/Sites/dbwebb-kurser/mvc/me/report/tests/Poker/LogTest.php" line="24" assertions="1" time="0.000683"/>
      </testsuite>
      <testsuite name="App\Tests\Poker\PlayerTest" file="/Users/nik/Sites/dbwebb-kurser/mvc/me/report/tests/Poker/PlayerTest.php" tests="1" assertions="19" errors="0" warnings="0" failures="0" skipped="0" time="0.001241">
        <testcase name="testCreateObject" class="App\Tests\Poker\PlayerTest" classname="App.Tests.Poker.PlayerTest" file="/Users/nik/Sites/dbwebb-kurser/mvc/me/report/tests/Poker/PlayerTest.php" line="28" assertions="19" time="0.001241"/>
      </testsuite>
      <testsuite name="App\Tests\Poker\PokerHand\PokerHandCombinationsTest" file="/Users/nik/Sites/dbwebb-kurser/mvc/me/report/tests/Poker/PokerHand/PokerHandCombinationsTest.php" tests="1" assertions="5" errors="0" warnings="0" failures="0" skipped="0" time="0.000864">
        <testcase name="testPokerHandCombinations" class="App\Tests\Poker\PokerHand\PokerHandCombinationsTest" classname="App.Tests.Poker.PokerHand.PokerHandCombinationsTest" file="/Users/nik/Sites/dbwebb-kurser/mvc/me/report/tests/Poker/PokerHand/PokerHandCombinationsTest.php" line="25" assertions="5" time="0.000864"/>
      </testsuite>
      <testsuite name="App\Tests\Poker\PokerHand\PokerHandSeriesTest" file="/Users/nik/Sites/dbwebb-kurser/mvc/me/report/tests/Poker/PokerHand/PokerHandSeriesTest.php" tests="2" assertions="39" errors="0" warnings="0" failures="0" skipped="0" time="0.016096">
        <testcase name="testPokerHandSeries" class="App\Tests\Poker\PokerHand\PokerHandSeriesTest" classname="App.Tests.Poker.PokerHand.PokerHandSeriesTest" file="/Users/nik/Sites/dbwebb-kurser/mvc/me/report/tests/Poker/PokerHand/PokerHandSeriesTest.php" line="23" assertions="15" time="0.008457"/>
        <testcase name="testPokerHandValue" class="App\Tests\Poker\PokerHand\PokerHandSeriesTest" classname="App.Tests.Poker.PokerHand.PokerHandSeriesTest" file="/Users/nik/Sites/dbwebb-kurser/mvc/me/report/tests/Poker/PokerHand/PokerHandSeriesTest.php" line="29" assertions="24" time="0.007639"/>
      </testsuite>
      <testsuite name="App\Tests\Poker\PokerHand\PokerHandValueTest" file="/Users/nik/Sites/dbwebb-kurser/mvc/me/report/tests/Poker/PokerHand/PokerHandValueTest.php" tests="1" assertions="24" errors="0" warnings="0" failures="0" skipped="0" time="0.007250">
        <testcase name="testPokerHandValue" class="App\Tests\Poker\PokerHand\PokerHandValueTest" classname="App.Tests.Poker.PokerHand.PokerHandValueTest" file="/Users/nik/Sites/dbwebb-kurser/mvc/me/report/tests/Poker/PokerHand/PokerHandValueTest.php" line="29" assertions="24" time="0.007250"/>
      </testsuite>
      <testsuite name="App\Tests\Poker\Round\CheckBadgesTest" file="/Users/nik/Sites/dbwebb-kurser/mvc/me/report/tests/Poker/Round/CheckBadgesTest.php" tests="1" assertions="3" errors="0" warnings="0" failures="0" skipped="0" time="0.004994">
        <testcase name="testCheckBadges" class="App\Tests\Poker\Round\CheckBadgesTest" classname="App.Tests.Poker.Round.CheckBadgesTest" file="/Users/nik/Sites/dbwebb-kurser/mvc/me/report/tests/Poker/Round/CheckBadgesTest.php" line="27" assertions="3" time="0.004994"/>
      </testsuite>
      <testsuite name="App\Tests\Poker\Round\CollectBetsTest" file="/Users/nik/Sites/dbwebb-kurser/mvc/me/report/tests/Poker/Round/CollectBetsTest.php" tests="1" assertions="1" errors="0" warnings="0" failures="0" skipped="0" time="0.009635">
        <testcase name="testCollectBets" class="App\Tests\Poker\Round\CollectBetsTest" classname="App.Tests.Poker.Round.CollectBetsTest" file="/Users/nik/Sites/dbwebb-kurser/mvc/me/report/tests/Poker/Round/CollectBetsTest.php" line="29" assertions="1" time="0.009635"/>
      </testsuite>
      <testsuite name="App\Tests\Poker\Round\CommunityCardsTest" file="/Users/nik/Sites/dbwebb-kurser/mvc/me/report/tests/Poker/Round/CommunityCardsTest.php" tests="1" assertions="1" errors="0" warnings="0" failures="0" skipped="0" time="0.009576">
        <testcase name="testCommunityCards" class="App\Tests\Poker\Round\CommunityCardsTest" classname="App.Tests.Poker.Round.CommunityCardsTest" file="/Users/nik/Sites/dbwebb-kurser/mvc/me/report/tests/Poker/Round/CommunityCardsTest.php" line="32" assertions="1" time="0.009576"/>
      </testsuite>
      <testsuite name="App\Tests\Poker\Round\DealCommunityCardsTest" file="/Users/nik/Sites/dbwebb-kurser/mvc/me/report/tests/Poker/Round/DealCommunityCardsTest.php" tests="1" assertions="1" errors="0" warnings="0" failures="0" skipped="0" time="0.007177">
        <testcase name="testDealCommunityCards" class="App\Tests\Poker\Round\DealCommunityCardsTest" classname="App.Tests.Poker.Round.DealCommunityCardsTest" file="/Users/nik/Sites/dbwebb-kurser/mvc/me/report/tests/Poker/Round/DealCommunityCardsTest.php" line="25" assertions="1" time="0.007177"/>
      </testsuite>
      <testsuite name="App\Tests\Poker\Round\DecideWinnerTest" file="/Users/nik/Sites/dbwebb-kurser/mvc/me/report/tests/Poker/Round/DecideWinnerTest.php" tests="1" assertions="1" errors="0" warnings="0" failures="0" skipped="0" time="0.000866">
        <testcase name="testPermuteHands" class="App\Tests\Poker\Round\DecideWinnerTest" classname="App.Tests.Poker.Round.DecideWinnerTest" file="/Users/nik/Sites/dbwebb-kurser/mvc/me/report/tests/Poker/Round/DecideWinnerTest.php" line="23" assertions="1" time="0.000866"/>
      </testsuite>
      <testsuite name="App\Tests\Poker\Round\PermuteHandsTest" file="/Users/nik/Sites/dbwebb-kurser/mvc/me/report/tests/Poker/Round/PermuteHandsTest.php" tests="1" assertions="1" errors="0" warnings="0" failures="0" skipped="0" time="0.038266">
        <testcase name="testPermuteHands" class="App\Tests\Poker\Round\PermuteHandsTest" classname="App.Tests.Poker.Round.PermuteHandsTest" file="/Users/nik/Sites/dbwebb-kurser/mvc/me/report/tests/Poker/Round/PermuteHandsTest.php" line="31" assertions="1" time="0.038266"/>
      </testsuite>
      <testsuite name="App\Tests\Poker\RoundDoneTest" file="/Users/nik/Sites/dbwebb-kurser/mvc/me/report/tests/Poker/Round/RoundDoneTest.php" tests="1" assertions="8" errors="0" warnings="0" failures="0" skipped="0" time="0.000433">
        <testcase name="testHelpers" class="App\Tests\Poker\RoundDoneTest" classname="App.Tests.Poker.RoundDoneTest" file="/Users/nik/Sites/dbwebb-kurser/mvc/me/report/tests/Poker/Round/RoundDoneTest.php" line="32" assertions="8" time="0.000433"/>
      </testsuite>
      <testsuite name="App\Tests\Repository\BookRepositoryTest" file="/Users/nik/Sites/dbwebb-kurser/mvc/me/report/tests/Repository/BookRepositoryTest.php" tests="1" assertions="1" errors="0" warnings="0" failures="0" skipped="0" time="0.000462">
        <testcase name="testCreateObject" class="App\Tests\Repository\BookRepositoryTest" classname="App.Tests.Repository.BookRepositoryTest" file="/Users/nik/Sites/dbwebb-kurser/mvc/me/report/tests/Repository/BookRepositoryTest.php" line="25" assertions="1" time="0.000462"/>
      </testsuite>
      <testsuite name="App\Tests\Repository\CommunityRepositoryTest" file="/Users/nik/Sites/dbwebb-kurser/mvc/me/report/tests/Repository/CommunityRepositoryTest.php" tests="1" assertions="1" errors="0" warnings="0" failures="0" skipped="0" time="0.000442">
        <testcase name="testCreateObject" class="App\Tests\Repository\CommunityRepositoryTest" classname="App.Tests.Repository.CommunityRepositoryTest" file="/Users/nik/Sites/dbwebb-kurser/mvc/me/report/tests/Repository/CommunityRepositoryTest.php" line="25" assertions="1" time="0.000442"/>
      </testsuite>
      <testsuite name="App\Tests\Repository\LogRepositoryTest" file="/Users/nik/Sites/dbwebb-kurser/mvc/me/report/tests/Repository/LogRepositoryTest.php" tests="1" assertions="1" errors="0" warnings="0" failures="0" skipped="0" time="0.000888">
        <testcase name="testCreateObject" class="App\Tests\Repository\LogRepositoryTest" classname="App.Tests.Repository.LogRepositoryTest" file="/Users/nik/Sites/dbwebb-kurser/mvc/me/report/tests/Repository/LogRepositoryTest.php" line="25" assertions="1" time="0.000888"/>
      </testsuite>
      <testsuite name="App\Tests\Repository\PlayersRepositoryTest" file="/Users/nik/Sites/dbwebb-kurser/mvc/me/report/tests/Repository/PlayersRepositoryTest.php" tests="1" assertions="1" errors="0" warnings="0" failures="0" skipped="0" time="0.000458">
        <testcase name="testCreateObject" class="App\Tests\Repository\PlayersRepositoryTest" classname="App.Tests.Repository.PlayersRepositoryTest" file="/Users/nik/Sites/dbwebb-kurser/mvc/me/report/tests/Repository/PlayersRepositoryTest.php" line="25" assertions="1" time="0.000458"/>
      </testsuite>
    </testsuite>
  </testsuite>
</testsuites>
