<?xml version="1.0" encoding="UTF-8"?>
<testsuites>
  <testsuite name="" tests="90" assertions="565" errors="0" warnings="0" failures="0" skipped="0" time="1.556792">
    <testsuite name="Project Test Suite" tests="90" assertions="565" errors="0" warnings="0" failures="0" skipped="0" time="1.556792">
      <testsuite name="App\Tests\Cards\CardGraphicTest" file="/Users/nik/Sites/dbwebb-kurser/mvc/me/report/tests/Cards/CardGraphicTest.php" tests="3" assertions="112" errors="0" warnings="0" failures="0" skipped="0" time="0.010483">
        <testcase name="testCreateObject" class="App\Tests\Cards\CardGraphicTest" classname="App.Tests.Cards.CardGraphicTest" file="/Users/nik/Sites/dbwebb-kurser/mvc/me/report/tests/Cards/CardGraphicTest.php" line="24" assertions="2" time="0.008222"/>
        <testcase name="testStringValues" class="App\Tests\Cards\CardGraphicTest" classname="App.Tests.Cards.CardGraphicTest" file="/Users/nik/Sites/dbwebb-kurser/mvc/me/report/tests/Cards/CardGraphicTest.php" line="35" assertions="54" time="0.000798"/>
        <testcase name="testTextValues" class="App\Tests\Cards\CardGraphicTest" classname="App.Tests.Cards.CardGraphicTest" file="/Users/nik/Sites/dbwebb-kurser/mvc/me/report/tests/Cards/CardGraphicTest.php" line="48" assertions="56" time="0.001463"/>
      </testsuite>
      <testsuite name="App\Tests\Cards\CardTest" file="/Users/nik/Sites/dbwebb-kurser/mvc/me/report/tests/Cards/CardTest.php" tests="3" assertions="110" errors="0" warnings="0" failures="0" skipped="0" time="0.002623">
        <testcase name="testCreateObject" class="App\Tests\Cards\CardTest" classname="App.Tests.Cards.CardTest" file="/Users/nik/Sites/dbwebb-kurser/mvc/me/report/tests/Cards/CardTest.php" line="24" assertions="108" time="0.000932"/>
        <testcase name="testCreateObjectWithTooLargeArgument" class="App\Tests\Cards\CardTest" classname="App.Tests.Cards.CardTest" file="/Users/nik/Sites/dbwebb-kurser/mvc/me/report/tests/Cards/CardTest.php" line="38" assertions="1" time="0.001361"/>
        <testcase name="testCreateObjectWithTooSmallArgument" class="App\Tests\Cards\CardTest" classname="App.Tests.Cards.CardTest" file="/Users/nik/Sites/dbwebb-kurser/mvc/me/report/tests/Cards/CardTest.php" line="47" assertions="1" time="0.000331"/>
      </testsuite>
      <testsuite name="App\Tests\Cards\DeckTest" file="/Users/nik/Sites/dbwebb-kurser/mvc/me/report/tests/Cards/DeckTest.php" tests="4" assertions="122" errors="0" warnings="0" failures="0" skipped="0" time="0.018092">
        <testcase name="testCreateDeck" class="App\Tests\Cards\DeckTest" classname="App.Tests.Cards.DeckTest" file="/Users/nik/Sites/dbwebb-kurser/mvc/me/report/tests/Cards/DeckTest.php" line="26" assertions="6" time="0.002308"/>
        <testcase name="testShuffleDeck" class="App\Tests\Cards\DeckTest" classname="App.Tests.Cards.DeckTest" file="/Users/nik/Sites/dbwebb-kurser/mvc/me/report/tests/Cards/DeckTest.php" line="49" assertions="6" time="0.008639"/>
        <testcase name="testDrawCardsFromDeck" class="App\Tests\Cards\DeckTest" classname="App.Tests.Cards.DeckTest" file="/Users/nik/Sites/dbwebb-kurser/mvc/me/report/tests/Cards/DeckTest.php" line="81" assertions="108" time="0.002487"/>
        <testcase name="testAddCardsToDeck" class="App\Tests\Cards\DeckTest" classname="App.Tests.Cards.DeckTest" file="/Users/nik/Sites/dbwebb-kurser/mvc/me/report/tests/Cards/DeckTest.php" line="97" assertions="2" time="0.004657"/>
      </testsuite>
      <testsuite name="App\Tests\Cards\HandTest" file="/Users/nik/Sites/dbwebb-kurser/mvc/me/report/tests/Cards/HandTest.php" tests="1" assertions="8" errors="0" warnings="0" failures="0" skipped="0" time="0.007417">
        <testcase name="testCreateObject" class="App\Tests\Cards\HandTest" classname="App.Tests.Cards.HandTest" file="/Users/nik/Sites/dbwebb-kurser/mvc/me/report/tests/Cards/HandTest.php" line="25" assertions="8" time="0.007417"/>
      </testsuite>
      <testsuite name="App\Tests\Controller\Cards\CardAPIDealControllerTest" file="/Users/nik/Sites/dbwebb-kurser/mvc/me/report/tests/Controller/Cards/CardAPIDealControllerTest.php" tests="5" assertions="11" errors="0" warnings="0" failures="0" skipped="0" time="0.325907">
        <testcase name="testCardAPIController" class="App\Tests\Controller\Cards\CardAPIDealControllerTest" classname="App.Tests.Controller.Cards.CardAPIDealControllerTest" file="/Users/nik/Sites/dbwebb-kurser/mvc/me/report/tests/Controller/Cards/CardAPIDealControllerTest.php" line="26" assertions="1" time="0.003974"/>
        <testcase name="testAPIDeckDealPlayersCards" class="App\Tests\Controller\Cards\CardAPIDealControllerTest" classname="App.Tests.Controller.Cards.CardAPIDealControllerTest" file="/Users/nik/Sites/dbwebb-kurser/mvc/me/report/tests/Controller/Cards/CardAPIDealControllerTest.php" line="35" assertions="2" time="0.267747"/>
        <testcase name="testAPIDeckDealPlayersCardsPost" class="App\Tests\Controller\Cards\CardAPIDealControllerTest" classname="App.Tests.Controller.Cards.CardAPIDealControllerTest" file="/Users/nik/Sites/dbwebb-kurser/mvc/me/report/tests/Controller/Cards/CardAPIDealControllerTest.php" line="50" assertions="2" time="0.026810"/>
        <testcase name="testAPIDeck" class="App\Tests\Controller\Cards\CardAPIDealControllerTest" classname="App.Tests.Controller.Cards.CardAPIDealControllerTest" file="/Users/nik/Sites/dbwebb-kurser/mvc/me/report/tests/Controller/Cards/CardAPIDealControllerTest.php" line="36" assertions="4" time="0.015171"/>
        <testcase name="testAPIDeckShuffle" class="App\Tests\Controller\Cards\CardAPIDealControllerTest" classname="App.Tests.Controller.Cards.CardAPIDealControllerTest" file="/Users/nik/Sites/dbwebb-kurser/mvc/me/report/tests/Controller/Cards/CardAPIDealControllerTest.php" line="58" assertions="2" time="0.012205"/>
      </testsuite>
      <testsuite name="App\Tests\Controller\Cards\CardAPIDeckControllerTest" file="/Users/nik/Sites/dbwebb-kurser/mvc/me/report/tests/Controller/Cards/CardAPIDeckControllerTest.php" tests="3" assertions="7" errors="0" warnings="0" failures="0" skipped="0" time="0.029073">
        <testcase name="testCardAPIController" class="App\Tests\Controller\Cards\CardAPIDeckControllerTest" classname="App.Tests.Controller.Cards.CardAPIDeckControllerTest" file="/Users/nik/Sites/dbwebb-kurser/mvc/me/report/tests/Controller/Cards/CardAPIDeckControllerTest.php" line="27" assertions="1" time="0.000340"/>
        <testcase name="testAPIDeck" class="App\Tests\Controller\Cards\CardAPIDeckControllerTest" classname="App.Tests.Controller.Cards.CardAPIDeckControllerTest" file="/Users/nik/Sites/dbwebb-kurser/mvc/me/report/tests/Controller/Cards/CardAPIDeckControllerTest.php" line="36" assertions="4" time="0.016786"/>
        <testcase name="testAPIDeckShuffle" class="App\Tests\Controller\Cards\CardAPIDeckControllerTest" classname="App.Tests.Controller.Cards.CardAPIDeckControllerTest" file="/Users/nik/Sites/dbwebb-kurser/mvc/me/report/tests/Controller/Cards/CardAPIDeckControllerTest.php" line="58" assertions="2" time="0.011948"/>
      </testsuite>
      <testsuite name="App\Tests\Controller\Cards\CardAPIDrawControllerTest" file="/Users/nik/Sites/dbwebb-kurser/mvc/me/report/tests/Controller/Cards/CardAPIDrawControllerTest.php" tests="6" assertions="14" errors="0" warnings="0" failures="0" skipped="0" time="0.065204">
        <testcase name="testCardAPIController" class="App\Tests\Controller\Cards\CardAPIDrawControllerTest" classname="App.Tests.Controller.Cards.CardAPIDrawControllerTest" file="/Users/nik/Sites/dbwebb-kurser/mvc/me/report/tests/Controller/Cards/CardAPIDrawControllerTest.php" line="27" assertions="2" time="0.001106"/>
        <testcase name="testAPIDeckDraw" class="App\Tests\Controller\Cards\CardAPIDrawControllerTest" classname="App.Tests.Controller.Cards.CardAPIDrawControllerTest" file="/Users/nik/Sites/dbwebb-kurser/mvc/me/report/tests/Controller/Cards/CardAPIDrawControllerTest.php" line="39" assertions="2" time="0.011958"/>
        <testcase name="testAPIDeckDrawNumber" class="App\Tests\Controller\Cards\CardAPIDrawControllerTest" classname="App.Tests.Controller.Cards.CardAPIDrawControllerTest" file="/Users/nik/Sites/dbwebb-kurser/mvc/me/report/tests/Controller/Cards/CardAPIDrawControllerTest.php" line="54" assertions="2" time="0.012026"/>
        <testcase name="testAPIDeckDrawNumberPost" class="App\Tests\Controller\Cards\CardAPIDrawControllerTest" classname="App.Tests.Controller.Cards.CardAPIDrawControllerTest" file="/Users/nik/Sites/dbwebb-kurser/mvc/me/report/tests/Controller/Cards/CardAPIDrawControllerTest.php" line="69" assertions="2" time="0.010961"/>
        <testcase name="testAPIDeck" class="App\Tests\Controller\Cards\CardAPIDrawControllerTest" classname="App.Tests.Controller.Cards.CardAPIDrawControllerTest" file="/Users/nik/Sites/dbwebb-kurser/mvc/me/report/tests/Controller/Cards/CardAPIDrawControllerTest.php" line="36" assertions="4" time="0.017171"/>
        <testcase name="testAPIDeckShuffle" class="App\Tests\Controller\Cards\CardAPIDrawControllerTest" classname="App.Tests.Controller.Cards.CardAPIDrawControllerTest" file="/Users/nik/Sites/dbwebb-kurser/mvc/me/report/tests/Controller/Cards/CardAPIDrawControllerTest.php" line="58" assertions="2" time="0.011983"/>
      </testsuite>
      <testsuite name="App\Tests\Controller\Cards\CardControllerTest" file="/Users/nik/Sites/dbwebb-kurser/mvc/me/report/tests/Controller/Cards/CardControllerTest.php" tests="8" assertions="24" errors="0" warnings="0" failures="0" skipped="0" time="0.166957">
        <testcase name="testCardController" class="App\Tests\Controller\Cards\CardControllerTest" classname="App.Tests.Controller.Cards.CardControllerTest" file="/Users/nik/Sites/dbwebb-kurser/mvc/me/report/tests/Controller/Cards/CardControllerTest.php" line="29" assertions="5" time="0.001535"/>
        <testcase name="testCard" class="App\Tests\Controller\Cards\CardControllerTest" classname="App.Tests.Controller.Cards.CardControllerTest" file="/Users/nik/Sites/dbwebb-kurser/mvc/me/report/tests/Controller/Cards/CardControllerTest.php" line="50" assertions="3" time="0.033709"/>
        <testcase name="testCardDeck" class="App\Tests\Controller\Cards\CardControllerTest" classname="App.Tests.Controller.Cards.CardControllerTest" file="/Users/nik/Sites/dbwebb-kurser/mvc/me/report/tests/Controller/Cards/CardControllerTest.php" line="61" assertions="6" time="0.029992"/>
        <testcase name="testCardDeckReset" class="App\Tests\Controller\Cards\CardControllerTest" classname="App.Tests.Controller.Cards.CardControllerTest" file="/Users/nik/Sites/dbwebb-kurser/mvc/me/report/tests/Controller/Cards/CardControllerTest.php" line="87" assertions="2" time="0.012939"/>
        <testcase name="testCardDeckShuffle" class="App\Tests\Controller\Cards\CardControllerTest" classname="App.Tests.Controller.Cards.CardControllerTest" file="/Users/nik/Sites/dbwebb-kurser/mvc/me/report/tests/Controller/Cards/CardControllerTest.php" line="97" assertions="2" time="0.027770"/>
        <testcase name="testCardDeckDraw" class="App\Tests\Controller\Cards\CardControllerTest" classname="App.Tests.Controller.Cards.CardControllerTest" file="/Users/nik/Sites/dbwebb-kurser/mvc/me/report/tests/Controller/Cards/CardControllerTest.php" line="115" assertions="2" time="0.019923"/>
        <testcase name="testCardDeckDrawNumber" class="App\Tests\Controller\Cards\CardControllerTest" classname="App.Tests.Controller.Cards.CardControllerTest" file="/Users/nik/Sites/dbwebb-kurser/mvc/me/report/tests/Controller/Cards/CardControllerTest.php" line="133" assertions="2" time="0.018341"/>
        <testcase name="testCardDeckDealPlayersCards" class="App\Tests\Controller\Cards\CardControllerTest" classname="App.Tests.Controller.Cards.CardControllerTest" file="/Users/nik/Sites/dbwebb-kurser/mvc/me/report/tests/Controller/Cards/CardControllerTest.php" line="151" assertions="2" time="0.022749"/>
      </testsuite>
      <testsuite name="App\Tests\Controller\Cards\CardProcessControllerTest" file="/Users/nik/Sites/dbwebb-kurser/mvc/me/report/tests/Controller/Cards/CardProcessControllerTest.php" tests="5" assertions="9" errors="0" warnings="0" failures="0" skipped="0" time="0.045689">
        <testcase name="testCardProcessController" class="App\Tests\Controller\Cards\CardProcessControllerTest" classname="App.Tests.Controller.Cards.CardProcessControllerTest" file="/Users/nik/Sites/dbwebb-kurser/mvc/me/report/tests/Controller/Cards/CardProcessControllerTest.php" line="24" assertions="1" time="0.000879"/>
        <testcase name="testSession" class="App\Tests\Controller\Cards\CardProcessControllerTest" classname="App.Tests.Controller.Cards.CardProcessControllerTest" file="/Users/nik/Sites/dbwebb-kurser/mvc/me/report/tests/Controller/Cards/CardProcessControllerTest.php" line="33" assertions="2" time="0.014445"/>
        <testcase name="testSessionDelete" class="App\Tests\Controller\Cards\CardProcessControllerTest" classname="App.Tests.Controller.Cards.CardProcessControllerTest" file="/Users/nik/Sites/dbwebb-kurser/mvc/me/report/tests/Controller/Cards/CardProcessControllerTest.php" line="47" assertions="2" time="0.010833"/>
        <testcase name="testCardDeckDrawProcess" class="App\Tests\Controller\Cards\CardProcessControllerTest" classname="App.Tests.Controller.Cards.CardProcessControllerTest" file="/Users/nik/Sites/dbwebb-kurser/mvc/me/report/tests/Controller/Cards/CardProcessControllerTest.php" line="57" assertions="2" time="0.011062"/>
        <testcase name="testCardDeckDealProcess" class="App\Tests\Controller\Cards\CardProcessControllerTest" classname="App.Tests.Controller.Cards.CardProcessControllerTest" file="/Users/nik/Sites/dbwebb-kurser/mvc/me/report/tests/Controller/Cards/CardProcessControllerTest.php" line="67" assertions="2" time="0.008471"/>
      </testsuite>
      <testsuite name="App\Tests\Controller\Game21\GameAPIControllerTest" file="/Users/nik/Sites/dbwebb-kurser/mvc/me/report/tests/Controller/Game21/GameAPIControllerTest.php" tests="2" assertions="2" errors="0" warnings="0" failures="0" skipped="0" time="0.014594">
        <testcase name="testGameAPIController" class="App\Tests\Controller\Game21\GameAPIControllerTest" classname="App.Tests.Controller.Game21.GameAPIControllerTest" file="/Users/nik/Sites/dbwebb-kurser/mvc/me/report/tests/Controller/Game21/GameAPIControllerTest.php" line="24" assertions="1" time="0.001226"/>
        <testcase name="testAPIGame" class="App\Tests\Controller\Game21\GameAPIControllerTest" classname="App.Tests.Controller.Game21.GameAPIControllerTest" file="/Users/nik/Sites/dbwebb-kurser/mvc/me/report/tests/Controller/Game21/GameAPIControllerTest.php" line="33" assertions="1" time="0.013368"/>
      </testsuite>
      <testsuite name="App\Tests\Controller\Game21\GameControllerTest" file="/Users/nik/Sites/dbwebb-kurser/mvc/me/report/tests/Controller/Game21/GameControllerTest.php" tests="4" assertions="12" errors="0" warnings="0" failures="0" skipped="0" time="0.051559">
        <testcase name="testGameController" class="App\Tests\Controller\Game21\GameControllerTest" classname="App.Tests.Controller.Game21.GameControllerTest" file="/Users/nik/Sites/dbwebb-kurser/mvc/me/report/tests/Controller/Game21/GameControllerTest.php" line="29" assertions="5" time="0.001946"/>
        <testcase name="testGame" class="App\Tests\Controller\Game21\GameControllerTest" classname="App.Tests.Controller.Game21.GameControllerTest" file="/Users/nik/Sites/dbwebb-kurser/mvc/me/report/tests/Controller/Game21/GameControllerTest.php" line="50" assertions="3" time="0.015734"/>
        <testcase name="testDoc" class="App\Tests\Controller\Game21\GameControllerTest" classname="App.Tests.Controller.Game21.GameControllerTest" file="/Users/nik/Sites/dbwebb-kurser/mvc/me/report/tests/Controller/Game21/GameControllerTest.php" line="61" assertions="3" time="0.014330"/>
        <testcase name="testDojo" class="App\Tests\Controller\Game21\GameControllerTest" classname="App.Tests.Controller.Game21.GameControllerTest" file="/Users/nik/Sites/dbwebb-kurser/mvc/me/report/tests/Controller/Game21/GameControllerTest.php" line="70" assertions="1" time="0.019550"/>
      </testsuite>
      <testsuite name="App\Tests\Controller\Game21\GameProcessControllerTest" file="/Users/nik/Sites/dbwebb-kurser/mvc/me/report/tests/Controller/Game21/GameProcessControllerTest.php" tests="6" assertions="12" errors="0" warnings="0" failures="0" skipped="0" time="0.083591">
        <testcase name="testGameProcessController" class="App\Tests\Controller\Game21\GameProcessControllerTest" classname="App.Tests.Controller.Game21.GameProcessControllerTest" file="/Users/nik/Sites/dbwebb-kurser/mvc/me/report/tests/Controller/Game21/GameProcessControllerTest.php" line="25" assertions="2" time="0.000956"/>
        <testcase name="testGamePlayerDrawsProcess" class="App\Tests\Controller\Game21\GameProcessControllerTest" classname="App.Tests.Controller.Game21.GameProcessControllerTest" file="/Users/nik/Sites/dbwebb-kurser/mvc/me/report/tests/Controller/Game21/GameProcessControllerTest.php" line="37" assertions="2" time="0.021168"/>
        <testcase name="testGamePlayerBetsProcess" class="App\Tests\Controller\Game21\GameProcessControllerTest" classname="App.Tests.Controller.Game21.GameProcessControllerTest" file="/Users/nik/Sites/dbwebb-kurser/mvc/me/report/tests/Controller/Game21/GameProcessControllerTest.php" line="47" assertions="2" time="0.013929"/>
        <testcase name="testGamePlayerWinsProcess" class="App\Tests\Controller\Game21\GameProcessControllerTest" classname="App.Tests.Controller.Game21.GameProcessControllerTest" file="/Users/nik/Sites/dbwebb-kurser/mvc/me/report/tests/Controller/Game21/GameProcessControllerTest.php" line="57" assertions="2" time="0.014594"/>
        <testcase name="testGameOverProcess" class="App\Tests\Controller\Game21\GameProcessControllerTest" classname="App.Tests.Controller.Game21.GameProcessControllerTest" file="/Users/nik/Sites/dbwebb-kurser/mvc/me/report/tests/Controller/Game21/GameProcessControllerTest.php" line="67" assertions="2" time="0.018923"/>
        <testcase name="testGameOptionsProcess" class="App\Tests\Controller\Game21\GameProcessControllerTest" classname="App.Tests.Controller.Game21.GameProcessControllerTest" file="/Users/nik/Sites/dbwebb-kurser/mvc/me/report/tests/Controller/Game21/GameProcessControllerTest.php" line="77" assertions="2" time="0.014021"/>
      </testsuite>
      <testsuite name="App\Tests\Controller\HomeControllerTest" file="/Users/nik/Sites/dbwebb-kurser/mvc/me/report/tests/Controller/HomeControllerTest.php" tests="7" assertions="7" errors="0" warnings="0" failures="0" skipped="0" time="0.090502">
        <testcase name="testHomeController" class="App\Tests\Controller\HomeControllerTest" classname="App.Tests.Controller.HomeControllerTest" file="/Users/nik/Sites/dbwebb-kurser/mvc/me/report/tests/Controller/HomeControllerTest.php" line="23" assertions="1" time="0.001021"/>
        <testcase name="testHome" class="App\Tests\Controller\HomeControllerTest" classname="App.Tests.Controller.HomeControllerTest" file="/Users/nik/Sites/dbwebb-kurser/mvc/me/report/tests/Controller/HomeControllerTest.php" line="31" assertions="1" time="0.018383"/>
        <testcase name="testAbout" class="App\Tests\Controller\HomeControllerTest" classname="App.Tests.Controller.HomeControllerTest" file="/Users/nik/Sites/dbwebb-kurser/mvc/me/report/tests/Controller/HomeControllerTest.php" line="41" assertions="1" time="0.012199"/>
        <testcase name="testMetrics" class="App\Tests\Controller\HomeControllerTest" classname="App.Tests.Controller.HomeControllerTest" file="/Users/nik/Sites/dbwebb-kurser/mvc/me/report/tests/Controller/HomeControllerTest.php" line="51" assertions="1" time="0.013670"/>
        <testcase name="testReport" class="App\Tests\Controller\HomeControllerTest" classname="App.Tests.Controller.HomeControllerTest" file="/Users/nik/Sites/dbwebb-kurser/mvc/me/report/tests/Controller/HomeControllerTest.php" line="61" assertions="1" time="0.017505"/>
        <testcase name="testLucky" class="App\Tests\Controller\HomeControllerTest" classname="App.Tests.Controller.HomeControllerTest" file="/Users/nik/Sites/dbwebb-kurser/mvc/me/report/tests/Controller/HomeControllerTest.php" line="71" assertions="1" time="0.012583"/>
        <testcase name="testAPI" class="App\Tests\Controller\HomeControllerTest" classname="App.Tests.Controller.HomeControllerTest" file="/Users/nik/Sites/dbwebb-kurser/mvc/me/report/tests/Controller/HomeControllerTest.php" line="81" assertions="1" time="0.015141"/>
      </testsuite>
      <testsuite name="App\Tests\Controller\Library\LibraryControllerTest" file="/Users/nik/Sites/dbwebb-kurser/mvc/me/report/tests/Controller/Library/LibraryControllerTest.php" tests="9" assertions="22" errors="0" warnings="0" failures="0" skipped="0" time="0.259573">
        <testcase name="testLibraryController" class="App\Tests\Controller\Library\LibraryControllerTest" classname="App.Tests.Controller.Library.LibraryControllerTest" file="/Users/nik/Sites/dbwebb-kurser/mvc/me/report/tests/Controller/Library/LibraryControllerTest.php" line="26" assertions="3" time="0.001594"/>
        <testcase name="testLibrary" class="App\Tests\Controller\Library\LibraryControllerTest" classname="App.Tests.Controller.Library.LibraryControllerTest" file="/Users/nik/Sites/dbwebb-kurser/mvc/me/report/tests/Controller/Library/LibraryControllerTest.php" line="36" assertions="1" time="0.016356"/>
        <testcase name="testLibraryView" class="App\Tests\Controller\Library\LibraryControllerTest" classname="App.Tests.Controller.Library.LibraryControllerTest" file="/Users/nik/Sites/dbwebb-kurser/mvc/me/report/tests/Controller/Library/LibraryControllerTest.php" line="46" assertions="3" time="0.073142"/>
        <testcase name="testLibraryViewId" class="App\Tests\Controller\Library\LibraryControllerTest" classname="App.Tests.Controller.Library.LibraryControllerTest" file="/Users/nik/Sites/dbwebb-kurser/mvc/me/report/tests/Controller/Library/LibraryControllerTest.php" line="57" assertions="3" time="0.029254"/>
        <testcase name="testLibraryEditId" class="App\Tests\Controller\Library\LibraryControllerTest" classname="App.Tests.Controller.Library.LibraryControllerTest" file="/Users/nik/Sites/dbwebb-kurser/mvc/me/report/tests/Controller/Library/LibraryControllerTest.php" line="70" assertions="3" time="0.035761"/>
        <testcase name="testLibraryNew" class="App\Tests\Controller\Library\LibraryControllerTest" classname="App.Tests.Controller.Library.LibraryControllerTest" file="/Users/nik/Sites/dbwebb-kurser/mvc/me/report/tests/Controller/Library/LibraryControllerTest.php" line="83" assertions="3" time="0.016418"/>
        <testcase name="testLibraryReset" class="App\Tests\Controller\Library\LibraryControllerTest" classname="App.Tests.Controller.Library.LibraryControllerTest" file="/Users/nik/Sites/dbwebb-kurser/mvc/me/report/tests/Controller/Library/LibraryControllerTest.php" line="94" assertions="3" time="0.013395"/>
        <testcase name="testAPILibraryBooks" class="App\Tests\Controller\Library\LibraryControllerTest" classname="App.Tests.Controller.Library.LibraryControllerTest" file="/Users/nik/Sites/dbwebb-kurser/mvc/me/report/tests/Controller/Library/LibraryControllerTest.php" line="105" assertions="1" time="0.025985"/>
        <testcase name="testAPILibraryBookISBN" class="App\Tests\Controller\Library\LibraryControllerTest" classname="App.Tests.Controller.Library.LibraryControllerTest" file="/Users/nik/Sites/dbwebb-kurser/mvc/me/report/tests/Controller/Library/LibraryControllerTest.php" line="116" assertions="2" time="0.047670"/>
      </testsuite>
      <testsuite name="App\Tests\Controller\Library\LibraryAddControllerTest" file="/Users/nik/Sites/dbwebb-kurser/mvc/me/report/tests/Controller/Library/LibraryProcessControllerTest.php" tests="5" assertions="20" errors="0" warnings="0" failures="0" skipped="0" time="0.231234">
        <testcase name="testLibraryAddController" class="App\Tests\Controller\Library\LibraryAddControllerTest" classname="App.Tests.Controller.Library.LibraryAddControllerTest" file="/Users/nik/Sites/dbwebb-kurser/mvc/me/report/tests/Controller/Library/LibraryProcessControllerTest.php" line="48" assertions="3" time="0.001342"/>
        <testcase name="testLibraryProcess" class="App\Tests\Controller\Library\LibraryAddControllerTest" classname="App.Tests.Controller.Library.LibraryAddControllerTest" file="/Users/nik/Sites/dbwebb-kurser/mvc/me/report/tests/Controller/Library/LibraryProcessControllerTest.php" line="63" assertions="4" time="0.040640"/>
        <testcase name="testLibraryCRUD" class="App\Tests\Controller\Library\LibraryAddControllerTest" classname="App.Tests.Controller.Library.LibraryAddControllerTest" file="/Users/nik/Sites/dbwebb-kurser/mvc/me/report/tests/Controller/Library/LibraryProcessControllerTest.php" line="80" assertions="7" time="0.066151"/>
        <testcase name="testLibraryDelete" class="App\Tests\Controller\Library\LibraryAddControllerTest" classname="App.Tests.Controller.Library.LibraryAddControllerTest" file="/Users/nik/Sites/dbwebb-kurser/mvc/me/report/tests/Controller/Library/LibraryProcessControllerTest.php" line="115" assertions="4" time="0.089240"/>
        <testcase name="testLibraryUpdate" class="App\Tests\Controller\Library\LibraryAddControllerTest" classname="App.Tests.Controller.Library.LibraryAddControllerTest" file="/Users/nik/Sites/dbwebb-kurser/mvc/me/report/tests/Controller/Library/LibraryProcessControllerTest.php" line="142" assertions="2" time="0.033861"/>
      </testsuite>
      <testsuite name="App\Tests\Controller\Library\LibraryResetControllerTest" file="/Users/nik/Sites/dbwebb-kurser/mvc/me/report/tests/Controller/Library/LibraryRestControllerTest.php" tests="1" assertions="1" errors="0" warnings="0" failures="0" skipped="0" time="0.000433">
        <testcase name="testLibraryResetController" class="App\Tests\Controller\Library\LibraryResetControllerTest" classname="App.Tests.Controller.Library.LibraryResetControllerTest" file="/Users/nik/Sites/dbwebb-kurser/mvc/me/report/tests/Controller/Library/LibraryRestControllerTest.php" line="23" assertions="1" time="0.000433"/>
      </testsuite>
      <testsuite name="App\Tests\Controller\QuotationsControllerTest" file="/Users/nik/Sites/dbwebb-kurser/mvc/me/report/tests/Controller/QuotationsControlerTest.php" tests="2" assertions="2" errors="0" warnings="0" failures="0" skipped="0" time="0.011088">
        <testcase name="testQuotationsController" class="App\Tests\Controller\QuotationsControllerTest" classname="App.Tests.Controller.QuotationsControllerTest" file="/Users/nik/Sites/dbwebb-kurser/mvc/me/report/tests/Controller/QuotationsControlerTest.php" line="23" assertions="1" time="0.000981"/>
        <testcase name="testAPIDeck" class="App\Tests\Controller\QuotationsControllerTest" classname="App.Tests.Controller.QuotationsControllerTest" file="/Users/nik/Sites/dbwebb-kurser/mvc/me/report/tests/Controller/QuotationsControlerTest.php" line="31" assertions="1" time="0.010106"/>
      </testsuite>
      <testsuite name="App\Tests\Entity\BookTest" file="/Users/nik/Sites/dbwebb-kurser/mvc/me/report/tests/Entity/BookTest.php" tests="1" assertions="6" errors="0" warnings="0" failures="0" skipped="0" time="0.000383">
        <testcase name="testCreateObject" class="App\Tests\Entity\BookTest" classname="App.Tests.Entity.BookTest" file="/Users/nik/Sites/dbwebb-kurser/mvc/me/report/tests/Entity/BookTest.php" line="22" assertions="6" time="0.000383"/>
      </testsuite>
      <testsuite name="App\Tests\Game21\GameActionsBankMovesTest" file="/Users/nik/Sites/dbwebb-kurser/mvc/me/report/tests/Game21/GameActionsBankMovesTest.php" tests="1" assertions="6" errors="0" warnings="0" failures="0" skipped="0" time="0.001304">
        <testcase name="testPlayerDraws" class="App\Tests\Game21\GameActionsBankMovesTest" classname="App.Tests.Game21.GameActionsBankMovesTest" file="/Users/nik/Sites/dbwebb-kurser/mvc/me/report/tests/Game21/GameActionsBankMovesTest.php" line="28" assertions="6" time="0.001304"/>
      </testsuite>
      <testsuite name="App\Tests\Game21\GameActionsTest" file="/Users/nik/Sites/dbwebb-kurser/mvc/me/report/tests/Game21/GameActionsTest.php" tests="6" assertions="23" errors="0" warnings="0" failures="0" skipped="0" time="0.125383">
        <testcase name="testPlayerDraws" class="App\Tests\Game21\GameActionsTest" classname="App.Tests.Game21.GameActionsTest" file="/Users/nik/Sites/dbwebb-kurser/mvc/me/report/tests/Game21/GameActionsTest.php" line="32" assertions="7" time="0.012408"/>
        <testcase name="testDeckReassembly" class="App\Tests\Game21\GameActionsTest" classname="App.Tests.Game21.GameActionsTest" file="/Users/nik/Sites/dbwebb-kurser/mvc/me/report/tests/Game21/GameActionsTest.php" line="54" assertions="2" time="0.083917"/>
        <testcase name="testCorrectBet" class="App\Tests\Game21\GameActionsTest" classname="App.Tests.Game21.GameActionsTest" file="/Users/nik/Sites/dbwebb-kurser/mvc/me/report/tests/Game21/GameActionsTest.php" line="74" assertions="4" time="0.000635"/>
        <testcase name="testWinningHandWithIntelligence" class="App\Tests\Game21\GameActionsTest" classname="App.Tests.Game21.GameActionsTest" file="/Users/nik/Sites/dbwebb-kurser/mvc/me/report/tests/Game21/GameActionsTest.php" line="95" assertions="6" time="0.015164"/>
        <testcase name="testWinningHandWithoutIntelligence" class="App\Tests\Game21\GameActionsTest" classname="App.Tests.Game21.GameActionsTest" file="/Users/nik/Sites/dbwebb-kurser/mvc/me/report/tests/Game21/GameActionsTest.php" line="158" assertions="3" time="0.009599"/>
        <testcase name="testGameOver" class="App\Tests\Game21\GameActionsTest" classname="App.Tests.Game21.GameActionsTest" file="/Users/nik/Sites/dbwebb-kurser/mvc/me/report/tests/Game21/GameActionsTest.php" line="206" assertions="1" time="0.003661"/>
      </testsuite>
      <testsuite name="App\Tests\Game21\GameTest" file="/Users/nik/Sites/dbwebb-kurser/mvc/me/report/tests/Game21/GameTest.php" tests="3" assertions="8" errors="0" warnings="0" failures="0" skipped="0" time="0.002919">
        <testcase name="testCreateInstance" class="App\Tests\Game21\GameTest" classname="App.Tests.Game21.GameTest" file="/Users/nik/Sites/dbwebb-kurser/mvc/me/report/tests/Game21/GameTest.php" line="24" assertions="2" time="0.000631"/>
        <testcase name="testCreateObject" class="App\Tests\Game21\GameTest" classname="App.Tests.Game21.GameTest" file="/Users/nik/Sites/dbwebb-kurser/mvc/me/report/tests/Game21/GameTest.php" line="33" assertions="5" time="0.001243"/>
        <testcase name="testGetterAndSetter" class="App\Tests\Game21\GameTest" classname="App.Tests.Game21.GameTest" file="/Users/nik/Sites/dbwebb-kurser/mvc/me/report/tests/Game21/GameTest.php" line="46" assertions="1" time="0.001046"/>
      </testsuite>
      <testsuite name="App\Tests\Game21\HandScoreTest" file="/Users/nik/Sites/dbwebb-kurser/mvc/me/report/tests/Game21/HandScoreTest.php" tests="2" assertions="22" errors="0" warnings="0" failures="0" skipped="0" time="0.001706">
        <testcase name="testCreateInstance" class="App\Tests\Game21\HandScoreTest" classname="App.Tests.Game21.HandScoreTest" file="/Users/nik/Sites/dbwebb-kurser/mvc/me/report/tests/Game21/HandScoreTest.php" line="32" assertions="8" time="0.000397"/>
        <testcase name="testCreateObject" class="App\Tests\Game21\HandScoreTest" classname="App.Tests.Game21.HandScoreTest" file="/Users/nik/Sites/dbwebb-kurser/mvc/me/report/tests/Game21/HandScoreTest.php" line="47" assertions="14" time="0.001309"/>
      </testsuite>
      <testsuite name="App\Tests\Game21\PlayerTest" file="/Users/nik/Sites/dbwebb-kurser/mvc/me/report/tests/Game21/PlayerTest.php" tests="2" assertions="4" errors="0" warnings="0" failures="0" skipped="0" time="0.000746">
        <testcase name="testCreateObject" class="App\Tests\Game21\PlayerTest" classname="App.Tests.Game21.PlayerTest" file="/Users/nik/Sites/dbwebb-kurser/mvc/me/report/tests/Game21/PlayerTest.php" line="23" assertions="3" time="0.000348"/>
        <testcase name="testGetterAndSetter" class="App\Tests\Game21\PlayerTest" classname="App.Tests.Game21.PlayerTest" file="/Users/nik/Sites/dbwebb-kurser/mvc/me/report/tests/Game21/PlayerTest.php" line="34" assertions="1" time="0.000399"/>
      </testsuite>
      <testsuite name="App\Tests\Repository\BookRepositoryTest" file="/Users/nik/Sites/dbwebb-kurser/mvc/me/report/tests/Repository/BookRepositoryTest.php" tests="1" assertions="1" errors="0" warnings="0" failures="0" skipped="0" time="0.010331">
        <testcase name="testCreateObject" class="App\Tests\Repository\BookRepositoryTest" classname="App.Tests.Repository.BookRepositoryTest" file="/Users/nik/Sites/dbwebb-kurser/mvc/me/report/tests/Repository/BookRepositoryTest.php" line="25" assertions="1" time="0.010331"/>
      </testsuite>
    </testsuite>
  </testsuite>
</testsuites>
