<?xml version="1.0" encoding="UTF-8"?>
<testsuites>
  <testsuite name="" tests="81" assertions="513" errors="0" warnings="0" failures="0" skipped="0" time="4.246904">
    <testsuite name="Project Test Suite" tests="81" assertions="513" errors="0" warnings="0" failures="0" skipped="0" time="4.246904">
      <testsuite name="App\Cards\CardGraphicTest" file="/Users/nik/Sites/dbwebb-kurser/mvc/me/report/tests/Cards/CardGraphicTest.php" tests="3" assertions="112" errors="0" warnings="0" failures="0" skipped="0" time="0.010214">
        <testcase name="testCreateObject" class="App\Cards\CardGraphicTest" classname="App.Cards.CardGraphicTest" file="/Users/nik/Sites/dbwebb-kurser/mvc/me/report/tests/Cards/CardGraphicTest.php" line="19" assertions="2" time="0.007977"/>
        <testcase name="testStringValues" class="App\Cards\CardGraphicTest" classname="App.Cards.CardGraphicTest" file="/Users/nik/Sites/dbwebb-kurser/mvc/me/report/tests/Cards/CardGraphicTest.php" line="28" assertions="54" time="0.000776"/>
        <testcase name="testTextValues" class="App\Cards\CardGraphicTest" classname="App.Cards.CardGraphicTest" file="/Users/nik/Sites/dbwebb-kurser/mvc/me/report/tests/Cards/CardGraphicTest.php" line="39" assertions="56" time="0.001461"/>
      </testsuite>
      <testsuite name="App\Cards\CardTest" file="/Users/nik/Sites/dbwebb-kurser/mvc/me/report/tests/Cards/CardTest.php" tests="3" assertions="110" errors="0" warnings="0" failures="0" skipped="0" time="0.003758">
        <testcase name="testCreateObject" class="App\Cards\CardTest" classname="App.Cards.CardTest" file="/Users/nik/Sites/dbwebb-kurser/mvc/me/report/tests/Cards/CardTest.php" line="19" assertions="108" time="0.002003"/>
        <testcase name="testCreateObjectWithTooLargeArgument" class="App\Cards\CardTest" classname="App.Cards.CardTest" file="/Users/nik/Sites/dbwebb-kurser/mvc/me/report/tests/Cards/CardTest.php" line="31" assertions="1" time="0.001428"/>
        <testcase name="testCreateObjectWithTooSmallArgument" class="App\Cards\CardTest" classname="App.Cards.CardTest" file="/Users/nik/Sites/dbwebb-kurser/mvc/me/report/tests/Cards/CardTest.php" line="38" assertions="1" time="0.000327"/>
      </testsuite>
      <testsuite name="App\Cards\DeckTest" file="/Users/nik/Sites/dbwebb-kurser/mvc/me/report/tests/Cards/DeckTest.php" tests="4" assertions="119" errors="0" warnings="0" failures="0" skipped="0" time="0.016623">
        <testcase name="testCreateDeck" class="App\Cards\DeckTest" classname="App.Cards.DeckTest" file="/Users/nik/Sites/dbwebb-kurser/mvc/me/report/tests/Cards/DeckTest.php" line="18" assertions="3" time="0.001642"/>
        <testcase name="testShuffleDeck" class="App\Cards\DeckTest" classname="App.Cards.DeckTest" file="/Users/nik/Sites/dbwebb-kurser/mvc/me/report/tests/Cards/DeckTest.php" line="31" assertions="6" time="0.008413"/>
        <testcase name="testDrawCardsFromDeck" class="App\Cards\DeckTest" classname="App.Cards.DeckTest" file="/Users/nik/Sites/dbwebb-kurser/mvc/me/report/tests/Cards/DeckTest.php" line="61" assertions="108" time="0.002078"/>
        <testcase name="testAddCardsToDeck" class="App\Cards\DeckTest" classname="App.Cards.DeckTest" file="/Users/nik/Sites/dbwebb-kurser/mvc/me/report/tests/Cards/DeckTest.php" line="75" assertions="2" time="0.004490"/>
      </testsuite>
      <testsuite name="App\Cards\HandTest" file="/Users/nik/Sites/dbwebb-kurser/mvc/me/report/tests/Cards/HandTest.php" tests="1" assertions="8" errors="0" warnings="0" failures="0" skipped="0" time="0.006694">
        <testcase name="testCreateObject" class="App\Cards\HandTest" classname="App.Cards.HandTest" file="/Users/nik/Sites/dbwebb-kurser/mvc/me/report/tests/Cards/HandTest.php" line="18" assertions="8" time="0.006694"/>
      </testsuite>
      <testsuite name="App\Tests\Controller\CardAPIControllerTest" file="/Users/nik/Sites/dbwebb-kurser/mvc/me/report/tests/Controller/CardAPIControllerTest.php" tests="8" assertions="17" errors="0" warnings="0" failures="0" skipped="0" time="2.961455">
        <testcase name="testCardAPIController" class="App\Tests\Controller\CardAPIControllerTest" classname="App.Tests.Controller.CardAPIControllerTest" file="/Users/nik/Sites/dbwebb-kurser/mvc/me/report/tests/Controller/CardAPIControllerTest.php" line="21" assertions="1" time="0.003627"/>
        <testcase name="testAPIDeck" class="App\Tests\Controller\CardAPIControllerTest" classname="App.Tests.Controller.CardAPIControllerTest" file="/Users/nik/Sites/dbwebb-kurser/mvc/me/report/tests/Controller/CardAPIControllerTest.php" line="28" assertions="4" time="2.844516"/>
        <testcase name="testAPIDeckShuffle" class="App\Tests\Controller\CardAPIControllerTest" classname="App.Tests.Controller.CardAPIControllerTest" file="/Users/nik/Sites/dbwebb-kurser/mvc/me/report/tests/Controller/CardAPIControllerTest.php" line="51" assertions="2" time="0.020613"/>
        <testcase name="testAPIDeckDraw" class="App\Tests\Controller\CardAPIControllerTest" classname="App.Tests.Controller.CardAPIControllerTest" file="/Users/nik/Sites/dbwebb-kurser/mvc/me/report/tests/Controller/CardAPIControllerTest.php" line="67" assertions="2" time="0.011976"/>
        <testcase name="testAPIDeckDrawNumber" class="App\Tests\Controller\CardAPIControllerTest" classname="App.Tests.Controller.CardAPIControllerTest" file="/Users/nik/Sites/dbwebb-kurser/mvc/me/report/tests/Controller/CardAPIControllerTest.php" line="83" assertions="2" time="0.014564"/>
        <testcase name="testAPIDeckDrawNumberPost" class="App\Tests\Controller\CardAPIControllerTest" classname="App.Tests.Controller.CardAPIControllerTest" file="/Users/nik/Sites/dbwebb-kurser/mvc/me/report/tests/Controller/CardAPIControllerTest.php" line="99" assertions="2" time="0.039558"/>
        <testcase name="testAPIDeckDealPlayersCards" class="App\Tests\Controller\CardAPIControllerTest" classname="App.Tests.Controller.CardAPIControllerTest" file="/Users/nik/Sites/dbwebb-kurser/mvc/me/report/tests/Controller/CardAPIControllerTest.php" line="107" assertions="2" time="0.015701"/>
        <testcase name="testAPIDeckDealPlayersCardsPost" class="App\Tests\Controller\CardAPIControllerTest" classname="App.Tests.Controller.CardAPIControllerTest" file="/Users/nik/Sites/dbwebb-kurser/mvc/me/report/tests/Controller/CardAPIControllerTest.php" line="123" assertions="2" time="0.010900"/>
      </testsuite>
      <testsuite name="App\Tests\Controller\CardControllerTest" file="/Users/nik/Sites/dbwebb-kurser/mvc/me/report/tests/Controller/CardControllerTest.php" tests="8" assertions="20" errors="0" warnings="0" failures="0" skipped="0" time="0.163776">
        <testcase name="testCardController" class="App\Tests\Controller\CardControllerTest" classname="App.Tests.Controller.CardControllerTest" file="/Users/nik/Sites/dbwebb-kurser/mvc/me/report/tests/Controller/CardControllerTest.php" line="21" assertions="1" time="0.000406"/>
        <testcase name="testCard" class="App\Tests\Controller\CardControllerTest" classname="App.Tests.Controller.CardControllerTest" file="/Users/nik/Sites/dbwebb-kurser/mvc/me/report/tests/Controller/CardControllerTest.php" line="28" assertions="3" time="0.033479"/>
        <testcase name="testCardDeck" class="App\Tests\Controller\CardControllerTest" classname="App.Tests.Controller.CardControllerTest" file="/Users/nik/Sites/dbwebb-kurser/mvc/me/report/tests/Controller/CardControllerTest.php" line="37" assertions="6" time="0.029832"/>
        <testcase name="testCardDeckReset" class="App\Tests\Controller\CardControllerTest" classname="App.Tests.Controller.CardControllerTest" file="/Users/nik/Sites/dbwebb-kurser/mvc/me/report/tests/Controller/CardControllerTest.php" line="61" assertions="2" time="0.012801"/>
        <testcase name="testCardDeckShuffle" class="App\Tests\Controller\CardControllerTest" classname="App.Tests.Controller.CardControllerTest" file="/Users/nik/Sites/dbwebb-kurser/mvc/me/report/tests/Controller/CardControllerTest.php" line="69" assertions="2" time="0.026979"/>
        <testcase name="testCardDeckDraw" class="App\Tests\Controller\CardControllerTest" classname="App.Tests.Controller.CardControllerTest" file="/Users/nik/Sites/dbwebb-kurser/mvc/me/report/tests/Controller/CardControllerTest.php" line="85" assertions="2" time="0.018783"/>
        <testcase name="testCardDeckDrawNumber" class="App\Tests\Controller\CardControllerTest" classname="App.Tests.Controller.CardControllerTest" file="/Users/nik/Sites/dbwebb-kurser/mvc/me/report/tests/Controller/CardControllerTest.php" line="101" assertions="2" time="0.017995"/>
        <testcase name="testCardDeckDealPlayersCards" class="App\Tests\Controller\CardControllerTest" classname="App.Tests.Controller.CardControllerTest" file="/Users/nik/Sites/dbwebb-kurser/mvc/me/report/tests/Controller/CardControllerTest.php" line="117" assertions="2" time="0.023502"/>
      </testsuite>
      <testsuite name="App\Tests\Controller\CardProcessControllerTest" file="/Users/nik/Sites/dbwebb-kurser/mvc/me/report/tests/Controller/CardProcessControllerTest.php" tests="5" assertions="9" errors="0" warnings="0" failures="0" skipped="0" time="0.047105">
        <testcase name="testCardProcessController" class="App\Tests\Controller\CardProcessControllerTest" classname="App.Tests.Controller.CardProcessControllerTest" file="/Users/nik/Sites/dbwebb-kurser/mvc/me/report/tests/Controller/CardProcessControllerTest.php" line="20" assertions="1" time="0.000480"/>
        <testcase name="testSession" class="App\Tests\Controller\CardProcessControllerTest" classname="App.Tests.Controller.CardProcessControllerTest" file="/Users/nik/Sites/dbwebb-kurser/mvc/me/report/tests/Controller/CardProcessControllerTest.php" line="27" assertions="2" time="0.014966"/>
        <testcase name="testSessionDelete" class="App\Tests\Controller\CardProcessControllerTest" classname="App.Tests.Controller.CardProcessControllerTest" file="/Users/nik/Sites/dbwebb-kurser/mvc/me/report/tests/Controller/CardProcessControllerTest.php" line="39" assertions="2" time="0.010758"/>
        <testcase name="testCardDeckDrawProcess" class="App\Tests\Controller\CardProcessControllerTest" classname="App.Tests.Controller.CardProcessControllerTest" file="/Users/nik/Sites/dbwebb-kurser/mvc/me/report/tests/Controller/CardProcessControllerTest.php" line="47" assertions="2" time="0.012291"/>
        <testcase name="testCardDeckDealProcess" class="App\Tests\Controller\CardProcessControllerTest" classname="App.Tests.Controller.CardProcessControllerTest" file="/Users/nik/Sites/dbwebb-kurser/mvc/me/report/tests/Controller/CardProcessControllerTest.php" line="55" assertions="2" time="0.008610"/>
      </testsuite>
      <testsuite name="App\Tests\Controller\GameAPIControllerTest" file="/Users/nik/Sites/dbwebb-kurser/mvc/me/report/tests/Controller/GameAPIControllerTest.php" tests="2" assertions="2" errors="0" warnings="0" failures="0" skipped="0" time="0.011022">
        <testcase name="testGameAPIController" class="App\Tests\Controller\GameAPIControllerTest" classname="App.Tests.Controller.GameAPIControllerTest" file="/Users/nik/Sites/dbwebb-kurser/mvc/me/report/tests/Controller/GameAPIControllerTest.php" line="20" assertions="1" time="0.000388"/>
        <testcase name="testAPIGame" class="App\Tests\Controller\GameAPIControllerTest" classname="App.Tests.Controller.GameAPIControllerTest" file="/Users/nik/Sites/dbwebb-kurser/mvc/me/report/tests/Controller/GameAPIControllerTest.php" line="27" assertions="1" time="0.010633"/>
      </testsuite>
      <testsuite name="App\Tests\Controller\GameControllerTest" file="/Users/nik/Sites/dbwebb-kurser/mvc/me/report/tests/Controller/GameControllerTest.php" tests="4" assertions="8" errors="0" warnings="0" failures="0" skipped="0" time="0.051195">
        <testcase name="testGameController" class="App\Tests\Controller\GameControllerTest" classname="App.Tests.Controller.GameControllerTest" file="/Users/nik/Sites/dbwebb-kurser/mvc/me/report/tests/Controller/GameControllerTest.php" line="21" assertions="1" time="0.000430"/>
        <testcase name="testGame" class="App\Tests\Controller\GameControllerTest" classname="App.Tests.Controller.GameControllerTest" file="/Users/nik/Sites/dbwebb-kurser/mvc/me/report/tests/Controller/GameControllerTest.php" line="28" assertions="3" time="0.018493"/>
        <testcase name="testDoc" class="App\Tests\Controller\GameControllerTest" classname="App.Tests.Controller.GameControllerTest" file="/Users/nik/Sites/dbwebb-kurser/mvc/me/report/tests/Controller/GameControllerTest.php" line="37" assertions="3" time="0.014983"/>
        <testcase name="testDojo" class="App\Tests\Controller\GameControllerTest" classname="App.Tests.Controller.GameControllerTest" file="/Users/nik/Sites/dbwebb-kurser/mvc/me/report/tests/Controller/GameControllerTest.php" line="46" assertions="1" time="0.017289"/>
      </testsuite>
      <testsuite name="App\Tests\Controller\GameProcessControllerTest" file="/Users/nik/Sites/dbwebb-kurser/mvc/me/report/tests/Controller/GameProcessControllerTest.php" tests="6" assertions="11" errors="0" warnings="0" failures="0" skipped="0" time="0.076068">
        <testcase name="testGameProcessController" class="App\Tests\Controller\GameProcessControllerTest" classname="App.Tests.Controller.GameProcessControllerTest" file="/Users/nik/Sites/dbwebb-kurser/mvc/me/report/tests/Controller/GameProcessControllerTest.php" line="21" assertions="1" time="0.000448"/>
        <testcase name="testGamePlayerDrawsProcess" class="App\Tests\Controller\GameProcessControllerTest" classname="App.Tests.Controller.GameProcessControllerTest" file="/Users/nik/Sites/dbwebb-kurser/mvc/me/report/tests/Controller/GameProcessControllerTest.php" line="28" assertions="2" time="0.024039"/>
        <testcase name="testGamePlayerBetsProcess" class="App\Tests\Controller\GameProcessControllerTest" classname="App.Tests.Controller.GameProcessControllerTest" file="/Users/nik/Sites/dbwebb-kurser/mvc/me/report/tests/Controller/GameProcessControllerTest.php" line="36" assertions="2" time="0.013176"/>
        <testcase name="testGamePlayerWinsProcess" class="App\Tests\Controller\GameProcessControllerTest" classname="App.Tests.Controller.GameProcessControllerTest" file="/Users/nik/Sites/dbwebb-kurser/mvc/me/report/tests/Controller/GameProcessControllerTest.php" line="44" assertions="2" time="0.013313"/>
        <testcase name="testGameOverProcess" class="App\Tests\Controller\GameProcessControllerTest" classname="App.Tests.Controller.GameProcessControllerTest" file="/Users/nik/Sites/dbwebb-kurser/mvc/me/report/tests/Controller/GameProcessControllerTest.php" line="52" assertions="2" time="0.012301"/>
        <testcase name="testGameOptionsProcess" class="App\Tests\Controller\GameProcessControllerTest" classname="App.Tests.Controller.GameProcessControllerTest" file="/Users/nik/Sites/dbwebb-kurser/mvc/me/report/tests/Controller/GameProcessControllerTest.php" line="60" assertions="2" time="0.012791"/>
      </testsuite>
      <testsuite name="App\Tests\Controller\HomeControllerTest" file="/Users/nik/Sites/dbwebb-kurser/mvc/me/report/tests/Controller/HomeControllerTest.php" tests="7" assertions="7" errors="0" warnings="0" failures="0" skipped="0" time="0.086516">
        <testcase name="testHomeController" class="App\Tests\Controller\HomeControllerTest" classname="App.Tests.Controller.HomeControllerTest" file="/Users/nik/Sites/dbwebb-kurser/mvc/me/report/tests/Controller/HomeControllerTest.php" line="19" assertions="1" time="0.000355"/>
        <testcase name="testHome" class="App\Tests\Controller\HomeControllerTest" classname="App.Tests.Controller.HomeControllerTest" file="/Users/nik/Sites/dbwebb-kurser/mvc/me/report/tests/Controller/HomeControllerTest.php" line="26" assertions="1" time="0.014984"/>
        <testcase name="testAbout" class="App\Tests\Controller\HomeControllerTest" classname="App.Tests.Controller.HomeControllerTest" file="/Users/nik/Sites/dbwebb-kurser/mvc/me/report/tests/Controller/HomeControllerTest.php" line="34" assertions="1" time="0.012143"/>
        <testcase name="testMetrics" class="App\Tests\Controller\HomeControllerTest" classname="App.Tests.Controller.HomeControllerTest" file="/Users/nik/Sites/dbwebb-kurser/mvc/me/report/tests/Controller/HomeControllerTest.php" line="42" assertions="1" time="0.014391"/>
        <testcase name="testReport" class="App\Tests\Controller\HomeControllerTest" classname="App.Tests.Controller.HomeControllerTest" file="/Users/nik/Sites/dbwebb-kurser/mvc/me/report/tests/Controller/HomeControllerTest.php" line="50" assertions="1" time="0.018165"/>
        <testcase name="testLucky" class="App\Tests\Controller\HomeControllerTest" classname="App.Tests.Controller.HomeControllerTest" file="/Users/nik/Sites/dbwebb-kurser/mvc/me/report/tests/Controller/HomeControllerTest.php" line="58" assertions="1" time="0.011681"/>
        <testcase name="testAPI" class="App\Tests\Controller\HomeControllerTest" classname="App.Tests.Controller.HomeControllerTest" file="/Users/nik/Sites/dbwebb-kurser/mvc/me/report/tests/Controller/HomeControllerTest.php" line="66" assertions="1" time="0.014797"/>
      </testsuite>
      <testsuite name="App\Tests\Controller\LibraryControllerTest" file="/Users/nik/Sites/dbwebb-kurser/mvc/me/report/tests/Controller/LibraryControllerTest.php" tests="9" assertions="20" errors="0" warnings="0" failures="0" skipped="0" time="0.240945">
        <testcase name="testLibraryController" class="App\Tests\Controller\LibraryControllerTest" classname="App.Tests.Controller.LibraryControllerTest" file="/Users/nik/Sites/dbwebb-kurser/mvc/me/report/tests/Controller/LibraryControllerTest.php" line="20" assertions="1" time="0.000352"/>
        <testcase name="testLibrary" class="App\Tests\Controller\LibraryControllerTest" classname="App.Tests.Controller.LibraryControllerTest" file="/Users/nik/Sites/dbwebb-kurser/mvc/me/report/tests/Controller/LibraryControllerTest.php" line="27" assertions="1" time="0.013089"/>
        <testcase name="testLibraryView" class="App\Tests\Controller\LibraryControllerTest" classname="App.Tests.Controller.LibraryControllerTest" file="/Users/nik/Sites/dbwebb-kurser/mvc/me/report/tests/Controller/LibraryControllerTest.php" line="35" assertions="3" time="0.067727"/>
        <testcase name="testLibraryViewId" class="App\Tests\Controller\LibraryControllerTest" classname="App.Tests.Controller.LibraryControllerTest" file="/Users/nik/Sites/dbwebb-kurser/mvc/me/report/tests/Controller/LibraryControllerTest.php" line="44" assertions="3" time="0.030164"/>
        <testcase name="testLibraryEditId" class="App\Tests\Controller\LibraryControllerTest" classname="App.Tests.Controller.LibraryControllerTest" file="/Users/nik/Sites/dbwebb-kurser/mvc/me/report/tests/Controller/LibraryControllerTest.php" line="55" assertions="3" time="0.034878"/>
        <testcase name="testLibraryNew" class="App\Tests\Controller\LibraryControllerTest" classname="App.Tests.Controller.LibraryControllerTest" file="/Users/nik/Sites/dbwebb-kurser/mvc/me/report/tests/Controller/LibraryControllerTest.php" line="66" assertions="3" time="0.016299"/>
        <testcase name="testLibraryReset" class="App\Tests\Controller\LibraryControllerTest" classname="App.Tests.Controller.LibraryControllerTest" file="/Users/nik/Sites/dbwebb-kurser/mvc/me/report/tests/Controller/LibraryControllerTest.php" line="75" assertions="3" time="0.012459"/>
        <testcase name="testAPILibraryBooks" class="App\Tests\Controller\LibraryControllerTest" classname="App.Tests.Controller.LibraryControllerTest" file="/Users/nik/Sites/dbwebb-kurser/mvc/me/report/tests/Controller/LibraryControllerTest.php" line="84" assertions="1" time="0.020325"/>
        <testcase name="testAPILibraryBookISBN" class="App\Tests\Controller\LibraryControllerTest" classname="App.Tests.Controller.LibraryControllerTest" file="/Users/nik/Sites/dbwebb-kurser/mvc/me/report/tests/Controller/LibraryControllerTest.php" line="93" assertions="2" time="0.045653"/>
      </testsuite>
      <testsuite name="App\Tests\Controller\LibraryProcessControllerTest" file="/Users/nik/Sites/dbwebb-kurser/mvc/me/report/tests/Controller/LibraryProcessControllerTest.php" tests="2" assertions="15" errors="0" warnings="0" failures="0" skipped="0" time="0.470304">
        <testcase name="testLibraryProcessController" class="App\Tests\Controller\LibraryProcessControllerTest" classname="App.Tests.Controller.LibraryProcessControllerTest" file="/Users/nik/Sites/dbwebb-kurser/mvc/me/report/tests/Controller/LibraryProcessControllerTest.php" line="27" assertions="1" time="0.000358"/>
        <testcase name="testLibraryProcess" class="App\Tests\Controller\LibraryProcessControllerTest" classname="App.Tests.Controller.LibraryProcessControllerTest" file="/Users/nik/Sites/dbwebb-kurser/mvc/me/report/tests/Controller/LibraryProcessControllerTest.php" line="34" assertions="14" time="0.469946"/>
      </testsuite>
      <testsuite name="App\Tests\Controller\QuotationsControllerTest" file="/Users/nik/Sites/dbwebb-kurser/mvc/me/report/tests/Controller/QuotationsControlerTest.php" tests="2" assertions="2" errors="0" warnings="0" failures="0" skipped="0" time="0.007851">
        <testcase name="testQuotationsController" class="App\Tests\Controller\QuotationsControllerTest" classname="App.Tests.Controller.QuotationsControllerTest" file="/Users/nik/Sites/dbwebb-kurser/mvc/me/report/tests/Controller/QuotationsControlerTest.php" line="19" assertions="1" time="0.000372"/>
        <testcase name="testAPIDeck" class="App\Tests\Controller\QuotationsControllerTest" classname="App.Tests.Controller.QuotationsControllerTest" file="/Users/nik/Sites/dbwebb-kurser/mvc/me/report/tests/Controller/QuotationsControlerTest.php" line="26" assertions="1" time="0.007480"/>
      </testsuite>
      <testsuite name="App\Tests\Entity\BookTest" file="/Users/nik/Sites/dbwebb-kurser/mvc/me/report/tests/Entity/BookTest.php" tests="1" assertions="6" errors="0" warnings="0" failures="0" skipped="0" time="0.000422">
        <testcase name="testCreateObject" class="App\Tests\Entity\BookTest" classname="App.Tests.Entity.BookTest" file="/Users/nik/Sites/dbwebb-kurser/mvc/me/report/tests/Entity/BookTest.php" line="20" assertions="6" time="0.000422"/>
      </testsuite>
      <testsuite name="App\Tests\Game21\GameActionsTest" file="/Users/nik/Sites/dbwebb-kurser/mvc/me/report/tests/Game21/GameActionsTest.php" tests="8" assertions="19" errors="0" warnings="0" failures="0" skipped="0" time="0.077745">
        <testcase name="testPlayerDraws" class="App\Tests\Game21\GameActionsTest" classname="App.Tests.Game21.GameActionsTest" file="/Users/nik/Sites/dbwebb-kurser/mvc/me/report/tests/Game21/GameActionsTest.php" line="23" assertions="2" time="0.009330"/>
        <testcase name="testDeckReassembly" class="App\Tests\Game21\GameActionsTest" classname="App.Tests.Game21.GameActionsTest" file="/Users/nik/Sites/dbwebb-kurser/mvc/me/report/tests/Game21/GameActionsTest.php" line="37" assertions="2" time="0.050269"/>
        <testcase name="testNegativeBet" class="App\Tests\Game21\GameActionsTest" classname="App.Tests.Game21.GameActionsTest" file="/Users/nik/Sites/dbwebb-kurser/mvc/me/report/tests/Game21/GameActionsTest.php" line="54" assertions="1" time="0.000533"/>
        <testcase name="testTooLargeBet" class="App\Tests\Game21\GameActionsTest" classname="App.Tests.Game21.GameActionsTest" file="/Users/nik/Sites/dbwebb-kurser/mvc/me/report/tests/Game21/GameActionsTest.php" line="62" assertions="1" time="0.000488"/>
        <testcase name="testCorrectBet" class="App\Tests\Game21\GameActionsTest" classname="App.Tests.Game21.GameActionsTest" file="/Users/nik/Sites/dbwebb-kurser/mvc/me/report/tests/Game21/GameActionsTest.php" line="70" assertions="4" time="0.000591"/>
        <testcase name="testWinningHandWithIntelligence" class="App\Tests\Game21\GameActionsTest" classname="App.Tests.Game21.GameActionsTest" file="/Users/nik/Sites/dbwebb-kurser/mvc/me/report/tests/Game21/GameActionsTest.php" line="87" assertions="5" time="0.007134"/>
        <testcase name="testWinningHandWithoutIntelligence" class="App\Tests\Game21\GameActionsTest" classname="App.Tests.Game21.GameActionsTest" file="/Users/nik/Sites/dbwebb-kurser/mvc/me/report/tests/Game21/GameActionsTest.php" line="136" assertions="3" time="0.006875"/>
        <testcase name="testGameOver" class="App\Tests\Game21\GameActionsTest" classname="App.Tests.Game21.GameActionsTest" file="/Users/nik/Sites/dbwebb-kurser/mvc/me/report/tests/Game21/GameActionsTest.php" line="179" assertions="1" time="0.002525"/>
      </testsuite>
      <testsuite name="App\Tests\Game21\GameTest" file="/Users/nik/Sites/dbwebb-kurser/mvc/me/report/tests/Game21/GameTest.php" tests="4" assertions="8" errors="0" warnings="0" failures="0" skipped="0" time="0.002434">
        <testcase name="testCreateObject" class="App\Tests\Game21\GameTest" classname="App.Tests.Game21.GameTest" file="/Users/nik/Sites/dbwebb-kurser/mvc/me/report/tests/Game21/GameTest.php" line="20" assertions="5" time="0.001073"/>
        <testcase name="testCreateObjectWithTooLargeArgument" class="App\Tests\Game21\GameTest" classname="App.Tests.Game21.GameTest" file="/Users/nik/Sites/dbwebb-kurser/mvc/me/report/tests/Game21/GameTest.php" line="31" assertions="1" time="0.000353"/>
        <testcase name="testCreateObjectWithTooSmallArgument" class="App\Tests\Game21\GameTest" classname="App.Tests.Game21.GameTest" file="/Users/nik/Sites/dbwebb-kurser/mvc/me/report/tests/Game21/GameTest.php" line="38" assertions="1" time="0.000340"/>
        <testcase name="testGetterAndSetter" class="App\Tests\Game21\GameTest" classname="App.Tests.Game21.GameTest" file="/Users/nik/Sites/dbwebb-kurser/mvc/me/report/tests/Game21/GameTest.php" line="45" assertions="1" time="0.000666"/>
      </testsuite>
      <testsuite name="App\Tests\Game21\HandScoreTest" file="/Users/nik/Sites/dbwebb-kurser/mvc/me/report/tests/Game21/HandScoreTest.php" tests="1" assertions="15" errors="0" warnings="0" failures="0" skipped="0" time="0.001097">
        <testcase name="testCreateObject" class="App\Tests\Game21\HandScoreTest" classname="App.Tests.Game21.HandScoreTest" file="/Users/nik/Sites/dbwebb-kurser/mvc/me/report/tests/Game21/HandScoreTest.php" line="21" assertions="15" time="0.001097"/>
      </testsuite>
      <testsuite name="App\Tests\Game21\PlayerTest" file="/Users/nik/Sites/dbwebb-kurser/mvc/me/report/tests/Game21/PlayerTest.php" tests="2" assertions="4" errors="0" warnings="0" failures="0" skipped="0" time="0.000740">
        <testcase name="testCreateObject" class="App\Tests\Game21\PlayerTest" classname="App.Tests.Game21.PlayerTest" file="/Users/nik/Sites/dbwebb-kurser/mvc/me/report/tests/Game21/PlayerTest.php" line="19" assertions="3" time="0.000341"/>
        <testcase name="testGetterAndSetter" class="App\Tests\Game21\PlayerTest" classname="App.Tests.Game21.PlayerTest" file="/Users/nik/Sites/dbwebb-kurser/mvc/me/report/tests/Game21/PlayerTest.php" line="28" assertions="1" time="0.000399"/>
      </testsuite>
      <testsuite name="App\Tests\Repository\BookRepositoryTest" file="/Users/nik/Sites/dbwebb-kurser/mvc/me/report/tests/Repository/BookRepositoryTest.php" tests="1" assertions="1" errors="0" warnings="0" failures="0" skipped="0" time="0.010939">
        <testcase name="testCreateObject" class="App\Tests\Repository\BookRepositoryTest" classname="App.Tests.Repository.BookRepositoryTest" file="/Users/nik/Sites/dbwebb-kurser/mvc/me/report/tests/Repository/BookRepositoryTest.php" line="21" assertions="1" time="0.010939"/>
      </testsuite>
    </testsuite>
  </testsuite>
</testsuites>
